[0m[[0m[0mdebug[0m] [0m[0m> Exec(sbtStashOnFailure, None, None)[0m
[0m[[0m[0mdebug[0m] [0m[0m> Exec(sbtMapExec 33eac10f-753a-4d1f-9f3b-a9dd44e45ab4 __0b9e155c-51fd-48dc-8d30-8bebe8d2d403, None, None)[0m
[0m[[0m[0mdebug[0m] [0m[0m> Exec(run, Some(__0b9e155c-51fd-48dc-8d30-8bebe8d2d403), Some(CommandSource(network-1)))[0m
[0m[[0m[0mdebug[0m] [0m[0munmatched Processing event for requestId Some(__0b9e155c-51fd-48dc-8d30-8bebe8d2d403): None[0m
[0m[[0m[0mdebug[0m] [0m[0mEvaluating tasks: Compile / run[0m
[0m[[0m[0mdebug[0m] [0m[0mRunning task... Cancel: Signal, check cycles: false, forcegc: true[0m
[0m[[0m[0mdebug[0m] [0m[0mjsonRpcRequest: JsonRpcRequestMessage(2.0, 7be48440-6435-42a5-98e7-718e25167e75, sbt/terminalPropertiesQuery, ""})[0m
[0m[[0m[0mdebug[0m] [0m[0mjsonRpcNotify: JsonRpcNotificationMessage(2.0, build/taskStart, {"taskId":{"id":"0","parents":[]},"eventTime":1733504055564,"message":"Compiling app142","dataKind":"compile-task","data":{"target":{"uri":"file:/Users/selmabenhassine/Desktop/Masters/MA3/SoftConst/app142/#app142/Compile"}}})[0m
[0m[[0m[0mdebug[0m] [0m[0mjsonRpcNotify: JsonRpcNotificationMessage(2.0, build/taskFinish, {"taskId":{"id":"0","parents":[]},"eventTime":1733504055790,"message":"Compiled app142","status":1,"dataKind":"compile-report","data":{"target":{"uri":"file:/Users/selmabenhassine/Desktop/Masters/MA3/SoftConst/app142/#app142/Compile"},"errors":0,"warnings":0,"time":226}})[0m
[0m[[0m[0mdebug[0m] [0m[0mjsonRpcRequest: JsonRpcRequestMessage(2.0, 8edf9a3d-8b4c-4596-a5ed-964c8bb4dbf4, sbt/terminalPropertiesQuery, ""})[0m
[0m[[0m[31merror[0m] [0m[0mjava.lang.RuntimeException: No main class detected.[0m
[0m[[0m[31merror[0m] [0m[0m	at scala.sys.package$.error(package.scala:30)[0m
[0m[[0m[31merror[0m] [0m[0m	at sbt.Defaults$.$anonfun$bgRunTask$4(Defaults.scala:2025)[0m
[0m[[0m[31merror[0m] [0m[0m	at scala.Option.getOrElse(Option.scala:189)[0m
[0m[[0m[31merror[0m] [0m[0m	at sbt.Defaults$.$anonfun$bgRunTask$3(Defaults.scala:2025)[0m
[0m[[0m[31merror[0m] [0m[0m	at scala.Function1.$anonfun$compose$1(Function1.scala:49)[0m
[0m[[0m[31merror[0m] [0m[0m	at sbt.internal.util.$tilde$greater.$anonfun$$u2219$1(TypeFunctions.scala:63)[0m
[0m[[0m[31merror[0m] [0m[0m	at sbt.std.Transform$$anon$4.work(Transform.scala:69)[0m
[0m[[0m[31merror[0m] [0m[0m	at sbt.Execute.$anonfun$submit$2(Execute.scala:283)[0m
[0m[[0m[31merror[0m] [0m[0m	at sbt.internal.util.ErrorHandling$.wideConvert(ErrorHandling.scala:24)[0m
[0m[[0m[31merror[0m] [0m[0m	at sbt.Execute.work(Execute.scala:292)[0m
[0m[[0m[31merror[0m] [0m[0m	at sbt.Execute.$anonfun$submit$1(Execute.scala:283)[0m
[0m[[0m[31merror[0m] [0m[0m	at sbt.ConcurrentRestrictions$$anon$4.$anonfun$submitValid$1(ConcurrentRestrictions.scala:265)[0m
[0m[[0m[31merror[0m] [0m[0m	at sbt.CompletionService$$anon$2.call(CompletionService.scala:65)[0m
[0m[[0m[31merror[0m] [0m[0m	at java.base/java.util.concurrent.FutureTask.run(FutureTask.java:264)[0m
[0m[[0m[31merror[0m] [0m[0m	at java.base/java.util.concurrent.Executors$RunnableAdapter.call(Executors.java:539)[0m
[0m[[0m[31merror[0m] [0m[0m	at java.base/java.util.concurrent.FutureTask.run(FutureTask.java:264)[0m
[0m[[0m[31merror[0m] [0m[0m	at java.base/java.util.concurrent.ThreadPoolExecutor.runWorker(ThreadPoolExecutor.java:1136)[0m
[0m[[0m[31merror[0m] [0m[0m	at java.base/java.util.concurrent.ThreadPoolExecutor$Worker.run(ThreadPoolExecutor.java:635)[0m
[0m[[0m[31merror[0m] [0m[0m	at java.base/java.lang.Thread.run(Thread.java:833)[0m
[0m[[0m[0mdebug[0m] [0m[0mjsonRpcNotify: JsonRpcNotificationMessage(2.0, build/logMessage, {"type":1,"message":"java.lang.RuntimeException: No main class detected.\n\tat scala.sys.package$.error(package.scala:30)\n\tat sbt.Defaults$.$anonfun$bgRunTask$4(Defaults.scala:2025)\n\tat scala.Option.getOrElse(Option.scala:189)\n\tat sbt.Defaults$.$anonfun$bgRunTask$3(Defaults.scala:2025)\n\tat scala.Function1.$anonfun$compose$1(Function1.scala:49)\n\tat sbt.internal.util.$tilde$greater.$anonfun$$u2219$1(TypeFunctions.scala:63)\n\tat sbt.std.Transform$$anon$4.work(Transform.scala:69)\n\tat sbt.Execute.$anonfun$submit$2(Execute.scala:283)\n\tat sbt.internal.util.ErrorHandling$.wideConvert(ErrorHandling.scala:24)\n\tat sbt.Execute.work(Execute.scala:292)\n\tat sbt.Execute.$anonfun$submit$1(Execute.scala:283)\n\tat sbt.ConcurrentRestrictions$$anon$4.$anonfun$submitValid$1(ConcurrentRestrictions.scala:265)\n\tat sbt.CompletionService$$anon$2.call(CompletionService.scala:65)\n\tat java.base/java.util.concurrent.FutureTask.run(FutureTask.java:264)\n\tat java.base/java.util.concurrent.Executors$RunnableAdapter.call(Executors.java:539)\n\tat java.base/java.util.concurrent.FutureTask.run(FutureTask.java:264)\n\tat java.base/java.util.concurrent.ThreadPoolExecutor.runWorker(ThreadPoolExecutor.java:1136)\n\tat java.base/java.util.concurrent.ThreadPoolExecutor$Worker.run(ThreadPoolExecutor.java:635)\n\tat java.base/java.lang.Thread.run(Thread.java:833)"})[0m
[0m[[0m[0mdebug[0m] [0m[0munmatched json error for requestId Some(__0b9e155c-51fd-48dc-8d30-8bebe8d2d403): {"code":-32603,"message":"(Compile / \u001b[31mbgRun\u001b[0m) No main class detected."}[0m
[0m[[0m[31merror[0m] [0m[0m(Compile / [31mbgRun[0m) No main class detected.[0m
[0m[[0m[0mdebug[0m] [0m[0mjsonRpcNotify: JsonRpcNotificationMessage(2.0, build/logMessage, {"type":1,"message":"(Compile / \u001b[31mbgRun\u001b[0m) No main class detected."})[0m
[0m[[0m[31merror[0m] [0m[0mTotal time: 2 s, completed 6 Dec 2024, 17:54:15[0m
[0m[[0m[0mdebug[0m] [0m[0m> Exec(resumeFromFailure, None, None)[0m
[0m[[0m[0mdebug[0m] [0m[0m> Exec(sbtPopOnFailure, None, None)[0m
[0m[[0m[0mdebug[0m] [0m[0m> Exec(sbtReportResult 33eac10f-753a-4d1f-9f3b-a9dd44e45ab4, Some(33eac10f-753a-4d1f-9f3b-a9dd44e45ab4), Some(CommandSource(network-1)))[0m
[0m[[0m[0mdebug[0m] [0m[0munmatched Processing event for requestId Some(33eac10f-753a-4d1f-9f3b-a9dd44e45ab4): None[0m
[0m[[0m[0mdebug[0m] [0m[0munmatched json error for requestId Some(33eac10f-753a-4d1f-9f3b-a9dd44e45ab4): {"code":-33000,"message":""}[0m
[0m[[0m[0mdebug[0m] [0m[0m> Exec(shell, None, None)[0m
[0m[[0m[0mdebug[0m] [0m[0mjsonRpcRequest: JsonRpcRequestMessage(2.0, 303e778b-5d2a-4a90-8ae8-1ec43aca88d9, sbt/terminalCapabilities, {"numeric":"max_colors"}})[0m
[0m[[0m[0mdebug[0m] [0m[0mjsonRpcRequest: JsonRpcRequestMessage(2.0, 23af3035-6f7a-49f5-85aa-44c281489fad, sbt/terminalCapabilities, {"string":"key_a1"}})[0m
[0m[[0m[0mdebug[0m] [0m[0mjsonRpcRequest: JsonRpcRequestMessage(2.0, e5c099e1-ff2f-4d0c-844a-087deee8fc22, sbt/terminalCapabilities, {"string":"key_a3"}})[0m
[0m[[0m[0mdebug[0m] [0m[0mjsonRpcRequest: JsonRpcRequestMessage(2.0, 67fb1f67-1207-4464-881b-085a6081ad5a, sbt/terminalCapabilities, {"string":"key_b2"}})[0m
[0m[[0m[0mdebug[0m] [0m[0mjsonRpcRequest: JsonRpcRequestMessage(2.0, 80cc41c9-b3f9-4e0d-8a66-9e003b25e2f6, sbt/terminalCapabilities, {"string":"key_backspace"}})[0m
[0m[[0m[0mdebug[0m] [0m[0mjsonRpcRequest: JsonRpcRequestMessage(2.0, ad9fad00-ac95-4fa0-b911-fc533a7ad285, sbt/terminalCapabilities, {"string":"key_beg"}})[0m
[0m[[0m[0mdebug[0m] [0m[0mjsonRpcRequest: JsonRpcRequestMessage(2.0, 43ab537e-d677-4f3c-9acc-ebb291a7fc44, sbt/terminalCapabilities, {"string":"key_btab"}})[0m
[0m[[0m[0mdebug[0m] [0m[0mjsonRpcRequest: JsonRpcRequestMessage(2.0, 8ffd313f-3a64-4fa7-a77a-942737cb4f89, sbt/terminalCapabilities, {"string":"key_c1"}})[0m
[0m[[0m[0mdebug[0m] [0m[0mjsonRpcRequest: JsonRpcRequestMessage(2.0, ec1aee86-c781-47b8-bfbf-e6a8ae5dc4db, sbt/terminalCapabilities, {"string":"key_c3"}})[0m
[0m[[0m[0mdebug[0m] [0m[0mjsonRpcRequest: JsonRpcRequestMessage(2.0, 9bca49cd-cc25-45b6-b948-40e9fcec6d01, sbt/terminalCapabilities, {"string":"key_cancel"}})[0m
[0m[[0m[0mdebug[0m] [0m[0mjsonRpcRequest: JsonRpcRequestMessage(2.0, 051d723e-800a-4e91-b028-d88c30af04d2, sbt/terminalCapabilities, {"string":"key_catab"}})[0m
[0m[[0m[0mdebug[0m] [0m[0mjsonRpcRequest: JsonRpcRequestMessage(2.0, 6821ac10-c6b6-4f28-a930-c74ad10eece4, sbt/terminalCapabilities, {"string":"key_clear"}})[0m
[0m[[0m[0mdebug[0m] [0m[0mjsonRpcRequest: JsonRpcRequestMessage(2.0, cadd4037-3b1f-4bc4-8033-fe772da5ecb3, sbt/terminalCapabilities, {"string":"key_close"}})[0m
[0m[[0m[0mdebug[0m] [0m[0mjsonRpcRequest: JsonRpcRequestMessage(2.0, 32d7fe5b-1435-4a94-927c-c1ab9b8aa3af, sbt/terminalCapabilities, {"string":"key_command"}})[0m
[0m[[0m[0mdebug[0m] [0m[0mjsonRpcRequest: JsonRpcRequestMessage(2.0, fb3c2834-d227-4f30-91a5-d0602d2cb86c, sbt/terminalCapabilities, {"string":"key_copy"}})[0m
[0m[[0m[0mdebug[0m] [0m[0mjsonRpcRequest: JsonRpcRequestMessage(2.0, 5662835f-6c55-4b5a-9f67-6be12dbb9921, sbt/terminalCapabilities, {"string":"key_create"}})[0m
[0m[[0m[0mdebug[0m] [0m[0mjsonRpcRequest: JsonRpcRequestMessage(2.0, af02d8fc-b023-4a90-a609-62e57e66a529, sbt/terminalCapabilities, {"string":"key_ctab"}})[0m
[0m[[0m[0mdebug[0m] [0m[0mjsonRpcRequest: JsonRpcRequestMessage(2.0, 6d840078-5177-43bf-8c23-538e39355c21, sbt/terminalCapabilities, {"string":"key_dc"}})[0m
[0m[[0m[0mdebug[0m] [0m[0mjsonRpcRequest: JsonRpcRequestMessage(2.0, 34aaf839-bbd8-4ee2-ba72-aa43a77972d4, sbt/terminalCapabilities, {"string":"key_dl"}})[0m
[0m[[0m[0mdebug[0m] [0m[0mjsonRpcRequest: JsonRpcRequestMessage(2.0, e6d16009-1e66-41c5-9754-076f3bed62ab, sbt/terminalCapabilities, {"string":"key_down"}})[0m
[0m[[0m[0mdebug[0m] [0m[0mjsonRpcRequest: JsonRpcRequestMessage(2.0, 02faae45-9ee7-4116-aa1f-e26db5e98034, sbt/terminalCapabilities, {"string":"key_eic"}})[0m
[0m[[0m[0mdebug[0m] [0m[0mjsonRpcRequest: JsonRpcRequestMessage(2.0, e15b0115-22d1-4dba-8403-98bf7c13e6e6, sbt/terminalCapabilities, {"string":"key_end"}})[0m
[0m[[0m[0mdebug[0m] [0m[0mjsonRpcRequest: JsonRpcRequestMessage(2.0, 5c64b204-5195-4e76-9e3c-c65c46b294c6, sbt/terminalCapabilities, {"string":"key_enter"}})[0m
[0m[[0m[0mdebug[0m] [0m[0mjsonRpcRequest: JsonRpcRequestMessage(2.0, 8dc46490-e431-4b5c-b5d0-3c5ffeb6a1fe, sbt/terminalCapabilities, {"string":"key_eol"}})[0m
[0m[[0m[0mdebug[0m] [0m[0mjsonRpcRequest: JsonRpcRequestMessage(2.0, c680a717-29b6-49c5-a015-7256b8f83184, sbt/terminalCapabilities, {"string":"key_eos"}})[0m
[0m[[0m[0mdebug[0m] [0m[0mjsonRpcRequest: JsonRpcRequestMessage(2.0, d814f0ce-eb83-4689-8b28-24fda433ad89, sbt/terminalCapabilities, {"string":"key_exit"}})[0m
[0m[[0m[0mdebug[0m] [0m[0mjsonRpcRequest: JsonRpcRequestMessage(2.0, 1890a839-8fe4-4c2d-a92f-f15f680c53cd, sbt/terminalCapabilities, {"string":"key_f0"}})[0m
[0m[[0m[0mdebug[0m] [0m[0mjsonRpcRequest: JsonRpcRequestMessage(2.0, 49398221-e4b9-42f7-a351-aa776fb2d867, sbt/terminalCapabilities, {"string":"key_f1"}})[0m
[0m[[0m[0mdebug[0m] [0m[0mjsonRpcRequest: JsonRpcRequestMessage(2.0, 44844703-fdec-4cba-ac82-7f0e809bb08d, sbt/terminalCapabilities, {"string":"key_f10"}})[0m
[0m[[0m[0mdebug[0m] [0m[0mjsonRpcRequest: JsonRpcRequestMessage(2.0, 6ce460c9-75a6-4d79-9c22-89e42d23a491, sbt/terminalCapabilities, {"string":"key_f11"}})[0m
[0m[[0m[0mdebug[0m] [0m[0mjsonRpcRequest: JsonRpcRequestMessage(2.0, 96eaf593-cdc4-4d1b-ba96-f12943538dd9, sbt/terminalCapabilities, {"string":"key_f12"}})[0m
[0m[[0m[0mdebug[0m] [0m[0mjsonRpcRequest: JsonRpcRequestMessage(2.0, 013b3823-22dd-400e-8d40-aa450e1716e8, sbt/terminalCapabilities, {"string":"key_f13"}})[0m
[0m[[0m[0mdebug[0m] [0m[0mjsonRpcRequest: JsonRpcRequestMessage(2.0, 61a0d4f6-1832-412c-a4ea-894ec42c924f, sbt/terminalCapabilities, {"string":"key_f14"}})[0m
[0m[[0m[0mdebug[0m] [0m[0mjsonRpcRequest: JsonRpcRequestMessage(2.0, 3d1560b7-722c-4316-b435-7cf38171ae8f, sbt/terminalCapabilities, {"string":"key_f15"}})[0m
[0m[[0m[0mdebug[0m] [0m[0mjsonRpcRequest: JsonRpcRequestMessage(2.0, 5493e842-3164-4432-a5f6-bcdce758f0ec, sbt/terminalCapabilities, {"string":"key_f16"}})[0m
[0m[[0m[0mdebug[0m] [0m[0mjsonRpcRequest: JsonRpcRequestMessage(2.0, a0ee04c9-27e4-4f90-9513-fa2fada00502, sbt/terminalCapabilities, {"string":"key_f17"}})[0m
[0m[[0m[0mdebug[0m] [0m[0mjsonRpcRequest: JsonRpcRequestMessage(2.0, 8f2549dc-6f08-4976-9b30-a438e83854cd, sbt/terminalCapabilities, {"string":"key_f18"}})[0m
[0m[[0m[0mdebug[0m] [0m[0mjsonRpcRequest: JsonRpcRequestMessage(2.0, 44f24170-dc7c-4178-845c-e4c6b32284b0, sbt/terminalCapabilities, {"string":"key_f19"}})[0m
[0m[[0m[0mdebug[0m] [0m[0mjsonRpcRequest: JsonRpcRequestMessage(2.0, ce1c96bd-47d3-4f5a-a57c-a602ba61b54e, sbt/terminalCapabilities, {"string":"key_f2"}})[0m
[0m[[0m[0mdebug[0m] [0m[0mjsonRpcRequest: JsonRpcRequestMessage(2.0, f78a813d-b177-4fd4-bd80-1b81c7d73fcf, sbt/terminalCapabilities, {"string":"key_f20"}})[0m
[0m[[0m[0mdebug[0m] [0m[0mjsonRpcRequest: JsonRpcRequestMessage(2.0, 91d0704b-459a-46fa-9545-9b0394868744, sbt/terminalCapabilities, {"string":"key_f21"}})[0m
[0m[[0m[0mdebug[0m] [0m[0mjsonRpcRequest: JsonRpcRequestMessage(2.0, a052a7cd-f280-40a3-8795-184b3cd2ad2f, sbt/terminalCapabilities, {"string":"key_f22"}})[0m
[0m[[0m[0mdebug[0m] [0m[0mjsonRpcRequest: JsonRpcRequestMessage(2.0, a008509f-def8-4084-91a0-2197a098be2d, sbt/terminalCapabilities, {"string":"key_f23"}})[0m
[0m[[0m[0mdebug[0m] [0m[0mjsonRpcRequest: JsonRpcRequestMessage(2.0, 5bec11ef-0c4d-4268-b141-409f5d515757, sbt/terminalCapabilities, {"string":"key_f24"}})[0m
[0m[[0m[0mdebug[0m] [0m[0mjsonRpcRequest: JsonRpcRequestMessage(2.0, bd460d8d-fc68-40d1-a91c-a49168183bf3, sbt/terminalCapabilities, {"string":"key_f25"}})[0m
[0m[[0m[0mdebug[0m] [0m[0mjsonRpcRequest: JsonRpcRequestMessage(2.0, 620f916d-288e-4a30-91dd-9b0e36a2bb84, sbt/terminalCapabilities, {"string":"key_f26"}})[0m
[0m[[0m[0mdebug[0m] [0m[0mjsonRpcRequest: JsonRpcRequestMessage(2.0, 747576ea-4ea2-4976-a6ad-2b8e2d59ede9, sbt/terminalCapabilities, {"string":"key_f27"}})[0m
[0m[[0m[0mdebug[0m] [0m[0mjsonRpcRequest: JsonRpcRequestMessage(2.0, 1826ffe2-2ceb-4823-b98a-d40e41bf33d2, sbt/terminalCapabilities, {"string":"key_f28"}})[0m
[0m[[0m[0mdebug[0m] [0m[0mjsonRpcRequest: JsonRpcRequestMessage(2.0, c1a6c874-7e20-4b7a-a7f7-a7f68d354660, sbt/terminalCapabilities, {"string":"key_f29"}})[0m
[0m[[0m[0mdebug[0m] [0m[0mjsonRpcRequest: JsonRpcRequestMessage(2.0, 9db406d6-b678-4061-a42f-3d2c1bc6d3e5, sbt/terminalCapabilities, {"string":"key_f3"}})[0m
[0m[[0m[0mdebug[0m] [0m[0mjsonRpcRequest: JsonRpcRequestMessage(2.0, 27463372-aa2b-471c-a338-780f67def17f, sbt/terminalCapabilities, {"string":"key_f30"}})[0m
[0m[[0m[0mdebug[0m] [0m[0mjsonRpcRequest: JsonRpcRequestMessage(2.0, 42db7735-64d5-458c-909f-bbc3c67c64f3, sbt/terminalCapabilities, {"string":"key_f31"}})[0m
[0m[[0m[0mdebug[0m] [0m[0mjsonRpcRequest: JsonRpcRequestMessage(2.0, e1d4fa09-fc1e-4777-94bd-51be04ec9c82, sbt/terminalCapabilities, {"string":"key_f32"}})[0m
[0m[[0m[0mdebug[0m] [0m[0mjsonRpcRequest: JsonRpcRequestMessage(2.0, 57df9d68-b3cb-4654-b237-bd1be1a50d5a, sbt/terminalCapabilities, {"string":"key_f33"}})[0m
[0m[[0m[0mdebug[0m] [0m[0mjsonRpcRequest: JsonRpcRequestMessage(2.0, 6128a567-6f79-48e2-b6ac-50edb02d4228, sbt/terminalCapabilities, {"string":"key_f34"}})[0m
[0m[[0m[0mdebug[0m] [0m[0mjsonRpcRequest: JsonRpcRequestMessage(2.0, f0b33796-fd32-4f0c-874f-d5347b337a5b, sbt/terminalCapabilities, {"string":"key_f35"}})[0m
[0m[[0m[0mdebug[0m] [0m[0mjsonRpcRequest: JsonRpcRequestMessage(2.0, 07df4ba6-ab06-4381-8b5f-e28de07930c9, sbt/terminalCapabilities, {"string":"key_f36"}})[0m
[0m[[0m[0mdebug[0m] [0m[0mjsonRpcRequest: JsonRpcRequestMessage(2.0, 2d5a3be4-a3ea-45dd-afb2-d9f8ee1a6421, sbt/terminalCapabilities, {"string":"key_f37"}})[0m
[0m[[0m[0mdebug[0m] [0m[0mjsonRpcRequest: JsonRpcRequestMessage(2.0, 052ac455-d4c7-4e79-a891-44310a6d57c0, sbt/terminalCapabilities, {"string":"key_f38"}})[0m
[0m[[0m[0mdebug[0m] [0m[0mjsonRpcRequest: JsonRpcRequestMessage(2.0, 0c128471-a8c4-4e74-b116-25e629445fe4, sbt/terminalCapabilities, {"string":"key_f39"}})[0m
[0m[[0m[0mdebug[0m] [0m[0mjsonRpcRequest: JsonRpcRequestMessage(2.0, 69ea48f0-d28b-4625-86c5-0f5363bb0b20, sbt/terminalCapabilities, {"string":"key_f4"}})[0m
[0m[[0m[0mdebug[0m] [0m[0mjsonRpcRequest: JsonRpcRequestMessage(2.0, 86473b7e-4217-44fe-9748-f87bdad77e48, sbt/terminalCapabilities, {"string":"key_f40"}})[0m
[0m[[0m[0mdebug[0m] [0m[0mjsonRpcRequest: JsonRpcRequestMessage(2.0, 2396e415-f9b5-4c46-9132-2809aeec1c9c, sbt/terminalCapabilities, {"string":"key_f41"}})[0m
[0m[[0m[0mdebug[0m] [0m[0mjsonRpcRequest: JsonRpcRequestMessage(2.0, bbd4a178-a5a4-4341-9a87-6bfab00b58cb, sbt/terminalCapabilities, {"string":"key_f42"}})[0m
[0m[[0m[0mdebug[0m] [0m[0mjsonRpcRequest: JsonRpcRequestMessage(2.0, d334d4e2-2275-4888-9e91-e949e85bc75b, sbt/terminalCapabilities, {"string":"key_f43"}})[0m
[0m[[0m[0mdebug[0m] [0m[0mjsonRpcRequest: JsonRpcRequestMessage(2.0, 5ec7c5e5-331f-4aff-b8eb-34849a600475, sbt/terminalCapabilities, {"string":"key_f44"}})[0m
[0m[[0m[0mdebug[0m] [0m[0mjsonRpcRequest: JsonRpcRequestMessage(2.0, cb3edb38-5ecb-42a6-a681-0e4c34e8e9bd, sbt/terminalCapabilities, {"string":"key_f45"}})[0m
[0m[[0m[0mdebug[0m] [0m[0mjsonRpcRequest: JsonRpcRequestMessage(2.0, d447649f-650d-41ee-9a11-e2762f5f0693, sbt/terminalCapabilities, {"string":"key_f46"}})[0m
[0m[[0m[0mdebug[0m] [0m[0mjsonRpcRequest: JsonRpcRequestMessage(2.0, bccd7f8c-d0bb-4a94-b663-f1042ca445a3, sbt/terminalCapabilities, {"string":"key_f47"}})[0m
[0m[[0m[0mdebug[0m] [0m[0mjsonRpcRequest: JsonRpcRequestMessage(2.0, 4755daf7-a754-4ce4-9e67-759e132fe1eb, sbt/terminalCapabilities, {"string":"key_f48"}})[0m
[0m[[0m[0mdebug[0m] [0m[0mjsonRpcRequest: JsonRpcRequestMessage(2.0, 462f5487-2bcd-4a62-afb5-4874ed5a3af3, sbt/terminalCapabilities, {"string":"key_f49"}})[0m
[0m[[0m[0mdebug[0m] [0m[0mjsonRpcRequest: JsonRpcRequestMessage(2.0, 7bfdd962-7e10-4ef5-9548-f4b91a7b122b, sbt/terminalCapabilities, {"string":"key_f5"}})[0m
[0m[[0m[0mdebug[0m] [0m[0mjsonRpcRequest: JsonRpcRequestMessage(2.0, c93e2ff9-3e40-4e7e-a515-550d6d0906ef, sbt/terminalCapabilities, {"string":"key_f50"}})[0m
[0m[[0m[0mdebug[0m] [0m[0mjsonRpcRequest: JsonRpcRequestMessage(2.0, cd512f87-f2e8-4c45-b877-315a18657dc2, sbt/terminalCapabilities, {"string":"key_f51"}})[0m
[0m[[0m[0mdebug[0m] [0m[0mjsonRpcRequest: JsonRpcRequestMessage(2.0, e3207388-797a-4941-8542-add715f47074, sbt/terminalCapabilities, {"string":"key_f52"}})[0m
[0m[[0m[0mdebug[0m] [0m[0mjsonRpcRequest: JsonRpcRequestMessage(2.0, bf79fd2b-ae85-44a2-a0a1-a6b8bd18facb, sbt/terminalCapabilities, {"string":"key_f53"}})[0m
[0m[[0m[0mdebug[0m] [0m[0mjsonRpcRequest: JsonRpcRequestMessage(2.0, 1420091b-707b-4336-9a7c-eb05bed044b7, sbt/terminalCapabilities, {"string":"key_f54"}})[0m
[0m[[0m[0mdebug[0m] [0m[0mjsonRpcRequest: JsonRpcRequestMessage(2.0, b95a3a26-131c-4c09-b10a-716aaa78edba, sbt/terminalCapabilities, {"string":"key_f55"}})[0m
[0m[[0m[0mdebug[0m] [0m[0mjsonRpcRequest: JsonRpcRequestMessage(2.0, 7fcdd88c-c8b0-4fe5-bdf5-0a009acda97f, sbt/terminalCapabilities, {"string":"key_f56"}})[0m
[0m[[0m[0mdebug[0m] [0m[0mjsonRpcRequest: JsonRpcRequestMessage(2.0, 54544496-3513-4e29-8b23-c94b15b56e25, sbt/terminalCapabilities, {"string":"key_f57"}})[0m
[0m[[0m[0mdebug[0m] [0m[0mjsonRpcRequest: JsonRpcRequestMessage(2.0, d8373884-a671-466a-8681-bda42a341fa3, sbt/terminalCapabilities, {"string":"key_f58"}})[0m
[0m[[0m[0mdebug[0m] [0m[0mjsonRpcRequest: JsonRpcRequestMessage(2.0, b6029cc0-c4c7-4a59-8801-544c8df775be, sbt/terminalCapabilities, {"string":"key_f59"}})[0m
[0m[[0m[0mdebug[0m] [0m[0mjsonRpcRequest: JsonRpcRequestMessage(2.0, c2c93d2b-7bab-4a2a-9e01-679f1f7d4ed7, sbt/terminalCapabilities, {"string":"key_f6"}})[0m
[0m[[0m[0mdebug[0m] [0m[0mjsonRpcRequest: JsonRpcRequestMessage(2.0, dfb93996-3f6d-4114-b92b-83402298a771, sbt/terminalCapabilities, {"string":"key_f60"}})[0m
[0m[[0m[0mdebug[0m] [0m[0mjsonRpcRequest: JsonRpcRequestMessage(2.0, 5f3e5bff-ae82-4940-89b3-e236cf30d79e, sbt/terminalCapabilities, {"string":"key_f61"}})[0m
[0m[[0m[0mdebug[0m] [0m[0mjsonRpcRequest: JsonRpcRequestMessage(2.0, a85fa403-b950-48a3-81eb-5c62e4ad64d2, sbt/terminalCapabilities, {"string":"key_f62"}})[0m
[0m[[0m[0mdebug[0m] [0m[0mjsonRpcRequest: JsonRpcRequestMessage(2.0, 7cdfcac0-c7dc-4c4f-80b5-dde58f81e762, sbt/terminalCapabilities, {"string":"key_f63"}})[0m
[0m[[0m[0mdebug[0m] [0m[0mjsonRpcRequest: JsonRpcRequestMessage(2.0, ac6dc593-149a-4024-a573-208cc2606366, sbt/terminalCapabilities, {"string":"key_f7"}})[0m
[0m[[0m[0mdebug[0m] [0m[0mjsonRpcRequest: JsonRpcRequestMessage(2.0, 2545950d-33cb-4936-8dd1-07ce1e649cd0, sbt/terminalCapabilities, {"string":"key_f8"}})[0m
[0m[[0m[0mdebug[0m] [0m[0mjsonRpcRequest: JsonRpcRequestMessage(2.0, ae449506-65d5-4517-b427-d147a11dffd3, sbt/terminalCapabilities, {"string":"key_f9"}})[0m
[0m[[0m[0mdebug[0m] [0m[0mjsonRpcRequest: JsonRpcRequestMessage(2.0, e6ad3351-83cf-4582-9b15-f2450bf23ba3, sbt/terminalCapabilities, {"string":"key_find"}})[0m
[0m[[0m[0mdebug[0m] [0m[0mjsonRpcRequest: JsonRpcRequestMessage(2.0, 574e1674-1b7f-4c8a-901f-4e382c36b22e, sbt/terminalCapabilities, {"string":"key_help"}})[0m
[0m[[0m[0mdebug[0m] [0m[0mjsonRpcRequest: JsonRpcRequestMessage(2.0, 254a598e-2716-4ad3-bd6c-fdb6ae2d494b, sbt/terminalCapabilities, {"string":"key_home"}})[0m
[0m[[0m[0mdebug[0m] [0m[0mjsonRpcRequest: JsonRpcRequestMessage(2.0, 7fb6cdbb-08c3-4a79-ab0a-b57ee86ca276, sbt/terminalCapabilities, {"string":"key_ic"}})[0m
[0m[[0m[0mdebug[0m] [0m[0mjsonRpcRequest: JsonRpcRequestMessage(2.0, 5aece17c-9f67-4e0e-87b4-ac29f00fa196, sbt/terminalCapabilities, {"string":"key_il"}})[0m
[0m[[0m[0mdebug[0m] [0m[0mjsonRpcRequest: JsonRpcRequestMessage(2.0, da4e5be4-bb84-4a2d-91a7-6485b5912d7e, sbt/terminalCapabilities, {"string":"key_left"}})[0m
[0m[[0m[0mdebug[0m] [0m[0mjsonRpcRequest: JsonRpcRequestMessage(2.0, 08199622-1881-40fd-964f-08b475543e0a, sbt/terminalCapabilities, {"string":"key_ll"}})[0m
[0m[[0m[0mdebug[0m] [0m[0mjsonRpcRequest: JsonRpcRequestMessage(2.0, 595ec933-30c8-4880-a260-263ce530469b, sbt/terminalCapabilities, {"string":"key_mark"}})[0m
[0m[[0m[0mdebug[0m] [0m[0mjsonRpcRequest: JsonRpcRequestMessage(2.0, 99c90399-0255-4472-9369-09475fd41d74, sbt/terminalCapabilities, {"string":"key_message"}})[0m
[0m[[0m[0mdebug[0m] [0m[0mjsonRpcRequest: JsonRpcRequestMessage(2.0, 8f5f475b-5409-4428-9b36-47293667e3b5, sbt/terminalCapabilities, {"string":"key_move"}})[0m
[0m[[0m[0mdebug[0m] [0m[0mjsonRpcRequest: JsonRpcRequestMessage(2.0, 8bf32ecd-4b34-43c3-9942-64eeddcdf9a3, sbt/terminalCapabilities, {"string":"key_next"}})[0m
[0m[[0m[0mdebug[0m] [0m[0mjsonRpcRequest: JsonRpcRequestMessage(2.0, 6507520b-ff61-4976-9ba7-8d93a35f3913, sbt/terminalCapabilities, {"string":"key_npage"}})[0m
[0m[[0m[0mdebug[0m] [0m[0mjsonRpcRequest: JsonRpcRequestMessage(2.0, 6a9f9e4d-c838-4d5d-adcf-1dce156aba93, sbt/terminalCapabilities, {"string":"key_open"}})[0m
[0m[[0m[0mdebug[0m] [0m[0mjsonRpcRequest: JsonRpcRequestMessage(2.0, 9d98f673-d0e9-487a-b906-0a7b4386c03a, sbt/terminalCapabilities, {"string":"key_options"}})[0m
[0m[[0m[0mdebug[0m] [0m[0mjsonRpcRequest: JsonRpcRequestMessage(2.0, 16f64466-5763-4666-8ab9-5453f6107aa6, sbt/terminalCapabilities, {"string":"key_ppage"}})[0m
[0m[[0m[0mdebug[0m] [0m[0mjsonRpcRequest: JsonRpcRequestMessage(2.0, 53b377d4-5085-473e-a502-80cd239e6d37, sbt/terminalCapabilities, {"string":"key_previous"}})[0m
[0m[[0m[0mdebug[0m] [0m[0mjsonRpcRequest: JsonRpcRequestMessage(2.0, 90148729-79cc-4a05-81d1-26d70b2b904a, sbt/terminalCapabilities, {"string":"key_print"}})[0m
[0m[[0m[0mdebug[0m] [0m[0mjsonRpcRequest: JsonRpcRequestMessage(2.0, 9310a9c4-fe82-4c4d-8b21-e2d6d9c50912, sbt/terminalCapabilities, {"string":"key_redo"}})[0m
[0m[[0m[0mdebug[0m] [0m[0mjsonRpcRequest: JsonRpcRequestMessage(2.0, aa1d19c3-bfaf-435e-a7ff-86cda179d3e9, sbt/terminalCapabilities, {"string":"key_reference"}})[0m
[0m[[0m[0mdebug[0m] [0m[0mjsonRpcRequest: JsonRpcRequestMessage(2.0, 8fa34e40-475a-4364-815b-6d4895b629a0, sbt/terminalCapabilities, {"string":"key_refresh"}})[0m
[0m[[0m[0mdebug[0m] [0m[0mjsonRpcRequest: JsonRpcRequestMessage(2.0, 93d998a8-8964-41ce-b4ab-caa56642171e, sbt/terminalCapabilities, {"string":"key_replace"}})[0m
[0m[[0m[0mdebug[0m] [0m[0mjsonRpcRequest: JsonRpcRequestMessage(2.0, 726ec9ce-ae17-4c88-943d-53d8a81176ae, sbt/terminalCapabilities, {"string":"key_restart"}})[0m
[0m[[0m[0mdebug[0m] [0m[0mjsonRpcRequest: JsonRpcRequestMessage(2.0, 043c7ffc-0c51-40ef-b119-199760c83f11, sbt/terminalCapabilities, {"string":"key_resume"}})[0m
[0m[[0m[0mdebug[0m] [0m[0mjsonRpcRequest: JsonRpcRequestMessage(2.0, cd5ec964-d28d-4072-b0ee-aa2ab65f1b0f, sbt/terminalCapabilities, {"string":"key_right"}})[0m
[0m[[0m[0mdebug[0m] [0m[0mjsonRpcRequest: JsonRpcRequestMessage(2.0, 600f7479-11a2-49e9-bbc0-603ccc2244a6, sbt/terminalCapabilities, {"string":"key_save"}})[0m
[0m[[0m[0mdebug[0m] [0m[0mjsonRpcRequest: JsonRpcRequestMessage(2.0, 3a516d0f-abb7-43fe-b7d4-4990b2343596, sbt/terminalCapabilities, {"string":"key_sbeg"}})[0m
[0m[[0m[0mdebug[0m] [0m[0mjsonRpcRequest: JsonRpcRequestMessage(2.0, 2790a79d-534c-49da-9cb9-b49dd8c1e815, sbt/terminalCapabilities, {"string":"key_scancel"}})[0m
[0m[[0m[0mdebug[0m] [0m[0mjsonRpcRequest: JsonRpcRequestMessage(2.0, 6a68f608-632d-452a-816b-239a1e451a32, sbt/terminalCapabilities, {"string":"key_scommand"}})[0m
[0m[[0m[0mdebug[0m] [0m[0mjsonRpcRequest: JsonRpcRequestMessage(2.0, 1a2d57f1-6c79-44e4-b8a0-5e661cc1dbf4, sbt/terminalCapabilities, {"string":"key_scopy"}})[0m
[0m[[0m[0mdebug[0m] [0m[0mjsonRpcRequest: JsonRpcRequestMessage(2.0, ee32e93e-f3a4-4df6-8cbf-c0231eb6c130, sbt/terminalCapabilities, {"string":"key_screate"}})[0m
[0m[[0m[0mdebug[0m] [0m[0mjsonRpcRequest: JsonRpcRequestMessage(2.0, 45f7fbaf-8a3a-4ca6-9ca9-3647b30595a2, sbt/terminalCapabilities, {"string":"key_sdc"}})[0m
[0m[[0m[0mdebug[0m] [0m[0mjsonRpcRequest: JsonRpcRequestMessage(2.0, 2adde22d-2b8b-4ff1-b1b4-c3bee2636da3, sbt/terminalCapabilities, {"string":"key_sdl"}})[0m
[0m[[0m[0mdebug[0m] [0m[0mjsonRpcRequest: JsonRpcRequestMessage(2.0, b858dd0f-0e16-4e1d-8174-6cd3c2f66505, sbt/terminalCapabilities, {"string":"key_select"}})[0m
[0m[[0m[0mdebug[0m] [0m[0mjsonRpcRequest: JsonRpcRequestMessage(2.0, 8c91609e-6048-4f10-b24f-552905f7cf4d, sbt/terminalCapabilities, {"string":"key_send"}})[0m
[0m[[0m[0mdebug[0m] [0m[0mjsonRpcRequest: JsonRpcRequestMessage(2.0, a9bdacb5-8bda-4d80-93a7-4ecb0557ccb7, sbt/terminalCapabilities, {"string":"key_seol"}})[0m
[0m[[0m[0mdebug[0m] [0m[0mjsonRpcRequest: JsonRpcRequestMessage(2.0, de122a39-cfad-4c3e-a9e0-91c8dd0e4b04, sbt/terminalCapabilities, {"string":"key_sexit"}})[0m
[0m[[0m[0mdebug[0m] [0m[0mjsonRpcRequest: JsonRpcRequestMessage(2.0, cf506343-7856-4bcd-b01e-5380e03b9de2, sbt/terminalCapabilities, {"string":"key_sf"}})[0m
[0m[[0m[0mdebug[0m] [0m[0mjsonRpcRequest: JsonRpcRequestMessage(2.0, 8edcdf46-fbb2-4c9c-b41c-c256e62eb7d9, sbt/terminalCapabilities, {"string":"key_sfind"}})[0m
[0m[[0m[0mdebug[0m] [0m[0mjsonRpcRequest: JsonRpcRequestMessage(2.0, 8ace543a-cd20-46e0-beec-83dacdbeb4f6, sbt/terminalCapabilities, {"string":"key_shelp"}})[0m
[0m[[0m[0mdebug[0m] [0m[0mjsonRpcRequest: JsonRpcRequestMessage(2.0, 751d64b5-c2b7-4e4d-a94d-c905d7dafc5e, sbt/terminalCapabilities, {"string":"key_shome"}})[0m
[0m[[0m[0mdebug[0m] [0m[0mjsonRpcRequest: JsonRpcRequestMessage(2.0, 7baca161-3b38-43ff-aca3-064f86d083e4, sbt/terminalCapabilities, {"string":"key_sic"}})[0m
[0m[[0m[0mdebug[0m] [0m[0mjsonRpcRequest: JsonRpcRequestMessage(2.0, f09251c4-ab6d-4d46-a57d-d6546f737e64, sbt/terminalCapabilities, {"string":"key_sleft"}})[0m
[0m[[0m[0mdebug[0m] [0m[0mjsonRpcRequest: JsonRpcRequestMessage(2.0, 9b4ad381-f95e-4e3c-a035-d84b2ef08201, sbt/terminalCapabilities, {"string":"key_smessage"}})[0m
[0m[[0m[0mdebug[0m] [0m[0mjsonRpcRequest: JsonRpcRequestMessage(2.0, 51453809-3cc5-41ae-b9c2-eecf680f42d4, sbt/terminalCapabilities, {"string":"key_smove"}})[0m
[0m[[0m[0mdebug[0m] [0m[0mjsonRpcRequest: JsonRpcRequestMessage(2.0, 5e2018c8-41bc-4c1c-8ff2-3e2be04103bb, sbt/terminalCapabilities, {"string":"key_snext"}})[0m
[0m[[0m[0mdebug[0m] [0m[0mjsonRpcRequest: JsonRpcRequestMessage(2.0, 3474a8a8-9b6f-45cb-bd19-5804e80b0049, sbt/terminalCapabilities, {"string":"key_soptions"}})[0m
[0m[[0m[0mdebug[0m] [0m[0mjsonRpcRequest: JsonRpcRequestMessage(2.0, 25bf06b1-bd66-4070-8099-629722499648, sbt/terminalCapabilities, {"string":"key_sprevious"}})[0m
[0m[[0m[0mdebug[0m] [0m[0mjsonRpcRequest: JsonRpcRequestMessage(2.0, 32b05c2c-207e-4dd4-b65e-6089c091f164, sbt/terminalCapabilities, {"string":"key_sprint"}})[0m
[0m[[0m[0mdebug[0m] [0m[0mjsonRpcRequest: JsonRpcRequestMessage(2.0, 57484dbc-279b-4389-8050-0e29189104ad, sbt/terminalCapabilities, {"string":"key_sr"}})[0m
[0m[[0m[0mdebug[0m] [0m[0mjsonRpcRequest: JsonRpcRequestMessage(2.0, af5d4e77-ab7d-449c-8a8a-6c4a1a434af0, sbt/terminalCapabilities, {"string":"key_sredo"}})[0m
[0m[[0m[0mdebug[0m] [0m[0mjsonRpcRequest: JsonRpcRequestMessage(2.0, ce917f2e-2df9-4cc0-975b-f3ad008f558a, sbt/terminalCapabilities, {"string":"key_sreplace"}})[0m
[0m[[0m[0mdebug[0m] [0m[0mjsonRpcRequest: JsonRpcRequestMessage(2.0, 27edbfb0-d32e-478f-ad52-c18cd3cceee0, sbt/terminalCapabilities, {"string":"key_sright"}})[0m
[0m[[0m[0mdebug[0m] [0m[0mjsonRpcRequest: JsonRpcRequestMessage(2.0, 00d13895-483b-44ae-b108-c9226fb29198, sbt/terminalCapabilities, {"string":"key_srsume"}})[0m
[0m[[0m[0mdebug[0m] [0m[0mjsonRpcRequest: JsonRpcRequestMessage(2.0, cc4b27f0-b35b-4176-89c2-73b706620136, sbt/terminalCapabilities, {"string":"key_ssave"}})[0m
[0m[[0m[0mdebug[0m] [0m[0mjsonRpcRequest: JsonRpcRequestMessage(2.0, 3298fa1b-ae46-4cde-bcd9-e974996276e5, sbt/terminalCapabilities, {"string":"key_ssuspend"}})[0m
[0m[[0m[0mdebug[0m] [0m[0mjsonRpcRequest: JsonRpcRequestMessage(2.0, 28dc1648-623b-4d36-bb05-c263001f9068, sbt/terminalCapabilities, {"string":"key_stab"}})[0m
[0m[[0m[0mdebug[0m] [0m[0mjsonRpcRequest: JsonRpcRequestMessage(2.0, d504fbdf-6c58-4ad5-91fe-b045f0bc360b, sbt/terminalCapabilities, {"string":"key_sundo"}})[0m
[0m[[0m[0mdebug[0m] [0m[0mjsonRpcRequest: JsonRpcRequestMessage(2.0, b93d1ca7-bff7-4a2e-85bc-7feb178106ce, sbt/terminalCapabilities, {"string":"key_suspend"}})[0m
[0m[[0m[0mdebug[0m] [0m[0mjsonRpcRequest: JsonRpcRequestMessage(2.0, 13dbf1bf-211d-4799-b374-9ea511624136, sbt/terminalCapabilities, {"string":"key_undo"}})[0m
[0m[[0m[0mdebug[0m] [0m[0mjsonRpcRequest: JsonRpcRequestMessage(2.0, 89870528-f7a5-4a58-9338-efbde904f4f0, sbt/terminalCapabilities, {"string":"key_up"}})[0m
[0m[[0m[0mdebug[0m] [0m[0mjsonRpcRequest: JsonRpcRequestMessage(2.0, cf3de0ee-9e5d-4896-9812-f9b5ef050265, sbt/terminalCapabilities, {"string":"key_mouse"}})[0m
[0m[[0m[0mdebug[0m] [0m[0mjsonRpcRequest: JsonRpcRequestMessage(2.0, 625f6852-bce1-4a6c-9b84-0fc18e9df530, sbt/terminalCapabilities, {"string":"key_up"}})[0m
[0m[[0m[0mdebug[0m] [0m[0mjsonRpcRequest: JsonRpcRequestMessage(2.0, 7de2d3ad-97fa-4a73-9d73-1129feb6155e, sbt/terminalCapabilities, {"string":"key_down"}})[0m
[0m[[0m[0mdebug[0m] [0m[0mjsonRpcRequest: JsonRpcRequestMessage(2.0, 76c7f99c-e0fa-457d-a9be-0c4e0f3db27f, sbt/terminalCapabilities, {"string":"key_left"}})[0m
[0m[[0m[0mdebug[0m] [0m[0mjsonRpcRequest: JsonRpcRequestMessage(2.0, f87dfd6a-29a4-43cd-91aa-e8cf8c6540c0, sbt/terminalCapabilities, {"string":"key_right"}})[0m
[0m[[0m[0mdebug[0m] [0m[0mjsonRpcRequest: JsonRpcRequestMessage(2.0, 0ca61a25-7c95-4763-97b1-2de3795d90b7, sbt/terminalCapabilities, {"string":"key_home"}})[0m
[0m[[0m[0mdebug[0m] [0m[0mjsonRpcRequest: JsonRpcRequestMessage(2.0, a64a35d1-2267-48cf-93bf-827ea832000d, sbt/terminalCapabilities, {"string":"key_end"}})[0m
[0m[[0m[0mdebug[0m] [0m[0mjsonRpcRequest: JsonRpcRequestMessage(2.0, ed0ad71b-f938-4541-b983-a99e41a59bbe, sbt/terminalCapabilities, {"string":"key_dc"}})[0m
[0m[[0m[0mdebug[0m] [0m[0mjsonRpcRequest: JsonRpcRequestMessage(2.0, 809be334-86d6-4e12-b2b4-771966b4776a, sbt/terminalCapabilities, {"string":"key_dl"}})[0m
[0m[[0m[0mdebug[0m] [0m[0mjsonRpcRequest: JsonRpcRequestMessage(2.0, fb900d1a-5de0-4d4c-9e0f-5d5c8faf2d3d, sbt/terminalCapabilities, {"string":"key_ic"}})[0m
[0m[[0m[0mdebug[0m] [0m[0mjsonRpcRequest: JsonRpcRequestMessage(2.0, cc6a4cdb-2e60-40ae-bbec-864c18b808a3, sbt/terminalCapabilities, {"string":"key_mouse"}})[0m
[0m[[0m[0mdebug[0m] [0m[0mjsonRpcRequest: JsonRpcRequestMessage(2.0, 48ecfde4-4874-4eed-87d5-55727a134559, sbt/terminalCapabilities, {"string":"key_right"}})[0m
[0m[[0m[0mdebug[0m] [0m[0mjsonRpcRequest: JsonRpcRequestMessage(2.0, c68c2315-2219-483d-8d1d-0d64740015c8, sbt/terminalCapabilities, {"string":"key_left"}})[0m
[0m[[0m[0mdebug[0m] [0m[0mjsonRpcRequest: JsonRpcRequestMessage(2.0, ea863fb0-c8c9-45ef-af61-c0720ca313ac, sbt/terminalCapabilities, {"string":"key_up"}})[0m
[0m[[0m[0mdebug[0m] [0m[0mjsonRpcRequest: JsonRpcRequestMessage(2.0, d3b2cd5a-4afa-4a71-8562-a4c23e4634c1, sbt/terminalCapabilities, {"string":"key_down"}})[0m
[0m[[0m[0mdebug[0m] [0m[0mjsonRpcRequest: JsonRpcRequestMessage(2.0, 4ac5f116-df4b-41fa-b1ed-20c8a51b5eaa, sbt/terminalCapabilities, {"string":"key_left"}})[0m
[0m[[0m[0mdebug[0m] [0m[0mjsonRpcRequest: JsonRpcRequestMessage(2.0, 75f09348-282f-4b6e-bfd8-26c9e6899696, sbt/terminalCapabilities, {"string":"key_right"}})[0m
[0m[[0m[0mdebug[0m] [0m[0mjsonRpcRequest: JsonRpcRequestMessage(2.0, 07e43fcc-3994-48ad-a101-eaba41ec6b90, sbt/terminalCapabilities, {"string":"key_home"}})[0m
[0m[[0m[0mdebug[0m] [0m[0mjsonRpcRequest: JsonRpcRequestMessage(2.0, 901afb68-c2df-48b1-a7f6-c5ddc0d02bb7, sbt/terminalCapabilities, {"string":"key_end"}})[0m
[0m[[0m[0mdebug[0m] [0m[0mjsonRpcRequest: JsonRpcRequestMessage(2.0, 841def0a-5755-4fde-9f3d-32d0ff5419c8, sbt/terminalCapabilities, {"string":"key_dc"}})[0m
[0m[[0m[0mdebug[0m] [0m[0mjsonRpcRequest: JsonRpcRequestMessage(2.0, 5e4b9c65-2c5e-4b97-bba4-b7749312c096, sbt/terminalCapabilities, {"string":"key_dl"}})[0m
[0m[[0m[0mdebug[0m] [0m[0mjsonRpcRequest: JsonRpcRequestMessage(2.0, 3171551a-c0cc-43fa-a4cc-56fa8dce45ec, sbt/terminalCapabilities, {"string":"key_ic"}})[0m
[0m[[0m[0mdebug[0m] [0m[0mjsonRpcRequest: JsonRpcRequestMessage(2.0, c2d7b3d2-0445-4dad-b073-7af11e8dfe79, sbt/terminalCapabilities, {"string":"key_mouse"}})[0m
[0m[[0m[0mdebug[0m] [0m[0mjsonRpcRequest: JsonRpcRequestMessage(2.0, 4aeafa4b-4412-4429-806b-e607280144c9, sbt/terminalCapabilities, {"string":"key_a1"}})[0m
[0m[[0m[0mdebug[0m] [0m[0mjsonRpcRequest: JsonRpcRequestMessage(2.0, f74cdc7b-60bb-4ab4-a4d4-c9b2cd9abecd, sbt/terminalCapabilities, {"string":"key_a3"}})[0m
[0m[[0m[0mdebug[0m] [0m[0mjsonRpcRequest: JsonRpcRequestMessage(2.0, 40de4223-8699-4956-9764-173d6452b4e3, sbt/terminalCapabilities, {"string":"key_b2"}})[0m
[0m[[0m[0mdebug[0m] [0m[0mjsonRpcRequest: JsonRpcRequestMessage(2.0, 45cee4ba-ae98-4d97-b099-967a980e7c23, sbt/terminalCapabilities, {"string":"key_backspace"}})[0m
[0m[[0m[0mdebug[0m] [0m[0mjsonRpcRequest: JsonRpcRequestMessage(2.0, f5797a23-83ce-4362-bc80-5c5cfaf1ffae, sbt/terminalCapabilities, {"string":"key_beg"}})[0m
[0m[[0m[0mdebug[0m] [0m[0mjsonRpcRequest: JsonRpcRequestMessage(2.0, fcf67162-afb5-45dd-9df8-d6189121e6de, sbt/terminalCapabilities, {"string":"key_btab"}})[0m
[0m[[0m[0mdebug[0m] [0m[0mjsonRpcRequest: JsonRpcRequestMessage(2.0, 44c07a9a-2c20-4f8c-8bed-1bc60202c0bf, sbt/terminalCapabilities, {"string":"key_c1"}})[0m
[0m[[0m[0mdebug[0m] [0m[0mjsonRpcRequest: JsonRpcRequestMessage(2.0, 758e3171-f03a-4a9a-b949-92ec062fe18c, sbt/terminalCapabilities, {"string":"key_c3"}})[0m
[0m[[0m[0mdebug[0m] [0m[0mjsonRpcRequest: JsonRpcRequestMessage(2.0, a469f4b7-e999-4157-bcf5-5f758a80101c, sbt/terminalCapabilities, {"string":"key_cancel"}})[0m
[0m[[0m[0mdebug[0m] [0m[0mjsonRpcRequest: JsonRpcRequestMessage(2.0, 94668d10-d19e-406a-ba59-d6803ae1d378, sbt/terminalCapabilities, {"string":"key_catab"}})[0m
[0m[[0m[0mdebug[0m] [0m[0mjsonRpcRequest: JsonRpcRequestMessage(2.0, 522a2dfc-bc66-471b-98d7-1d7de7d27e04, sbt/terminalCapabilities, {"string":"key_clear"}})[0m
[0m[[0m[0mdebug[0m] [0m[0mjsonRpcRequest: JsonRpcRequestMessage(2.0, fe735b22-bbed-4198-ae14-36674ad295ff, sbt/terminalCapabilities, {"string":"key_close"}})[0m
[0m[[0m[0mdebug[0m] [0m[0mjsonRpcRequest: JsonRpcRequestMessage(2.0, 630762ac-c494-46f5-b5aa-4298dca20fb4, sbt/terminalCapabilities, {"string":"key_command"}})[0m
[0m[[0m[0mdebug[0m] [0m[0mjsonRpcRequest: JsonRpcRequestMessage(2.0, dcd1ddca-b1e5-4cd0-ac06-4699b94bdc22, sbt/terminalCapabilities, {"string":"key_copy"}})[0m
[0m[[0m[0mdebug[0m] [0m[0mjsonRpcRequest: JsonRpcRequestMessage(2.0, 74b369eb-23fa-427e-9ea8-3e4c01c011f1, sbt/terminalCapabilities, {"string":"key_create"}})[0m
[0m[[0m[0mdebug[0m] [0m[0mjsonRpcRequest: JsonRpcRequestMessage(2.0, b6d585c0-8826-44e0-b799-8b74143a7cf6, sbt/terminalCapabilities, {"string":"key_ctab"}})[0m
[0m[[0m[0mdebug[0m] [0m[0mjsonRpcRequest: JsonRpcRequestMessage(2.0, c6d32024-3caf-4935-9b41-f60ad8927e2c, sbt/terminalCapabilities, {"string":"key_dc"}})[0m
[0m[[0m[0mdebug[0m] [0m[0mjsonRpcRequest: JsonRpcRequestMessage(2.0, f4178039-4933-4bcb-9383-18541fa61f55, sbt/terminalCapabilities, {"string":"key_dl"}})[0m
[0m[[0m[0mdebug[0m] [0m[0mjsonRpcRequest: JsonRpcRequestMessage(2.0, 50894fec-9778-4e11-918e-b853a36786b6, sbt/terminalCapabilities, {"string":"key_down"}})[0m
[0m[[0m[0mdebug[0m] [0m[0mjsonRpcRequest: JsonRpcRequestMessage(2.0, b93c9ef6-6d08-443c-a7d0-7fa7c2bbe52f, sbt/terminalCapabilities, {"string":"key_eic"}})[0m
[0m[[0m[0mdebug[0m] [0m[0mjsonRpcRequest: JsonRpcRequestMessage(2.0, 4bcd43f3-1629-401f-80e5-4820a798bfc9, sbt/terminalCapabilities, {"string":"key_end"}})[0m
[0m[[0m[0mdebug[0m] [0m[0mjsonRpcRequest: JsonRpcRequestMessage(2.0, c2550c09-6f56-46c7-bbdc-951fec46ccb5, sbt/terminalCapabilities, {"string":"key_enter"}})[0m
[0m[[0m[0mdebug[0m] [0m[0mjsonRpcRequest: JsonRpcRequestMessage(2.0, fe0ecf25-ce0a-4c29-a6f9-ec67781f24b5, sbt/terminalCapabilities, {"string":"key_eol"}})[0m
[0m[[0m[0mdebug[0m] [0m[0mjsonRpcRequest: JsonRpcRequestMessage(2.0, df941c77-f0de-4c9c-ab56-b2f2614ff20f, sbt/terminalCapabilities, {"string":"key_eos"}})[0m
[0m[[0m[0mdebug[0m] [0m[0mjsonRpcRequest: JsonRpcRequestMessage(2.0, 514634c4-825c-4685-b0a7-d55804c57ab3, sbt/terminalCapabilities, {"string":"key_exit"}})[0m
[0m[[0m[0mdebug[0m] [0m[0mjsonRpcRequest: JsonRpcRequestMessage(2.0, 0327d958-3e29-4aa0-ba78-765ee684edda, sbt/terminalCapabilities, {"string":"key_f0"}})[0m
[0m[[0m[0mdebug[0m] [0m[0mjsonRpcRequest: JsonRpcRequestMessage(2.0, 3bd1d05c-abd3-4d0b-b5d4-9cdbf2579c5a, sbt/terminalCapabilities, {"string":"key_f1"}})[0m
[0m[[0m[0mdebug[0m] [0m[0mjsonRpcRequest: JsonRpcRequestMessage(2.0, 36a6da2d-65ff-4a7c-bdf2-0b2291d55b6a, sbt/terminalCapabilities, {"string":"key_f10"}})[0m
[0m[[0m[0mdebug[0m] [0m[0mjsonRpcRequest: JsonRpcRequestMessage(2.0, aa719507-2915-41f8-aa4b-ef03300e7c97, sbt/terminalCapabilities, {"string":"key_f11"}})[0m
[0m[[0m[0mdebug[0m] [0m[0mjsonRpcRequest: JsonRpcRequestMessage(2.0, 795cf662-9030-4409-bfce-6b6c854831d5, sbt/terminalCapabilities, {"string":"key_f12"}})[0m
[0m[[0m[0mdebug[0m] [0m[0mjsonRpcRequest: JsonRpcRequestMessage(2.0, 26574817-1d5f-485d-a37b-487b671ce675, sbt/terminalCapabilities, {"string":"key_f13"}})[0m
[0m[[0m[0mdebug[0m] [0m[0mjsonRpcRequest: JsonRpcRequestMessage(2.0, d56545a9-f0b7-4553-a317-d4bd36627610, sbt/terminalCapabilities, {"string":"key_f14"}})[0m
[0m[[0m[0mdebug[0m] [0m[0mjsonRpcRequest: JsonRpcRequestMessage(2.0, 2a8ecec6-b68c-477d-8b15-a8b651baa856, sbt/terminalCapabilities, {"string":"key_f15"}})[0m
[0m[[0m[0mdebug[0m] [0m[0mjsonRpcRequest: JsonRpcRequestMessage(2.0, c10a4798-038d-4fa6-8e1c-5f6355f94a2a, sbt/terminalCapabilities, {"string":"key_f16"}})[0m
[0m[[0m[0mdebug[0m] [0m[0mjsonRpcRequest: JsonRpcRequestMessage(2.0, 7c7a51de-e4b7-43f0-a767-bddd6efe16ec, sbt/terminalCapabilities, {"string":"key_f17"}})[0m
[0m[[0m[0mdebug[0m] [0m[0mjsonRpcRequest: JsonRpcRequestMessage(2.0, 2670374a-6971-4aa6-b881-6cf5fdd60f6b, sbt/terminalCapabilities, {"string":"key_f18"}})[0m
[0m[[0m[0mdebug[0m] [0m[0mjsonRpcRequest: JsonRpcRequestMessage(2.0, cbdecd8f-300c-4376-9e6d-3d5422fae007, sbt/terminalCapabilities, {"string":"key_f19"}})[0m
[0m[[0m[0mdebug[0m] [0m[0mjsonRpcRequest: JsonRpcRequestMessage(2.0, fccda954-bf6e-499c-915b-921e32d4d8e4, sbt/terminalCapabilities, {"string":"key_f2"}})[0m
[0m[[0m[0mdebug[0m] [0m[0mjsonRpcRequest: JsonRpcRequestMessage(2.0, eaf099f5-ba6f-4d43-88e3-ee960f723e24, sbt/terminalCapabilities, {"string":"key_f20"}})[0m
[0m[[0m[0mdebug[0m] [0m[0mjsonRpcRequest: JsonRpcRequestMessage(2.0, 7e8c6de9-e852-4885-bc01-788f18d30298, sbt/terminalCapabilities, {"string":"key_f21"}})[0m
[0m[[0m[0mdebug[0m] [0m[0mjsonRpcRequest: JsonRpcRequestMessage(2.0, 3f9bf588-0d84-432b-9da8-0745b788c27b, sbt/terminalCapabilities, {"string":"key_f22"}})[0m
[0m[[0m[0mdebug[0m] [0m[0mjsonRpcRequest: JsonRpcRequestMessage(2.0, 343b77bb-1fbc-4368-9250-4cd23c788d40, sbt/terminalCapabilities, {"string":"key_f23"}})[0m
[0m[[0m[0mdebug[0m] [0m[0mjsonRpcRequest: JsonRpcRequestMessage(2.0, 0ef73636-4c14-45ad-8ae7-b3b1c6077201, sbt/terminalCapabilities, {"string":"key_f24"}})[0m
[0m[[0m[0mdebug[0m] [0m[0mjsonRpcRequest: JsonRpcRequestMessage(2.0, 9ef8c66d-a30c-4676-8fe8-30ac21f1bdbf, sbt/terminalCapabilities, {"string":"key_f25"}})[0m
[0m[[0m[0mdebug[0m] [0m[0mjsonRpcRequest: JsonRpcRequestMessage(2.0, b5a37629-c5b6-4687-9b63-6808f6cdcdd5, sbt/terminalCapabilities, {"string":"key_f26"}})[0m
[0m[[0m[0mdebug[0m] [0m[0mjsonRpcRequest: JsonRpcRequestMessage(2.0, b4e24316-fbfd-4250-8771-6d48d9f3e3af, sbt/terminalCapabilities, {"string":"key_f27"}})[0m
[0m[[0m[0mdebug[0m] [0m[0mjsonRpcRequest: JsonRpcRequestMessage(2.0, 55ffc9da-de65-4396-b2bd-a603950058c6, sbt/terminalCapabilities, {"string":"key_f28"}})[0m
[0m[[0m[0mdebug[0m] [0m[0mjsonRpcRequest: JsonRpcRequestMessage(2.0, e799bed4-e8bb-43a4-b0a5-db963aa1b5ab, sbt/terminalCapabilities, {"string":"key_f29"}})[0m
[0m[[0m[0mdebug[0m] [0m[0mjsonRpcRequest: JsonRpcRequestMessage(2.0, f8b91de1-fec2-4bd5-b028-4d2eef40834a, sbt/terminalCapabilities, {"string":"key_f3"}})[0m
[0m[[0m[0mdebug[0m] [0m[0mjsonRpcRequest: JsonRpcRequestMessage(2.0, 7c0e87de-e089-4648-a913-ef14efc72efb, sbt/terminalCapabilities, {"string":"key_f30"}})[0m
[0m[[0m[0mdebug[0m] [0m[0mjsonRpcRequest: JsonRpcRequestMessage(2.0, 92a4420c-fe23-4d53-ad44-9e38bf5fa6e9, sbt/terminalCapabilities, {"string":"key_f31"}})[0m
[0m[[0m[0mdebug[0m] [0m[0mjsonRpcRequest: JsonRpcRequestMessage(2.0, 22e62159-e979-48f6-819f-2e5bb440611e, sbt/terminalCapabilities, {"string":"key_f32"}})[0m
[0m[[0m[0mdebug[0m] [0m[0mjsonRpcRequest: JsonRpcRequestMessage(2.0, 60bdecc4-91b6-4518-92e7-f0c4d45fc879, sbt/terminalCapabilities, {"string":"key_f33"}})[0m
[0m[[0m[0mdebug[0m] [0m[0mjsonRpcRequest: JsonRpcRequestMessage(2.0, 71fac7c7-2878-45a5-b69a-e8d123c110d2, sbt/terminalCapabilities, {"string":"key_f34"}})[0m
[0m[[0m[0mdebug[0m] [0m[0mjsonRpcRequest: JsonRpcRequestMessage(2.0, a143e5e2-ecbb-493b-92a4-f679a3029328, sbt/terminalCapabilities, {"string":"key_f35"}})[0m
[0m[[0m[0mdebug[0m] [0m[0mjsonRpcRequest: JsonRpcRequestMessage(2.0, 9443c145-10ea-4a74-93d7-f4e098b11ea5, sbt/terminalCapabilities, {"string":"key_f36"}})[0m
[0m[[0m[0mdebug[0m] [0m[0mjsonRpcRequest: JsonRpcRequestMessage(2.0, 511b6324-be31-4f5a-9826-0d6d8986c3db, sbt/terminalCapabilities, {"string":"key_f37"}})[0m
[0m[[0m[0mdebug[0m] [0m[0mjsonRpcRequest: JsonRpcRequestMessage(2.0, fee53713-27a6-456f-93d9-9f599dcaa7a6, sbt/terminalCapabilities, {"string":"key_f38"}})[0m
[0m[[0m[0mdebug[0m] [0m[0mjsonRpcRequest: JsonRpcRequestMessage(2.0, e52f7522-fd84-4620-bf47-a524d0094bfb, sbt/terminalCapabilities, {"string":"key_f39"}})[0m
[0m[[0m[0mdebug[0m] [0m[0mjsonRpcRequest: JsonRpcRequestMessage(2.0, 57890455-2536-4ce0-9666-c7d92e32aede, sbt/terminalCapabilities, {"string":"key_f4"}})[0m
[0m[[0m[0mdebug[0m] [0m[0mjsonRpcRequest: JsonRpcRequestMessage(2.0, 3c2a9e6f-6a03-4928-8585-36c5c085bb59, sbt/terminalCapabilities, {"string":"key_f40"}})[0m
[0m[[0m[0mdebug[0m] [0m[0mjsonRpcRequest: JsonRpcRequestMessage(2.0, a7c65b79-5c82-490c-a6b3-6edbe8b15859, sbt/terminalCapabilities, {"string":"key_f41"}})[0m
[0m[[0m[0mdebug[0m] [0m[0mjsonRpcRequest: JsonRpcRequestMessage(2.0, 8407a0b2-6638-4ac4-aaf1-6e554e1ff16d, sbt/terminalCapabilities, {"string":"key_f42"}})[0m
[0m[[0m[0mdebug[0m] [0m[0mjsonRpcRequest: JsonRpcRequestMessage(2.0, cc77eac6-94ce-4e3f-92fe-ebbcf3e63ce4, sbt/terminalCapabilities, {"string":"key_f43"}})[0m
[0m[[0m[0mdebug[0m] [0m[0mjsonRpcRequest: JsonRpcRequestMessage(2.0, f0a2977c-c8bf-4f2c-b3a3-28bb7a67055a, sbt/terminalCapabilities, {"string":"key_f44"}})[0m
[0m[[0m[0mdebug[0m] [0m[0mjsonRpcRequest: JsonRpcRequestMessage(2.0, 44eadd9d-7b54-44cc-abfa-5c34480fd52a, sbt/terminalCapabilities, {"string":"key_f45"}})[0m
[0m[[0m[0mdebug[0m] [0m[0mjsonRpcRequest: JsonRpcRequestMessage(2.0, f4797682-46f3-493a-a293-f686c354ee4a, sbt/terminalCapabilities, {"string":"key_f46"}})[0m
[0m[[0m[0mdebug[0m] [0m[0mjsonRpcRequest: JsonRpcRequestMessage(2.0, 40e8d54b-1282-4d65-8946-e86fa83f8362, sbt/terminalCapabilities, {"string":"key_f47"}})[0m
[0m[[0m[0mdebug[0m] [0m[0mjsonRpcRequest: JsonRpcRequestMessage(2.0, 8a4bd5a5-6a6d-4b43-856b-b4b4f8840cef, sbt/terminalCapabilities, {"string":"key_f48"}})[0m
[0m[[0m[0mdebug[0m] [0m[0mjsonRpcRequest: JsonRpcRequestMessage(2.0, 51c18f85-295b-4fbc-995c-cc0f6c34a3dd, sbt/terminalCapabilities, {"string":"key_f49"}})[0m
[0m[[0m[0mdebug[0m] [0m[0mjsonRpcRequest: JsonRpcRequestMessage(2.0, c97871d9-12c1-4770-a80a-ec80528c79ca, sbt/terminalCapabilities, {"string":"key_f5"}})[0m
[0m[[0m[0mdebug[0m] [0m[0mjsonRpcRequest: JsonRpcRequestMessage(2.0, 43135dae-7200-45ee-9e4c-eea8596e1d37, sbt/terminalCapabilities, {"string":"key_f50"}})[0m
[0m[[0m[0mdebug[0m] [0m[0mjsonRpcRequest: JsonRpcRequestMessage(2.0, d60b8314-0667-41e4-8e75-53c9ee9de755, sbt/terminalCapabilities, {"string":"key_f51"}})[0m
[0m[[0m[0mdebug[0m] [0m[0mjsonRpcRequest: JsonRpcRequestMessage(2.0, 0d3dc613-baec-4279-b0ba-395454bb7c97, sbt/terminalCapabilities, {"string":"key_f52"}})[0m
[0m[[0m[0mdebug[0m] [0m[0mjsonRpcRequest: JsonRpcRequestMessage(2.0, df4a62e0-0d78-4d37-b457-499032b97750, sbt/terminalCapabilities, {"string":"key_f53"}})[0m
[0m[[0m[0mdebug[0m] [0m[0mjsonRpcRequest: JsonRpcRequestMessage(2.0, 4c271045-4622-4e2d-9778-36662d7e40c6, sbt/terminalCapabilities, {"string":"key_f54"}})[0m
[0m[[0m[0mdebug[0m] [0m[0mjsonRpcRequest: JsonRpcRequestMessage(2.0, 4aff2200-995e-41cf-acb2-e9ba36629e86, sbt/terminalCapabilities, {"string":"key_f55"}})[0m
[0m[[0m[0mdebug[0m] [0m[0mjsonRpcRequest: JsonRpcRequestMessage(2.0, b5a17edd-be08-48ad-b662-52800cc0aab4, sbt/terminalCapabilities, {"string":"key_f56"}})[0m
[0m[[0m[0mdebug[0m] [0m[0mjsonRpcRequest: JsonRpcRequestMessage(2.0, 4084ea5d-967a-4b11-8b1a-4600dc97c4b7, sbt/terminalCapabilities, {"string":"key_f57"}})[0m
[0m[[0m[0mdebug[0m] [0m[0mjsonRpcRequest: JsonRpcRequestMessage(2.0, f7b63e9c-dc62-433c-a78f-ab313a744e41, sbt/terminalCapabilities, {"string":"key_f58"}})[0m
[0m[[0m[0mdebug[0m] [0m[0mjsonRpcRequest: JsonRpcRequestMessage(2.0, 3fdac0ef-e0cf-42d2-8131-3c38d4f74fbf, sbt/terminalCapabilities, {"string":"key_f59"}})[0m
[0m[[0m[0mdebug[0m] [0m[0mjsonRpcRequest: JsonRpcRequestMessage(2.0, 470afa0b-0805-4683-88c7-2d1ef41816b0, sbt/terminalCapabilities, {"string":"key_f6"}})[0m
[0m[[0m[0mdebug[0m] [0m[0mjsonRpcRequest: JsonRpcRequestMessage(2.0, a71cf628-97d2-4908-bb89-264104f1f2e8, sbt/terminalCapabilities, {"string":"key_f60"}})[0m
[0m[[0m[0mdebug[0m] [0m[0mjsonRpcRequest: JsonRpcRequestMessage(2.0, 5d09d76a-ea15-4609-be3a-bc382ade0dd7, sbt/terminalCapabilities, {"string":"key_f61"}})[0m
[0m[[0m[0mdebug[0m] [0m[0mjsonRpcRequest: JsonRpcRequestMessage(2.0, bd1855e7-f1c7-463f-98fc-9e18a81d34b5, sbt/terminalCapabilities, {"string":"key_f62"}})[0m
[0m[[0m[0mdebug[0m] [0m[0mjsonRpcRequest: JsonRpcRequestMessage(2.0, c74be663-8ed6-4492-9fad-e0471391eac8, sbt/terminalCapabilities, {"string":"key_f63"}})[0m
[0m[[0m[0mdebug[0m] [0m[0mjsonRpcRequest: JsonRpcRequestMessage(2.0, e9a6e254-1038-4139-aacd-026b5c222567, sbt/terminalCapabilities, {"string":"key_f7"}})[0m
[0m[[0m[0mdebug[0m] [0m[0mjsonRpcRequest: JsonRpcRequestMessage(2.0, dcedc292-545a-4c4e-8001-b42f52162310, sbt/terminalCapabilities, {"string":"key_f8"}})[0m
[0m[[0m[0mdebug[0m] [0m[0mjsonRpcRequest: JsonRpcRequestMessage(2.0, 7f37640e-c498-491e-9d79-8c37bad70fa7, sbt/terminalCapabilities, {"string":"key_f9"}})[0m
[0m[[0m[0mdebug[0m] [0m[0mjsonRpcRequest: JsonRpcRequestMessage(2.0, 3c49cb13-394c-4963-9c8d-eccfa3424b74, sbt/terminalCapabilities, {"string":"key_find"}})[0m
[0m[[0m[0mdebug[0m] [0m[0mjsonRpcRequest: JsonRpcRequestMessage(2.0, b1622e56-6978-4eeb-92ab-73a601ed23c5, sbt/terminalCapabilities, {"string":"key_help"}})[0m
[0m[[0m[0mdebug[0m] [0m[0mjsonRpcRequest: JsonRpcRequestMessage(2.0, f5b0c16d-779b-42a7-b32d-17b78b34e203, sbt/terminalCapabilities, {"string":"key_home"}})[0m
[0m[[0m[0mdebug[0m] [0m[0mjsonRpcRequest: JsonRpcRequestMessage(2.0, 7e5857a7-aa06-45e7-a9b3-69e742bda92a, sbt/terminalCapabilities, {"string":"key_ic"}})[0m
[0m[[0m[0mdebug[0m] [0m[0mjsonRpcRequest: JsonRpcRequestMessage(2.0, ca270f8a-e633-4638-aacf-5bc4495a653f, sbt/terminalCapabilities, {"string":"key_il"}})[0m
[0m[[0m[0mdebug[0m] [0m[0mjsonRpcRequest: JsonRpcRequestMessage(2.0, f5cd2ce1-34ef-4ee9-93e1-683bfe79b23e, sbt/terminalCapabilities, {"string":"key_left"}})[0m
[0m[[0m[0mdebug[0m] [0m[0mjsonRpcRequest: JsonRpcRequestMessage(2.0, 27a2ed65-6c66-4369-b82a-dbc8d1bffe72, sbt/terminalCapabilities, {"string":"key_ll"}})[0m
[0m[[0m[0mdebug[0m] [0m[0mjsonRpcRequest: JsonRpcRequestMessage(2.0, 4d63bd2f-4128-42dd-b246-c42777059652, sbt/terminalCapabilities, {"string":"key_mark"}})[0m
[0m[[0m[0mdebug[0m] [0m[0mjsonRpcRequest: JsonRpcRequestMessage(2.0, 195733df-1622-4e65-8eb1-046717a33937, sbt/terminalCapabilities, {"string":"key_message"}})[0m
[0m[[0m[0mdebug[0m] [0m[0mjsonRpcRequest: JsonRpcRequestMessage(2.0, fa916f50-35ac-475f-bba7-a7c3e4c891cf, sbt/terminalCapabilities, {"string":"key_move"}})[0m
[0m[[0m[0mdebug[0m] [0m[0mjsonRpcRequest: JsonRpcRequestMessage(2.0, e72a0018-80d4-462c-ad7c-11ab6cf1ffe7, sbt/terminalCapabilities, {"string":"key_next"}})[0m
[0m[[0m[0mdebug[0m] [0m[0mjsonRpcRequest: JsonRpcRequestMessage(2.0, 9c523279-487f-4f5e-ad1a-b8176ce0660d, sbt/terminalCapabilities, {"string":"key_npage"}})[0m
[0m[[0m[0mdebug[0m] [0m[0mjsonRpcRequest: JsonRpcRequestMessage(2.0, 4d13070c-47e3-49b0-814b-388670b65b8d, sbt/terminalCapabilities, {"string":"key_open"}})[0m
[0m[[0m[0mdebug[0m] [0m[0mjsonRpcRequest: JsonRpcRequestMessage(2.0, 58be9d0e-b913-4c24-aff9-fb53096cd8fa, sbt/terminalCapabilities, {"string":"key_options"}})[0m
[0m[[0m[0mdebug[0m] [0m[0mjsonRpcRequest: JsonRpcRequestMessage(2.0, cd866b1d-8155-403b-afd5-57c752e4791d, sbt/terminalCapabilities, {"string":"key_ppage"}})[0m
[0m[[0m[0mdebug[0m] [0m[0mjsonRpcRequest: JsonRpcRequestMessage(2.0, e33d6f9f-eb6b-4b4c-aae3-969d76eb34ae, sbt/terminalCapabilities, {"string":"key_previous"}})[0m
[0m[[0m[0mdebug[0m] [0m[0mjsonRpcRequest: JsonRpcRequestMessage(2.0, c594bd06-2325-4017-8129-689a3cc32330, sbt/terminalCapabilities, {"string":"key_print"}})[0m
[0m[[0m[0mdebug[0m] [0m[0mjsonRpcRequest: JsonRpcRequestMessage(2.0, 1bc7a213-3249-47f8-a4c7-365225b5d783, sbt/terminalCapabilities, {"string":"key_redo"}})[0m
[0m[[0m[0mdebug[0m] [0m[0mjsonRpcRequest: JsonRpcRequestMessage(2.0, cc54b358-d836-4bed-beda-df1d39284458, sbt/terminalCapabilities, {"string":"key_reference"}})[0m
[0m[[0m[0mdebug[0m] [0m[0mjsonRpcRequest: JsonRpcRequestMessage(2.0, 64ad9087-aeb1-4936-95be-f74c5944eafa, sbt/terminalCapabilities, {"string":"key_refresh"}})[0m
[0m[[0m[0mdebug[0m] [0m[0mjsonRpcRequest: JsonRpcRequestMessage(2.0, 07bc02a1-ad45-42f0-9ffd-b6f3e7101f9a, sbt/terminalCapabilities, {"string":"key_replace"}})[0m
[0m[[0m[0mdebug[0m] [0m[0mjsonRpcRequest: JsonRpcRequestMessage(2.0, deda72a0-5368-4379-a2d8-3577e8bd67ec, sbt/terminalCapabilities, {"string":"key_restart"}})[0m
[0m[[0m[0mdebug[0m] [0m[0mjsonRpcRequest: JsonRpcRequestMessage(2.0, d36af9fe-f275-4fba-b9b2-db87bc3c2457, sbt/terminalCapabilities, {"string":"key_resume"}})[0m
[0m[[0m[0mdebug[0m] [0m[0mjsonRpcRequest: JsonRpcRequestMessage(2.0, 39392be2-0efa-43db-9164-c5243b398da6, sbt/terminalCapabilities, {"string":"key_right"}})[0m
[0m[[0m[0mdebug[0m] [0m[0mjsonRpcRequest: JsonRpcRequestMessage(2.0, 713390d5-9d11-48a2-a5f2-25611675c0e1, sbt/terminalCapabilities, {"string":"key_save"}})[0m
[0m[[0m[0mdebug[0m] [0m[0mjsonRpcRequest: JsonRpcRequestMessage(2.0, bb58fc5f-c13f-4fcb-8148-48413752138d, sbt/terminalCapabilities, {"string":"key_sbeg"}})[0m
[0m[[0m[0mdebug[0m] [0m[0mjsonRpcRequest: JsonRpcRequestMessage(2.0, 21df55e2-f980-49e0-b053-1cf730b802f5, sbt/terminalCapabilities, {"string":"key_scancel"}})[0m
[0m[[0m[0mdebug[0m] [0m[0mjsonRpcRequest: JsonRpcRequestMessage(2.0, 0528457c-81a3-4e9e-a4f8-181a4d790850, sbt/terminalCapabilities, {"string":"key_scommand"}})[0m
[0m[[0m[0mdebug[0m] [0m[0mjsonRpcRequest: JsonRpcRequestMessage(2.0, 77c39992-f804-47f7-8bf1-3b66897e4d9a, sbt/terminalCapabilities, {"string":"key_scopy"}})[0m
[0m[[0m[0mdebug[0m] [0m[0mjsonRpcRequest: JsonRpcRequestMessage(2.0, 95f05c45-2482-448a-9458-c1210e6d8809, sbt/terminalCapabilities, {"string":"key_screate"}})[0m
[0m[[0m[0mdebug[0m] [0m[0mjsonRpcRequest: JsonRpcRequestMessage(2.0, 2c2ab765-d550-401a-b083-2ee17bc6e6f0, sbt/terminalCapabilities, {"string":"key_sdc"}})[0m
[0m[[0m[0mdebug[0m] [0m[0mjsonRpcRequest: JsonRpcRequestMessage(2.0, a95a919e-ad27-41aa-84ff-b4d9c47a3de7, sbt/terminalCapabilities, {"string":"key_sdl"}})[0m
[0m[[0m[0mdebug[0m] [0m[0mjsonRpcRequest: JsonRpcRequestMessage(2.0, ac09fe04-71f7-4ac9-84c6-fa32d0c2b5c5, sbt/terminalCapabilities, {"string":"key_select"}})[0m
[0m[[0m[0mdebug[0m] [0m[0mjsonRpcRequest: JsonRpcRequestMessage(2.0, cec814a6-d8d2-4a3d-be5d-b14a7f0bc9bb, sbt/terminalCapabilities, {"string":"key_send"}})[0m
[0m[[0m[0mdebug[0m] [0m[0mjsonRpcRequest: JsonRpcRequestMessage(2.0, f1c6b63e-c868-4ca2-981b-674f6147d2f4, sbt/terminalCapabilities, {"string":"key_seol"}})[0m
[0m[[0m[0mdebug[0m] [0m[0mjsonRpcRequest: JsonRpcRequestMessage(2.0, dffc8502-3e71-446a-b6d4-f740c8623e2f, sbt/terminalCapabilities, {"string":"key_sexit"}})[0m
[0m[[0m[0mdebug[0m] [0m[0mjsonRpcRequest: JsonRpcRequestMessage(2.0, c8625888-2fbc-4316-b422-2b159bc4058e, sbt/terminalCapabilities, {"string":"key_sf"}})[0m
[0m[[0m[0mdebug[0m] [0m[0mjsonRpcRequest: JsonRpcRequestMessage(2.0, 3f7a5d5a-ff9f-4913-bf75-f3202f21aae0, sbt/terminalCapabilities, {"string":"key_sfind"}})[0m
[0m[[0m[0mdebug[0m] [0m[0mjsonRpcRequest: JsonRpcRequestMessage(2.0, a37f3c6e-c780-4744-a594-477ee9f234e4, sbt/terminalCapabilities, {"string":"key_shelp"}})[0m
[0m[[0m[0mdebug[0m] [0m[0mjsonRpcRequest: JsonRpcRequestMessage(2.0, ca4e80ae-975d-434c-b29f-ec6f7c0a13dc, sbt/terminalCapabilities, {"string":"key_shome"}})[0m
[0m[[0m[0mdebug[0m] [0m[0mjsonRpcRequest: JsonRpcRequestMessage(2.0, 3977bb7d-aa21-4803-aa0f-7f113351177b, sbt/terminalCapabilities, {"string":"key_sic"}})[0m
[0m[[0m[0mdebug[0m] [0m[0mjsonRpcRequest: JsonRpcRequestMessage(2.0, 17899749-5417-412f-8eaf-c3cc0c6ca015, sbt/terminalCapabilities, {"string":"key_sleft"}})[0m
[0m[[0m[0mdebug[0m] [0m[0mjsonRpcRequest: JsonRpcRequestMessage(2.0, 2572eb60-1b43-4d46-a4c9-c165424b62f7, sbt/terminalCapabilities, {"string":"key_smessage"}})[0m
[0m[[0m[0mdebug[0m] [0m[0mjsonRpcRequest: JsonRpcRequestMessage(2.0, 8817c400-ddaa-44bf-a54d-59538fba36bd, sbt/terminalCapabilities, {"string":"key_smove"}})[0m
[0m[[0m[0mdebug[0m] [0m[0mjsonRpcRequest: JsonRpcRequestMessage(2.0, f314fb8f-f263-4f80-9d30-014963797a28, sbt/terminalCapabilities, {"string":"key_snext"}})[0m
[0m[[0m[0mdebug[0m] [0m[0mjsonRpcRequest: JsonRpcRequestMessage(2.0, 4e86d359-3b60-45cb-85b5-5fa42a8ad626, sbt/terminalCapabilities, {"string":"key_soptions"}})[0m
[0m[[0m[0mdebug[0m] [0m[0mjsonRpcRequest: JsonRpcRequestMessage(2.0, c3aca7bf-0a08-48b3-b58b-f688befc2108, sbt/terminalCapabilities, {"string":"key_sprevious"}})[0m
[0m[[0m[0mdebug[0m] [0m[0mjsonRpcRequest: JsonRpcRequestMessage(2.0, ff001923-b434-42b2-bc5b-91c83f833b3d, sbt/terminalCapabilities, {"string":"key_sprint"}})[0m
[0m[[0m[0mdebug[0m] [0m[0mjsonRpcRequest: JsonRpcRequestMessage(2.0, 42326b24-8c9a-442b-b786-c47b54550018, sbt/terminalCapabilities, {"string":"key_sr"}})[0m
[0m[[0m[0mdebug[0m] [0m[0mjsonRpcRequest: JsonRpcRequestMessage(2.0, d6a1979e-1dd9-4034-9b30-c045d8f2b4a4, sbt/terminalCapabilities, {"string":"key_sredo"}})[0m
[0m[[0m[0mdebug[0m] [0m[0mjsonRpcRequest: JsonRpcRequestMessage(2.0, 0fbd6590-b63e-401d-9e6a-d54860c01493, sbt/terminalCapabilities, {"string":"key_sreplace"}})[0m
[0m[[0m[0mdebug[0m] [0m[0mjsonRpcRequest: JsonRpcRequestMessage(2.0, cd5130e0-aa7f-49f6-b58f-fac61b88f533, sbt/terminalCapabilities, {"string":"key_sright"}})[0m
[0m[[0m[0mdebug[0m] [0m[0mjsonRpcRequest: JsonRpcRequestMessage(2.0, 47d28d03-a42c-41c3-8aa8-444757b50616, sbt/terminalCapabilities, {"string":"key_srsume"}})[0m
[0m[[0m[0mdebug[0m] [0m[0mjsonRpcRequest: JsonRpcRequestMessage(2.0, b1cbd3ea-a840-4b08-b2e7-bfe4c85ecea9, sbt/terminalCapabilities, {"string":"key_ssave"}})[0m
[0m[[0m[0mdebug[0m] [0m[0mjsonRpcRequest: JsonRpcRequestMessage(2.0, a6cc1927-2410-46df-bfb3-5f21343b0d73, sbt/terminalCapabilities, {"string":"key_ssuspend"}})[0m
[0m[[0m[0mdebug[0m] [0m[0mjsonRpcRequest: JsonRpcRequestMessage(2.0, 1f1afde0-4edc-4a9b-9b0b-fdeefb3f66dd, sbt/terminalCapabilities, {"string":"key_stab"}})[0m
[0m[[0m[0mdebug[0m] [0m[0mjsonRpcRequest: JsonRpcRequestMessage(2.0, 1e5f97a3-e38d-47b1-a9d9-371fdc37a31a, sbt/terminalCapabilities, {"string":"key_sundo"}})[0m
[0m[[0m[0mdebug[0m] [0m[0mjsonRpcRequest: JsonRpcRequestMessage(2.0, 0a2c69fe-92a5-4af1-a3e8-83add2f2d61f, sbt/terminalCapabilities, {"string":"key_suspend"}})[0m
[0m[[0m[0mdebug[0m] [0m[0mjsonRpcRequest: JsonRpcRequestMessage(2.0, 4cd3287d-753c-49c9-9592-5cd5b27d9dfc, sbt/terminalCapabilities, {"string":"key_undo"}})[0m
[0m[[0m[0mdebug[0m] [0m[0mjsonRpcRequest: JsonRpcRequestMessage(2.0, ecbdb6c8-8b63-4680-aef4-339243985533, sbt/terminalCapabilities, {"string":"key_up"}})[0m
[0m[[0m[0mdebug[0m] [0m[0mjsonRpcRequest: JsonRpcRequestMessage(2.0, fa9c9757-03d8-4835-bba1-675c14cb3d99, sbt/terminalCapabilities, {"string":"key_mouse"}})[0m
[0m[[0m[0mdebug[0m] [0m[0mjsonRpcRequest: JsonRpcRequestMessage(2.0, 591620ab-34f8-4adc-9be2-bc2f25d0eb9a, sbt/terminalCapabilities, {"string":"key_up"}})[0m
[0m[[0m[0mdebug[0m] [0m[0mjsonRpcRequest: JsonRpcRequestMessage(2.0, f7ccea88-65e2-4025-9b36-68f404350b63, sbt/terminalCapabilities, {"string":"key_down"}})[0m
[0m[[0m[0mdebug[0m] [0m[0mjsonRpcRequest: JsonRpcRequestMessage(2.0, 8eec7fba-49c5-41a9-8f58-4ee059067dd4, sbt/terminalCapabilities, {"string":"key_left"}})[0m
[0m[[0m[0mdebug[0m] [0m[0mjsonRpcRequest: JsonRpcRequestMessage(2.0, ff88c684-bec3-4b3f-900c-cdefcd4e20bc, sbt/terminalCapabilities, {"string":"key_right"}})[0m
[0m[[0m[0mdebug[0m] [0m[0mjsonRpcRequest: JsonRpcRequestMessage(2.0, c5e172c1-42e1-47a1-ba61-7237267190cd, sbt/terminalCapabilities, {"string":"key_home"}})[0m
[0m[[0m[0mdebug[0m] [0m[0mjsonRpcRequest: JsonRpcRequestMessage(2.0, fd4b8592-573f-4449-850f-163be78d78cd, sbt/terminalCapabilities, {"string":"key_end"}})[0m
[0m[[0m[0mdebug[0m] [0m[0mjsonRpcRequest: JsonRpcRequestMessage(2.0, f292c946-f939-4349-986e-ef7147ae2825, sbt/terminalCapabilities, {"string":"key_dc"}})[0m
[0m[[0m[0mdebug[0m] [0m[0mjsonRpcRequest: JsonRpcRequestMessage(2.0, 54359a97-9b4c-4a15-a4ed-9f7564c52a0c, sbt/terminalCapabilities, {"string":"key_dl"}})[0m
[0m[[0m[0mdebug[0m] [0m[0mjsonRpcRequest: JsonRpcRequestMessage(2.0, a9b8c213-6695-4499-8080-7e663cbd9f74, sbt/terminalCapabilities, {"string":"key_ic"}})[0m
[0m[[0m[0mdebug[0m] [0m[0mjsonRpcRequest: JsonRpcRequestMessage(2.0, 2526f14b-d6c9-444e-b341-2d5e9008a5cb, sbt/terminalCapabilities, {"string":"key_mouse"}})[0m
[0m[[0m[0mdebug[0m] [0m[0mjsonRpcRequest: JsonRpcRequestMessage(2.0, 67368d0d-e57d-4342-ade8-cc8a7e1ae18c, sbt/terminalCapabilities, {"string":"back_tab"}})[0m
[0m[[0m[0mdebug[0m] [0m[0mjsonRpcRequest: JsonRpcRequestMessage(2.0, c5d50371-8f6a-48f0-b0e3-5a7598c0bde2, sbt/terminalCapabilities, {"string":"key_up"}})[0m
[0m[[0m[0mdebug[0m] [0m[0mjsonRpcRequest: JsonRpcRequestMessage(2.0, 0d2ae4de-5c29-43fd-9c0a-f292964f4f6b, sbt/terminalCapabilities, {"string":"key_down"}})[0m
[0m[[0m[0mdebug[0m] [0m[0mjsonRpcRequest: JsonRpcRequestMessage(2.0, ace5d619-517f-4ea1-9011-5d6529cde6b0, sbt/terminalCapabilities, {"string":"key_left"}})[0m
[0m[[0m[0mdebug[0m] [0m[0mjsonRpcRequest: JsonRpcRequestMessage(2.0, 015e9ba9-e309-4258-a167-07b0a3f8c04e, sbt/terminalCapabilities, {"string":"key_right"}})[0m
[0m[[0m[0mdebug[0m] [0m[0mjsonRpcRequest: JsonRpcRequestMessage(2.0, 467b4c83-cd33-48d1-a949-785073920300, sbt/terminalCapabilities, {"string":"key_home"}})[0m
[0m[[0m[0mdebug[0m] [0m[0mjsonRpcRequest: JsonRpcRequestMessage(2.0, 704de0ff-6dd0-4a07-8cc6-f41830fb03f2, sbt/terminalCapabilities, {"string":"key_end"}})[0m
[0m[[0m[0mdebug[0m] [0m[0mjsonRpcRequest: JsonRpcRequestMessage(2.0, 767517e3-dff2-4690-a4f2-c5bdeffbc7b1, sbt/terminalCapabilities, {"string":"key_dc"}})[0m
[0m[[0m[0mdebug[0m] [0m[0mjsonRpcRequest: JsonRpcRequestMessage(2.0, f5bdddaf-6d01-4f11-9731-b0c5f7596e30, sbt/terminalCapabilities, {"string":"key_dl"}})[0m
[0m[[0m[0mdebug[0m] [0m[0mjsonRpcRequest: JsonRpcRequestMessage(2.0, 65361275-5a19-4671-b339-97cba6c2181f, sbt/terminalCapabilities, {"string":"key_ic"}})[0m
[0m[[0m[0mdebug[0m] [0m[0mjsonRpcRequest: JsonRpcRequestMessage(2.0, 85c96524-e3fc-49d5-b224-e9f563e813ef, sbt/terminalCapabilities, {"string":"key_mouse"}})[0m
[0m[[0m[0mdebug[0m] [0m[0mjsonRpcRequest: JsonRpcRequestMessage(2.0, 8cb36c7f-6b26-4a1e-97e0-80ee1367d035, sbt/terminalCapabilities, {"string":"key_up"}})[0m
[0m[[0m[0mdebug[0m] [0m[0mjsonRpcRequest: JsonRpcRequestMessage(2.0, 22f9f756-c882-4c9c-a7d4-a3705a9fc474, sbt/terminalCapabilities, {"string":"key_down"}})[0m
[0m[[0m[0mdebug[0m] [0m[0mjsonRpcRequest: JsonRpcRequestMessage(2.0, cf9fe4f8-be6d-4816-99f8-72bdcdb4166d, sbt/terminalCapabilities, {"string":"key_up"}})[0m
[0m[[0m[0mdebug[0m] [0m[0mjsonRpcRequest: JsonRpcRequestMessage(2.0, 6287bdef-56ea-4630-8c8a-813ef61ca571, sbt/terminalCapabilities, {"string":"key_down"}})[0m
[0m[[0m[0mdebug[0m] [0m[0mjsonRpcRequest: JsonRpcRequestMessage(2.0, f776a347-aa4d-4603-8971-16ca9832c221, sbt/getTerminalAttributes, {}})[0m
[0m[[0m[0mdebug[0m] [0m[0mjsonRpcRequest: JsonRpcRequestMessage(2.0, 346ec50a-ee7d-47ca-80bc-72e7d8c5af0d, sbt/terminalCapabilities, {"string":"enter_alt_charset_mode"}})[0m
[0m[[0m[0mdebug[0m] [0m[0mjsonRpcRequest: JsonRpcRequestMessage(2.0, a7d8cdc7-4e13-44a5-8813-a992edaa97ea, sbt/terminalCapabilities, {"string":"exit_alt_charset_mode"}})[0m
[0m[[0m[0mdebug[0m] [0m[0mjsonRpcRequest: JsonRpcRequestMessage(2.0, 467b96f5-0215-45f2-9505-cab0b978be57, sbt/terminalCapabilities, {"string":"insert_line"}})[0m
[0m[[0m[0mdebug[0m] [0m[0mjsonRpcRequest: JsonRpcRequestMessage(2.0, 3b549cec-d851-4ab7-b556-5dada49e46bd, sbt/terminalCapabilities, {"string":"delete_line"}})[0m
[0m[[0m[0mdebug[0m] [0m[0mjsonRpcRequest: JsonRpcRequestMessage(2.0, b7a90853-89fe-47b2-adeb-f61c377bea5e, sbt/terminalCapabilities, {"boolean":"auto_right_margin"}})[0m
[0m[[0m[0mdebug[0m] [0m[0mjsonRpcRequest: JsonRpcRequestMessage(2.0, 58d70cc0-4a8a-44d2-9603-416afe1f090d, sbt/terminalCapabilities, {"boolean":"eat_newline_glitch"}})[0m
[0m[[0m[0mdebug[0m] [0m[0mjsonRpcRequest: JsonRpcRequestMessage(2.0, a8be2f37-b79c-47b0-bcdf-69e8f25db165, sbt/terminalCapabilities, {"string":"cursor_down"}})[0m
[0m[[0m[0mdebug[0m] [0m[0mjsonRpcRequest: JsonRpcRequestMessage(2.0, c395941b-fc1d-4ec6-932b-009d8dc4b19c, sbt/terminalSetRawMode, {"toggle":true}})[0m
[0m[[0m[0mdebug[0m] [0m[0mjsonRpcRequest: JsonRpcRequestMessage(2.0, e567a312-b2e0-4e3e-8c3a-b8387f593226, sbt/getTerminalAttributes, {}})[0m
[0m[[0m[0mdebug[0m] [0m[0mjsonRpcRequest: JsonRpcRequestMessage(2.0, ea9663d8-b80e-4058-9b11-64c766d7477c, sbt/terminalCapabilities, {"string":"insert_line"}})[0m
[0m[[0m[0mdebug[0m] [0m[0mjsonRpcRequest: JsonRpcRequestMessage(2.0, aff68ec2-a73d-4e4a-82e1-e78fd6f255a3, sbt/terminalCapabilities, {"string":"delete_line"}})[0m
[0m[[0m[0mdebug[0m] [0m[0mjsonRpcRequest: JsonRpcRequestMessage(2.0, baf7bbc8-40d2-4100-84c8-42cfc08e7794, sbt/terminalCapabilities, {"boolean":"auto_right_margin"}})[0m
[0m[[0m[0mdebug[0m] [0m[0mjsonRpcRequest: JsonRpcRequestMessage(2.0, 4cd30bdb-cdf5-4191-b11f-953f07277f72, sbt/terminalCapabilities, {"boolean":"eat_newline_glitch"}})[0m
[0m[[0m[0mdebug[0m] [0m[0mjsonRpcRequest: JsonRpcRequestMessage(2.0, dd044954-a5f8-4b63-8ed1-52baafaaf8fd, sbt/terminalCapabilities, {"string":"cursor_down"}})[0m
[0m[[0m[0mdebug[0m] [0m[0mjsonRpcRequest: JsonRpcRequestMessage(2.0, b27681e5-f974-4298-a552-f3c74c994ce7, sbt/terminalCapabilities, {"string":"keypad_xmit"}})[0m
[0m[[0m[0mdebug[0m] [0m[0mjsonRpcRequest: JsonRpcRequestMessage(2.0, 49b304a9-5bf2-41fd-9a4d-f4ddceb37f81, sbt/terminalCapabilities, {"numeric":"max_colors"}})[0m
[0m[[0m[0mdebug[0m] [0m[0mjsonRpcRequest: JsonRpcRequestMessage(2.0, a1df48d2-c162-45c7-a2ef-deab316af026, sbt/terminalCapabilities, {"numeric":"max_colors"}})[0m
[0m[[0m[0mdebug[0m] [0m[0mjsonRpcRequest: JsonRpcRequestMessage(2.0, 17c14b07-26fc-4622-8671-ae48b68d05f9, sbt/terminalCapabilities, {"string":"enter_alt_charset_mode"}})[0m
[0m[[0m[0mdebug[0m] [0m[0mjsonRpcRequest: JsonRpcRequestMessage(2.0, bdfcab55-7498-4e1a-a702-d2f61d66cfd9, sbt/terminalCapabilities, {"string":"exit_alt_charset_mode"}})[0m
[0m[[0m[0mdebug[0m] [0m[0mjsonRpcNotify: JsonRpcNotificationMessage(2.0, sbt/readSystemIn, "")[0m
