[0m[[0m[0mdebug[0m] [0m[0m> Exec(sbtStashOnFailure, None, None)[0m
[0m[[0m[0mdebug[0m] [0m[0m> Exec(sbtMapExec b0749028-8455-4e15-9dc6-fc813e86e9e4 __fc242039-0c5f-42b8-99e2-7c8bae0c1cf3, None, None)[0m
[0m[[0m[0mdebug[0m] [0m[0m> Exec(run, Some(__fc242039-0c5f-42b8-99e2-7c8bae0c1cf3), Some(CommandSource(network-1)))[0m
[0m[[0m[0mdebug[0m] [0m[0munmatched Processing event for requestId Some(__fc242039-0c5f-42b8-99e2-7c8bae0c1cf3): None[0m
[0m[[0m[0mdebug[0m] [0m[0mEvaluating tasks: Compile / run[0m
[0m[[0m[0mdebug[0m] [0m[0mRunning task... Cancel: Signal, check cycles: false, forcegc: true[0m
[0m[[0m[0mdebug[0m] [0m[0mjsonRpcNotify: JsonRpcNotificationMessage(2.0, build/taskStart, {"taskId":{"id":"1","parents":[]},"eventTime":1733934648796,"message":"Compiling app142","dataKind":"compile-task","data":{"target":{"uri":"file:/Users/selmabenhassine/Desktop/Masters/MA3/SoftConst/app142/#app142/Compile"}}})[0m
[0m[[0m[0mdebug[0m] [0m[0mjsonRpcNotify: JsonRpcNotificationMessage(2.0, build/taskFinish, {"taskId":{"id":"1","parents":[]},"eventTime":1733934648807,"message":"Compiled app142","status":1,"dataKind":"compile-report","data":{"target":{"uri":"file:/Users/selmabenhassine/Desktop/Masters/MA3/SoftConst/app142/#app142/Compile"},"errors":0,"warnings":0,"time":11}})[0m
[0m[[0m[0mdebug[0m] [0m[0mjsonRpcRequest: JsonRpcRequestMessage(2.0, 321e9a69-3502-4c3e-9eda-4760b22fc101, sbt/terminalPropertiesQuery, ""})[0m
[0m[[0m[31merror[0m] [0m[0mjava.lang.RuntimeException: No main class detected.[0m
[0m[[0m[31merror[0m] [0m[0m	at scala.sys.package$.error(package.scala:30)[0m
[0m[[0m[31merror[0m] [0m[0m	at sbt.Defaults$.$anonfun$bgRunTask$4(Defaults.scala:2025)[0m
[0m[[0m[31merror[0m] [0m[0m	at scala.Option.getOrElse(Option.scala:189)[0m
[0m[[0m[31merror[0m] [0m[0m	at sbt.Defaults$.$anonfun$bgRunTask$3(Defaults.scala:2025)[0m
[0m[[0m[31merror[0m] [0m[0m	at scala.Function1.$anonfun$compose$1(Function1.scala:49)[0m
[0m[[0m[31merror[0m] [0m[0m	at sbt.internal.util.$tilde$greater.$anonfun$$u2219$1(TypeFunctions.scala:63)[0m
[0m[[0m[31merror[0m] [0m[0m	at sbt.std.Transform$$anon$4.work(Transform.scala:69)[0m
[0m[[0m[31merror[0m] [0m[0m	at sbt.Execute.$anonfun$submit$2(Execute.scala:283)[0m
[0m[[0m[31merror[0m] [0m[0m	at sbt.internal.util.ErrorHandling$.wideConvert(ErrorHandling.scala:24)[0m
[0m[[0m[31merror[0m] [0m[0m	at sbt.Execute.work(Execute.scala:292)[0m
[0m[[0m[31merror[0m] [0m[0m	at sbt.Execute.$anonfun$submit$1(Execute.scala:283)[0m
[0m[[0m[31merror[0m] [0m[0m	at sbt.ConcurrentRestrictions$$anon$4.$anonfun$submitValid$1(ConcurrentRestrictions.scala:265)[0m
[0m[[0m[31merror[0m] [0m[0m	at sbt.CompletionService$$anon$2.call(CompletionService.scala:65)[0m
[0m[[0m[31merror[0m] [0m[0m	at java.base/java.util.concurrent.FutureTask.run(FutureTask.java:264)[0m
[0m[[0m[31merror[0m] [0m[0m	at java.base/java.util.concurrent.Executors$RunnableAdapter.call(Executors.java:539)[0m
[0m[[0m[31merror[0m] [0m[0m	at java.base/java.util.concurrent.FutureTask.run(FutureTask.java:264)[0m
[0m[[0m[31merror[0m] [0m[0m	at java.base/java.util.concurrent.ThreadPoolExecutor.runWorker(ThreadPoolExecutor.java:1136)[0m
[0m[[0m[31merror[0m] [0m[0m	at java.base/java.util.concurrent.ThreadPoolExecutor$Worker.run(ThreadPoolExecutor.java:635)[0m
[0m[[0m[31merror[0m] [0m[0m	at java.base/java.lang.Thread.run(Thread.java:833)[0m
[0m[[0m[0mdebug[0m] [0m[0mjsonRpcNotify: JsonRpcNotificationMessage(2.0, build/logMessage, {"type":1,"message":"java.lang.RuntimeException: No main class detected.\n\tat scala.sys.package$.error(package.scala:30)\n\tat sbt.Defaults$.$anonfun$bgRunTask$4(Defaults.scala:2025)\n\tat scala.Option.getOrElse(Option.scala:189)\n\tat sbt.Defaults$.$anonfun$bgRunTask$3(Defaults.scala:2025)\n\tat scala.Function1.$anonfun$compose$1(Function1.scala:49)\n\tat sbt.internal.util.$tilde$greater.$anonfun$$u2219$1(TypeFunctions.scala:63)\n\tat sbt.std.Transform$$anon$4.work(Transform.scala:69)\n\tat sbt.Execute.$anonfun$submit$2(Execute.scala:283)\n\tat sbt.internal.util.ErrorHandling$.wideConvert(ErrorHandling.scala:24)\n\tat sbt.Execute.work(Execute.scala:292)\n\tat sbt.Execute.$anonfun$submit$1(Execute.scala:283)\n\tat sbt.ConcurrentRestrictions$$anon$4.$anonfun$submitValid$1(ConcurrentRestrictions.scala:265)\n\tat sbt.CompletionService$$anon$2.call(CompletionService.scala:65)\n\tat java.base/java.util.concurrent.FutureTask.run(FutureTask.java:264)\n\tat java.base/java.util.concurrent.Executors$RunnableAdapter.call(Executors.java:539)\n\tat java.base/java.util.concurrent.FutureTask.run(FutureTask.java:264)\n\tat java.base/java.util.concurrent.ThreadPoolExecutor.runWorker(ThreadPoolExecutor.java:1136)\n\tat java.base/java.util.concurrent.ThreadPoolExecutor$Worker.run(ThreadPoolExecutor.java:635)\n\tat java.base/java.lang.Thread.run(Thread.java:833)"})[0m
[0m[[0m[0mdebug[0m] [0m[0munmatched json error for requestId Some(__fc242039-0c5f-42b8-99e2-7c8bae0c1cf3): {"code":-32603,"message":"(Compile / \u001b[31mbgRun\u001b[0m) No main class detected."}[0m
[0m[[0m[31merror[0m] [0m[0m(Compile / [31mbgRun[0m) No main class detected.[0m
[0m[[0m[0mdebug[0m] [0m[0mjsonRpcNotify: JsonRpcNotificationMessage(2.0, build/logMessage, {"type":1,"message":"(Compile / \u001b[31mbgRun\u001b[0m) No main class detected."})[0m
[0m[[0m[31merror[0m] [0m[0mTotal time: 0 s, completed 11 Dec 2024, 17:30:48[0m
[0m[[0m[0mdebug[0m] [0m[0m> Exec(resumeFromFailure, None, None)[0m
[0m[[0m[0mdebug[0m] [0m[0m> Exec(sbtPopOnFailure, None, None)[0m
[0m[[0m[0mdebug[0m] [0m[0m> Exec(sbtReportResult b0749028-8455-4e15-9dc6-fc813e86e9e4, Some(b0749028-8455-4e15-9dc6-fc813e86e9e4), Some(CommandSource(network-1)))[0m
[0m[[0m[0mdebug[0m] [0m[0munmatched Processing event for requestId Some(b0749028-8455-4e15-9dc6-fc813e86e9e4): None[0m
[0m[[0m[0mdebug[0m] [0m[0munmatched json error for requestId Some(b0749028-8455-4e15-9dc6-fc813e86e9e4): {"code":-33000,"message":""}[0m
[0m[[0m[0mdebug[0m] [0m[0m> Exec(shell, None, None)[0m
[0m[[0m[0mdebug[0m] [0m[0mjsonRpcRequest: JsonRpcRequestMessage(2.0, 6efa3896-3172-49f6-9210-5e5da1587701, sbt/terminalCapabilities, {"numeric":"max_colors"}})[0m
[0m[[0m[0mdebug[0m] [0m[0mjsonRpcRequest: JsonRpcRequestMessage(2.0, e560e30a-055f-41f5-a725-e17eca5bed69, sbt/terminalCapabilities, {"string":"key_a1"}})[0m
[0m[[0m[0mdebug[0m] [0m[0mjsonRpcRequest: JsonRpcRequestMessage(2.0, c95cc423-bea2-4416-aa20-d0bef8a67168, sbt/terminalCapabilities, {"string":"key_a3"}})[0m
[0m[[0m[0mdebug[0m] [0m[0mjsonRpcRequest: JsonRpcRequestMessage(2.0, a2ffbada-5023-4974-bda8-17f97cf66570, sbt/terminalCapabilities, {"string":"key_b2"}})[0m
[0m[[0m[0mdebug[0m] [0m[0mjsonRpcRequest: JsonRpcRequestMessage(2.0, c6a65f75-f76c-4434-8a2f-dbaa35d367a2, sbt/terminalCapabilities, {"string":"key_backspace"}})[0m
[0m[[0m[0mdebug[0m] [0m[0mjsonRpcRequest: JsonRpcRequestMessage(2.0, 2ad0a046-e087-4ac5-89ba-cec14721e9e7, sbt/terminalCapabilities, {"string":"key_beg"}})[0m
[0m[[0m[0mdebug[0m] [0m[0mjsonRpcRequest: JsonRpcRequestMessage(2.0, 65d0f329-b420-4155-bfd1-82c43c83a97c, sbt/terminalCapabilities, {"string":"key_btab"}})[0m
[0m[[0m[0mdebug[0m] [0m[0mjsonRpcRequest: JsonRpcRequestMessage(2.0, 2093850a-587d-4a7f-9ed6-deb017e3a5ca, sbt/terminalCapabilities, {"string":"key_c1"}})[0m
[0m[[0m[0mdebug[0m] [0m[0mjsonRpcRequest: JsonRpcRequestMessage(2.0, dd665bbf-3426-4d76-a820-c5fd0c587441, sbt/terminalCapabilities, {"string":"key_c3"}})[0m
[0m[[0m[0mdebug[0m] [0m[0mjsonRpcRequest: JsonRpcRequestMessage(2.0, 8208eabc-85b8-4c6e-baa5-cc126be57d39, sbt/terminalCapabilities, {"string":"key_cancel"}})[0m
[0m[[0m[0mdebug[0m] [0m[0mjsonRpcRequest: JsonRpcRequestMessage(2.0, cc74e921-32d6-44e3-9f0b-61f73d6396bb, sbt/terminalCapabilities, {"string":"key_catab"}})[0m
[0m[[0m[0mdebug[0m] [0m[0mjsonRpcRequest: JsonRpcRequestMessage(2.0, 909a57d7-5aac-4a92-890d-6139bcd3df3b, sbt/terminalCapabilities, {"string":"key_clear"}})[0m
[0m[[0m[0mdebug[0m] [0m[0mjsonRpcRequest: JsonRpcRequestMessage(2.0, 0f30064d-2041-4624-b6f6-a1b16c1935f7, sbt/terminalCapabilities, {"string":"key_close"}})[0m
[0m[[0m[0mdebug[0m] [0m[0mjsonRpcRequest: JsonRpcRequestMessage(2.0, 0016d300-9cd4-48bd-845d-6085163b39c2, sbt/terminalCapabilities, {"string":"key_command"}})[0m
[0m[[0m[0mdebug[0m] [0m[0mjsonRpcRequest: JsonRpcRequestMessage(2.0, 7514bb82-7cc2-40a9-9d60-5bd7fbfa97dc, sbt/terminalCapabilities, {"string":"key_copy"}})[0m
[0m[[0m[0mdebug[0m] [0m[0mjsonRpcRequest: JsonRpcRequestMessage(2.0, 01a3db32-da67-4ef1-a30e-1d959e28ccd5, sbt/terminalCapabilities, {"string":"key_create"}})[0m
[0m[[0m[0mdebug[0m] [0m[0mjsonRpcRequest: JsonRpcRequestMessage(2.0, 29179fb5-a7d3-4fa9-a6e3-6f20b37fb114, sbt/terminalCapabilities, {"string":"key_ctab"}})[0m
[0m[[0m[0mdebug[0m] [0m[0mjsonRpcRequest: JsonRpcRequestMessage(2.0, d99018fb-b221-4dce-88a4-c599adf73629, sbt/terminalCapabilities, {"string":"key_dc"}})[0m
[0m[[0m[0mdebug[0m] [0m[0mjsonRpcRequest: JsonRpcRequestMessage(2.0, 51a74a3e-48e2-4884-8ea3-86f2d3329357, sbt/terminalCapabilities, {"string":"key_dl"}})[0m
[0m[[0m[0mdebug[0m] [0m[0mjsonRpcRequest: JsonRpcRequestMessage(2.0, 4fe8d889-3e32-4173-a7f8-6a5613063ab2, sbt/terminalCapabilities, {"string":"key_down"}})[0m
[0m[[0m[0mdebug[0m] [0m[0mjsonRpcRequest: JsonRpcRequestMessage(2.0, 5f8622d4-0d8f-4475-813d-67425e15a139, sbt/terminalCapabilities, {"string":"key_eic"}})[0m
[0m[[0m[0mdebug[0m] [0m[0mjsonRpcRequest: JsonRpcRequestMessage(2.0, 7a50748a-ccd4-4904-9832-449ebb503e6a, sbt/terminalCapabilities, {"string":"key_end"}})[0m
[0m[[0m[0mdebug[0m] [0m[0mjsonRpcRequest: JsonRpcRequestMessage(2.0, 0c6dd54f-97a3-49ad-b6f0-e46e4f84ef88, sbt/terminalCapabilities, {"string":"key_enter"}})[0m
[0m[[0m[0mdebug[0m] [0m[0mjsonRpcRequest: JsonRpcRequestMessage(2.0, 4ece9840-9c38-4e08-a6f1-0717b09eb5c7, sbt/terminalCapabilities, {"string":"key_eol"}})[0m
[0m[[0m[0mdebug[0m] [0m[0mjsonRpcRequest: JsonRpcRequestMessage(2.0, 24ec00b9-82b0-4ff0-aa1e-b7bd5dc5f001, sbt/terminalCapabilities, {"string":"key_eos"}})[0m
[0m[[0m[0mdebug[0m] [0m[0mjsonRpcRequest: JsonRpcRequestMessage(2.0, 3d1936c6-3bef-48ac-9f1a-d6c2aed2e3f7, sbt/terminalCapabilities, {"string":"key_exit"}})[0m
[0m[[0m[0mdebug[0m] [0m[0mjsonRpcRequest: JsonRpcRequestMessage(2.0, f65072fa-d54c-489b-8c69-6deaf8f10684, sbt/terminalCapabilities, {"string":"key_f0"}})[0m
[0m[[0m[0mdebug[0m] [0m[0mjsonRpcRequest: JsonRpcRequestMessage(2.0, 704078e2-c364-49ef-bee8-e8e63a3a26f4, sbt/terminalCapabilities, {"string":"key_f1"}})[0m
[0m[[0m[0mdebug[0m] [0m[0mjsonRpcRequest: JsonRpcRequestMessage(2.0, 5a7aa4be-480b-4d2c-87d5-2c8fab074ebd, sbt/terminalCapabilities, {"string":"key_f10"}})[0m
[0m[[0m[0mdebug[0m] [0m[0mjsonRpcRequest: JsonRpcRequestMessage(2.0, 14d23fbf-e949-4f19-9fdb-8f09b6aabf9f, sbt/terminalCapabilities, {"string":"key_f11"}})[0m
[0m[[0m[0mdebug[0m] [0m[0mjsonRpcRequest: JsonRpcRequestMessage(2.0, f372478f-83d5-4f48-a4be-ed47321cf580, sbt/terminalCapabilities, {"string":"key_f12"}})[0m
[0m[[0m[0mdebug[0m] [0m[0mjsonRpcRequest: JsonRpcRequestMessage(2.0, 68a4ff91-d7d7-4418-859d-42f7fec32db7, sbt/terminalCapabilities, {"string":"key_f13"}})[0m
[0m[[0m[0mdebug[0m] [0m[0mjsonRpcRequest: JsonRpcRequestMessage(2.0, 03c2c365-2a94-4c48-bba2-385d955fe637, sbt/terminalCapabilities, {"string":"key_f14"}})[0m
[0m[[0m[0mdebug[0m] [0m[0mjsonRpcRequest: JsonRpcRequestMessage(2.0, a86afa81-2c48-4616-a36f-f24d46b3f634, sbt/terminalCapabilities, {"string":"key_f15"}})[0m
[0m[[0m[0mdebug[0m] [0m[0mjsonRpcRequest: JsonRpcRequestMessage(2.0, 5ca26bda-ebbb-4a48-99fb-921c40e525b5, sbt/terminalCapabilities, {"string":"key_f16"}})[0m
[0m[[0m[0mdebug[0m] [0m[0mjsonRpcRequest: JsonRpcRequestMessage(2.0, d3ac0d7f-f2f1-4bf2-bebd-b46bde306423, sbt/terminalCapabilities, {"string":"key_f17"}})[0m
[0m[[0m[0mdebug[0m] [0m[0mjsonRpcRequest: JsonRpcRequestMessage(2.0, d2e0ee59-300b-4400-8353-6cde85d4ab82, sbt/terminalCapabilities, {"string":"key_f18"}})[0m
[0m[[0m[0mdebug[0m] [0m[0mjsonRpcRequest: JsonRpcRequestMessage(2.0, 385d5974-81f6-41d7-831f-3a81e0747aaa, sbt/terminalCapabilities, {"string":"key_f19"}})[0m
[0m[[0m[0mdebug[0m] [0m[0mjsonRpcRequest: JsonRpcRequestMessage(2.0, 25833e6b-09d0-4709-a809-6ce49af1c502, sbt/terminalCapabilities, {"string":"key_f2"}})[0m
[0m[[0m[0mdebug[0m] [0m[0mjsonRpcRequest: JsonRpcRequestMessage(2.0, 9f5c4e51-ef2a-4f3b-b9a7-c37c8895ad7d, sbt/terminalCapabilities, {"string":"key_f20"}})[0m
[0m[[0m[0mdebug[0m] [0m[0mjsonRpcRequest: JsonRpcRequestMessage(2.0, 94d1261b-4e02-42da-be53-17008064a92c, sbt/terminalCapabilities, {"string":"key_f21"}})[0m
[0m[[0m[0mdebug[0m] [0m[0mjsonRpcRequest: JsonRpcRequestMessage(2.0, 78262c63-a621-4c7e-b16b-faa356767197, sbt/terminalCapabilities, {"string":"key_f22"}})[0m
[0m[[0m[0mdebug[0m] [0m[0mjsonRpcRequest: JsonRpcRequestMessage(2.0, fb7ac0c3-2e11-4d1c-8b8b-fa4cf33ef22f, sbt/terminalCapabilities, {"string":"key_f23"}})[0m
[0m[[0m[0mdebug[0m] [0m[0mjsonRpcRequest: JsonRpcRequestMessage(2.0, 6a8e27c3-fb27-4671-8f67-7c484358dbb9, sbt/terminalCapabilities, {"string":"key_f24"}})[0m
[0m[[0m[0mdebug[0m] [0m[0mjsonRpcRequest: JsonRpcRequestMessage(2.0, 5798d526-34d9-4f7b-b3b8-6d438643b8be, sbt/terminalCapabilities, {"string":"key_f25"}})[0m
[0m[[0m[0mdebug[0m] [0m[0mjsonRpcRequest: JsonRpcRequestMessage(2.0, 2dc3b273-4986-4029-90a6-b8dc8cb70cf4, sbt/terminalCapabilities, {"string":"key_f26"}})[0m
[0m[[0m[0mdebug[0m] [0m[0mjsonRpcRequest: JsonRpcRequestMessage(2.0, 66702f08-86b7-4bbb-bfe5-a9b85a8ead6e, sbt/terminalCapabilities, {"string":"key_f27"}})[0m
[0m[[0m[0mdebug[0m] [0m[0mjsonRpcRequest: JsonRpcRequestMessage(2.0, 7e35b4e9-1539-42f8-90c1-a9e6e8aab2ec, sbt/terminalCapabilities, {"string":"key_f28"}})[0m
[0m[[0m[0mdebug[0m] [0m[0mjsonRpcRequest: JsonRpcRequestMessage(2.0, 2e22c148-bd45-4fdb-b5b5-09824f37957c, sbt/terminalCapabilities, {"string":"key_f29"}})[0m
[0m[[0m[0mdebug[0m] [0m[0mjsonRpcRequest: JsonRpcRequestMessage(2.0, 8b901932-8973-4449-aeb4-4dfff23a067e, sbt/terminalCapabilities, {"string":"key_f3"}})[0m
[0m[[0m[0mdebug[0m] [0m[0mjsonRpcRequest: JsonRpcRequestMessage(2.0, 5f8ace10-4bfd-4867-880c-96faab749d0f, sbt/terminalCapabilities, {"string":"key_f30"}})[0m
[0m[[0m[0mdebug[0m] [0m[0mjsonRpcRequest: JsonRpcRequestMessage(2.0, f3de1b7f-e709-428b-ac89-8123ea3e2da1, sbt/terminalCapabilities, {"string":"key_f31"}})[0m
[0m[[0m[0mdebug[0m] [0m[0mjsonRpcRequest: JsonRpcRequestMessage(2.0, 2acab030-6f69-48d4-9c09-80c936ba51e8, sbt/terminalCapabilities, {"string":"key_f32"}})[0m
[0m[[0m[0mdebug[0m] [0m[0mjsonRpcRequest: JsonRpcRequestMessage(2.0, 0a6342ed-f12d-4aa5-8210-2ef4c8285ea0, sbt/terminalCapabilities, {"string":"key_f33"}})[0m
[0m[[0m[0mdebug[0m] [0m[0mjsonRpcRequest: JsonRpcRequestMessage(2.0, ab369265-e7e7-4e89-a432-218804059582, sbt/terminalCapabilities, {"string":"key_f34"}})[0m
[0m[[0m[0mdebug[0m] [0m[0mjsonRpcRequest: JsonRpcRequestMessage(2.0, bf8ccc12-0639-40ed-abb5-fc6768dde5c7, sbt/terminalCapabilities, {"string":"key_f35"}})[0m
[0m[[0m[0mdebug[0m] [0m[0mjsonRpcRequest: JsonRpcRequestMessage(2.0, 599ddab9-1112-47ba-aec4-084549d4cadf, sbt/terminalCapabilities, {"string":"key_f36"}})[0m
[0m[[0m[0mdebug[0m] [0m[0mjsonRpcRequest: JsonRpcRequestMessage(2.0, 689de33b-be8a-4ae6-9ada-b71e4a574386, sbt/terminalCapabilities, {"string":"key_f37"}})[0m
[0m[[0m[0mdebug[0m] [0m[0mjsonRpcRequest: JsonRpcRequestMessage(2.0, 9b042aec-faf7-48b8-8ba4-d4f552cb2c7e, sbt/terminalCapabilities, {"string":"key_f38"}})[0m
[0m[[0m[0mdebug[0m] [0m[0mjsonRpcRequest: JsonRpcRequestMessage(2.0, 3b61e154-464f-4796-8c2b-3741f929b64d, sbt/terminalCapabilities, {"string":"key_f39"}})[0m
[0m[[0m[0mdebug[0m] [0m[0mjsonRpcRequest: JsonRpcRequestMessage(2.0, 4c1b27f7-334a-4891-97eb-5c1ffed724e0, sbt/terminalCapabilities, {"string":"key_f4"}})[0m
[0m[[0m[0mdebug[0m] [0m[0mjsonRpcRequest: JsonRpcRequestMessage(2.0, 41723858-a1a2-4286-bb2f-a03605cbe586, sbt/terminalCapabilities, {"string":"key_f40"}})[0m
[0m[[0m[0mdebug[0m] [0m[0mjsonRpcRequest: JsonRpcRequestMessage(2.0, 521a2991-21b1-4b46-9d76-4f1894c73521, sbt/terminalCapabilities, {"string":"key_f41"}})[0m
[0m[[0m[0mdebug[0m] [0m[0mjsonRpcRequest: JsonRpcRequestMessage(2.0, 9cb79992-46a8-49c2-973e-268f6db2d50b, sbt/terminalCapabilities, {"string":"key_f42"}})[0m
[0m[[0m[0mdebug[0m] [0m[0mjsonRpcRequest: JsonRpcRequestMessage(2.0, 6df96f2e-8e74-4e7d-9bb1-c9224771a1f5, sbt/terminalCapabilities, {"string":"key_f43"}})[0m
[0m[[0m[0mdebug[0m] [0m[0mjsonRpcRequest: JsonRpcRequestMessage(2.0, 374277e0-08a2-46ea-86a0-47e7d832416e, sbt/terminalCapabilities, {"string":"key_f44"}})[0m
[0m[[0m[0mdebug[0m] [0m[0mjsonRpcRequest: JsonRpcRequestMessage(2.0, 54985d26-a497-4afa-b413-9c9b17daac08, sbt/terminalCapabilities, {"string":"key_f45"}})[0m
[0m[[0m[0mdebug[0m] [0m[0mjsonRpcRequest: JsonRpcRequestMessage(2.0, 958ba0ad-b031-4f20-8c3f-f8c07f32c9a2, sbt/terminalCapabilities, {"string":"key_f46"}})[0m
[0m[[0m[0mdebug[0m] [0m[0mjsonRpcRequest: JsonRpcRequestMessage(2.0, 106f255b-d808-4f40-aba8-0dc37aed9633, sbt/terminalCapabilities, {"string":"key_f47"}})[0m
[0m[[0m[0mdebug[0m] [0m[0mjsonRpcRequest: JsonRpcRequestMessage(2.0, a0d85be6-47f2-4291-898d-765c8ffd73a2, sbt/terminalCapabilities, {"string":"key_f48"}})[0m
[0m[[0m[0mdebug[0m] [0m[0mjsonRpcRequest: JsonRpcRequestMessage(2.0, d034a5ec-59a4-4408-82fe-3b3493f44fa0, sbt/terminalCapabilities, {"string":"key_f49"}})[0m
[0m[[0m[0mdebug[0m] [0m[0mjsonRpcRequest: JsonRpcRequestMessage(2.0, 84c1f7af-5bae-452e-bc82-fbb380baf47e, sbt/terminalCapabilities, {"string":"key_f5"}})[0m
[0m[[0m[0mdebug[0m] [0m[0mjsonRpcRequest: JsonRpcRequestMessage(2.0, f6c11a7a-4ce9-4bc7-aaa8-97821f8bdf9f, sbt/terminalCapabilities, {"string":"key_f50"}})[0m
[0m[[0m[0mdebug[0m] [0m[0mjsonRpcRequest: JsonRpcRequestMessage(2.0, aaa080d3-187e-481a-9ad4-d947c8c6ad3d, sbt/terminalCapabilities, {"string":"key_f51"}})[0m
[0m[[0m[0mdebug[0m] [0m[0mjsonRpcRequest: JsonRpcRequestMessage(2.0, e36e67e0-ca8b-4713-a6fd-bf73ff0a53ee, sbt/terminalCapabilities, {"string":"key_f52"}})[0m
[0m[[0m[0mdebug[0m] [0m[0mjsonRpcRequest: JsonRpcRequestMessage(2.0, 2d326c53-61a0-44fa-974e-29485a756440, sbt/terminalCapabilities, {"string":"key_f53"}})[0m
[0m[[0m[0mdebug[0m] [0m[0mjsonRpcRequest: JsonRpcRequestMessage(2.0, a4d6ec3d-5574-4038-998d-632c1bdbd0be, sbt/terminalCapabilities, {"string":"key_f54"}})[0m
[0m[[0m[0mdebug[0m] [0m[0mjsonRpcRequest: JsonRpcRequestMessage(2.0, e830329f-f5aa-4710-a3dc-cd9968223f43, sbt/terminalCapabilities, {"string":"key_f55"}})[0m
[0m[[0m[0mdebug[0m] [0m[0mjsonRpcRequest: JsonRpcRequestMessage(2.0, fd818e70-60fb-4f08-9f64-6be07bfdcad8, sbt/terminalCapabilities, {"string":"key_f56"}})[0m
[0m[[0m[0mdebug[0m] [0m[0mjsonRpcRequest: JsonRpcRequestMessage(2.0, 43928b76-3e29-4ad4-9c66-b9a639310e6f, sbt/terminalCapabilities, {"string":"key_f57"}})[0m
[0m[[0m[0mdebug[0m] [0m[0mjsonRpcRequest: JsonRpcRequestMessage(2.0, 601872fb-7557-4d0f-a549-f7721db7b0d9, sbt/terminalCapabilities, {"string":"key_f58"}})[0m
[0m[[0m[0mdebug[0m] [0m[0mjsonRpcRequest: JsonRpcRequestMessage(2.0, 7ba44534-fda1-4c40-9461-c2b686ad2d3d, sbt/terminalCapabilities, {"string":"key_f59"}})[0m
[0m[[0m[0mdebug[0m] [0m[0mjsonRpcRequest: JsonRpcRequestMessage(2.0, 6a939ba3-1a77-4727-89ed-ef9feb014f6c, sbt/terminalCapabilities, {"string":"key_f6"}})[0m
[0m[[0m[0mdebug[0m] [0m[0mjsonRpcRequest: JsonRpcRequestMessage(2.0, 7779ed44-c851-448b-9107-186898af8114, sbt/terminalCapabilities, {"string":"key_f60"}})[0m
[0m[[0m[0mdebug[0m] [0m[0mjsonRpcRequest: JsonRpcRequestMessage(2.0, e5da68d5-e189-46da-ae9a-6a5af518d061, sbt/terminalCapabilities, {"string":"key_f61"}})[0m
[0m[[0m[0mdebug[0m] [0m[0mjsonRpcRequest: JsonRpcRequestMessage(2.0, 74fbd6bd-c490-4a75-aa51-547deca9bf8c, sbt/terminalCapabilities, {"string":"key_f62"}})[0m
[0m[[0m[0mdebug[0m] [0m[0mjsonRpcRequest: JsonRpcRequestMessage(2.0, 98bd9ee4-10f3-444d-8cf2-319d48d1b17e, sbt/terminalCapabilities, {"string":"key_f63"}})[0m
[0m[[0m[0mdebug[0m] [0m[0mjsonRpcRequest: JsonRpcRequestMessage(2.0, bb116403-58f1-4a7f-ae58-1f304b39526f, sbt/terminalCapabilities, {"string":"key_f7"}})[0m
[0m[[0m[0mdebug[0m] [0m[0mjsonRpcRequest: JsonRpcRequestMessage(2.0, 32bcb3dd-6ee7-4a9d-ad5c-f340d75503ba, sbt/terminalCapabilities, {"string":"key_f8"}})[0m
[0m[[0m[0mdebug[0m] [0m[0mjsonRpcRequest: JsonRpcRequestMessage(2.0, 47fc1809-b320-47cb-8cac-a129c57f638e, sbt/terminalCapabilities, {"string":"key_f9"}})[0m
[0m[[0m[0mdebug[0m] [0m[0mjsonRpcRequest: JsonRpcRequestMessage(2.0, 1f0a5be9-fa1d-4ea0-af84-c283d9f365cf, sbt/terminalCapabilities, {"string":"key_find"}})[0m
[0m[[0m[0mdebug[0m] [0m[0mjsonRpcRequest: JsonRpcRequestMessage(2.0, 74a19237-b772-46bd-b299-5bad0e338d4a, sbt/terminalCapabilities, {"string":"key_help"}})[0m
[0m[[0m[0mdebug[0m] [0m[0mjsonRpcRequest: JsonRpcRequestMessage(2.0, 9f81ecfb-e331-469c-b979-b8f1c4b2ce7c, sbt/terminalCapabilities, {"string":"key_home"}})[0m
[0m[[0m[0mdebug[0m] [0m[0mjsonRpcRequest: JsonRpcRequestMessage(2.0, bdd475d6-353c-4595-9661-00a613ede851, sbt/terminalCapabilities, {"string":"key_ic"}})[0m
[0m[[0m[0mdebug[0m] [0m[0mjsonRpcRequest: JsonRpcRequestMessage(2.0, 1dfb3337-5938-4009-b5ed-72174f0090a9, sbt/terminalCapabilities, {"string":"key_il"}})[0m
[0m[[0m[0mdebug[0m] [0m[0mjsonRpcRequest: JsonRpcRequestMessage(2.0, 5187d16d-6f7e-4d3d-b99e-51a51283775a, sbt/terminalCapabilities, {"string":"key_left"}})[0m
[0m[[0m[0mdebug[0m] [0m[0mjsonRpcRequest: JsonRpcRequestMessage(2.0, 9087e433-970f-4981-8e43-ea6b149c1028, sbt/terminalCapabilities, {"string":"key_ll"}})[0m
[0m[[0m[0mdebug[0m] [0m[0mjsonRpcRequest: JsonRpcRequestMessage(2.0, 5ffd0e7c-a8dc-455b-841a-6d1fefb57968, sbt/terminalCapabilities, {"string":"key_mark"}})[0m
[0m[[0m[0mdebug[0m] [0m[0mjsonRpcRequest: JsonRpcRequestMessage(2.0, 514e5737-f148-4355-ad5f-af8c0d46df2b, sbt/terminalCapabilities, {"string":"key_message"}})[0m
[0m[[0m[0mdebug[0m] [0m[0mjsonRpcRequest: JsonRpcRequestMessage(2.0, 63a71bd4-c5c4-4a34-b9dc-6f0838e6536e, sbt/terminalCapabilities, {"string":"key_move"}})[0m
[0m[[0m[0mdebug[0m] [0m[0mjsonRpcRequest: JsonRpcRequestMessage(2.0, a570b3ed-87e1-4a67-adf3-15dacd64a7a7, sbt/terminalCapabilities, {"string":"key_next"}})[0m
[0m[[0m[0mdebug[0m] [0m[0mjsonRpcRequest: JsonRpcRequestMessage(2.0, e076b2b5-02fd-44da-a3ac-1edb8ab163ac, sbt/terminalCapabilities, {"string":"key_npage"}})[0m
[0m[[0m[0mdebug[0m] [0m[0mjsonRpcRequest: JsonRpcRequestMessage(2.0, 20084142-9a39-44c6-be5b-e067035a1431, sbt/terminalCapabilities, {"string":"key_open"}})[0m
[0m[[0m[0mdebug[0m] [0m[0mjsonRpcRequest: JsonRpcRequestMessage(2.0, 602b67de-1169-4cda-9f91-1a627a3b8727, sbt/terminalCapabilities, {"string":"key_options"}})[0m
[0m[[0m[0mdebug[0m] [0m[0mjsonRpcRequest: JsonRpcRequestMessage(2.0, e0c6ff89-adf5-422b-8693-8bdea0c6ebc5, sbt/terminalCapabilities, {"string":"key_ppage"}})[0m
[0m[[0m[0mdebug[0m] [0m[0mjsonRpcRequest: JsonRpcRequestMessage(2.0, 0137c46a-8b38-4612-9109-34d7985fa812, sbt/terminalCapabilities, {"string":"key_previous"}})[0m
[0m[[0m[0mdebug[0m] [0m[0mjsonRpcRequest: JsonRpcRequestMessage(2.0, 23a580bd-a779-41dc-a749-08bb4f4aebde, sbt/terminalCapabilities, {"string":"key_print"}})[0m
[0m[[0m[0mdebug[0m] [0m[0mjsonRpcRequest: JsonRpcRequestMessage(2.0, 0ce8a0c7-1ec4-48c1-b344-050e890b56d0, sbt/terminalCapabilities, {"string":"key_redo"}})[0m
[0m[[0m[0mdebug[0m] [0m[0mjsonRpcRequest: JsonRpcRequestMessage(2.0, 5d178cc6-865c-4af8-908a-4d1014204484, sbt/terminalCapabilities, {"string":"key_reference"}})[0m
[0m[[0m[0mdebug[0m] [0m[0mjsonRpcRequest: JsonRpcRequestMessage(2.0, 2654bf7a-5a10-4b57-81ea-a1fdda0a4ff4, sbt/terminalCapabilities, {"string":"key_refresh"}})[0m
[0m[[0m[0mdebug[0m] [0m[0mjsonRpcRequest: JsonRpcRequestMessage(2.0, 479fbce9-5057-4ebb-b1cb-2319dac41b4b, sbt/terminalCapabilities, {"string":"key_replace"}})[0m
[0m[[0m[0mdebug[0m] [0m[0mjsonRpcRequest: JsonRpcRequestMessage(2.0, 87771eac-104f-4876-9946-af3555551d52, sbt/terminalCapabilities, {"string":"key_restart"}})[0m
[0m[[0m[0mdebug[0m] [0m[0mjsonRpcRequest: JsonRpcRequestMessage(2.0, b962d83a-cf26-40ba-a709-7ca73436ce45, sbt/terminalCapabilities, {"string":"key_resume"}})[0m
[0m[[0m[0mdebug[0m] [0m[0mjsonRpcRequest: JsonRpcRequestMessage(2.0, ea44c147-80c3-438d-bd22-a8f70895acb0, sbt/terminalCapabilities, {"string":"key_right"}})[0m
[0m[[0m[0mdebug[0m] [0m[0mjsonRpcRequest: JsonRpcRequestMessage(2.0, 2048bad0-305d-4018-84a4-d1690af87e62, sbt/terminalCapabilities, {"string":"key_save"}})[0m
[0m[[0m[0mdebug[0m] [0m[0mjsonRpcRequest: JsonRpcRequestMessage(2.0, e3d897c2-0dff-41b5-8613-012bbdefaf63, sbt/terminalCapabilities, {"string":"key_sbeg"}})[0m
[0m[[0m[0mdebug[0m] [0m[0mjsonRpcRequest: JsonRpcRequestMessage(2.0, 160c2a67-546d-4ebc-8ff9-7ac681d6f699, sbt/terminalCapabilities, {"string":"key_scancel"}})[0m
[0m[[0m[0mdebug[0m] [0m[0mjsonRpcRequest: JsonRpcRequestMessage(2.0, 60e23453-6301-4708-81ec-15320bfe02f8, sbt/terminalCapabilities, {"string":"key_scommand"}})[0m
[0m[[0m[0mdebug[0m] [0m[0mjsonRpcRequest: JsonRpcRequestMessage(2.0, 9d9d834b-3714-4579-9299-c812a41fe3c6, sbt/terminalCapabilities, {"string":"key_scopy"}})[0m
[0m[[0m[0mdebug[0m] [0m[0mjsonRpcRequest: JsonRpcRequestMessage(2.0, 24181e7b-af26-4c54-ab0b-a892fe3f3ca7, sbt/terminalCapabilities, {"string":"key_screate"}})[0m
[0m[[0m[0mdebug[0m] [0m[0mjsonRpcRequest: JsonRpcRequestMessage(2.0, 40958b89-9a74-4bad-bc5d-c980b661c67a, sbt/terminalCapabilities, {"string":"key_sdc"}})[0m
[0m[[0m[0mdebug[0m] [0m[0mjsonRpcRequest: JsonRpcRequestMessage(2.0, e09e4dce-761e-44f4-aa2b-c363e5f6d9b2, sbt/terminalCapabilities, {"string":"key_sdl"}})[0m
[0m[[0m[0mdebug[0m] [0m[0mjsonRpcRequest: JsonRpcRequestMessage(2.0, e5a64acb-8cba-464a-8e91-b6f7bb56bb16, sbt/terminalCapabilities, {"string":"key_select"}})[0m
[0m[[0m[0mdebug[0m] [0m[0mjsonRpcRequest: JsonRpcRequestMessage(2.0, d8ad6af4-5a90-46d3-af10-3e3c823cc285, sbt/terminalCapabilities, {"string":"key_send"}})[0m
[0m[[0m[0mdebug[0m] [0m[0mjsonRpcRequest: JsonRpcRequestMessage(2.0, bea13d5e-62de-4901-ac70-b7de7a0e71af, sbt/terminalCapabilities, {"string":"key_seol"}})[0m
[0m[[0m[0mdebug[0m] [0m[0mjsonRpcRequest: JsonRpcRequestMessage(2.0, 11ecf895-872d-4f88-b791-662691c681a7, sbt/terminalCapabilities, {"string":"key_sexit"}})[0m
[0m[[0m[0mdebug[0m] [0m[0mjsonRpcRequest: JsonRpcRequestMessage(2.0, 0f5b6381-7a5e-4be2-ae47-4637f2e9f6a6, sbt/terminalCapabilities, {"string":"key_sf"}})[0m
[0m[[0m[0mdebug[0m] [0m[0mjsonRpcRequest: JsonRpcRequestMessage(2.0, e4125028-512b-4fcd-9ae9-2fc95333ac5e, sbt/terminalCapabilities, {"string":"key_sfind"}})[0m
[0m[[0m[0mdebug[0m] [0m[0mjsonRpcRequest: JsonRpcRequestMessage(2.0, 6aad0cae-8be6-4845-a2a4-c119e1a610ce, sbt/terminalCapabilities, {"string":"key_shelp"}})[0m
[0m[[0m[0mdebug[0m] [0m[0mjsonRpcRequest: JsonRpcRequestMessage(2.0, c0154e71-ded0-462d-8db6-6229c5a6350a, sbt/terminalCapabilities, {"string":"key_shome"}})[0m
[0m[[0m[0mdebug[0m] [0m[0mjsonRpcRequest: JsonRpcRequestMessage(2.0, 57af59c8-82e2-48cf-86ab-7fe73d691e4a, sbt/terminalCapabilities, {"string":"key_sic"}})[0m
[0m[[0m[0mdebug[0m] [0m[0mjsonRpcRequest: JsonRpcRequestMessage(2.0, c25836b9-ad58-4f85-9746-e62958a7e657, sbt/terminalCapabilities, {"string":"key_sleft"}})[0m
[0m[[0m[0mdebug[0m] [0m[0mjsonRpcRequest: JsonRpcRequestMessage(2.0, e1c7bd37-b8b3-473d-85c0-4aec6ceab4c4, sbt/terminalCapabilities, {"string":"key_smessage"}})[0m
[0m[[0m[0mdebug[0m] [0m[0mjsonRpcRequest: JsonRpcRequestMessage(2.0, ca3bfe41-6392-430f-a9e6-8ab3262c1ca1, sbt/terminalCapabilities, {"string":"key_smove"}})[0m
[0m[[0m[0mdebug[0m] [0m[0mjsonRpcRequest: JsonRpcRequestMessage(2.0, 7da32878-6a7a-466b-b1ff-0f909be42c8f, sbt/terminalCapabilities, {"string":"key_snext"}})[0m
[0m[[0m[0mdebug[0m] [0m[0mjsonRpcRequest: JsonRpcRequestMessage(2.0, 664478b8-6da1-4d89-9ec8-bc1e606f4c0b, sbt/terminalCapabilities, {"string":"key_soptions"}})[0m
[0m[[0m[0mdebug[0m] [0m[0mjsonRpcRequest: JsonRpcRequestMessage(2.0, 164660de-015c-482b-b1fa-91906b0a0808, sbt/terminalCapabilities, {"string":"key_sprevious"}})[0m
[0m[[0m[0mdebug[0m] [0m[0mjsonRpcRequest: JsonRpcRequestMessage(2.0, 0723033a-9f97-4ea1-88c2-ad5519de2d19, sbt/terminalCapabilities, {"string":"key_sprint"}})[0m
[0m[[0m[0mdebug[0m] [0m[0mjsonRpcRequest: JsonRpcRequestMessage(2.0, 8b500bce-3e55-4334-a7b3-2ab82e59fb22, sbt/terminalCapabilities, {"string":"key_sr"}})[0m
[0m[[0m[0mdebug[0m] [0m[0mjsonRpcRequest: JsonRpcRequestMessage(2.0, 7d357403-3ebc-4932-911b-82835530b670, sbt/terminalCapabilities, {"string":"key_sredo"}})[0m
[0m[[0m[0mdebug[0m] [0m[0mjsonRpcRequest: JsonRpcRequestMessage(2.0, 1e0ecfce-c879-4e83-8d76-1e7d695f8329, sbt/terminalCapabilities, {"string":"key_sreplace"}})[0m
[0m[[0m[0mdebug[0m] [0m[0mjsonRpcRequest: JsonRpcRequestMessage(2.0, 8e6cf0c8-1439-4eec-bc9e-671ded7aec49, sbt/terminalCapabilities, {"string":"key_sright"}})[0m
[0m[[0m[0mdebug[0m] [0m[0mjsonRpcRequest: JsonRpcRequestMessage(2.0, d513cbb1-bb5e-403f-b1bb-6250577a0945, sbt/terminalCapabilities, {"string":"key_srsume"}})[0m
[0m[[0m[0mdebug[0m] [0m[0mjsonRpcRequest: JsonRpcRequestMessage(2.0, cd61bf4e-896a-4509-9613-8ccf658617c9, sbt/terminalCapabilities, {"string":"key_ssave"}})[0m
[0m[[0m[0mdebug[0m] [0m[0mjsonRpcRequest: JsonRpcRequestMessage(2.0, c605a3db-f213-418f-b9df-1279a9791e2b, sbt/terminalCapabilities, {"string":"key_ssuspend"}})[0m
[0m[[0m[0mdebug[0m] [0m[0mjsonRpcRequest: JsonRpcRequestMessage(2.0, 2d8249cb-faef-46c5-9f14-92c65dbf05bd, sbt/terminalCapabilities, {"string":"key_stab"}})[0m
[0m[[0m[0mdebug[0m] [0m[0mjsonRpcRequest: JsonRpcRequestMessage(2.0, 495894c1-b5cc-41d9-acad-dd059bf148d9, sbt/terminalCapabilities, {"string":"key_sundo"}})[0m
[0m[[0m[0mdebug[0m] [0m[0mjsonRpcRequest: JsonRpcRequestMessage(2.0, 4f45640a-a470-4f89-975b-6fe01951581d, sbt/terminalCapabilities, {"string":"key_suspend"}})[0m
[0m[[0m[0mdebug[0m] [0m[0mjsonRpcRequest: JsonRpcRequestMessage(2.0, 18bee226-a278-47e2-b4af-38fa8bff4114, sbt/terminalCapabilities, {"string":"key_undo"}})[0m
[0m[[0m[0mdebug[0m] [0m[0mjsonRpcRequest: JsonRpcRequestMessage(2.0, 125800b3-a913-4fc6-97ef-9f5d7f0fd57f, sbt/terminalCapabilities, {"string":"key_up"}})[0m
[0m[[0m[0mdebug[0m] [0m[0mjsonRpcRequest: JsonRpcRequestMessage(2.0, 04363966-b452-420b-9cdc-abdf0d7ef94a, sbt/terminalCapabilities, {"string":"key_mouse"}})[0m
[0m[[0m[0mdebug[0m] [0m[0mjsonRpcRequest: JsonRpcRequestMessage(2.0, d091ea92-f3b2-49b6-a060-39f7396bb833, sbt/terminalCapabilities, {"string":"key_up"}})[0m
[0m[[0m[0mdebug[0m] [0m[0mjsonRpcRequest: JsonRpcRequestMessage(2.0, 0a6ecff1-807b-4866-a25e-a973aab9e5d5, sbt/terminalCapabilities, {"string":"key_down"}})[0m
[0m[[0m[0mdebug[0m] [0m[0mjsonRpcRequest: JsonRpcRequestMessage(2.0, 92a207fa-ce63-48f9-81c5-89de61d23daa, sbt/terminalCapabilities, {"string":"key_left"}})[0m
[0m[[0m[0mdebug[0m] [0m[0mjsonRpcRequest: JsonRpcRequestMessage(2.0, afdfff54-b404-4869-861d-17260338314b, sbt/terminalCapabilities, {"string":"key_right"}})[0m
[0m[[0m[0mdebug[0m] [0m[0mjsonRpcRequest: JsonRpcRequestMessage(2.0, e657aafe-03e8-4a94-99d4-c9cdbeb63c35, sbt/terminalCapabilities, {"string":"key_home"}})[0m
[0m[[0m[0mdebug[0m] [0m[0mjsonRpcRequest: JsonRpcRequestMessage(2.0, aaefb296-b28a-445e-97b6-7de29759a21a, sbt/terminalCapabilities, {"string":"key_end"}})[0m
[0m[[0m[0mdebug[0m] [0m[0mjsonRpcRequest: JsonRpcRequestMessage(2.0, 76d5dba2-f15f-4b0a-a3cb-674a59611f35, sbt/terminalCapabilities, {"string":"key_dc"}})[0m
[0m[[0m[0mdebug[0m] [0m[0mjsonRpcRequest: JsonRpcRequestMessage(2.0, e773a229-0669-423a-862a-997686b7811d, sbt/terminalCapabilities, {"string":"key_dl"}})[0m
[0m[[0m[0mdebug[0m] [0m[0mjsonRpcRequest: JsonRpcRequestMessage(2.0, 3a2beb88-b28f-45f2-8908-5590038c5019, sbt/terminalCapabilities, {"string":"key_ic"}})[0m
[0m[[0m[0mdebug[0m] [0m[0mjsonRpcRequest: JsonRpcRequestMessage(2.0, 8fd83ed6-848a-4c1a-9e3c-6f9a9c7403c7, sbt/terminalCapabilities, {"string":"key_mouse"}})[0m
[0m[[0m[0mdebug[0m] [0m[0mjsonRpcRequest: JsonRpcRequestMessage(2.0, 06f3df53-f0a0-47da-ac77-05143a829fd8, sbt/terminalCapabilities, {"string":"key_right"}})[0m
[0m[[0m[0mdebug[0m] [0m[0mjsonRpcRequest: JsonRpcRequestMessage(2.0, 677a546b-55bc-4848-8722-708c41ff6c74, sbt/terminalCapabilities, {"string":"key_left"}})[0m
[0m[[0m[0mdebug[0m] [0m[0mjsonRpcRequest: JsonRpcRequestMessage(2.0, 7ea3ca03-fdcd-4c0a-92e8-244398930755, sbt/terminalCapabilities, {"string":"key_up"}})[0m
[0m[[0m[0mdebug[0m] [0m[0mjsonRpcRequest: JsonRpcRequestMessage(2.0, 56e051f8-4768-4123-a7a1-1089b64c7d6b, sbt/terminalCapabilities, {"string":"key_down"}})[0m
[0m[[0m[0mdebug[0m] [0m[0mjsonRpcRequest: JsonRpcRequestMessage(2.0, 93691788-84ba-450b-9d17-fbc7b91fdddf, sbt/terminalCapabilities, {"string":"key_left"}})[0m
[0m[[0m[0mdebug[0m] [0m[0mjsonRpcRequest: JsonRpcRequestMessage(2.0, a19bfb4f-d1fb-4afe-ba5d-eac55d2beada, sbt/terminalCapabilities, {"string":"key_right"}})[0m
[0m[[0m[0mdebug[0m] [0m[0mjsonRpcRequest: JsonRpcRequestMessage(2.0, 1c55afd9-248c-42f6-8b57-2f81d7794aec, sbt/terminalCapabilities, {"string":"key_home"}})[0m
[0m[[0m[0mdebug[0m] [0m[0mjsonRpcRequest: JsonRpcRequestMessage(2.0, 411e26f9-e27a-438f-acb1-73c288631385, sbt/terminalCapabilities, {"string":"key_end"}})[0m
[0m[[0m[0mdebug[0m] [0m[0mjsonRpcRequest: JsonRpcRequestMessage(2.0, 14a001cd-1971-4ab1-a45f-83ecff92e299, sbt/terminalCapabilities, {"string":"key_dc"}})[0m
[0m[[0m[0mdebug[0m] [0m[0mjsonRpcRequest: JsonRpcRequestMessage(2.0, 7bff97fb-7647-408f-a21d-6dd12cf55f92, sbt/terminalCapabilities, {"string":"key_dl"}})[0m
[0m[[0m[0mdebug[0m] [0m[0mjsonRpcRequest: JsonRpcRequestMessage(2.0, 9b6902ce-0d5e-4fb1-808d-a8e55cb60844, sbt/terminalCapabilities, {"string":"key_ic"}})[0m
[0m[[0m[0mdebug[0m] [0m[0mjsonRpcRequest: JsonRpcRequestMessage(2.0, d76b03e5-ac9b-47e8-9184-7b10758d3c9e, sbt/terminalCapabilities, {"string":"key_mouse"}})[0m
[0m[[0m[0mdebug[0m] [0m[0mjsonRpcRequest: JsonRpcRequestMessage(2.0, a8f894f9-9cbe-4d19-8c45-2bb2b0c54646, sbt/terminalCapabilities, {"string":"key_a1"}})[0m
[0m[[0m[0mdebug[0m] [0m[0mjsonRpcRequest: JsonRpcRequestMessage(2.0, 64c104bd-ac77-4d94-aef0-ad772edd0156, sbt/terminalCapabilities, {"string":"key_a3"}})[0m
[0m[[0m[0mdebug[0m] [0m[0mjsonRpcRequest: JsonRpcRequestMessage(2.0, 7c451584-9eaa-4264-8c17-aac46592a0f7, sbt/terminalCapabilities, {"string":"key_b2"}})[0m
[0m[[0m[0mdebug[0m] [0m[0mjsonRpcRequest: JsonRpcRequestMessage(2.0, d8196183-0b5b-4a31-a98a-45fb3ff059e4, sbt/terminalCapabilities, {"string":"key_backspace"}})[0m
[0m[[0m[0mdebug[0m] [0m[0mjsonRpcRequest: JsonRpcRequestMessage(2.0, b1bd9467-2635-4de7-a19a-060167c159c7, sbt/terminalCapabilities, {"string":"key_beg"}})[0m
[0m[[0m[0mdebug[0m] [0m[0mjsonRpcRequest: JsonRpcRequestMessage(2.0, 1c6fadcb-d0da-45be-852d-af62ce79414a, sbt/terminalCapabilities, {"string":"key_btab"}})[0m
[0m[[0m[0mdebug[0m] [0m[0mjsonRpcRequest: JsonRpcRequestMessage(2.0, 8cdcac5a-1f99-450a-a074-593844ae97d8, sbt/terminalCapabilities, {"string":"key_c1"}})[0m
[0m[[0m[0mdebug[0m] [0m[0mjsonRpcRequest: JsonRpcRequestMessage(2.0, e6eb15c8-ee51-4bcc-a943-1a58015f52a3, sbt/terminalCapabilities, {"string":"key_c3"}})[0m
[0m[[0m[0mdebug[0m] [0m[0mjsonRpcRequest: JsonRpcRequestMessage(2.0, 64f2b404-b69e-4fc6-912a-71a21b0a851e, sbt/terminalCapabilities, {"string":"key_cancel"}})[0m
[0m[[0m[0mdebug[0m] [0m[0mjsonRpcRequest: JsonRpcRequestMessage(2.0, 9fc343e2-7da0-44b8-9aff-23fe443895a8, sbt/terminalCapabilities, {"string":"key_catab"}})[0m
[0m[[0m[0mdebug[0m] [0m[0mjsonRpcRequest: JsonRpcRequestMessage(2.0, d41fc0fb-cccf-40a9-965e-daf34551b763, sbt/terminalCapabilities, {"string":"key_clear"}})[0m
[0m[[0m[0mdebug[0m] [0m[0mjsonRpcRequest: JsonRpcRequestMessage(2.0, 4fb1211e-6ce4-42ec-90bd-784d3fda3265, sbt/terminalCapabilities, {"string":"key_close"}})[0m
[0m[[0m[0mdebug[0m] [0m[0mjsonRpcRequest: JsonRpcRequestMessage(2.0, 7d15e1f7-f980-40db-aca6-914fee8a447b, sbt/terminalCapabilities, {"string":"key_command"}})[0m
[0m[[0m[0mdebug[0m] [0m[0mjsonRpcRequest: JsonRpcRequestMessage(2.0, 6aea8972-8221-4c56-98f8-c951c6b95203, sbt/terminalCapabilities, {"string":"key_copy"}})[0m
[0m[[0m[0mdebug[0m] [0m[0mjsonRpcRequest: JsonRpcRequestMessage(2.0, d201d486-dbcc-4933-81a2-9a2b4715d88e, sbt/terminalCapabilities, {"string":"key_create"}})[0m
[0m[[0m[0mdebug[0m] [0m[0mjsonRpcRequest: JsonRpcRequestMessage(2.0, fef2864e-fdb6-4177-95ab-fd6024c82003, sbt/terminalCapabilities, {"string":"key_ctab"}})[0m
[0m[[0m[0mdebug[0m] [0m[0mjsonRpcRequest: JsonRpcRequestMessage(2.0, 7473f008-7118-4f90-83e5-a37c80eefe56, sbt/terminalCapabilities, {"string":"key_dc"}})[0m
[0m[[0m[0mdebug[0m] [0m[0mjsonRpcRequest: JsonRpcRequestMessage(2.0, 477f8b6f-d675-4f59-b117-e2e638b41e02, sbt/terminalCapabilities, {"string":"key_dl"}})[0m
[0m[[0m[0mdebug[0m] [0m[0mjsonRpcRequest: JsonRpcRequestMessage(2.0, cca45e11-870b-430b-99fd-51d315443773, sbt/terminalCapabilities, {"string":"key_down"}})[0m
[0m[[0m[0mdebug[0m] [0m[0mjsonRpcRequest: JsonRpcRequestMessage(2.0, a91a15c8-25f1-47d7-b2e7-ce60e65401f0, sbt/terminalCapabilities, {"string":"key_eic"}})[0m
[0m[[0m[0mdebug[0m] [0m[0mjsonRpcRequest: JsonRpcRequestMessage(2.0, 14119127-9115-4280-86fd-5cb06c4eee89, sbt/terminalCapabilities, {"string":"key_end"}})[0m
[0m[[0m[0mdebug[0m] [0m[0mjsonRpcRequest: JsonRpcRequestMessage(2.0, dab3bf0d-8711-463b-8798-44575b601f9a, sbt/terminalCapabilities, {"string":"key_enter"}})[0m
[0m[[0m[0mdebug[0m] [0m[0mjsonRpcRequest: JsonRpcRequestMessage(2.0, 69085535-68b3-475d-a46d-986fd6931f41, sbt/terminalCapabilities, {"string":"key_eol"}})[0m
[0m[[0m[0mdebug[0m] [0m[0mjsonRpcRequest: JsonRpcRequestMessage(2.0, a393e0fc-c557-4bcd-ad98-e320d96b4207, sbt/terminalCapabilities, {"string":"key_eos"}})[0m
[0m[[0m[0mdebug[0m] [0m[0mjsonRpcRequest: JsonRpcRequestMessage(2.0, a0439606-32d1-437e-9e8b-c996b07ddd20, sbt/terminalCapabilities, {"string":"key_exit"}})[0m
[0m[[0m[0mdebug[0m] [0m[0mjsonRpcRequest: JsonRpcRequestMessage(2.0, 32bfb711-b8be-4097-a9f8-1124e0890e56, sbt/terminalCapabilities, {"string":"key_f0"}})[0m
[0m[[0m[0mdebug[0m] [0m[0mjsonRpcRequest: JsonRpcRequestMessage(2.0, 09b91cc3-00d4-4e0c-a590-6b23f66084f9, sbt/terminalCapabilities, {"string":"key_f1"}})[0m
[0m[[0m[0mdebug[0m] [0m[0mjsonRpcRequest: JsonRpcRequestMessage(2.0, 7556c106-7aff-4c06-a9a7-b3c02a0972dc, sbt/terminalCapabilities, {"string":"key_f10"}})[0m
[0m[[0m[0mdebug[0m] [0m[0mjsonRpcRequest: JsonRpcRequestMessage(2.0, a49ec4b2-8216-4246-9ba3-37a58ceac411, sbt/terminalCapabilities, {"string":"key_f11"}})[0m
[0m[[0m[0mdebug[0m] [0m[0mjsonRpcRequest: JsonRpcRequestMessage(2.0, dc666dfa-8c31-43b9-b8d4-3734e204bcd4, sbt/terminalCapabilities, {"string":"key_f12"}})[0m
[0m[[0m[0mdebug[0m] [0m[0mjsonRpcRequest: JsonRpcRequestMessage(2.0, 5d6bb817-0274-403d-b569-ea037ed3fc6b, sbt/terminalCapabilities, {"string":"key_f13"}})[0m
[0m[[0m[0mdebug[0m] [0m[0mjsonRpcRequest: JsonRpcRequestMessage(2.0, 4b3d111d-4d0a-41d5-bea9-cef9c1d35813, sbt/terminalCapabilities, {"string":"key_f14"}})[0m
[0m[[0m[0mdebug[0m] [0m[0mjsonRpcRequest: JsonRpcRequestMessage(2.0, 9ac28c23-40ab-48bb-86f2-9b6ec69d5009, sbt/terminalCapabilities, {"string":"key_f15"}})[0m
[0m[[0m[0mdebug[0m] [0m[0mjsonRpcRequest: JsonRpcRequestMessage(2.0, 28adeac0-4794-4c63-8f18-7cb03e5aeb12, sbt/terminalCapabilities, {"string":"key_f16"}})[0m
[0m[[0m[0mdebug[0m] [0m[0mjsonRpcRequest: JsonRpcRequestMessage(2.0, f1a3d13a-43e0-4aa0-bfc5-887b6109fe29, sbt/terminalCapabilities, {"string":"key_f17"}})[0m
[0m[[0m[0mdebug[0m] [0m[0mjsonRpcRequest: JsonRpcRequestMessage(2.0, b829db90-934a-422c-90df-4ec35fcb3cb6, sbt/terminalCapabilities, {"string":"key_f18"}})[0m
[0m[[0m[0mdebug[0m] [0m[0mjsonRpcRequest: JsonRpcRequestMessage(2.0, 4c2a1ae8-f62e-48a9-9227-d9ccfc4e0f63, sbt/terminalCapabilities, {"string":"key_f19"}})[0m
[0m[[0m[0mdebug[0m] [0m[0mjsonRpcRequest: JsonRpcRequestMessage(2.0, 8243b1a5-860b-4d02-b4b7-c085dbe11ea0, sbt/terminalCapabilities, {"string":"key_f2"}})[0m
[0m[[0m[0mdebug[0m] [0m[0mjsonRpcRequest: JsonRpcRequestMessage(2.0, 3afae623-0645-44e6-96d7-37ac966f62ea, sbt/terminalCapabilities, {"string":"key_f20"}})[0m
[0m[[0m[0mdebug[0m] [0m[0mjsonRpcRequest: JsonRpcRequestMessage(2.0, 395f6523-fc09-4919-ae2d-678d911a86ca, sbt/terminalCapabilities, {"string":"key_f21"}})[0m
[0m[[0m[0mdebug[0m] [0m[0mjsonRpcRequest: JsonRpcRequestMessage(2.0, 0787c902-cd3b-4e98-b8d5-49eb8d376528, sbt/terminalCapabilities, {"string":"key_f22"}})[0m
[0m[[0m[0mdebug[0m] [0m[0mjsonRpcRequest: JsonRpcRequestMessage(2.0, 8e9f9c26-f614-47db-ae5d-2b188f2ab954, sbt/terminalCapabilities, {"string":"key_f23"}})[0m
[0m[[0m[0mdebug[0m] [0m[0mjsonRpcRequest: JsonRpcRequestMessage(2.0, 94593726-ad3a-401a-a741-8c25ecadbb16, sbt/terminalCapabilities, {"string":"key_f24"}})[0m
[0m[[0m[0mdebug[0m] [0m[0mjsonRpcRequest: JsonRpcRequestMessage(2.0, b1afc1b2-b8d3-4188-ac14-278ea0ef08dc, sbt/terminalCapabilities, {"string":"key_f25"}})[0m
[0m[[0m[0mdebug[0m] [0m[0mjsonRpcRequest: JsonRpcRequestMessage(2.0, 8191b130-b1f4-4d40-9f89-af59f057062f, sbt/terminalCapabilities, {"string":"key_f26"}})[0m
[0m[[0m[0mdebug[0m] [0m[0mjsonRpcRequest: JsonRpcRequestMessage(2.0, 99122229-de16-4811-b552-9f1c05ef2350, sbt/terminalCapabilities, {"string":"key_f27"}})[0m
[0m[[0m[0mdebug[0m] [0m[0mjsonRpcRequest: JsonRpcRequestMessage(2.0, 463107ff-a775-4832-9f62-5b9ac7b17894, sbt/terminalCapabilities, {"string":"key_f28"}})[0m
[0m[[0m[0mdebug[0m] [0m[0mjsonRpcRequest: JsonRpcRequestMessage(2.0, 173b34a8-4937-4531-8ec0-8300309fe3cb, sbt/terminalCapabilities, {"string":"key_f29"}})[0m
[0m[[0m[0mdebug[0m] [0m[0mjsonRpcRequest: JsonRpcRequestMessage(2.0, 7045cbb2-a302-4a0a-bb42-2a529bb2be60, sbt/terminalCapabilities, {"string":"key_f3"}})[0m
[0m[[0m[0mdebug[0m] [0m[0mjsonRpcRequest: JsonRpcRequestMessage(2.0, a9d8314c-217d-4d97-8f97-41e3f27f6acd, sbt/terminalCapabilities, {"string":"key_f30"}})[0m
[0m[[0m[0mdebug[0m] [0m[0mjsonRpcRequest: JsonRpcRequestMessage(2.0, 236be960-91e8-432c-8ba3-81ed71e1ac6b, sbt/terminalCapabilities, {"string":"key_f31"}})[0m
[0m[[0m[0mdebug[0m] [0m[0mjsonRpcRequest: JsonRpcRequestMessage(2.0, f2bb9363-948d-43aa-b581-01760fb77e3e, sbt/terminalCapabilities, {"string":"key_f32"}})[0m
[0m[[0m[0mdebug[0m] [0m[0mjsonRpcRequest: JsonRpcRequestMessage(2.0, 3e5f66f6-c998-4d7d-9b24-8e80660b8ab7, sbt/terminalCapabilities, {"string":"key_f33"}})[0m
[0m[[0m[0mdebug[0m] [0m[0mjsonRpcRequest: JsonRpcRequestMessage(2.0, ec9cfb60-28fc-4453-ae36-4cdd6e4459e8, sbt/terminalCapabilities, {"string":"key_f34"}})[0m
[0m[[0m[0mdebug[0m] [0m[0mjsonRpcRequest: JsonRpcRequestMessage(2.0, d9dc9650-a8ed-4154-9ad6-f53a8e2b3519, sbt/terminalCapabilities, {"string":"key_f35"}})[0m
[0m[[0m[0mdebug[0m] [0m[0mjsonRpcRequest: JsonRpcRequestMessage(2.0, 92d399cc-94da-469a-b2d4-13a7cf452f10, sbt/terminalCapabilities, {"string":"key_f36"}})[0m
[0m[[0m[0mdebug[0m] [0m[0mjsonRpcRequest: JsonRpcRequestMessage(2.0, 53af92b7-87c9-4759-8169-0d0683e9dfa6, sbt/terminalCapabilities, {"string":"key_f37"}})[0m
[0m[[0m[0mdebug[0m] [0m[0mjsonRpcRequest: JsonRpcRequestMessage(2.0, 3448c858-8e8a-410e-bed1-e99e8b6737ac, sbt/terminalCapabilities, {"string":"key_f38"}})[0m
[0m[[0m[0mdebug[0m] [0m[0mjsonRpcRequest: JsonRpcRequestMessage(2.0, 64c77b6e-9f8d-4ec4-baa7-7bb70e770b12, sbt/terminalCapabilities, {"string":"key_f39"}})[0m
[0m[[0m[0mdebug[0m] [0m[0mjsonRpcRequest: JsonRpcRequestMessage(2.0, c7c54bfb-dba5-466c-8735-ccaa5db9032a, sbt/terminalCapabilities, {"string":"key_f4"}})[0m
[0m[[0m[0mdebug[0m] [0m[0mjsonRpcRequest: JsonRpcRequestMessage(2.0, 2d6f8c4e-d5cb-44b7-8c46-5048d22e8083, sbt/terminalCapabilities, {"string":"key_f40"}})[0m
[0m[[0m[0mdebug[0m] [0m[0mjsonRpcRequest: JsonRpcRequestMessage(2.0, b8957516-5d12-48a1-8dd6-42313ed9835b, sbt/terminalCapabilities, {"string":"key_f41"}})[0m
[0m[[0m[0mdebug[0m] [0m[0mjsonRpcRequest: JsonRpcRequestMessage(2.0, 95543e8c-f08c-4f98-9d38-6f3568ff7faf, sbt/terminalCapabilities, {"string":"key_f42"}})[0m
[0m[[0m[0mdebug[0m] [0m[0mjsonRpcRequest: JsonRpcRequestMessage(2.0, 140942f7-e5c2-4d7f-986e-240e4b1c5eb8, sbt/terminalCapabilities, {"string":"key_f43"}})[0m
[0m[[0m[0mdebug[0m] [0m[0mjsonRpcRequest: JsonRpcRequestMessage(2.0, c64fb50b-b5f3-4fbd-9eef-5f504c8ff291, sbt/terminalCapabilities, {"string":"key_f44"}})[0m
[0m[[0m[0mdebug[0m] [0m[0mjsonRpcRequest: JsonRpcRequestMessage(2.0, 2f60609e-367c-4ef5-a6bc-616ece22f42e, sbt/terminalCapabilities, {"string":"key_f45"}})[0m
[0m[[0m[0mdebug[0m] [0m[0mjsonRpcRequest: JsonRpcRequestMessage(2.0, 24b0aec3-bc19-4359-ba54-3908f11d2fa4, sbt/terminalCapabilities, {"string":"key_f46"}})[0m
[0m[[0m[0mdebug[0m] [0m[0mjsonRpcRequest: JsonRpcRequestMessage(2.0, e6e004f0-7392-4bd2-bfa5-c99fa072e563, sbt/terminalCapabilities, {"string":"key_f47"}})[0m
[0m[[0m[0mdebug[0m] [0m[0mjsonRpcRequest: JsonRpcRequestMessage(2.0, 8dc36382-0d17-42a6-a506-08678a39ec25, sbt/terminalCapabilities, {"string":"key_f48"}})[0m
[0m[[0m[0mdebug[0m] [0m[0mjsonRpcRequest: JsonRpcRequestMessage(2.0, 53352d06-c58b-4f37-893d-1032c8e85ae7, sbt/terminalCapabilities, {"string":"key_f49"}})[0m
[0m[[0m[0mdebug[0m] [0m[0mjsonRpcRequest: JsonRpcRequestMessage(2.0, ad6dee62-e813-413e-bd9b-29b156870c51, sbt/terminalCapabilities, {"string":"key_f5"}})[0m
[0m[[0m[0mdebug[0m] [0m[0mjsonRpcRequest: JsonRpcRequestMessage(2.0, 82cfbdd4-3f00-437f-b427-ffcc6d94f207, sbt/terminalCapabilities, {"string":"key_f50"}})[0m
[0m[[0m[0mdebug[0m] [0m[0mjsonRpcRequest: JsonRpcRequestMessage(2.0, 20a96bbb-9aec-41ca-8043-2e84ebcb5a0e, sbt/terminalCapabilities, {"string":"key_f51"}})[0m
[0m[[0m[0mdebug[0m] [0m[0mjsonRpcRequest: JsonRpcRequestMessage(2.0, c65d68e0-90dd-4fcf-a94c-3d434cffea16, sbt/terminalCapabilities, {"string":"key_f52"}})[0m
[0m[[0m[0mdebug[0m] [0m[0mjsonRpcRequest: JsonRpcRequestMessage(2.0, 58f740f0-cb80-4ab6-9a37-27bdef0fe40a, sbt/terminalCapabilities, {"string":"key_f53"}})[0m
[0m[[0m[0mdebug[0m] [0m[0mjsonRpcRequest: JsonRpcRequestMessage(2.0, 52015062-4a3e-4156-b877-3ea38dcc7475, sbt/terminalCapabilities, {"string":"key_f54"}})[0m
[0m[[0m[0mdebug[0m] [0m[0mjsonRpcRequest: JsonRpcRequestMessage(2.0, 2149321c-dcf4-473a-ae82-a9aea35bedb2, sbt/terminalCapabilities, {"string":"key_f55"}})[0m
[0m[[0m[0mdebug[0m] [0m[0mjsonRpcRequest: JsonRpcRequestMessage(2.0, aee67b95-d65a-4b9a-b471-41327828b781, sbt/terminalCapabilities, {"string":"key_f56"}})[0m
[0m[[0m[0mdebug[0m] [0m[0mjsonRpcRequest: JsonRpcRequestMessage(2.0, e24bd74b-52b2-4691-ad10-95695a8981ea, sbt/terminalCapabilities, {"string":"key_f57"}})[0m
[0m[[0m[0mdebug[0m] [0m[0mjsonRpcRequest: JsonRpcRequestMessage(2.0, 61efe250-8691-4a04-9a0e-736f7d948841, sbt/terminalCapabilities, {"string":"key_f58"}})[0m
[0m[[0m[0mdebug[0m] [0m[0mjsonRpcRequest: JsonRpcRequestMessage(2.0, 99f7f27e-e36c-4a09-86ad-319291c4390e, sbt/terminalCapabilities, {"string":"key_f59"}})[0m
[0m[[0m[0mdebug[0m] [0m[0mjsonRpcRequest: JsonRpcRequestMessage(2.0, 7cb65a2b-4110-4a56-91e4-81f8fecb3c85, sbt/terminalCapabilities, {"string":"key_f6"}})[0m
[0m[[0m[0mdebug[0m] [0m[0mjsonRpcRequest: JsonRpcRequestMessage(2.0, 6beeb5ba-edbe-415a-98a1-9c158b1b8993, sbt/terminalCapabilities, {"string":"key_f60"}})[0m
[0m[[0m[0mdebug[0m] [0m[0mjsonRpcRequest: JsonRpcRequestMessage(2.0, c8075c8d-0811-489e-a131-478042bb5a50, sbt/terminalCapabilities, {"string":"key_f61"}})[0m
[0m[[0m[0mdebug[0m] [0m[0mjsonRpcRequest: JsonRpcRequestMessage(2.0, a7cbd0ac-46dd-4f21-8668-d48f578c0b32, sbt/terminalCapabilities, {"string":"key_f62"}})[0m
[0m[[0m[0mdebug[0m] [0m[0mjsonRpcRequest: JsonRpcRequestMessage(2.0, 27b0ff6a-a825-4606-be24-4fe77e4cc228, sbt/terminalCapabilities, {"string":"key_f63"}})[0m
[0m[[0m[0mdebug[0m] [0m[0mjsonRpcRequest: JsonRpcRequestMessage(2.0, 518d1e04-b96b-4a97-bd49-8cefc43dce4b, sbt/terminalCapabilities, {"string":"key_f7"}})[0m
[0m[[0m[0mdebug[0m] [0m[0mjsonRpcRequest: JsonRpcRequestMessage(2.0, 4916d8f7-96d2-4740-9c1a-a88660bb1bc8, sbt/terminalCapabilities, {"string":"key_f8"}})[0m
[0m[[0m[0mdebug[0m] [0m[0mjsonRpcRequest: JsonRpcRequestMessage(2.0, 368b97f7-cd10-49f9-9351-355bf009a312, sbt/terminalCapabilities, {"string":"key_f9"}})[0m
[0m[[0m[0mdebug[0m] [0m[0mjsonRpcRequest: JsonRpcRequestMessage(2.0, 30fc3e13-5e38-4ef1-a25f-d7b22c663058, sbt/terminalCapabilities, {"string":"key_find"}})[0m
[0m[[0m[0mdebug[0m] [0m[0mjsonRpcRequest: JsonRpcRequestMessage(2.0, bb663a21-fdda-4708-86e0-0639939b4e24, sbt/terminalCapabilities, {"string":"key_help"}})[0m
[0m[[0m[0mdebug[0m] [0m[0mjsonRpcRequest: JsonRpcRequestMessage(2.0, 6dcbd1e9-11e4-4dad-93bb-2952d618a469, sbt/terminalCapabilities, {"string":"key_home"}})[0m
[0m[[0m[0mdebug[0m] [0m[0mjsonRpcRequest: JsonRpcRequestMessage(2.0, 44c88342-65f9-4b60-94a0-1c1cd03aeed7, sbt/terminalCapabilities, {"string":"key_ic"}})[0m
[0m[[0m[0mdebug[0m] [0m[0mjsonRpcRequest: JsonRpcRequestMessage(2.0, 9fb68f76-ccfa-4d86-9ba0-c356e6c0c5d0, sbt/terminalCapabilities, {"string":"key_il"}})[0m
[0m[[0m[0mdebug[0m] [0m[0mjsonRpcRequest: JsonRpcRequestMessage(2.0, 3a038ee9-43e1-4d40-ab1e-d851150c9f8a, sbt/terminalCapabilities, {"string":"key_left"}})[0m
[0m[[0m[0mdebug[0m] [0m[0mjsonRpcRequest: JsonRpcRequestMessage(2.0, 52caf220-baf8-4480-a3b0-67ef28d19d0d, sbt/terminalCapabilities, {"string":"key_ll"}})[0m
[0m[[0m[0mdebug[0m] [0m[0mjsonRpcRequest: JsonRpcRequestMessage(2.0, c695f5fa-ff05-4d6c-b41a-144de587771f, sbt/terminalCapabilities, {"string":"key_mark"}})[0m
[0m[[0m[0mdebug[0m] [0m[0mjsonRpcRequest: JsonRpcRequestMessage(2.0, d7490f1d-2446-4408-a54b-3f168cccfebb, sbt/terminalCapabilities, {"string":"key_message"}})[0m
[0m[[0m[0mdebug[0m] [0m[0mjsonRpcRequest: JsonRpcRequestMessage(2.0, 7f59bfad-a9eb-488e-b4c8-ce90c5a5dcbc, sbt/terminalCapabilities, {"string":"key_move"}})[0m
[0m[[0m[0mdebug[0m] [0m[0mjsonRpcRequest: JsonRpcRequestMessage(2.0, 7349bde3-d657-4dba-9f0b-d499183ea425, sbt/terminalCapabilities, {"string":"key_next"}})[0m
[0m[[0m[0mdebug[0m] [0m[0mjsonRpcRequest: JsonRpcRequestMessage(2.0, fd2eaded-6565-43df-8a91-035cb511b513, sbt/terminalCapabilities, {"string":"key_npage"}})[0m
[0m[[0m[0mdebug[0m] [0m[0mjsonRpcRequest: JsonRpcRequestMessage(2.0, 7346eb98-ae56-4abc-a58e-5f35b426719e, sbt/terminalCapabilities, {"string":"key_open"}})[0m
[0m[[0m[0mdebug[0m] [0m[0mjsonRpcRequest: JsonRpcRequestMessage(2.0, db75c77e-64d7-47e6-8524-c9f6f139f4b7, sbt/terminalCapabilities, {"string":"key_options"}})[0m
[0m[[0m[0mdebug[0m] [0m[0mjsonRpcRequest: JsonRpcRequestMessage(2.0, 3baa5e4e-02d2-48d2-8edd-9c88863532e0, sbt/terminalCapabilities, {"string":"key_ppage"}})[0m
[0m[[0m[0mdebug[0m] [0m[0mjsonRpcRequest: JsonRpcRequestMessage(2.0, aa885480-6cef-4966-bf3a-a706dbc42dd8, sbt/terminalCapabilities, {"string":"key_previous"}})[0m
[0m[[0m[0mdebug[0m] [0m[0mjsonRpcRequest: JsonRpcRequestMessage(2.0, e15a8616-e345-498a-bd2b-42fde5cb62f3, sbt/terminalCapabilities, {"string":"key_print"}})[0m
[0m[[0m[0mdebug[0m] [0m[0mjsonRpcRequest: JsonRpcRequestMessage(2.0, a7c3d3d7-021f-40e4-841c-b49c8dc99fdc, sbt/terminalCapabilities, {"string":"key_redo"}})[0m
[0m[[0m[0mdebug[0m] [0m[0mjsonRpcRequest: JsonRpcRequestMessage(2.0, 6fb082f8-db40-4095-84af-fa0ac91ee35f, sbt/terminalCapabilities, {"string":"key_reference"}})[0m
[0m[[0m[0mdebug[0m] [0m[0mjsonRpcRequest: JsonRpcRequestMessage(2.0, e275553c-16b6-4d44-96b4-ac50b6ab9104, sbt/terminalCapabilities, {"string":"key_refresh"}})[0m
[0m[[0m[0mdebug[0m] [0m[0mjsonRpcRequest: JsonRpcRequestMessage(2.0, 6183b8c4-623f-4cdf-a5d5-caca76b9d5e1, sbt/terminalCapabilities, {"string":"key_replace"}})[0m
[0m[[0m[0mdebug[0m] [0m[0mjsonRpcRequest: JsonRpcRequestMessage(2.0, ae2eb55b-4ad6-484a-ad63-b3d8896cb066, sbt/terminalCapabilities, {"string":"key_restart"}})[0m
[0m[[0m[0mdebug[0m] [0m[0mjsonRpcRequest: JsonRpcRequestMessage(2.0, d6e54ddf-366e-4d06-8f94-aa7b65300e30, sbt/terminalCapabilities, {"string":"key_resume"}})[0m
[0m[[0m[0mdebug[0m] [0m[0mjsonRpcRequest: JsonRpcRequestMessage(2.0, a75a937a-b4aa-4e02-afdf-5aa63650e7d0, sbt/terminalCapabilities, {"string":"key_right"}})[0m
[0m[[0m[0mdebug[0m] [0m[0mjsonRpcRequest: JsonRpcRequestMessage(2.0, 12ffebeb-594a-47db-b38e-8b2eca798da5, sbt/terminalCapabilities, {"string":"key_save"}})[0m
[0m[[0m[0mdebug[0m] [0m[0mjsonRpcRequest: JsonRpcRequestMessage(2.0, 47d0f194-1df2-4149-9f5e-2239029a1be8, sbt/terminalCapabilities, {"string":"key_sbeg"}})[0m
[0m[[0m[0mdebug[0m] [0m[0mjsonRpcRequest: JsonRpcRequestMessage(2.0, 3c447a58-b59e-4af2-a19c-72c9689a21c8, sbt/terminalCapabilities, {"string":"key_scancel"}})[0m
[0m[[0m[0mdebug[0m] [0m[0mjsonRpcRequest: JsonRpcRequestMessage(2.0, e5cb6e57-1d06-47c4-af86-eff43fe6f70c, sbt/terminalCapabilities, {"string":"key_scommand"}})[0m
[0m[[0m[0mdebug[0m] [0m[0mjsonRpcRequest: JsonRpcRequestMessage(2.0, de72158f-fb6b-47c0-ad24-752910d95cbf, sbt/terminalCapabilities, {"string":"key_scopy"}})[0m
[0m[[0m[0mdebug[0m] [0m[0mjsonRpcRequest: JsonRpcRequestMessage(2.0, 2b5e662e-9ee2-46fb-9807-e997fc913c81, sbt/terminalCapabilities, {"string":"key_screate"}})[0m
[0m[[0m[0mdebug[0m] [0m[0mjsonRpcRequest: JsonRpcRequestMessage(2.0, ddb8d7e6-7a84-4cdb-83c9-62658afe50ec, sbt/terminalCapabilities, {"string":"key_sdc"}})[0m
[0m[[0m[0mdebug[0m] [0m[0mjsonRpcRequest: JsonRpcRequestMessage(2.0, e9270ca6-1b01-4f6d-9048-be9390370fdd, sbt/terminalCapabilities, {"string":"key_sdl"}})[0m
[0m[[0m[0mdebug[0m] [0m[0mjsonRpcRequest: JsonRpcRequestMessage(2.0, 349684be-80b0-4aeb-87f1-5a067ae1ff58, sbt/terminalCapabilities, {"string":"key_select"}})[0m
[0m[[0m[0mdebug[0m] [0m[0mjsonRpcRequest: JsonRpcRequestMessage(2.0, 1a059ef3-3f2d-4e4f-ae51-887469cde9cf, sbt/terminalCapabilities, {"string":"key_send"}})[0m
[0m[[0m[0mdebug[0m] [0m[0mjsonRpcRequest: JsonRpcRequestMessage(2.0, 660b3697-bffa-43e8-9616-6cd3d544b225, sbt/terminalCapabilities, {"string":"key_seol"}})[0m
[0m[[0m[0mdebug[0m] [0m[0mjsonRpcRequest: JsonRpcRequestMessage(2.0, 396b8f29-6403-4527-91ee-a4c986f5f160, sbt/terminalCapabilities, {"string":"key_sexit"}})[0m
[0m[[0m[0mdebug[0m] [0m[0mjsonRpcRequest: JsonRpcRequestMessage(2.0, c5768355-e9c6-4d67-8033-b07fbe0084c1, sbt/terminalCapabilities, {"string":"key_sf"}})[0m
[0m[[0m[0mdebug[0m] [0m[0mjsonRpcRequest: JsonRpcRequestMessage(2.0, 569cc52a-2d90-4879-b7fd-fc72b7202948, sbt/terminalCapabilities, {"string":"key_sfind"}})[0m
[0m[[0m[0mdebug[0m] [0m[0mjsonRpcRequest: JsonRpcRequestMessage(2.0, 64506784-efcf-4eb6-ac56-92148681e33d, sbt/terminalCapabilities, {"string":"key_shelp"}})[0m
[0m[[0m[0mdebug[0m] [0m[0mjsonRpcRequest: JsonRpcRequestMessage(2.0, 67954904-5e7c-4bc6-9f98-40942a4903eb, sbt/terminalCapabilities, {"string":"key_shome"}})[0m
[0m[[0m[0mdebug[0m] [0m[0mjsonRpcRequest: JsonRpcRequestMessage(2.0, 25aca00d-ad76-469b-9db3-4f5c4dfb74e7, sbt/terminalCapabilities, {"string":"key_sic"}})[0m
[0m[[0m[0mdebug[0m] [0m[0mjsonRpcRequest: JsonRpcRequestMessage(2.0, 019ffaea-7a32-42f6-ae6a-f0d90a617173, sbt/terminalCapabilities, {"string":"key_sleft"}})[0m
[0m[[0m[0mdebug[0m] [0m[0mjsonRpcRequest: JsonRpcRequestMessage(2.0, b5996495-b199-4732-9405-9a3c9dc1609b, sbt/terminalCapabilities, {"string":"key_smessage"}})[0m
[0m[[0m[0mdebug[0m] [0m[0mjsonRpcRequest: JsonRpcRequestMessage(2.0, ba187ea5-6fe8-48e2-b469-a8b06270600e, sbt/terminalCapabilities, {"string":"key_smove"}})[0m
[0m[[0m[0mdebug[0m] [0m[0mjsonRpcRequest: JsonRpcRequestMessage(2.0, ede57c6e-0e61-4998-bf56-af24690051c7, sbt/terminalCapabilities, {"string":"key_snext"}})[0m
[0m[[0m[0mdebug[0m] [0m[0mjsonRpcRequest: JsonRpcRequestMessage(2.0, e3e398cd-7fa8-4aca-b2d2-11b53444776d, sbt/terminalCapabilities, {"string":"key_soptions"}})[0m
[0m[[0m[0mdebug[0m] [0m[0mjsonRpcRequest: JsonRpcRequestMessage(2.0, a81d6bbd-8330-4a29-b90c-dfadf933ed56, sbt/terminalCapabilities, {"string":"key_sprevious"}})[0m
[0m[[0m[0mdebug[0m] [0m[0mjsonRpcRequest: JsonRpcRequestMessage(2.0, 92d2de8e-e3a9-45f4-8e65-e25af1aa5011, sbt/terminalCapabilities, {"string":"key_sprint"}})[0m
[0m[[0m[0mdebug[0m] [0m[0mjsonRpcRequest: JsonRpcRequestMessage(2.0, 25798c72-983b-468a-905c-6e967f6b3ad1, sbt/terminalCapabilities, {"string":"key_sr"}})[0m
[0m[[0m[0mdebug[0m] [0m[0mjsonRpcRequest: JsonRpcRequestMessage(2.0, bd7dd2d3-bd13-4cd8-bea1-a2ed4674c75f, sbt/terminalCapabilities, {"string":"key_sredo"}})[0m
[0m[[0m[0mdebug[0m] [0m[0mjsonRpcRequest: JsonRpcRequestMessage(2.0, 5de9f5d6-6b6b-4cea-9d8f-d0cce720909e, sbt/terminalCapabilities, {"string":"key_sreplace"}})[0m
[0m[[0m[0mdebug[0m] [0m[0mjsonRpcRequest: JsonRpcRequestMessage(2.0, 15a53b0f-b129-4795-b12f-1d4ff56c9469, sbt/terminalCapabilities, {"string":"key_sright"}})[0m
[0m[[0m[0mdebug[0m] [0m[0mjsonRpcRequest: JsonRpcRequestMessage(2.0, 2246f50f-6f8f-40bd-a9d1-f0cfd3cd08e1, sbt/terminalCapabilities, {"string":"key_srsume"}})[0m
[0m[[0m[0mdebug[0m] [0m[0mjsonRpcRequest: JsonRpcRequestMessage(2.0, 5c44fea2-63e9-41ec-9d06-c5fd8e125113, sbt/terminalCapabilities, {"string":"key_ssave"}})[0m
[0m[[0m[0mdebug[0m] [0m[0mjsonRpcRequest: JsonRpcRequestMessage(2.0, 8eb3829c-622d-46a9-b99a-4117a304a3b0, sbt/terminalCapabilities, {"string":"key_ssuspend"}})[0m
[0m[[0m[0mdebug[0m] [0m[0mjsonRpcRequest: JsonRpcRequestMessage(2.0, b7d59199-7470-4499-9b80-56a9a19c0f6c, sbt/terminalCapabilities, {"string":"key_stab"}})[0m
[0m[[0m[0mdebug[0m] [0m[0mjsonRpcRequest: JsonRpcRequestMessage(2.0, 36270eea-70ce-4046-974f-91a6355e56e0, sbt/terminalCapabilities, {"string":"key_sundo"}})[0m
[0m[[0m[0mdebug[0m] [0m[0mjsonRpcRequest: JsonRpcRequestMessage(2.0, 73c674f5-8d70-464a-a486-c7dc7c778b82, sbt/terminalCapabilities, {"string":"key_suspend"}})[0m
[0m[[0m[0mdebug[0m] [0m[0mjsonRpcRequest: JsonRpcRequestMessage(2.0, 789c6de6-c3da-431e-8d9d-06a490083895, sbt/terminalCapabilities, {"string":"key_undo"}})[0m
[0m[[0m[0mdebug[0m] [0m[0mjsonRpcRequest: JsonRpcRequestMessage(2.0, 47b0acf5-d26e-4786-94bb-2b2855fd4cd2, sbt/terminalCapabilities, {"string":"key_up"}})[0m
[0m[[0m[0mdebug[0m] [0m[0mjsonRpcRequest: JsonRpcRequestMessage(2.0, 52a1c547-8b7d-45c4-9729-e2a29282d15a, sbt/terminalCapabilities, {"string":"key_mouse"}})[0m
[0m[[0m[0mdebug[0m] [0m[0mjsonRpcRequest: JsonRpcRequestMessage(2.0, 9fedfba8-1119-4781-9fee-aa7faf0a93c8, sbt/terminalCapabilities, {"string":"key_up"}})[0m
[0m[[0m[0mdebug[0m] [0m[0mjsonRpcRequest: JsonRpcRequestMessage(2.0, 7e8ad46d-2933-4e77-a75f-e9f5a52aa23d, sbt/terminalCapabilities, {"string":"key_down"}})[0m
[0m[[0m[0mdebug[0m] [0m[0mjsonRpcRequest: JsonRpcRequestMessage(2.0, 8ea3716a-fe82-4dac-9152-20af559da61b, sbt/terminalCapabilities, {"string":"key_left"}})[0m
[0m[[0m[0mdebug[0m] [0m[0mjsonRpcRequest: JsonRpcRequestMessage(2.0, 47eaa731-2913-49b2-98d9-d190120db8b8, sbt/terminalCapabilities, {"string":"key_right"}})[0m
[0m[[0m[0mdebug[0m] [0m[0mjsonRpcRequest: JsonRpcRequestMessage(2.0, 61c11336-1c6c-461f-91d9-6fc11a466271, sbt/terminalCapabilities, {"string":"key_home"}})[0m
[0m[[0m[0mdebug[0m] [0m[0mjsonRpcRequest: JsonRpcRequestMessage(2.0, 92e8f594-b72b-454d-9dfc-f1f8b88a5de7, sbt/terminalCapabilities, {"string":"key_end"}})[0m
[0m[[0m[0mdebug[0m] [0m[0mjsonRpcRequest: JsonRpcRequestMessage(2.0, 4394a1a5-f4c1-4434-b6ca-7f12373e94cf, sbt/terminalCapabilities, {"string":"key_dc"}})[0m
[0m[[0m[0mdebug[0m] [0m[0mjsonRpcRequest: JsonRpcRequestMessage(2.0, 7c53f23a-882b-4e30-8848-bcc213b2eb12, sbt/terminalCapabilities, {"string":"key_dl"}})[0m
[0m[[0m[0mdebug[0m] [0m[0mjsonRpcRequest: JsonRpcRequestMessage(2.0, 68bfe8a0-4103-4821-b76c-ebe590a98ca1, sbt/terminalCapabilities, {"string":"key_ic"}})[0m
[0m[[0m[0mdebug[0m] [0m[0mjsonRpcRequest: JsonRpcRequestMessage(2.0, ce1e22ad-501e-4f90-8271-ad031d6477da, sbt/terminalCapabilities, {"string":"key_mouse"}})[0m
[0m[[0m[0mdebug[0m] [0m[0mjsonRpcRequest: JsonRpcRequestMessage(2.0, c6b1f302-a139-4455-bd43-d442362f2896, sbt/terminalCapabilities, {"string":"back_tab"}})[0m
[0m[[0m[0mdebug[0m] [0m[0mjsonRpcRequest: JsonRpcRequestMessage(2.0, 8a3299b4-259e-4dda-9867-18650b0b39ce, sbt/terminalCapabilities, {"string":"key_up"}})[0m
[0m[[0m[0mdebug[0m] [0m[0mjsonRpcRequest: JsonRpcRequestMessage(2.0, daa5a316-6e10-403d-8840-2d9984661dfb, sbt/terminalCapabilities, {"string":"key_down"}})[0m
[0m[[0m[0mdebug[0m] [0m[0mjsonRpcRequest: JsonRpcRequestMessage(2.0, e602a705-ca9a-407a-8bf7-d6f01d33dd08, sbt/terminalCapabilities, {"string":"key_left"}})[0m
[0m[[0m[0mdebug[0m] [0m[0mjsonRpcRequest: JsonRpcRequestMessage(2.0, fb3fb984-8e48-48ff-b279-8ac15ad79dea, sbt/terminalCapabilities, {"string":"key_right"}})[0m
[0m[[0m[0mdebug[0m] [0m[0mjsonRpcRequest: JsonRpcRequestMessage(2.0, 649488e0-3f21-4ac0-a34a-b653b9c688fd, sbt/terminalCapabilities, {"string":"key_home"}})[0m
[0m[[0m[0mdebug[0m] [0m[0mjsonRpcRequest: JsonRpcRequestMessage(2.0, 135d26e8-aecf-4853-8bb7-aa94adc0e933, sbt/terminalCapabilities, {"string":"key_end"}})[0m
[0m[[0m[0mdebug[0m] [0m[0mjsonRpcRequest: JsonRpcRequestMessage(2.0, a72aab3d-380d-46ff-ae2e-613b5910f815, sbt/terminalCapabilities, {"string":"key_dc"}})[0m
[0m[[0m[0mdebug[0m] [0m[0mjsonRpcRequest: JsonRpcRequestMessage(2.0, 7ab66abb-73c5-49ae-8956-4ee8827d6627, sbt/terminalCapabilities, {"string":"key_dl"}})[0m
[0m[[0m[0mdebug[0m] [0m[0mjsonRpcRequest: JsonRpcRequestMessage(2.0, 4e3afb4e-b0b2-482c-9c97-b3f305b9a442, sbt/terminalCapabilities, {"string":"key_ic"}})[0m
[0m[[0m[0mdebug[0m] [0m[0mjsonRpcRequest: JsonRpcRequestMessage(2.0, b3a7b6f0-a8a9-4987-8c24-fa53c9fa7ce0, sbt/terminalCapabilities, {"string":"key_mouse"}})[0m
[0m[[0m[0mdebug[0m] [0m[0mjsonRpcRequest: JsonRpcRequestMessage(2.0, 33d6203e-1698-4e1d-80ae-bd474f475ef3, sbt/terminalCapabilities, {"string":"key_up"}})[0m
[0m[[0m[0mdebug[0m] [0m[0mjsonRpcRequest: JsonRpcRequestMessage(2.0, 8cfb23bb-5fae-4d6b-b9d6-52f6453ba444, sbt/terminalCapabilities, {"string":"key_down"}})[0m
[0m[[0m[0mdebug[0m] [0m[0mjsonRpcRequest: JsonRpcRequestMessage(2.0, b0dd4177-6926-4b24-afcb-50615c1914b5, sbt/terminalCapabilities, {"string":"key_up"}})[0m
[0m[[0m[0mdebug[0m] [0m[0mjsonRpcRequest: JsonRpcRequestMessage(2.0, 1a44007c-d759-4103-b9a2-34dfaf0c1bd9, sbt/terminalCapabilities, {"string":"key_down"}})[0m
[0m[[0m[0mdebug[0m] [0m[0mjsonRpcRequest: JsonRpcRequestMessage(2.0, e835a103-4d93-461a-902a-2cce690ab982, sbt/getTerminalAttributes, {}})[0m
[0m[[0m[0mdebug[0m] [0m[0mjsonRpcRequest: JsonRpcRequestMessage(2.0, 5fb8a7ba-586b-4f9f-b0f7-cdfe73b80453, sbt/terminalCapabilities, {"string":"enter_alt_charset_mode"}})[0m
[0m[[0m[0mdebug[0m] [0m[0mjsonRpcRequest: JsonRpcRequestMessage(2.0, 2c097352-c2ed-4ee5-8303-5b36f8f5afce, sbt/terminalCapabilities, {"string":"exit_alt_charset_mode"}})[0m
[0m[[0m[0mdebug[0m] [0m[0mjsonRpcRequest: JsonRpcRequestMessage(2.0, d7c4411f-96a8-43f7-a395-47d48b2f80a7, sbt/terminalCapabilities, {"string":"insert_line"}})[0m
[0m[[0m[0mdebug[0m] [0m[0mjsonRpcRequest: JsonRpcRequestMessage(2.0, 4263d492-7c46-4f2f-ba9e-e389bd521b68, sbt/terminalCapabilities, {"string":"delete_line"}})[0m
[0m[[0m[0mdebug[0m] [0m[0mjsonRpcRequest: JsonRpcRequestMessage(2.0, e1e950c4-fedb-4623-9bb7-3f19527e3f1f, sbt/terminalCapabilities, {"boolean":"auto_right_margin"}})[0m
[0m[[0m[0mdebug[0m] [0m[0mjsonRpcRequest: JsonRpcRequestMessage(2.0, be445a98-ced2-4bb7-8c4f-016612c2dbc1, sbt/terminalCapabilities, {"boolean":"eat_newline_glitch"}})[0m
[0m[[0m[0mdebug[0m] [0m[0mjsonRpcRequest: JsonRpcRequestMessage(2.0, 2243543d-fbda-4cf3-ab76-3cef4f9d6833, sbt/terminalCapabilities, {"string":"cursor_down"}})[0m
[0m[[0m[0mdebug[0m] [0m[0mjsonRpcRequest: JsonRpcRequestMessage(2.0, 9c2c2f14-0933-4c5a-9392-64a297af53ab, sbt/terminalSetRawMode, {"toggle":true}})[0m
[0m[[0m[0mdebug[0m] [0m[0mjsonRpcRequest: JsonRpcRequestMessage(2.0, 141452f4-8bb6-45b7-916b-c1eadebe0676, sbt/getTerminalAttributes, {}})[0m
[0m[[0m[0mdebug[0m] [0m[0mjsonRpcRequest: JsonRpcRequestMessage(2.0, 4b3bfcaf-447b-47e0-b446-c3aa9ab52033, sbt/terminalCapabilities, {"string":"insert_line"}})[0m
[0m[[0m[0mdebug[0m] [0m[0mjsonRpcRequest: JsonRpcRequestMessage(2.0, cad93f76-7709-42e3-92e5-fae673fc670b, sbt/terminalCapabilities, {"string":"delete_line"}})[0m
[0m[[0m[0mdebug[0m] [0m[0mjsonRpcRequest: JsonRpcRequestMessage(2.0, 872319fa-b43c-49fc-a0b8-f3b5f8f3ae29, sbt/terminalCapabilities, {"boolean":"auto_right_margin"}})[0m
[0m[[0m[0mdebug[0m] [0m[0mjsonRpcRequest: JsonRpcRequestMessage(2.0, e7ffe112-0a57-414f-ba75-a9d4cac7340f, sbt/terminalCapabilities, {"boolean":"eat_newline_glitch"}})[0m
[0m[[0m[0mdebug[0m] [0m[0mjsonRpcRequest: JsonRpcRequestMessage(2.0, 19d073be-7523-48d1-9adf-d20e8e8ef391, sbt/terminalCapabilities, {"string":"cursor_down"}})[0m
[0m[[0m[0mdebug[0m] [0m[0mjsonRpcRequest: JsonRpcRequestMessage(2.0, fb83ff91-18eb-462d-b4b4-bd03adcad8e5, sbt/terminalCapabilities, {"string":"keypad_xmit"}})[0m
[0m[[0m[0mdebug[0m] [0m[0mjsonRpcRequest: JsonRpcRequestMessage(2.0, ba1c34ab-c7f9-4c5b-b5ec-43432f7cf674, sbt/terminalCapabilities, {"numeric":"max_colors"}})[0m
[0m[[0m[0mdebug[0m] [0m[0mjsonRpcRequest: JsonRpcRequestMessage(2.0, ff87010f-e989-43be-9163-b8e4a978c06b, sbt/terminalCapabilities, {"numeric":"max_colors"}})[0m
[0m[[0m[0mdebug[0m] [0m[0mjsonRpcRequest: JsonRpcRequestMessage(2.0, f97a502c-5972-44a5-bdb2-9052d88525a4, sbt/terminalCapabilities, {"string":"enter_alt_charset_mode"}})[0m
[0m[[0m[0mdebug[0m] [0m[0mjsonRpcRequest: JsonRpcRequestMessage(2.0, 87c71520-80ca-4723-968c-17acc5f4aff7, sbt/terminalCapabilities, {"string":"exit_alt_charset_mode"}})[0m
[0m[[0m[0mdebug[0m] [0m[0mjsonRpcNotify: JsonRpcNotificationMessage(2.0, sbt/readSystemIn, "")[0m
