[0m[[0m[0mdebug[0m] [0m[0m> Exec(sbtStashOnFailure, None, None)[0m
[0m[[0m[0mdebug[0m] [0m[0m> Exec(sbtMapExec db6db3f5-6fe1-47af-a277-1bc4f6b9df2f __b74e1ab7-f65b-40cd-ad6e-a564427c2256, None, None)[0m
[0m[[0m[0mdebug[0m] [0m[0m> Exec(test, Some(__b74e1ab7-f65b-40cd-ad6e-a564427c2256), Some(CommandSource(network-1)))[0m
[0m[[0m[0mdebug[0m] [0m[0munmatched Processing event for requestId Some(__b74e1ab7-f65b-40cd-ad6e-a564427c2256): None[0m
[0m[[0m[0mdebug[0m] [0m[0mEvaluating tasks: Test / test[0m
[0m[[0m[0mdebug[0m] [0m[0mRunning task... Cancel: Signal, check cycles: false, forcegc: true[0m
[0m[[0m[0mdebug[0m] [0m[0mjsonRpcNotify: JsonRpcNotificationMessage(2.0, build/taskStart, {"taskId":{"id":"1","parents":[]},"eventTime":1734088950626,"message":"Compiling app142","dataKind":"compile-task","data":{"target":{"uri":"file:/Users/selmabenhassine/Desktop/Masters/MA3/SoftConst/app142/#app142/Compile"}}})[0m
[0m[[0m[0mdebug[0m] [0m[0mjsonRpcNotify: JsonRpcNotificationMessage(2.0, build/taskFinish, {"taskId":{"id":"1","parents":[]},"eventTime":1734088950638,"message":"Compiled app142","status":1,"dataKind":"compile-report","data":{"target":{"uri":"file:/Users/selmabenhassine/Desktop/Masters/MA3/SoftConst/app142/#app142/Compile"},"errors":0,"warnings":0,"time":12}})[0m
[0m[[0m[0mdebug[0m] [0m[0mjsonRpcNotify: JsonRpcNotificationMessage(2.0, build/taskStart, {"taskId":{"id":"2","parents":[]},"eventTime":1734088950647,"message":"Compiling app142-test","dataKind":"compile-task","data":{"target":{"uri":"file:/Users/selmabenhassine/Desktop/Masters/MA3/SoftConst/app142/#app142/Test"}}})[0m
[0m[[0m[0mdebug[0m] [0m[0mjsonRpcNotify: JsonRpcNotificationMessage(2.0, build/taskFinish, {"taskId":{"id":"2","parents":[]},"eventTime":1734088950655,"message":"Compiled app142-test","status":1,"dataKind":"compile-report","data":{"target":{"uri":"file:/Users/selmabenhassine/Desktop/Masters/MA3/SoftConst/app142/#app142/Test"},"errors":0,"warnings":0,"time":8}})[0m
[0m[[0m[0mdebug[0m] [0m[0mjsonRpcRequest: JsonRpcRequestMessage(2.0, 1cc6c512-3107-49c7-a452-15a2b2fdb3aa, sbt/terminalPropertiesQuery, ""})[0m
[0m[[0m[32msuccess[0m] [0m[0mTotal time: 0 s, completed 13 Dec 2024, 12:22:30[0m
[0m[[0m[0mdebug[0m] [0m[0m> Exec(sbtCompleteExec db6db3f5-6fe1-47af-a277-1bc4f6b9df2f, None, None)[0m
[0m[[0m[0mdebug[0m] [0m[0m> Exec(resumeFromFailure, None, None)[0m
[0m[[0m[0mdebug[0m] [0m[0m> Exec(sbtPopOnFailure, None, None)[0m
[0m[[0m[0mdebug[0m] [0m[0m> Exec(sbtReportResult db6db3f5-6fe1-47af-a277-1bc4f6b9df2f, Some(db6db3f5-6fe1-47af-a277-1bc4f6b9df2f), Some(CommandSource(network-1)))[0m
[0m[[0m[0mdebug[0m] [0m[0munmatched Processing event for requestId Some(db6db3f5-6fe1-47af-a277-1bc4f6b9df2f): None[0m
[0m[[0m[0mdebug[0m] [0m[0munmatched json response for requestId Some(db6db3f5-6fe1-47af-a277-1bc4f6b9df2f): {"status":"Done","channelName":"network-1","execId":"db6db3f5-6fe1-47af-a277-1bc4f6b9df2f","commandQueue":["shell"],"exitCode":0}[0m
[0m[[0m[0mdebug[0m] [0m[0m> Exec(shell, None, None)[0m
[0m[[0m[0mdebug[0m] [0m[0mjsonRpcRequest: JsonRpcRequestMessage(2.0, a1db3394-916d-4a91-9a54-84797bffc973, sbt/terminalCapabilities, {"numeric":"max_colors"}})[0m
[0m[[0m[0mdebug[0m] [0m[0mjsonRpcRequest: JsonRpcRequestMessage(2.0, 73cb3cd4-5d80-42ce-96c8-2532150a5750, sbt/terminalCapabilities, {"string":"key_a1"}})[0m
[0m[[0m[0mdebug[0m] [0m[0mjsonRpcRequest: JsonRpcRequestMessage(2.0, b330a9ef-8d2b-4edc-8f2b-85bfddf41ed9, sbt/terminalCapabilities, {"string":"key_a3"}})[0m
[0m[[0m[0mdebug[0m] [0m[0mjsonRpcRequest: JsonRpcRequestMessage(2.0, b9693585-c327-4dff-af66-56b6d1c2e182, sbt/terminalCapabilities, {"string":"key_b2"}})[0m
[0m[[0m[0mdebug[0m] [0m[0mjsonRpcRequest: JsonRpcRequestMessage(2.0, ce00fd72-69fa-4a84-b9bd-c00d8b08bd3a, sbt/terminalCapabilities, {"string":"key_backspace"}})[0m
[0m[[0m[0mdebug[0m] [0m[0mjsonRpcRequest: JsonRpcRequestMessage(2.0, d6b2ca14-b8a7-4e10-b0e7-1257cda386f8, sbt/terminalCapabilities, {"string":"key_beg"}})[0m
[0m[[0m[0mdebug[0m] [0m[0mjsonRpcRequest: JsonRpcRequestMessage(2.0, 146d3405-2bdb-472f-9c3b-0a661af84117, sbt/terminalCapabilities, {"string":"key_btab"}})[0m
[0m[[0m[0mdebug[0m] [0m[0mjsonRpcRequest: JsonRpcRequestMessage(2.0, 069458ba-8698-4ccd-b875-358d5eeb9c91, sbt/terminalCapabilities, {"string":"key_c1"}})[0m
[0m[[0m[0mdebug[0m] [0m[0mjsonRpcRequest: JsonRpcRequestMessage(2.0, da157237-f2a6-4d79-889d-699774a358ee, sbt/terminalCapabilities, {"string":"key_c3"}})[0m
[0m[[0m[0mdebug[0m] [0m[0mjsonRpcRequest: JsonRpcRequestMessage(2.0, 2a4f6116-0f54-4445-b3c4-70274eebba5f, sbt/terminalCapabilities, {"string":"key_cancel"}})[0m
[0m[[0m[0mdebug[0m] [0m[0mjsonRpcRequest: JsonRpcRequestMessage(2.0, 2e2c9d5f-da53-4a63-ad8e-47b5e533e5db, sbt/terminalCapabilities, {"string":"key_catab"}})[0m
[0m[[0m[0mdebug[0m] [0m[0mjsonRpcRequest: JsonRpcRequestMessage(2.0, 0f730ccb-3f04-4b21-9569-7eb9b6c1f5ae, sbt/terminalCapabilities, {"string":"key_clear"}})[0m
[0m[[0m[0mdebug[0m] [0m[0mjsonRpcRequest: JsonRpcRequestMessage(2.0, ec1581ba-4e87-4675-bb2d-6c6fde49bddc, sbt/terminalCapabilities, {"string":"key_close"}})[0m
[0m[[0m[0mdebug[0m] [0m[0mjsonRpcRequest: JsonRpcRequestMessage(2.0, 159dbff7-aa48-432e-bfd3-2713725908fb, sbt/terminalCapabilities, {"string":"key_command"}})[0m
[0m[[0m[0mdebug[0m] [0m[0mjsonRpcRequest: JsonRpcRequestMessage(2.0, 3f8d584b-6a12-4fdf-bbc2-ad6da2c4d1a2, sbt/terminalCapabilities, {"string":"key_copy"}})[0m
[0m[[0m[0mdebug[0m] [0m[0mjsonRpcRequest: JsonRpcRequestMessage(2.0, 7696180d-fe76-4854-bad3-bcf17dc0d751, sbt/terminalCapabilities, {"string":"key_create"}})[0m
[0m[[0m[0mdebug[0m] [0m[0mjsonRpcRequest: JsonRpcRequestMessage(2.0, 009fec38-58bc-496a-8580-f492e1ed0664, sbt/terminalCapabilities, {"string":"key_ctab"}})[0m
[0m[[0m[0mdebug[0m] [0m[0mjsonRpcRequest: JsonRpcRequestMessage(2.0, 2e9faba6-d395-4241-9e3d-81b9e19c7d42, sbt/terminalCapabilities, {"string":"key_dc"}})[0m
[0m[[0m[0mdebug[0m] [0m[0mjsonRpcRequest: JsonRpcRequestMessage(2.0, 115b024c-b742-488e-996c-95e6f64b4b4f, sbt/terminalCapabilities, {"string":"key_dl"}})[0m
[0m[[0m[0mdebug[0m] [0m[0mjsonRpcRequest: JsonRpcRequestMessage(2.0, dbf42e60-b10c-4288-a649-78257a2dd840, sbt/terminalCapabilities, {"string":"key_down"}})[0m
[0m[[0m[0mdebug[0m] [0m[0mjsonRpcRequest: JsonRpcRequestMessage(2.0, 686d2204-500a-48f7-83fa-c4e61f95f71a, sbt/terminalCapabilities, {"string":"key_eic"}})[0m
[0m[[0m[0mdebug[0m] [0m[0mjsonRpcRequest: JsonRpcRequestMessage(2.0, fc6ecf0f-f2c1-47b6-afb1-019acec79ae3, sbt/terminalCapabilities, {"string":"key_end"}})[0m
[0m[[0m[0mdebug[0m] [0m[0mjsonRpcRequest: JsonRpcRequestMessage(2.0, 85aaf0e3-0fdd-472e-b955-d421448d3fb2, sbt/terminalCapabilities, {"string":"key_enter"}})[0m
[0m[[0m[0mdebug[0m] [0m[0mjsonRpcRequest: JsonRpcRequestMessage(2.0, 4963ab28-05a6-4909-8826-48cedb794268, sbt/terminalCapabilities, {"string":"key_eol"}})[0m
[0m[[0m[0mdebug[0m] [0m[0mjsonRpcRequest: JsonRpcRequestMessage(2.0, 0b26e7b1-53bb-4861-a201-548a41b88a42, sbt/terminalCapabilities, {"string":"key_eos"}})[0m
[0m[[0m[0mdebug[0m] [0m[0mjsonRpcRequest: JsonRpcRequestMessage(2.0, c4dab272-3f65-4bbe-a715-f54d323464b2, sbt/terminalCapabilities, {"string":"key_exit"}})[0m
[0m[[0m[0mdebug[0m] [0m[0mjsonRpcRequest: JsonRpcRequestMessage(2.0, 30ae9358-3eca-497b-bc99-a20bf8d71bc6, sbt/terminalCapabilities, {"string":"key_f0"}})[0m
[0m[[0m[0mdebug[0m] [0m[0mjsonRpcRequest: JsonRpcRequestMessage(2.0, b5eb6782-0a8e-49e5-96b3-85e585516f51, sbt/terminalCapabilities, {"string":"key_f1"}})[0m
[0m[[0m[0mdebug[0m] [0m[0mjsonRpcRequest: JsonRpcRequestMessage(2.0, ec004c22-e0a8-4678-b330-4c58419a43f4, sbt/terminalCapabilities, {"string":"key_f10"}})[0m
[0m[[0m[0mdebug[0m] [0m[0mjsonRpcRequest: JsonRpcRequestMessage(2.0, 8f10061f-5db3-46ea-8602-0a5bce6c5e2b, sbt/terminalCapabilities, {"string":"key_f11"}})[0m
[0m[[0m[0mdebug[0m] [0m[0mjsonRpcRequest: JsonRpcRequestMessage(2.0, c9009fe3-81c4-47e6-a4a2-374c880d19d5, sbt/terminalCapabilities, {"string":"key_f12"}})[0m
[0m[[0m[0mdebug[0m] [0m[0mjsonRpcRequest: JsonRpcRequestMessage(2.0, 56e02c75-160e-4f74-8ade-d07ed315c812, sbt/terminalCapabilities, {"string":"key_f13"}})[0m
[0m[[0m[0mdebug[0m] [0m[0mjsonRpcRequest: JsonRpcRequestMessage(2.0, 0ec32222-efbf-4aff-b7ce-61612c3d7f5e, sbt/terminalCapabilities, {"string":"key_f14"}})[0m
[0m[[0m[0mdebug[0m] [0m[0mjsonRpcRequest: JsonRpcRequestMessage(2.0, 1f0655c8-6939-4092-9bfa-e4a5f5619f98, sbt/terminalCapabilities, {"string":"key_f15"}})[0m
[0m[[0m[0mdebug[0m] [0m[0mjsonRpcRequest: JsonRpcRequestMessage(2.0, 7cf7e972-b268-4f43-afd0-a29802c1b708, sbt/terminalCapabilities, {"string":"key_f16"}})[0m
[0m[[0m[0mdebug[0m] [0m[0mjsonRpcRequest: JsonRpcRequestMessage(2.0, a080553c-e428-49ce-ad51-2da0aaba0969, sbt/terminalCapabilities, {"string":"key_f17"}})[0m
[0m[[0m[0mdebug[0m] [0m[0mjsonRpcRequest: JsonRpcRequestMessage(2.0, e8a48d02-0ee7-4b6f-8843-f66e7cc6e4ad, sbt/terminalCapabilities, {"string":"key_f18"}})[0m
[0m[[0m[0mdebug[0m] [0m[0mjsonRpcRequest: JsonRpcRequestMessage(2.0, ab8863fe-632b-4f67-b08e-1b844d3e798b, sbt/terminalCapabilities, {"string":"key_f19"}})[0m
[0m[[0m[0mdebug[0m] [0m[0mjsonRpcRequest: JsonRpcRequestMessage(2.0, 5bfb1558-a59e-43d5-a9cb-0ebf3198535a, sbt/terminalCapabilities, {"string":"key_f2"}})[0m
[0m[[0m[0mdebug[0m] [0m[0mjsonRpcRequest: JsonRpcRequestMessage(2.0, 89b12670-626c-4800-9cb2-9113c47920c1, sbt/terminalCapabilities, {"string":"key_f20"}})[0m
[0m[[0m[0mdebug[0m] [0m[0mjsonRpcRequest: JsonRpcRequestMessage(2.0, 729d6eca-b07c-49ad-8fc0-44f4444f64e7, sbt/terminalCapabilities, {"string":"key_f21"}})[0m
[0m[[0m[0mdebug[0m] [0m[0mjsonRpcRequest: JsonRpcRequestMessage(2.0, 857a78e2-760c-44f1-87dc-9d6a3c654ab3, sbt/terminalCapabilities, {"string":"key_f22"}})[0m
[0m[[0m[0mdebug[0m] [0m[0mjsonRpcRequest: JsonRpcRequestMessage(2.0, 1c01a064-00b8-48d1-93b3-6d33f84252c8, sbt/terminalCapabilities, {"string":"key_f23"}})[0m
[0m[[0m[0mdebug[0m] [0m[0mjsonRpcRequest: JsonRpcRequestMessage(2.0, 7ad424a2-bebf-4020-aa3d-0cd3952b5b93, sbt/terminalCapabilities, {"string":"key_f24"}})[0m
[0m[[0m[0mdebug[0m] [0m[0mjsonRpcRequest: JsonRpcRequestMessage(2.0, f8d066b5-6af6-449e-a729-28e2d4edb1ca, sbt/terminalCapabilities, {"string":"key_f25"}})[0m
[0m[[0m[0mdebug[0m] [0m[0mjsonRpcRequest: JsonRpcRequestMessage(2.0, 9c08892e-0572-4218-bdaa-56620dacc075, sbt/terminalCapabilities, {"string":"key_f26"}})[0m
[0m[[0m[0mdebug[0m] [0m[0mjsonRpcRequest: JsonRpcRequestMessage(2.0, 703bb6d6-d655-440a-bac8-2f0ca6c23db2, sbt/terminalCapabilities, {"string":"key_f27"}})[0m
[0m[[0m[0mdebug[0m] [0m[0mjsonRpcRequest: JsonRpcRequestMessage(2.0, f102844f-1587-4a2c-ae67-69e1c8d724f8, sbt/terminalCapabilities, {"string":"key_f28"}})[0m
[0m[[0m[0mdebug[0m] [0m[0mjsonRpcRequest: JsonRpcRequestMessage(2.0, 10d7a63f-4766-4474-862a-7aea4fe770b3, sbt/terminalCapabilities, {"string":"key_f29"}})[0m
[0m[[0m[0mdebug[0m] [0m[0mjsonRpcRequest: JsonRpcRequestMessage(2.0, efea0ee6-8a12-499f-951a-cdf3f8dadd71, sbt/terminalCapabilities, {"string":"key_f3"}})[0m
[0m[[0m[0mdebug[0m] [0m[0mjsonRpcRequest: JsonRpcRequestMessage(2.0, cbbc61e2-bf51-4c77-b8df-4a15d95c93f7, sbt/terminalCapabilities, {"string":"key_f30"}})[0m
[0m[[0m[0mdebug[0m] [0m[0mjsonRpcRequest: JsonRpcRequestMessage(2.0, 902b1bad-f388-46a0-ac0a-33f5c0cee1f4, sbt/terminalCapabilities, {"string":"key_f31"}})[0m
[0m[[0m[0mdebug[0m] [0m[0mjsonRpcRequest: JsonRpcRequestMessage(2.0, 3ea612f7-ab83-40c6-a668-4f0d7d9211ef, sbt/terminalCapabilities, {"string":"key_f32"}})[0m
[0m[[0m[0mdebug[0m] [0m[0mjsonRpcRequest: JsonRpcRequestMessage(2.0, bb501961-ad3f-4f21-aab1-2577a168be39, sbt/terminalCapabilities, {"string":"key_f33"}})[0m
[0m[[0m[0mdebug[0m] [0m[0mjsonRpcRequest: JsonRpcRequestMessage(2.0, 3cb01e51-03e4-43fe-9c38-505fbe119915, sbt/terminalCapabilities, {"string":"key_f34"}})[0m
[0m[[0m[0mdebug[0m] [0m[0mjsonRpcRequest: JsonRpcRequestMessage(2.0, 8a369515-81e3-422c-83d0-0ea406b4fd98, sbt/terminalCapabilities, {"string":"key_f35"}})[0m
[0m[[0m[0mdebug[0m] [0m[0mjsonRpcRequest: JsonRpcRequestMessage(2.0, 7cb6e6aa-2d5d-4e20-b0f1-054345208126, sbt/terminalCapabilities, {"string":"key_f36"}})[0m
[0m[[0m[0mdebug[0m] [0m[0mjsonRpcRequest: JsonRpcRequestMessage(2.0, 58253b7d-ad41-4838-a74c-41fb339d446a, sbt/terminalCapabilities, {"string":"key_f37"}})[0m
[0m[[0m[0mdebug[0m] [0m[0mjsonRpcRequest: JsonRpcRequestMessage(2.0, ade6fb22-e546-4829-af80-df64e8f210c6, sbt/terminalCapabilities, {"string":"key_f38"}})[0m
[0m[[0m[0mdebug[0m] [0m[0mjsonRpcRequest: JsonRpcRequestMessage(2.0, cab4129a-cc95-4a93-9526-346b21456750, sbt/terminalCapabilities, {"string":"key_f39"}})[0m
[0m[[0m[0mdebug[0m] [0m[0mjsonRpcRequest: JsonRpcRequestMessage(2.0, 1ffcfe20-9f5e-4322-979a-cdd4f18442cb, sbt/terminalCapabilities, {"string":"key_f4"}})[0m
[0m[[0m[0mdebug[0m] [0m[0mjsonRpcRequest: JsonRpcRequestMessage(2.0, 22d10765-a4fc-4adb-aacb-23cff2f5a2da, sbt/terminalCapabilities, {"string":"key_f40"}})[0m
[0m[[0m[0mdebug[0m] [0m[0mjsonRpcRequest: JsonRpcRequestMessage(2.0, a74d3bde-02bd-4cd3-82bc-820c450fc97b, sbt/terminalCapabilities, {"string":"key_f41"}})[0m
[0m[[0m[0mdebug[0m] [0m[0mjsonRpcRequest: JsonRpcRequestMessage(2.0, 648a78f5-a761-4149-b481-fd9c9b1861f4, sbt/terminalCapabilities, {"string":"key_f42"}})[0m
[0m[[0m[0mdebug[0m] [0m[0mjsonRpcRequest: JsonRpcRequestMessage(2.0, 0598671d-5632-48d0-ab6d-62c5de877bd3, sbt/terminalCapabilities, {"string":"key_f43"}})[0m
[0m[[0m[0mdebug[0m] [0m[0mjsonRpcRequest: JsonRpcRequestMessage(2.0, 3fe4e091-67b9-48aa-a7b8-655573e3a056, sbt/terminalCapabilities, {"string":"key_f44"}})[0m
[0m[[0m[0mdebug[0m] [0m[0mjsonRpcRequest: JsonRpcRequestMessage(2.0, 155f99f3-ce12-4f2b-88c1-4f8dbd48b93c, sbt/terminalCapabilities, {"string":"key_f45"}})[0m
[0m[[0m[0mdebug[0m] [0m[0mjsonRpcRequest: JsonRpcRequestMessage(2.0, 5a2cc935-3c20-461c-a684-cf6a25814e95, sbt/terminalCapabilities, {"string":"key_f46"}})[0m
[0m[[0m[0mdebug[0m] [0m[0mjsonRpcRequest: JsonRpcRequestMessage(2.0, 5bc68021-1110-4511-851b-9046c769d8fb, sbt/terminalCapabilities, {"string":"key_f47"}})[0m
[0m[[0m[0mdebug[0m] [0m[0mjsonRpcRequest: JsonRpcRequestMessage(2.0, 72887232-7841-4ed5-9791-e3916386e425, sbt/terminalCapabilities, {"string":"key_f48"}})[0m
[0m[[0m[0mdebug[0m] [0m[0mjsonRpcRequest: JsonRpcRequestMessage(2.0, 83ecfcb9-08d8-4218-90c5-28a8c86f4556, sbt/terminalCapabilities, {"string":"key_f49"}})[0m
[0m[[0m[0mdebug[0m] [0m[0mjsonRpcRequest: JsonRpcRequestMessage(2.0, 53e332d4-d576-4f2f-aa6d-66160f83a7d1, sbt/terminalCapabilities, {"string":"key_f5"}})[0m
[0m[[0m[0mdebug[0m] [0m[0mjsonRpcRequest: JsonRpcRequestMessage(2.0, 84990cb2-71c5-421a-a15f-761587edff80, sbt/terminalCapabilities, {"string":"key_f50"}})[0m
[0m[[0m[0mdebug[0m] [0m[0mjsonRpcRequest: JsonRpcRequestMessage(2.0, 634640e8-7130-4c60-9946-03062397a685, sbt/terminalCapabilities, {"string":"key_f51"}})[0m
[0m[[0m[0mdebug[0m] [0m[0mjsonRpcRequest: JsonRpcRequestMessage(2.0, 4b26382b-58ab-4e33-8270-484d6478b082, sbt/terminalCapabilities, {"string":"key_f52"}})[0m
[0m[[0m[0mdebug[0m] [0m[0mjsonRpcRequest: JsonRpcRequestMessage(2.0, cdb37766-9126-465a-bf3e-98466b81d12f, sbt/terminalCapabilities, {"string":"key_f53"}})[0m
[0m[[0m[0mdebug[0m] [0m[0mjsonRpcRequest: JsonRpcRequestMessage(2.0, 16e32078-8930-4255-9ff5-f17c4a75720f, sbt/terminalCapabilities, {"string":"key_f54"}})[0m
[0m[[0m[0mdebug[0m] [0m[0mjsonRpcRequest: JsonRpcRequestMessage(2.0, 03b122df-9dd2-49b2-8888-3a6775375b15, sbt/terminalCapabilities, {"string":"key_f55"}})[0m
[0m[[0m[0mdebug[0m] [0m[0mjsonRpcRequest: JsonRpcRequestMessage(2.0, f318712f-7127-4216-98d1-dd062ee76907, sbt/terminalCapabilities, {"string":"key_f56"}})[0m
[0m[[0m[0mdebug[0m] [0m[0mjsonRpcRequest: JsonRpcRequestMessage(2.0, 944bbaf0-9bf1-4eef-b034-683733b33d69, sbt/terminalCapabilities, {"string":"key_f57"}})[0m
[0m[[0m[0mdebug[0m] [0m[0mjsonRpcRequest: JsonRpcRequestMessage(2.0, 264dce9e-781a-4dc7-bbd0-e0b981502c3d, sbt/terminalCapabilities, {"string":"key_f58"}})[0m
[0m[[0m[0mdebug[0m] [0m[0mjsonRpcRequest: JsonRpcRequestMessage(2.0, 4e9b9068-705d-4550-a8f4-36d634e3d6a2, sbt/terminalCapabilities, {"string":"key_f59"}})[0m
[0m[[0m[0mdebug[0m] [0m[0mjsonRpcRequest: JsonRpcRequestMessage(2.0, 0b6ebf4d-808c-4aaa-adf1-3bb719232f0c, sbt/terminalCapabilities, {"string":"key_f6"}})[0m
[0m[[0m[0mdebug[0m] [0m[0mjsonRpcRequest: JsonRpcRequestMessage(2.0, 121f3c5c-e8ad-43b2-94c4-4b8dc9953434, sbt/terminalCapabilities, {"string":"key_f60"}})[0m
[0m[[0m[0mdebug[0m] [0m[0mjsonRpcRequest: JsonRpcRequestMessage(2.0, d7398d5b-08af-4bb6-83ab-3d6723f42c33, sbt/terminalCapabilities, {"string":"key_f61"}})[0m
[0m[[0m[0mdebug[0m] [0m[0mjsonRpcRequest: JsonRpcRequestMessage(2.0, 54a04148-8c31-40ef-a1b9-5841123f3848, sbt/terminalCapabilities, {"string":"key_f62"}})[0m
[0m[[0m[0mdebug[0m] [0m[0mjsonRpcRequest: JsonRpcRequestMessage(2.0, 7d799e0b-8f11-47ad-9524-834d73404cbd, sbt/terminalCapabilities, {"string":"key_f63"}})[0m
[0m[[0m[0mdebug[0m] [0m[0mjsonRpcRequest: JsonRpcRequestMessage(2.0, c91aa614-137d-4525-a3cf-7eafcd355f26, sbt/terminalCapabilities, {"string":"key_f7"}})[0m
[0m[[0m[0mdebug[0m] [0m[0mjsonRpcRequest: JsonRpcRequestMessage(2.0, 69bde6b0-6b16-4a6a-aedd-7344b30d786a, sbt/terminalCapabilities, {"string":"key_f8"}})[0m
[0m[[0m[0mdebug[0m] [0m[0mjsonRpcRequest: JsonRpcRequestMessage(2.0, fff879a1-4cbc-44a5-8717-f145917a8eea, sbt/terminalCapabilities, {"string":"key_f9"}})[0m
[0m[[0m[0mdebug[0m] [0m[0mjsonRpcRequest: JsonRpcRequestMessage(2.0, 26dad359-166b-45e3-9e0b-2bbab6706ec9, sbt/terminalCapabilities, {"string":"key_find"}})[0m
[0m[[0m[0mdebug[0m] [0m[0mjsonRpcRequest: JsonRpcRequestMessage(2.0, 48498b54-d95d-4db5-8896-9f717a271a58, sbt/terminalCapabilities, {"string":"key_help"}})[0m
[0m[[0m[0mdebug[0m] [0m[0mjsonRpcRequest: JsonRpcRequestMessage(2.0, aac41def-75b7-4e7b-8573-eaa7fef797c1, sbt/terminalCapabilities, {"string":"key_home"}})[0m
[0m[[0m[0mdebug[0m] [0m[0mjsonRpcRequest: JsonRpcRequestMessage(2.0, 88e1182b-fbe5-4f16-814c-55d582fd1522, sbt/terminalCapabilities, {"string":"key_ic"}})[0m
[0m[[0m[0mdebug[0m] [0m[0mjsonRpcRequest: JsonRpcRequestMessage(2.0, 765bbe41-4b5f-4253-837a-ab41bf4e8ceb, sbt/terminalCapabilities, {"string":"key_il"}})[0m
[0m[[0m[0mdebug[0m] [0m[0mjsonRpcRequest: JsonRpcRequestMessage(2.0, d28909ca-d5df-41c4-b1a5-63c38e3e388c, sbt/terminalCapabilities, {"string":"key_left"}})[0m
[0m[[0m[0mdebug[0m] [0m[0mjsonRpcRequest: JsonRpcRequestMessage(2.0, 4a76fcd6-7af2-4a01-bb73-9879b7bbd2e3, sbt/terminalCapabilities, {"string":"key_ll"}})[0m
[0m[[0m[0mdebug[0m] [0m[0mjsonRpcRequest: JsonRpcRequestMessage(2.0, 6583750b-671c-4779-b8bb-8f86d4346dd3, sbt/terminalCapabilities, {"string":"key_mark"}})[0m
[0m[[0m[0mdebug[0m] [0m[0mjsonRpcRequest: JsonRpcRequestMessage(2.0, 2b40c49f-b128-44ab-a508-bc1343a0ad19, sbt/terminalCapabilities, {"string":"key_message"}})[0m
[0m[[0m[0mdebug[0m] [0m[0mjsonRpcRequest: JsonRpcRequestMessage(2.0, 9d84d124-3f66-49b4-ae3f-6a03285a9c43, sbt/terminalCapabilities, {"string":"key_move"}})[0m
[0m[[0m[0mdebug[0m] [0m[0mjsonRpcRequest: JsonRpcRequestMessage(2.0, 4399f9f8-588f-44f5-94c6-67b6efe69994, sbt/terminalCapabilities, {"string":"key_next"}})[0m
[0m[[0m[0mdebug[0m] [0m[0mjsonRpcRequest: JsonRpcRequestMessage(2.0, 0513cb07-fb12-4e15-b6e2-1f2a4c5b94ba, sbt/terminalCapabilities, {"string":"key_npage"}})[0m
[0m[[0m[0mdebug[0m] [0m[0mjsonRpcRequest: JsonRpcRequestMessage(2.0, 4aefd8d7-ac9e-4176-9cc5-1fe42bb7f620, sbt/terminalCapabilities, {"string":"key_open"}})[0m
[0m[[0m[0mdebug[0m] [0m[0mjsonRpcRequest: JsonRpcRequestMessage(2.0, 6dd2139d-5c6c-4a34-aa9a-fcc5dfc591e0, sbt/terminalCapabilities, {"string":"key_options"}})[0m
[0m[[0m[0mdebug[0m] [0m[0mjsonRpcRequest: JsonRpcRequestMessage(2.0, 847689cf-93cd-4785-8814-8d0b7ee203c5, sbt/terminalCapabilities, {"string":"key_ppage"}})[0m
[0m[[0m[0mdebug[0m] [0m[0mjsonRpcRequest: JsonRpcRequestMessage(2.0, 4c7af9cd-7839-4d7f-82a4-e75a0cef9aab, sbt/terminalCapabilities, {"string":"key_previous"}})[0m
[0m[[0m[0mdebug[0m] [0m[0mjsonRpcRequest: JsonRpcRequestMessage(2.0, b84579fc-7201-4d2f-a643-ed93335d7222, sbt/terminalCapabilities, {"string":"key_print"}})[0m
[0m[[0m[0mdebug[0m] [0m[0mjsonRpcRequest: JsonRpcRequestMessage(2.0, 27a8ae83-636e-442d-9cbb-aeefa37b4279, sbt/terminalCapabilities, {"string":"key_redo"}})[0m
[0m[[0m[0mdebug[0m] [0m[0mjsonRpcRequest: JsonRpcRequestMessage(2.0, 107138ea-23eb-483a-a837-e6499277bd14, sbt/terminalCapabilities, {"string":"key_reference"}})[0m
[0m[[0m[0mdebug[0m] [0m[0mjsonRpcRequest: JsonRpcRequestMessage(2.0, 7462371d-5c11-4cf3-8128-af7561d3e8ae, sbt/terminalCapabilities, {"string":"key_refresh"}})[0m
[0m[[0m[0mdebug[0m] [0m[0mjsonRpcRequest: JsonRpcRequestMessage(2.0, 7a1a9cc0-68b7-401f-ac20-ca739d44ce8b, sbt/terminalCapabilities, {"string":"key_replace"}})[0m
[0m[[0m[0mdebug[0m] [0m[0mjsonRpcRequest: JsonRpcRequestMessage(2.0, 30b7359f-c2b0-457e-97ef-ce742703cbdb, sbt/terminalCapabilities, {"string":"key_restart"}})[0m
[0m[[0m[0mdebug[0m] [0m[0mjsonRpcRequest: JsonRpcRequestMessage(2.0, e461781a-b321-41e3-9f11-4ee9e6019602, sbt/terminalCapabilities, {"string":"key_resume"}})[0m
[0m[[0m[0mdebug[0m] [0m[0mjsonRpcRequest: JsonRpcRequestMessage(2.0, 50080cad-80ca-4d05-99e3-452d7b1283c7, sbt/terminalCapabilities, {"string":"key_right"}})[0m
[0m[[0m[0mdebug[0m] [0m[0mjsonRpcRequest: JsonRpcRequestMessage(2.0, ff292bd2-71d6-4cf1-8b5f-ecc8ed7e902b, sbt/terminalCapabilities, {"string":"key_save"}})[0m
[0m[[0m[0mdebug[0m] [0m[0mjsonRpcRequest: JsonRpcRequestMessage(2.0, 0cd23a18-a986-43a2-8628-4472e24ab1c8, sbt/terminalCapabilities, {"string":"key_sbeg"}})[0m
[0m[[0m[0mdebug[0m] [0m[0mjsonRpcRequest: JsonRpcRequestMessage(2.0, 142ca84c-107c-4d3e-af8c-88cf9c1ef26c, sbt/terminalCapabilities, {"string":"key_scancel"}})[0m
[0m[[0m[0mdebug[0m] [0m[0mjsonRpcRequest: JsonRpcRequestMessage(2.0, fc2eb661-1c77-41ed-93e2-73df5e871059, sbt/terminalCapabilities, {"string":"key_scommand"}})[0m
[0m[[0m[0mdebug[0m] [0m[0mjsonRpcRequest: JsonRpcRequestMessage(2.0, c1d4539d-53be-47ed-afab-a58bc878d5a6, sbt/terminalCapabilities, {"string":"key_scopy"}})[0m
[0m[[0m[0mdebug[0m] [0m[0mjsonRpcRequest: JsonRpcRequestMessage(2.0, cd202430-dbf9-4e1e-8ee5-ef2a008b49a1, sbt/terminalCapabilities, {"string":"key_screate"}})[0m
[0m[[0m[0mdebug[0m] [0m[0mjsonRpcRequest: JsonRpcRequestMessage(2.0, 194b642e-1fdc-4197-8fb9-dd8b774eccd7, sbt/terminalCapabilities, {"string":"key_sdc"}})[0m
[0m[[0m[0mdebug[0m] [0m[0mjsonRpcRequest: JsonRpcRequestMessage(2.0, ac319b4d-51b9-4bca-8086-87e0690271f0, sbt/terminalCapabilities, {"string":"key_sdl"}})[0m
[0m[[0m[0mdebug[0m] [0m[0mjsonRpcRequest: JsonRpcRequestMessage(2.0, 2a1a0ea6-04c8-4679-98cf-2d78ce55bd4d, sbt/terminalCapabilities, {"string":"key_select"}})[0m
[0m[[0m[0mdebug[0m] [0m[0mjsonRpcRequest: JsonRpcRequestMessage(2.0, 9f7cf0d6-63ed-413c-a924-c59c7cc3a354, sbt/terminalCapabilities, {"string":"key_send"}})[0m
[0m[[0m[0mdebug[0m] [0m[0mjsonRpcRequest: JsonRpcRequestMessage(2.0, 12671568-7275-4456-af4b-43dfcf207573, sbt/terminalCapabilities, {"string":"key_seol"}})[0m
[0m[[0m[0mdebug[0m] [0m[0mjsonRpcRequest: JsonRpcRequestMessage(2.0, 6e7db3ef-1fed-4c5b-b23d-60eb1cf13620, sbt/terminalCapabilities, {"string":"key_sexit"}})[0m
[0m[[0m[0mdebug[0m] [0m[0mjsonRpcRequest: JsonRpcRequestMessage(2.0, c6ccf765-f4ef-4344-8354-086af8729d2f, sbt/terminalCapabilities, {"string":"key_sf"}})[0m
[0m[[0m[0mdebug[0m] [0m[0mjsonRpcRequest: JsonRpcRequestMessage(2.0, f82ede78-c1b3-4191-bd95-4d7f8f055df4, sbt/terminalCapabilities, {"string":"key_sfind"}})[0m
[0m[[0m[0mdebug[0m] [0m[0mjsonRpcRequest: JsonRpcRequestMessage(2.0, 9cec0f0b-17f4-4680-9fea-fb40f87460f1, sbt/terminalCapabilities, {"string":"key_shelp"}})[0m
[0m[[0m[0mdebug[0m] [0m[0mjsonRpcRequest: JsonRpcRequestMessage(2.0, 1ba0d6f6-f491-42eb-acf2-c036dcd4fc62, sbt/terminalCapabilities, {"string":"key_shome"}})[0m
[0m[[0m[0mdebug[0m] [0m[0mjsonRpcRequest: JsonRpcRequestMessage(2.0, 43f3f663-a0a0-4cad-84b4-8873d1992d3a, sbt/terminalCapabilities, {"string":"key_sic"}})[0m
[0m[[0m[0mdebug[0m] [0m[0mjsonRpcRequest: JsonRpcRequestMessage(2.0, f6e57d64-df0c-4d74-b257-91ca279adc00, sbt/terminalCapabilities, {"string":"key_sleft"}})[0m
[0m[[0m[0mdebug[0m] [0m[0mjsonRpcRequest: JsonRpcRequestMessage(2.0, ee3cacb3-6871-406c-9d9f-1eb66e71bf51, sbt/terminalCapabilities, {"string":"key_smessage"}})[0m
[0m[[0m[0mdebug[0m] [0m[0mjsonRpcRequest: JsonRpcRequestMessage(2.0, 5a676fe8-3a27-48e5-bc7f-cbb5c72e1821, sbt/terminalCapabilities, {"string":"key_smove"}})[0m
[0m[[0m[0mdebug[0m] [0m[0mjsonRpcRequest: JsonRpcRequestMessage(2.0, f8471629-5cf8-49a6-b80f-2e9de2c82622, sbt/terminalCapabilities, {"string":"key_snext"}})[0m
[0m[[0m[0mdebug[0m] [0m[0mjsonRpcRequest: JsonRpcRequestMessage(2.0, 36e4bc3a-901c-48bf-a0f5-d141bb270327, sbt/terminalCapabilities, {"string":"key_soptions"}})[0m
[0m[[0m[0mdebug[0m] [0m[0mjsonRpcRequest: JsonRpcRequestMessage(2.0, 25566250-2d3a-4aff-aa19-82360e380b6d, sbt/terminalCapabilities, {"string":"key_sprevious"}})[0m
[0m[[0m[0mdebug[0m] [0m[0mjsonRpcRequest: JsonRpcRequestMessage(2.0, 16c437c2-ee07-44ee-85e5-123f0bd44408, sbt/terminalCapabilities, {"string":"key_sprint"}})[0m
[0m[[0m[0mdebug[0m] [0m[0mjsonRpcRequest: JsonRpcRequestMessage(2.0, ec88da70-0b77-4f56-b0e6-844304ef2ba2, sbt/terminalCapabilities, {"string":"key_sr"}})[0m
[0m[[0m[0mdebug[0m] [0m[0mjsonRpcRequest: JsonRpcRequestMessage(2.0, 565614a8-a218-482b-a9c7-342fcce72c73, sbt/terminalCapabilities, {"string":"key_sredo"}})[0m
[0m[[0m[0mdebug[0m] [0m[0mjsonRpcRequest: JsonRpcRequestMessage(2.0, a9a59f05-9fdf-4950-a709-fa6547588e5b, sbt/terminalCapabilities, {"string":"key_sreplace"}})[0m
[0m[[0m[0mdebug[0m] [0m[0mjsonRpcRequest: JsonRpcRequestMessage(2.0, b9653e74-dd10-4d52-9ecc-6778f7a21d14, sbt/terminalCapabilities, {"string":"key_sright"}})[0m
[0m[[0m[0mdebug[0m] [0m[0mjsonRpcRequest: JsonRpcRequestMessage(2.0, faa5114e-e1f9-4764-bc62-d9558fd67279, sbt/terminalCapabilities, {"string":"key_srsume"}})[0m
[0m[[0m[0mdebug[0m] [0m[0mjsonRpcRequest: JsonRpcRequestMessage(2.0, 494650bc-55af-49c8-8504-69a92887884c, sbt/terminalCapabilities, {"string":"key_ssave"}})[0m
[0m[[0m[0mdebug[0m] [0m[0mjsonRpcRequest: JsonRpcRequestMessage(2.0, cbef4f98-103e-45f2-a9db-8e4f25931b40, sbt/terminalCapabilities, {"string":"key_ssuspend"}})[0m
[0m[[0m[0mdebug[0m] [0m[0mjsonRpcRequest: JsonRpcRequestMessage(2.0, 904f16b7-3607-4996-aa2a-9e5dcd3b4c71, sbt/terminalCapabilities, {"string":"key_stab"}})[0m
[0m[[0m[0mdebug[0m] [0m[0mjsonRpcRequest: JsonRpcRequestMessage(2.0, 2b6bcaba-29e8-4c42-85bd-312585e038cb, sbt/terminalCapabilities, {"string":"key_sundo"}})[0m
[0m[[0m[0mdebug[0m] [0m[0mjsonRpcRequest: JsonRpcRequestMessage(2.0, 55fee2e8-8b94-4287-8b1b-af28454bfb22, sbt/terminalCapabilities, {"string":"key_suspend"}})[0m
[0m[[0m[0mdebug[0m] [0m[0mjsonRpcRequest: JsonRpcRequestMessage(2.0, 4a1be908-51ae-4bee-85d2-df820f793038, sbt/terminalCapabilities, {"string":"key_undo"}})[0m
[0m[[0m[0mdebug[0m] [0m[0mjsonRpcRequest: JsonRpcRequestMessage(2.0, 274f3c72-87ac-43d3-988a-5bc21056bcb6, sbt/terminalCapabilities, {"string":"key_up"}})[0m
[0m[[0m[0mdebug[0m] [0m[0mjsonRpcRequest: JsonRpcRequestMessage(2.0, 580f462a-6b68-4264-8957-e370449993f3, sbt/terminalCapabilities, {"string":"key_mouse"}})[0m
[0m[[0m[0mdebug[0m] [0m[0mjsonRpcRequest: JsonRpcRequestMessage(2.0, 5610c6b6-ce6d-4617-9645-56ad6bbce877, sbt/terminalCapabilities, {"string":"key_up"}})[0m
[0m[[0m[0mdebug[0m] [0m[0mjsonRpcRequest: JsonRpcRequestMessage(2.0, 3f20b87c-dc49-41b3-ae81-ed4cdde091fb, sbt/terminalCapabilities, {"string":"key_down"}})[0m
[0m[[0m[0mdebug[0m] [0m[0mjsonRpcRequest: JsonRpcRequestMessage(2.0, 80f79196-bcd3-4a01-b557-9db1ad9041ce, sbt/terminalCapabilities, {"string":"key_left"}})[0m
[0m[[0m[0mdebug[0m] [0m[0mjsonRpcRequest: JsonRpcRequestMessage(2.0, 463b2e6e-bcf5-4696-bf45-9bfe8231d5bf, sbt/terminalCapabilities, {"string":"key_right"}})[0m
[0m[[0m[0mdebug[0m] [0m[0mjsonRpcRequest: JsonRpcRequestMessage(2.0, b5772013-de3c-42fe-aa29-987cb2ac266b, sbt/terminalCapabilities, {"string":"key_home"}})[0m
[0m[[0m[0mdebug[0m] [0m[0mjsonRpcRequest: JsonRpcRequestMessage(2.0, 788914fb-7bec-4513-91aa-34d6d499b717, sbt/terminalCapabilities, {"string":"key_end"}})[0m
[0m[[0m[0mdebug[0m] [0m[0mjsonRpcRequest: JsonRpcRequestMessage(2.0, f53aa13f-3d16-4f96-b2cb-6688ca206241, sbt/terminalCapabilities, {"string":"key_dc"}})[0m
[0m[[0m[0mdebug[0m] [0m[0mjsonRpcRequest: JsonRpcRequestMessage(2.0, 9c870336-2bb6-4044-940a-cd405799cea8, sbt/terminalCapabilities, {"string":"key_dl"}})[0m
[0m[[0m[0mdebug[0m] [0m[0mjsonRpcRequest: JsonRpcRequestMessage(2.0, 9abbedcf-12b2-416f-bc98-6e790c939963, sbt/terminalCapabilities, {"string":"key_ic"}})[0m
[0m[[0m[0mdebug[0m] [0m[0mjsonRpcRequest: JsonRpcRequestMessage(2.0, cb5f04ee-21c9-49e6-b049-fa3beba672ae, sbt/terminalCapabilities, {"string":"key_mouse"}})[0m
[0m[[0m[0mdebug[0m] [0m[0mjsonRpcRequest: JsonRpcRequestMessage(2.0, f26d4a65-8186-4e08-a2a6-62e7af674a8a, sbt/terminalCapabilities, {"string":"key_right"}})[0m
[0m[[0m[0mdebug[0m] [0m[0mjsonRpcRequest: JsonRpcRequestMessage(2.0, 8efb4eaf-5285-40ac-87f6-2738d79a67b9, sbt/terminalCapabilities, {"string":"key_left"}})[0m
[0m[[0m[0mdebug[0m] [0m[0mjsonRpcRequest: JsonRpcRequestMessage(2.0, e8729d22-3111-432c-9af7-b33089ed9f12, sbt/terminalCapabilities, {"string":"key_up"}})[0m
[0m[[0m[0mdebug[0m] [0m[0mjsonRpcRequest: JsonRpcRequestMessage(2.0, 30aa50f5-9417-4706-9274-fdaea24e9643, sbt/terminalCapabilities, {"string":"key_down"}})[0m
[0m[[0m[0mdebug[0m] [0m[0mjsonRpcRequest: JsonRpcRequestMessage(2.0, 81570e8f-a553-48ac-b81a-11c785581854, sbt/terminalCapabilities, {"string":"key_left"}})[0m
[0m[[0m[0mdebug[0m] [0m[0mjsonRpcRequest: JsonRpcRequestMessage(2.0, c03e4411-f54c-4384-b989-1da4c599d82b, sbt/terminalCapabilities, {"string":"key_right"}})[0m
[0m[[0m[0mdebug[0m] [0m[0mjsonRpcRequest: JsonRpcRequestMessage(2.0, eae6cd57-a26c-41b8-8f4d-3dba1a76791c, sbt/terminalCapabilities, {"string":"key_home"}})[0m
[0m[[0m[0mdebug[0m] [0m[0mjsonRpcRequest: JsonRpcRequestMessage(2.0, 5e44360a-fb28-4fb6-8bfa-bc45d7918ea2, sbt/terminalCapabilities, {"string":"key_end"}})[0m
[0m[[0m[0mdebug[0m] [0m[0mjsonRpcRequest: JsonRpcRequestMessage(2.0, 0ffbff62-17a9-4ce9-be4d-ae7b67687720, sbt/terminalCapabilities, {"string":"key_dc"}})[0m
[0m[[0m[0mdebug[0m] [0m[0mjsonRpcRequest: JsonRpcRequestMessage(2.0, 8caf99bd-4387-4262-800b-3b7597e0714e, sbt/terminalCapabilities, {"string":"key_dl"}})[0m
[0m[[0m[0mdebug[0m] [0m[0mjsonRpcRequest: JsonRpcRequestMessage(2.0, a9e33328-cfe7-40a1-a382-ff19d5047813, sbt/terminalCapabilities, {"string":"key_ic"}})[0m
[0m[[0m[0mdebug[0m] [0m[0mjsonRpcRequest: JsonRpcRequestMessage(2.0, 2d2dbc0e-4d93-49e2-867a-e51f8035b2eb, sbt/terminalCapabilities, {"string":"key_mouse"}})[0m
[0m[[0m[0mdebug[0m] [0m[0mjsonRpcRequest: JsonRpcRequestMessage(2.0, 55009c73-4b59-4117-8fa3-2f399beefc2c, sbt/terminalCapabilities, {"string":"key_a1"}})[0m
[0m[[0m[0mdebug[0m] [0m[0mjsonRpcRequest: JsonRpcRequestMessage(2.0, f468d5c9-e38f-4d68-a245-90e0d205e9e9, sbt/terminalCapabilities, {"string":"key_a3"}})[0m
[0m[[0m[0mdebug[0m] [0m[0mjsonRpcRequest: JsonRpcRequestMessage(2.0, 73bc7511-27a2-4c14-a738-cb816e5fde63, sbt/terminalCapabilities, {"string":"key_b2"}})[0m
[0m[[0m[0mdebug[0m] [0m[0mjsonRpcRequest: JsonRpcRequestMessage(2.0, 1b76217d-f105-4589-acbb-31495581b556, sbt/terminalCapabilities, {"string":"key_backspace"}})[0m
[0m[[0m[0mdebug[0m] [0m[0mjsonRpcRequest: JsonRpcRequestMessage(2.0, 91eb856d-ac71-4102-9e15-dd8e57c75aab, sbt/terminalCapabilities, {"string":"key_beg"}})[0m
[0m[[0m[0mdebug[0m] [0m[0mjsonRpcRequest: JsonRpcRequestMessage(2.0, 0adf510a-1979-44d9-a71b-f7847ae17253, sbt/terminalCapabilities, {"string":"key_btab"}})[0m
[0m[[0m[0mdebug[0m] [0m[0mjsonRpcRequest: JsonRpcRequestMessage(2.0, 764b19d1-5e4f-4f2a-af07-53f59f8c478f, sbt/terminalCapabilities, {"string":"key_c1"}})[0m
[0m[[0m[0mdebug[0m] [0m[0mjsonRpcRequest: JsonRpcRequestMessage(2.0, 9bc29314-fb88-418c-bc9d-cb859cada273, sbt/terminalCapabilities, {"string":"key_c3"}})[0m
[0m[[0m[0mdebug[0m] [0m[0mjsonRpcRequest: JsonRpcRequestMessage(2.0, 75c690c8-d085-4a97-89c1-122686da4dd2, sbt/terminalCapabilities, {"string":"key_cancel"}})[0m
[0m[[0m[0mdebug[0m] [0m[0mjsonRpcRequest: JsonRpcRequestMessage(2.0, 3152751f-66b4-42d1-9470-5a998b974b19, sbt/terminalCapabilities, {"string":"key_catab"}})[0m
[0m[[0m[0mdebug[0m] [0m[0mjsonRpcRequest: JsonRpcRequestMessage(2.0, 0cdfc6e0-4e22-4b74-947e-c73447abd397, sbt/terminalCapabilities, {"string":"key_clear"}})[0m
[0m[[0m[0mdebug[0m] [0m[0mjsonRpcRequest: JsonRpcRequestMessage(2.0, a38695a0-9ced-40fa-ad6b-b381e15de712, sbt/terminalCapabilities, {"string":"key_close"}})[0m
[0m[[0m[0mdebug[0m] [0m[0mjsonRpcRequest: JsonRpcRequestMessage(2.0, 89f6b20b-0c47-4c03-a193-c2820dafe290, sbt/terminalCapabilities, {"string":"key_command"}})[0m
[0m[[0m[0mdebug[0m] [0m[0mjsonRpcRequest: JsonRpcRequestMessage(2.0, 610aacfb-3de8-43c4-a9fc-22a3ab64c80e, sbt/terminalCapabilities, {"string":"key_copy"}})[0m
[0m[[0m[0mdebug[0m] [0m[0mjsonRpcRequest: JsonRpcRequestMessage(2.0, 088e5d96-6657-4e37-84c9-8928877533d1, sbt/terminalCapabilities, {"string":"key_create"}})[0m
[0m[[0m[0mdebug[0m] [0m[0mjsonRpcRequest: JsonRpcRequestMessage(2.0, 52f3a4e1-3b31-4ad8-be19-2e2238a79a28, sbt/terminalCapabilities, {"string":"key_ctab"}})[0m
[0m[[0m[0mdebug[0m] [0m[0mjsonRpcRequest: JsonRpcRequestMessage(2.0, 2f70be17-87e0-46ed-815c-be50d72ad08a, sbt/terminalCapabilities, {"string":"key_dc"}})[0m
[0m[[0m[0mdebug[0m] [0m[0mjsonRpcRequest: JsonRpcRequestMessage(2.0, ee7b7926-302b-48e8-ab9b-f70eaf3bd280, sbt/terminalCapabilities, {"string":"key_dl"}})[0m
[0m[[0m[0mdebug[0m] [0m[0mjsonRpcRequest: JsonRpcRequestMessage(2.0, b8fdd0e1-caf3-4b54-8be1-ddf8d397ad89, sbt/terminalCapabilities, {"string":"key_down"}})[0m
[0m[[0m[0mdebug[0m] [0m[0mjsonRpcRequest: JsonRpcRequestMessage(2.0, 5f546155-66b8-4bba-806c-152fab42987d, sbt/terminalCapabilities, {"string":"key_eic"}})[0m
[0m[[0m[0mdebug[0m] [0m[0mjsonRpcRequest: JsonRpcRequestMessage(2.0, bf00f5a7-5b80-46d1-8428-63157d22f35e, sbt/terminalCapabilities, {"string":"key_end"}})[0m
[0m[[0m[0mdebug[0m] [0m[0mjsonRpcRequest: JsonRpcRequestMessage(2.0, 1641c8ff-9720-4448-9f16-f08eb4fc5a3e, sbt/terminalCapabilities, {"string":"key_enter"}})[0m
[0m[[0m[0mdebug[0m] [0m[0mjsonRpcRequest: JsonRpcRequestMessage(2.0, 1a4ed70a-7a69-43a2-ac82-9f78765e8dec, sbt/terminalCapabilities, {"string":"key_eol"}})[0m
[0m[[0m[0mdebug[0m] [0m[0mjsonRpcRequest: JsonRpcRequestMessage(2.0, f58bf07e-47ae-4daf-b5ca-e8501fbf20c5, sbt/terminalCapabilities, {"string":"key_eos"}})[0m
[0m[[0m[0mdebug[0m] [0m[0mjsonRpcRequest: JsonRpcRequestMessage(2.0, 4cc75a3b-bce4-488c-b73d-f52a40905f34, sbt/terminalCapabilities, {"string":"key_exit"}})[0m
[0m[[0m[0mdebug[0m] [0m[0mjsonRpcRequest: JsonRpcRequestMessage(2.0, 9881934e-a3b1-49df-ac2c-eb9350666d94, sbt/terminalCapabilities, {"string":"key_f0"}})[0m
[0m[[0m[0mdebug[0m] [0m[0mjsonRpcRequest: JsonRpcRequestMessage(2.0, a664e730-4421-404b-816f-72f6929eda08, sbt/terminalCapabilities, {"string":"key_f1"}})[0m
[0m[[0m[0mdebug[0m] [0m[0mjsonRpcRequest: JsonRpcRequestMessage(2.0, 56e1bac2-bf76-4b7b-b5d3-648ec48bfa62, sbt/terminalCapabilities, {"string":"key_f10"}})[0m
[0m[[0m[0mdebug[0m] [0m[0mjsonRpcRequest: JsonRpcRequestMessage(2.0, 208ca11c-ae0e-4c33-a797-060850915040, sbt/terminalCapabilities, {"string":"key_f11"}})[0m
[0m[[0m[0mdebug[0m] [0m[0mjsonRpcRequest: JsonRpcRequestMessage(2.0, 64c6d1f0-4fd8-4a67-b234-0aa2de86d957, sbt/terminalCapabilities, {"string":"key_f12"}})[0m
[0m[[0m[0mdebug[0m] [0m[0mjsonRpcRequest: JsonRpcRequestMessage(2.0, d7671f41-edf5-4119-945e-033b06555604, sbt/terminalCapabilities, {"string":"key_f13"}})[0m
[0m[[0m[0mdebug[0m] [0m[0mjsonRpcRequest: JsonRpcRequestMessage(2.0, a026720c-131a-414b-a9ea-1b33660743ae, sbt/terminalCapabilities, {"string":"key_f14"}})[0m
[0m[[0m[0mdebug[0m] [0m[0mjsonRpcRequest: JsonRpcRequestMessage(2.0, f0540611-5c3f-4bbe-bbad-1602c0513420, sbt/terminalCapabilities, {"string":"key_f15"}})[0m
[0m[[0m[0mdebug[0m] [0m[0mjsonRpcRequest: JsonRpcRequestMessage(2.0, 4e548d40-4c1b-4ca7-80dd-dc7b715f0f84, sbt/terminalCapabilities, {"string":"key_f16"}})[0m
[0m[[0m[0mdebug[0m] [0m[0mjsonRpcRequest: JsonRpcRequestMessage(2.0, e9e9ceb3-6dc8-4929-ac50-a8bc41214117, sbt/terminalCapabilities, {"string":"key_f17"}})[0m
[0m[[0m[0mdebug[0m] [0m[0mjsonRpcRequest: JsonRpcRequestMessage(2.0, 0a5cc92e-2d98-4ee8-8458-fbfaa4782c1b, sbt/terminalCapabilities, {"string":"key_f18"}})[0m
[0m[[0m[0mdebug[0m] [0m[0mjsonRpcRequest: JsonRpcRequestMessage(2.0, a8e9df4a-d890-432a-9bfd-33cc1933334d, sbt/terminalCapabilities, {"string":"key_f19"}})[0m
[0m[[0m[0mdebug[0m] [0m[0mjsonRpcRequest: JsonRpcRequestMessage(2.0, 163dfe5f-3d70-48dc-bdd1-72066bfaaf11, sbt/terminalCapabilities, {"string":"key_f2"}})[0m
[0m[[0m[0mdebug[0m] [0m[0mjsonRpcRequest: JsonRpcRequestMessage(2.0, 6089ce76-074c-4109-ba22-1defa2b27a2e, sbt/terminalCapabilities, {"string":"key_f20"}})[0m
[0m[[0m[0mdebug[0m] [0m[0mjsonRpcRequest: JsonRpcRequestMessage(2.0, cf01966c-9e74-4a50-a134-d758c0f611a8, sbt/terminalCapabilities, {"string":"key_f21"}})[0m
[0m[[0m[0mdebug[0m] [0m[0mjsonRpcRequest: JsonRpcRequestMessage(2.0, 1f6ea061-d56c-499c-8252-ec24842b1065, sbt/terminalCapabilities, {"string":"key_f22"}})[0m
[0m[[0m[0mdebug[0m] [0m[0mjsonRpcRequest: JsonRpcRequestMessage(2.0, 577d82a1-1ef6-4b12-a23b-cc64ade43ceb, sbt/terminalCapabilities, {"string":"key_f23"}})[0m
[0m[[0m[0mdebug[0m] [0m[0mjsonRpcRequest: JsonRpcRequestMessage(2.0, 5a1806ba-18ef-4c23-8140-ea1a49bf3470, sbt/terminalCapabilities, {"string":"key_f24"}})[0m
[0m[[0m[0mdebug[0m] [0m[0mjsonRpcRequest: JsonRpcRequestMessage(2.0, c49a540a-8f49-496f-9068-83c49019ed93, sbt/terminalCapabilities, {"string":"key_f25"}})[0m
[0m[[0m[0mdebug[0m] [0m[0mjsonRpcRequest: JsonRpcRequestMessage(2.0, 65504a9d-485f-499b-8842-053455dc0bbd, sbt/terminalCapabilities, {"string":"key_f26"}})[0m
[0m[[0m[0mdebug[0m] [0m[0mjsonRpcRequest: JsonRpcRequestMessage(2.0, 006e7679-6200-42ef-a963-23ddbf5492f1, sbt/terminalCapabilities, {"string":"key_f27"}})[0m
[0m[[0m[0mdebug[0m] [0m[0mjsonRpcRequest: JsonRpcRequestMessage(2.0, 1b739fbf-4f53-4fe8-a990-2ad28082c5a4, sbt/terminalCapabilities, {"string":"key_f28"}})[0m
[0m[[0m[0mdebug[0m] [0m[0mjsonRpcRequest: JsonRpcRequestMessage(2.0, 9a588f07-e75b-4d23-9729-de37d9b08781, sbt/terminalCapabilities, {"string":"key_f29"}})[0m
[0m[[0m[0mdebug[0m] [0m[0mjsonRpcRequest: JsonRpcRequestMessage(2.0, 0355f8ad-01c0-4f3b-8877-0b4d8e09145d, sbt/terminalCapabilities, {"string":"key_f3"}})[0m
[0m[[0m[0mdebug[0m] [0m[0mjsonRpcRequest: JsonRpcRequestMessage(2.0, baa99b63-fb30-4292-a4e2-013a59e2f55c, sbt/terminalCapabilities, {"string":"key_f30"}})[0m
[0m[[0m[0mdebug[0m] [0m[0mjsonRpcRequest: JsonRpcRequestMessage(2.0, dd4d15f4-30e3-45b7-a5eb-1f175ad0e9ae, sbt/terminalCapabilities, {"string":"key_f31"}})[0m
[0m[[0m[0mdebug[0m] [0m[0mjsonRpcRequest: JsonRpcRequestMessage(2.0, 456d23aa-eed5-4139-af9b-4754899cc7d3, sbt/terminalCapabilities, {"string":"key_f32"}})[0m
[0m[[0m[0mdebug[0m] [0m[0mjsonRpcRequest: JsonRpcRequestMessage(2.0, f622c94a-0688-4504-8223-203449b86bd8, sbt/terminalCapabilities, {"string":"key_f33"}})[0m
[0m[[0m[0mdebug[0m] [0m[0mjsonRpcRequest: JsonRpcRequestMessage(2.0, 6d231062-c9c4-4c42-b45e-ee2b864700f9, sbt/terminalCapabilities, {"string":"key_f34"}})[0m
[0m[[0m[0mdebug[0m] [0m[0mjsonRpcRequest: JsonRpcRequestMessage(2.0, 4a228e2c-6609-4e2a-bab8-39ba1fc354c4, sbt/terminalCapabilities, {"string":"key_f35"}})[0m
[0m[[0m[0mdebug[0m] [0m[0mjsonRpcRequest: JsonRpcRequestMessage(2.0, 2b6c465f-17c0-448d-93a5-e5d0a216ed3b, sbt/terminalCapabilities, {"string":"key_f36"}})[0m
[0m[[0m[0mdebug[0m] [0m[0mjsonRpcRequest: JsonRpcRequestMessage(2.0, a97107ec-0165-4a70-9eca-77e500eb1d71, sbt/terminalCapabilities, {"string":"key_f37"}})[0m
[0m[[0m[0mdebug[0m] [0m[0mjsonRpcRequest: JsonRpcRequestMessage(2.0, 7932bfc9-b74c-4a56-91ed-a8306af30462, sbt/terminalCapabilities, {"string":"key_f38"}})[0m
[0m[[0m[0mdebug[0m] [0m[0mjsonRpcRequest: JsonRpcRequestMessage(2.0, f2e65f5f-b559-42c0-a042-af5a2bac87f7, sbt/terminalCapabilities, {"string":"key_f39"}})[0m
[0m[[0m[0mdebug[0m] [0m[0mjsonRpcRequest: JsonRpcRequestMessage(2.0, d97730c5-5de0-4b2d-a9ae-4db1f24ed186, sbt/terminalCapabilities, {"string":"key_f4"}})[0m
[0m[[0m[0mdebug[0m] [0m[0mjsonRpcRequest: JsonRpcRequestMessage(2.0, 29d44dec-683d-44dc-83bb-55349d2aa2bc, sbt/terminalCapabilities, {"string":"key_f40"}})[0m
[0m[[0m[0mdebug[0m] [0m[0mjsonRpcRequest: JsonRpcRequestMessage(2.0, 908435b2-b159-4e7f-b48d-be2ad9251162, sbt/terminalCapabilities, {"string":"key_f41"}})[0m
[0m[[0m[0mdebug[0m] [0m[0mjsonRpcRequest: JsonRpcRequestMessage(2.0, 1a6ecfe0-5f97-4e7f-8b79-38d75b741ee5, sbt/terminalCapabilities, {"string":"key_f42"}})[0m
[0m[[0m[0mdebug[0m] [0m[0mjsonRpcRequest: JsonRpcRequestMessage(2.0, 7427c154-4fda-4ab8-840a-b589f6cf27c4, sbt/terminalCapabilities, {"string":"key_f43"}})[0m
[0m[[0m[0mdebug[0m] [0m[0mjsonRpcRequest: JsonRpcRequestMessage(2.0, 973c32ec-6fe2-420f-9f47-72cdb84ae517, sbt/terminalCapabilities, {"string":"key_f44"}})[0m
[0m[[0m[0mdebug[0m] [0m[0mjsonRpcRequest: JsonRpcRequestMessage(2.0, e62487ea-d990-402d-82b8-c49d563e932e, sbt/terminalCapabilities, {"string":"key_f45"}})[0m
[0m[[0m[0mdebug[0m] [0m[0mjsonRpcRequest: JsonRpcRequestMessage(2.0, cafaa951-3693-4833-92fe-2915c20e6d72, sbt/terminalCapabilities, {"string":"key_f46"}})[0m
[0m[[0m[0mdebug[0m] [0m[0mjsonRpcRequest: JsonRpcRequestMessage(2.0, 1e445972-e117-4b77-8647-31e62b7428c8, sbt/terminalCapabilities, {"string":"key_f47"}})[0m
[0m[[0m[0mdebug[0m] [0m[0mjsonRpcRequest: JsonRpcRequestMessage(2.0, 590e70b2-cc72-4097-8295-bc86208cdf77, sbt/terminalCapabilities, {"string":"key_f48"}})[0m
[0m[[0m[0mdebug[0m] [0m[0mjsonRpcRequest: JsonRpcRequestMessage(2.0, 1b27271e-e795-4be1-b5ee-5ca72a18bf0d, sbt/terminalCapabilities, {"string":"key_f49"}})[0m
[0m[[0m[0mdebug[0m] [0m[0mjsonRpcRequest: JsonRpcRequestMessage(2.0, 139dc51b-fd72-4300-8a88-fd324c6560ea, sbt/terminalCapabilities, {"string":"key_f5"}})[0m
[0m[[0m[0mdebug[0m] [0m[0mjsonRpcRequest: JsonRpcRequestMessage(2.0, 84cd0bf8-b6c1-4b5c-ba8b-dff3fe9092db, sbt/terminalCapabilities, {"string":"key_f50"}})[0m
[0m[[0m[0mdebug[0m] [0m[0mjsonRpcRequest: JsonRpcRequestMessage(2.0, 27aae1cd-1342-4bdd-a66a-b0c72b090d90, sbt/terminalCapabilities, {"string":"key_f51"}})[0m
[0m[[0m[0mdebug[0m] [0m[0mjsonRpcRequest: JsonRpcRequestMessage(2.0, 2fea143a-d049-43cb-a2a2-bb153dbf0790, sbt/terminalCapabilities, {"string":"key_f52"}})[0m
[0m[[0m[0mdebug[0m] [0m[0mjsonRpcRequest: JsonRpcRequestMessage(2.0, 52da719e-3643-4e54-ad3b-30a828d971fc, sbt/terminalCapabilities, {"string":"key_f53"}})[0m
[0m[[0m[0mdebug[0m] [0m[0mjsonRpcRequest: JsonRpcRequestMessage(2.0, 4e3fb56e-2ec1-4d4b-ac65-1fa4206a5f4b, sbt/terminalCapabilities, {"string":"key_f54"}})[0m
[0m[[0m[0mdebug[0m] [0m[0mjsonRpcRequest: JsonRpcRequestMessage(2.0, 688d4f43-9b7e-48e0-b049-b49ef259a31f, sbt/terminalCapabilities, {"string":"key_f55"}})[0m
[0m[[0m[0mdebug[0m] [0m[0mjsonRpcRequest: JsonRpcRequestMessage(2.0, bd56b9be-ab25-4c4d-a698-a0df61b1098f, sbt/terminalCapabilities, {"string":"key_f56"}})[0m
[0m[[0m[0mdebug[0m] [0m[0mjsonRpcRequest: JsonRpcRequestMessage(2.0, ca19cfef-ebbc-4016-b703-889c4c5c1796, sbt/terminalCapabilities, {"string":"key_f57"}})[0m
[0m[[0m[0mdebug[0m] [0m[0mjsonRpcRequest: JsonRpcRequestMessage(2.0, 5e3ea166-cb79-4ce2-943a-7447c3dda0fc, sbt/terminalCapabilities, {"string":"key_f58"}})[0m
[0m[[0m[0mdebug[0m] [0m[0mjsonRpcRequest: JsonRpcRequestMessage(2.0, 13191802-18a7-437b-98f0-a388729d287c, sbt/terminalCapabilities, {"string":"key_f59"}})[0m
[0m[[0m[0mdebug[0m] [0m[0mjsonRpcRequest: JsonRpcRequestMessage(2.0, f48c1f50-efd9-4feb-bbde-8c8efd76a3df, sbt/terminalCapabilities, {"string":"key_f6"}})[0m
[0m[[0m[0mdebug[0m] [0m[0mjsonRpcRequest: JsonRpcRequestMessage(2.0, 6534fb85-4d70-405f-afbb-523546abe90c, sbt/terminalCapabilities, {"string":"key_f60"}})[0m
[0m[[0m[0mdebug[0m] [0m[0mjsonRpcRequest: JsonRpcRequestMessage(2.0, efe14902-2771-4232-9fd6-466465cf5086, sbt/terminalCapabilities, {"string":"key_f61"}})[0m
[0m[[0m[0mdebug[0m] [0m[0mjsonRpcRequest: JsonRpcRequestMessage(2.0, b483ee39-6e2a-4d24-bead-2c9cb052f8c1, sbt/terminalCapabilities, {"string":"key_f62"}})[0m
[0m[[0m[0mdebug[0m] [0m[0mjsonRpcRequest: JsonRpcRequestMessage(2.0, b45228d7-2209-4538-862a-fad45a5a5ed7, sbt/terminalCapabilities, {"string":"key_f63"}})[0m
[0m[[0m[0mdebug[0m] [0m[0mjsonRpcRequest: JsonRpcRequestMessage(2.0, 320236ca-1a1e-404a-a11f-357bc6a98fbd, sbt/terminalCapabilities, {"string":"key_f7"}})[0m
[0m[[0m[0mdebug[0m] [0m[0mjsonRpcRequest: JsonRpcRequestMessage(2.0, c9acb708-607b-420a-8ac0-142255e65fd8, sbt/terminalCapabilities, {"string":"key_f8"}})[0m
[0m[[0m[0mdebug[0m] [0m[0mjsonRpcRequest: JsonRpcRequestMessage(2.0, 3c80cd7a-bcf1-4b82-b935-366cfea718da, sbt/terminalCapabilities, {"string":"key_f9"}})[0m
[0m[[0m[0mdebug[0m] [0m[0mjsonRpcRequest: JsonRpcRequestMessage(2.0, f73b8e25-7c22-4912-98c1-7617cfbd4257, sbt/terminalCapabilities, {"string":"key_find"}})[0m
[0m[[0m[0mdebug[0m] [0m[0mjsonRpcRequest: JsonRpcRequestMessage(2.0, 8808813b-27b4-4354-ad2e-4b6bd411b035, sbt/terminalCapabilities, {"string":"key_help"}})[0m
[0m[[0m[0mdebug[0m] [0m[0mjsonRpcRequest: JsonRpcRequestMessage(2.0, fd570017-674a-415e-a8a9-2a574a5dd344, sbt/terminalCapabilities, {"string":"key_home"}})[0m
[0m[[0m[0mdebug[0m] [0m[0mjsonRpcRequest: JsonRpcRequestMessage(2.0, be049d59-ea91-446f-b489-9f11d4464023, sbt/terminalCapabilities, {"string":"key_ic"}})[0m
[0m[[0m[0mdebug[0m] [0m[0mjsonRpcRequest: JsonRpcRequestMessage(2.0, bec2fd5c-280c-437a-979b-03c642657352, sbt/terminalCapabilities, {"string":"key_il"}})[0m
[0m[[0m[0mdebug[0m] [0m[0mjsonRpcRequest: JsonRpcRequestMessage(2.0, 2229a84e-69a2-403b-bdef-1af42a930501, sbt/terminalCapabilities, {"string":"key_left"}})[0m
[0m[[0m[0mdebug[0m] [0m[0mjsonRpcRequest: JsonRpcRequestMessage(2.0, 76422b78-79ee-44c5-9842-80928cf03830, sbt/terminalCapabilities, {"string":"key_ll"}})[0m
[0m[[0m[0mdebug[0m] [0m[0mjsonRpcRequest: JsonRpcRequestMessage(2.0, 95bebe5d-c229-4101-94cf-1cd6149423e3, sbt/terminalCapabilities, {"string":"key_mark"}})[0m
[0m[[0m[0mdebug[0m] [0m[0mjsonRpcRequest: JsonRpcRequestMessage(2.0, f26fa5bf-897a-483d-a913-923ca282950b, sbt/terminalCapabilities, {"string":"key_message"}})[0m
[0m[[0m[0mdebug[0m] [0m[0mjsonRpcRequest: JsonRpcRequestMessage(2.0, 4e7ad6c2-1622-488c-9f33-c9dc16fade8b, sbt/terminalCapabilities, {"string":"key_move"}})[0m
[0m[[0m[0mdebug[0m] [0m[0mjsonRpcRequest: JsonRpcRequestMessage(2.0, 929a0f63-7ef1-4a26-897f-5b814923f72f, sbt/terminalCapabilities, {"string":"key_next"}})[0m
[0m[[0m[0mdebug[0m] [0m[0mjsonRpcRequest: JsonRpcRequestMessage(2.0, dc0cec62-d325-4102-86ce-5fe1fb2176e0, sbt/terminalCapabilities, {"string":"key_npage"}})[0m
[0m[[0m[0mdebug[0m] [0m[0mjsonRpcRequest: JsonRpcRequestMessage(2.0, 61ceb71e-6715-44c0-8275-bc2446034ab8, sbt/terminalCapabilities, {"string":"key_open"}})[0m
[0m[[0m[0mdebug[0m] [0m[0mjsonRpcRequest: JsonRpcRequestMessage(2.0, aee1a79c-ddab-4c8d-9d09-db957fe06052, sbt/terminalCapabilities, {"string":"key_options"}})[0m
[0m[[0m[0mdebug[0m] [0m[0mjsonRpcRequest: JsonRpcRequestMessage(2.0, a4887f2b-931d-4292-8c73-3f6c5d5c1cc7, sbt/terminalCapabilities, {"string":"key_ppage"}})[0m
[0m[[0m[0mdebug[0m] [0m[0mjsonRpcRequest: JsonRpcRequestMessage(2.0, 65fd29bd-8ec4-4715-9278-0a0e231ce855, sbt/terminalCapabilities, {"string":"key_previous"}})[0m
[0m[[0m[0mdebug[0m] [0m[0mjsonRpcRequest: JsonRpcRequestMessage(2.0, d8c0f465-037b-4310-a756-3712c82f53f0, sbt/terminalCapabilities, {"string":"key_print"}})[0m
[0m[[0m[0mdebug[0m] [0m[0mjsonRpcRequest: JsonRpcRequestMessage(2.0, bf5464e8-93b3-4bb4-96f4-84d835f0a23b, sbt/terminalCapabilities, {"string":"key_redo"}})[0m
[0m[[0m[0mdebug[0m] [0m[0mjsonRpcRequest: JsonRpcRequestMessage(2.0, 7df50733-499a-45fc-9e3f-a3f7820936b8, sbt/terminalCapabilities, {"string":"key_reference"}})[0m
[0m[[0m[0mdebug[0m] [0m[0mjsonRpcRequest: JsonRpcRequestMessage(2.0, 2b3406f9-d267-475d-aaf6-92b3100e5dab, sbt/terminalCapabilities, {"string":"key_refresh"}})[0m
[0m[[0m[0mdebug[0m] [0m[0mjsonRpcRequest: JsonRpcRequestMessage(2.0, 4dfb9271-40c5-4fb7-8958-b4b0b573a700, sbt/terminalCapabilities, {"string":"key_replace"}})[0m
[0m[[0m[0mdebug[0m] [0m[0mjsonRpcRequest: JsonRpcRequestMessage(2.0, 1d2185f9-fb9d-4497-9ac3-b79f2ee4f4df, sbt/terminalCapabilities, {"string":"key_restart"}})[0m
[0m[[0m[0mdebug[0m] [0m[0mjsonRpcRequest: JsonRpcRequestMessage(2.0, 61f56c99-fa6e-407c-acc5-1212cd1fb0f1, sbt/terminalCapabilities, {"string":"key_resume"}})[0m
[0m[[0m[0mdebug[0m] [0m[0mjsonRpcRequest: JsonRpcRequestMessage(2.0, c014a93c-e654-4b02-8727-2041f55638d2, sbt/terminalCapabilities, {"string":"key_right"}})[0m
[0m[[0m[0mdebug[0m] [0m[0mjsonRpcRequest: JsonRpcRequestMessage(2.0, 006df511-4d87-442f-a72d-e9c75ec0a8dd, sbt/terminalCapabilities, {"string":"key_save"}})[0m
[0m[[0m[0mdebug[0m] [0m[0mjsonRpcRequest: JsonRpcRequestMessage(2.0, e3f23c3a-ae75-4a95-b575-4b9d9cb9cb64, sbt/terminalCapabilities, {"string":"key_sbeg"}})[0m
[0m[[0m[0mdebug[0m] [0m[0mjsonRpcRequest: JsonRpcRequestMessage(2.0, 39718194-fb09-4729-a9c4-593b10f6f9ed, sbt/terminalCapabilities, {"string":"key_scancel"}})[0m
[0m[[0m[0mdebug[0m] [0m[0mjsonRpcRequest: JsonRpcRequestMessage(2.0, d46ccb19-a31f-492b-9b10-1b5c12f8543e, sbt/terminalCapabilities, {"string":"key_scommand"}})[0m
[0m[[0m[0mdebug[0m] [0m[0mjsonRpcRequest: JsonRpcRequestMessage(2.0, 6ae737f9-1856-4e86-a94e-0000d536e960, sbt/terminalCapabilities, {"string":"key_scopy"}})[0m
[0m[[0m[0mdebug[0m] [0m[0mjsonRpcRequest: JsonRpcRequestMessage(2.0, 8846bef8-15f1-460f-8ef3-4491f13be006, sbt/terminalCapabilities, {"string":"key_screate"}})[0m
[0m[[0m[0mdebug[0m] [0m[0mjsonRpcRequest: JsonRpcRequestMessage(2.0, a2544235-71cb-4dfa-abe8-02565b21f111, sbt/terminalCapabilities, {"string":"key_sdc"}})[0m
[0m[[0m[0mdebug[0m] [0m[0mjsonRpcRequest: JsonRpcRequestMessage(2.0, 4d54e6f8-3cbc-4ade-9df7-0f7cf16fc68a, sbt/terminalCapabilities, {"string":"key_sdl"}})[0m
[0m[[0m[0mdebug[0m] [0m[0mjsonRpcRequest: JsonRpcRequestMessage(2.0, 0e384183-dabd-489e-837a-67877ddacf55, sbt/terminalCapabilities, {"string":"key_select"}})[0m
[0m[[0m[0mdebug[0m] [0m[0mjsonRpcRequest: JsonRpcRequestMessage(2.0, 04aef725-96ca-45d3-8933-9f76630d7196, sbt/terminalCapabilities, {"string":"key_send"}})[0m
[0m[[0m[0mdebug[0m] [0m[0mjsonRpcRequest: JsonRpcRequestMessage(2.0, 84bee3c9-a0bc-4c56-a4b1-6caed147612b, sbt/terminalCapabilities, {"string":"key_seol"}})[0m
[0m[[0m[0mdebug[0m] [0m[0mjsonRpcRequest: JsonRpcRequestMessage(2.0, dee4442a-fe5f-4ee6-83a5-b7ee63103cab, sbt/terminalCapabilities, {"string":"key_sexit"}})[0m
[0m[[0m[0mdebug[0m] [0m[0mjsonRpcRequest: JsonRpcRequestMessage(2.0, 86e490a6-0aa9-422c-8703-d4c55709e855, sbt/terminalCapabilities, {"string":"key_sf"}})[0m
[0m[[0m[0mdebug[0m] [0m[0mjsonRpcRequest: JsonRpcRequestMessage(2.0, d1bccdf5-3fbe-44df-95b3-b5efa1b3ddf8, sbt/terminalCapabilities, {"string":"key_sfind"}})[0m
[0m[[0m[0mdebug[0m] [0m[0mjsonRpcRequest: JsonRpcRequestMessage(2.0, 43150196-00ef-4fd9-8a5d-d8cc4c227587, sbt/terminalCapabilities, {"string":"key_shelp"}})[0m
[0m[[0m[0mdebug[0m] [0m[0mjsonRpcRequest: JsonRpcRequestMessage(2.0, 83694977-4c79-4d02-8d53-687893a88bdb, sbt/terminalCapabilities, {"string":"key_shome"}})[0m
[0m[[0m[0mdebug[0m] [0m[0mjsonRpcRequest: JsonRpcRequestMessage(2.0, 06cb12f2-fcd8-4559-8311-92fd4526261f, sbt/terminalCapabilities, {"string":"key_sic"}})[0m
[0m[[0m[0mdebug[0m] [0m[0mjsonRpcRequest: JsonRpcRequestMessage(2.0, 24fb0ecc-7638-4c75-8750-1f6d419dff6c, sbt/terminalCapabilities, {"string":"key_sleft"}})[0m
[0m[[0m[0mdebug[0m] [0m[0mjsonRpcRequest: JsonRpcRequestMessage(2.0, b46a4e8f-a9d4-44b1-9434-3efce7437460, sbt/terminalCapabilities, {"string":"key_smessage"}})[0m
[0m[[0m[0mdebug[0m] [0m[0mjsonRpcRequest: JsonRpcRequestMessage(2.0, 031010cf-c6d3-492b-bfdf-48c3a1b1f5b1, sbt/terminalCapabilities, {"string":"key_smove"}})[0m
[0m[[0m[0mdebug[0m] [0m[0mjsonRpcRequest: JsonRpcRequestMessage(2.0, 5fc8cae7-4e7f-4c1a-ba37-41c94410cd96, sbt/terminalCapabilities, {"string":"key_snext"}})[0m
[0m[[0m[0mdebug[0m] [0m[0mjsonRpcRequest: JsonRpcRequestMessage(2.0, 6c441af5-340c-40f4-9d5b-2ddb8e8e9712, sbt/terminalCapabilities, {"string":"key_soptions"}})[0m
[0m[[0m[0mdebug[0m] [0m[0mjsonRpcRequest: JsonRpcRequestMessage(2.0, 791c3a73-2b36-484b-8e01-5f2105db59c9, sbt/terminalCapabilities, {"string":"key_sprevious"}})[0m
[0m[[0m[0mdebug[0m] [0m[0mjsonRpcRequest: JsonRpcRequestMessage(2.0, e87a2a2e-12dd-4e27-a443-83338d7e6945, sbt/terminalCapabilities, {"string":"key_sprint"}})[0m
[0m[[0m[0mdebug[0m] [0m[0mjsonRpcRequest: JsonRpcRequestMessage(2.0, c6642033-bc3e-40c7-a0d8-38a3242c16bd, sbt/terminalCapabilities, {"string":"key_sr"}})[0m
[0m[[0m[0mdebug[0m] [0m[0mjsonRpcRequest: JsonRpcRequestMessage(2.0, 7908f81a-00b5-4cec-b022-3ed894d02991, sbt/terminalCapabilities, {"string":"key_sredo"}})[0m
[0m[[0m[0mdebug[0m] [0m[0mjsonRpcRequest: JsonRpcRequestMessage(2.0, 44bb73c3-2570-49b2-b9a9-6a53d15ea7ec, sbt/terminalCapabilities, {"string":"key_sreplace"}})[0m
[0m[[0m[0mdebug[0m] [0m[0mjsonRpcRequest: JsonRpcRequestMessage(2.0, 0a90ee27-9582-4f16-b87c-100c4d45ed6a, sbt/terminalCapabilities, {"string":"key_sright"}})[0m
[0m[[0m[0mdebug[0m] [0m[0mjsonRpcRequest: JsonRpcRequestMessage(2.0, 6ede3a1a-974b-4c8c-b6c3-bd42ffeb02f3, sbt/terminalCapabilities, {"string":"key_srsume"}})[0m
[0m[[0m[0mdebug[0m] [0m[0mjsonRpcRequest: JsonRpcRequestMessage(2.0, cad82a88-a99f-4609-96ee-09d02bd81cba, sbt/terminalCapabilities, {"string":"key_ssave"}})[0m
[0m[[0m[0mdebug[0m] [0m[0mjsonRpcRequest: JsonRpcRequestMessage(2.0, 2e773c12-9a7e-4c71-b55f-2cbfcd9e212c, sbt/terminalCapabilities, {"string":"key_ssuspend"}})[0m
[0m[[0m[0mdebug[0m] [0m[0mjsonRpcRequest: JsonRpcRequestMessage(2.0, 6b4e065e-c10e-4995-8990-48153fb8c024, sbt/terminalCapabilities, {"string":"key_stab"}})[0m
[0m[[0m[0mdebug[0m] [0m[0mjsonRpcRequest: JsonRpcRequestMessage(2.0, 0386daad-674c-4b34-8366-5f87a0c09d88, sbt/terminalCapabilities, {"string":"key_sundo"}})[0m
[0m[[0m[0mdebug[0m] [0m[0mjsonRpcRequest: JsonRpcRequestMessage(2.0, 65e5f467-a099-4468-bf8c-40548b5a84cf, sbt/terminalCapabilities, {"string":"key_suspend"}})[0m
[0m[[0m[0mdebug[0m] [0m[0mjsonRpcRequest: JsonRpcRequestMessage(2.0, c42cd0de-fdf8-4e77-a489-7d810a978871, sbt/terminalCapabilities, {"string":"key_undo"}})[0m
[0m[[0m[0mdebug[0m] [0m[0mjsonRpcRequest: JsonRpcRequestMessage(2.0, 9649e8e2-0f5e-4424-9358-ae8af7030e4d, sbt/terminalCapabilities, {"string":"key_up"}})[0m
[0m[[0m[0mdebug[0m] [0m[0mjsonRpcRequest: JsonRpcRequestMessage(2.0, 61c3fbdb-ba37-4aa5-97b8-b38437415646, sbt/terminalCapabilities, {"string":"key_mouse"}})[0m
[0m[[0m[0mdebug[0m] [0m[0mjsonRpcRequest: JsonRpcRequestMessage(2.0, 589a8c6b-f7bf-4921-9ebd-7c973f60beeb, sbt/terminalCapabilities, {"string":"key_up"}})[0m
[0m[[0m[0mdebug[0m] [0m[0mjsonRpcRequest: JsonRpcRequestMessage(2.0, 4ae9cdc1-016e-46fe-bd5c-08524052a5f4, sbt/terminalCapabilities, {"string":"key_down"}})[0m
[0m[[0m[0mdebug[0m] [0m[0mjsonRpcRequest: JsonRpcRequestMessage(2.0, 4c382597-41d8-4626-8d6f-9aa4c363602b, sbt/terminalCapabilities, {"string":"key_left"}})[0m
[0m[[0m[0mdebug[0m] [0m[0mjsonRpcRequest: JsonRpcRequestMessage(2.0, 6643a504-ba23-4e38-af07-67edd314009f, sbt/terminalCapabilities, {"string":"key_right"}})[0m
[0m[[0m[0mdebug[0m] [0m[0mjsonRpcRequest: JsonRpcRequestMessage(2.0, 276ed74a-7182-4f0c-8906-8a1b64ac5127, sbt/terminalCapabilities, {"string":"key_home"}})[0m
[0m[[0m[0mdebug[0m] [0m[0mjsonRpcRequest: JsonRpcRequestMessage(2.0, 496b1d8d-a6c1-4350-9e62-6fd12b6467f3, sbt/terminalCapabilities, {"string":"key_end"}})[0m
[0m[[0m[0mdebug[0m] [0m[0mjsonRpcRequest: JsonRpcRequestMessage(2.0, 62cc1c87-2e53-43bc-a116-c558f2c6de93, sbt/terminalCapabilities, {"string":"key_dc"}})[0m
[0m[[0m[0mdebug[0m] [0m[0mjsonRpcRequest: JsonRpcRequestMessage(2.0, 35956b5b-f6a7-4ee3-90f4-bc7a4f2de527, sbt/terminalCapabilities, {"string":"key_dl"}})[0m
[0m[[0m[0mdebug[0m] [0m[0mjsonRpcRequest: JsonRpcRequestMessage(2.0, 2b6d3f15-5194-4308-93f5-bb7a37bb4ceb, sbt/terminalCapabilities, {"string":"key_ic"}})[0m
[0m[[0m[0mdebug[0m] [0m[0mjsonRpcRequest: JsonRpcRequestMessage(2.0, 7c6b80ec-59e7-4b19-af60-9111a2f31184, sbt/terminalCapabilities, {"string":"key_mouse"}})[0m
[0m[[0m[0mdebug[0m] [0m[0mjsonRpcRequest: JsonRpcRequestMessage(2.0, f1ccf39d-de74-4d48-9a77-6badd4e325cd, sbt/terminalCapabilities, {"string":"back_tab"}})[0m
[0m[[0m[0mdebug[0m] [0m[0mjsonRpcRequest: JsonRpcRequestMessage(2.0, ebd07166-6341-4a14-8c60-993f5da7472c, sbt/terminalCapabilities, {"string":"key_up"}})[0m
[0m[[0m[0mdebug[0m] [0m[0mjsonRpcRequest: JsonRpcRequestMessage(2.0, a7d50996-8db2-4efe-b6c6-c887ffe0c12c, sbt/terminalCapabilities, {"string":"key_down"}})[0m
[0m[[0m[0mdebug[0m] [0m[0mjsonRpcRequest: JsonRpcRequestMessage(2.0, 8f8fe83e-6840-4016-ba73-18349ff76b5a, sbt/terminalCapabilities, {"string":"key_left"}})[0m
[0m[[0m[0mdebug[0m] [0m[0mjsonRpcRequest: JsonRpcRequestMessage(2.0, d12a3e6e-fd3f-4a05-b5d2-0e0e4f424f35, sbt/terminalCapabilities, {"string":"key_right"}})[0m
[0m[[0m[0mdebug[0m] [0m[0mjsonRpcRequest: JsonRpcRequestMessage(2.0, dd8970db-d3a7-4332-a48e-dc6fe448dbb6, sbt/terminalCapabilities, {"string":"key_home"}})[0m
[0m[[0m[0mdebug[0m] [0m[0mjsonRpcRequest: JsonRpcRequestMessage(2.0, ff642c77-7eee-40f5-b2b8-b07ac3ef53e4, sbt/terminalCapabilities, {"string":"key_end"}})[0m
[0m[[0m[0mdebug[0m] [0m[0mjsonRpcRequest: JsonRpcRequestMessage(2.0, ece8c775-6232-42c5-9f9c-30c23103a11d, sbt/terminalCapabilities, {"string":"key_dc"}})[0m
[0m[[0m[0mdebug[0m] [0m[0mjsonRpcRequest: JsonRpcRequestMessage(2.0, 8cfb2564-eff7-4c9d-bc16-a277491f6e85, sbt/terminalCapabilities, {"string":"key_dl"}})[0m
[0m[[0m[0mdebug[0m] [0m[0mjsonRpcRequest: JsonRpcRequestMessage(2.0, a021f95a-550b-4d98-97b1-3f207fb44541, sbt/terminalCapabilities, {"string":"key_ic"}})[0m
[0m[[0m[0mdebug[0m] [0m[0mjsonRpcRequest: JsonRpcRequestMessage(2.0, 1038349a-e88e-4314-9155-3ba58e734586, sbt/terminalCapabilities, {"string":"key_mouse"}})[0m
[0m[[0m[0mdebug[0m] [0m[0mjsonRpcRequest: JsonRpcRequestMessage(2.0, a712ee90-d600-4f39-a0ea-654214162c22, sbt/terminalCapabilities, {"string":"key_up"}})[0m
[0m[[0m[0mdebug[0m] [0m[0mjsonRpcRequest: JsonRpcRequestMessage(2.0, 87305f03-f394-4d6b-a27f-ffa883891bd5, sbt/terminalCapabilities, {"string":"key_down"}})[0m
[0m[[0m[0mdebug[0m] [0m[0mjsonRpcRequest: JsonRpcRequestMessage(2.0, 66141acb-40cf-4d09-b1aa-5515fc9e8721, sbt/terminalCapabilities, {"string":"key_up"}})[0m
[0m[[0m[0mdebug[0m] [0m[0mjsonRpcRequest: JsonRpcRequestMessage(2.0, 1efa8e4e-9818-492d-9772-8757cc927678, sbt/terminalCapabilities, {"string":"key_down"}})[0m
[0m[[0m[0mdebug[0m] [0m[0mjsonRpcRequest: JsonRpcRequestMessage(2.0, ff0aaa00-2f14-4147-86d7-c917eda10a88, sbt/getTerminalAttributes, {}})[0m
[0m[[0m[0mdebug[0m] [0m[0mjsonRpcRequest: JsonRpcRequestMessage(2.0, 91e75a8c-781e-48a9-aa55-a7accd6644f3, sbt/terminalCapabilities, {"string":"enter_alt_charset_mode"}})[0m
[0m[[0m[0mdebug[0m] [0m[0mjsonRpcRequest: JsonRpcRequestMessage(2.0, dbf03ddf-8093-423f-ad8f-8571002a416e, sbt/terminalCapabilities, {"string":"exit_alt_charset_mode"}})[0m
[0m[[0m[0mdebug[0m] [0m[0mjsonRpcRequest: JsonRpcRequestMessage(2.0, c7a2b723-ed40-487e-94b2-07cb4b02eda9, sbt/terminalCapabilities, {"string":"insert_line"}})[0m
[0m[[0m[0mdebug[0m] [0m[0mjsonRpcRequest: JsonRpcRequestMessage(2.0, 3ca4b917-9d29-43f5-8bf4-62c0af6ae52a, sbt/terminalCapabilities, {"string":"delete_line"}})[0m
[0m[[0m[0mdebug[0m] [0m[0mjsonRpcRequest: JsonRpcRequestMessage(2.0, ba3edc60-b0bc-4ee4-9050-c3f9470727f3, sbt/terminalCapabilities, {"boolean":"auto_right_margin"}})[0m
[0m[[0m[0mdebug[0m] [0m[0mjsonRpcRequest: JsonRpcRequestMessage(2.0, a4c9a2d4-9d44-423e-9be2-270c381d8ae1, sbt/terminalCapabilities, {"boolean":"eat_newline_glitch"}})[0m
[0m[[0m[0mdebug[0m] [0m[0mjsonRpcRequest: JsonRpcRequestMessage(2.0, d2453ec3-ff99-4779-89bc-cf7f594e5872, sbt/terminalCapabilities, {"string":"cursor_down"}})[0m
[0m[[0m[0mdebug[0m] [0m[0mjsonRpcRequest: JsonRpcRequestMessage(2.0, 5ad41973-8847-4c8f-9648-9dec9c1396b4, sbt/terminalSetRawMode, {"toggle":true}})[0m
[0m[[0m[0mdebug[0m] [0m[0mjsonRpcRequest: JsonRpcRequestMessage(2.0, 8860956d-a403-4471-a19b-abce9b20dd53, sbt/getTerminalAttributes, {}})[0m
[0m[[0m[0mdebug[0m] [0m[0mjsonRpcRequest: JsonRpcRequestMessage(2.0, ddb7a553-258f-4cbb-ab41-ad37bced9e7b, sbt/terminalCapabilities, {"string":"insert_line"}})[0m
[0m[[0m[0mdebug[0m] [0m[0mjsonRpcRequest: JsonRpcRequestMessage(2.0, c7765e71-9730-4fc6-9d82-7bc8b045f8fc, sbt/terminalCapabilities, {"string":"delete_line"}})[0m
[0m[[0m[0mdebug[0m] [0m[0mjsonRpcRequest: JsonRpcRequestMessage(2.0, 96fc2911-12b8-453b-b89f-6f8428d05e67, sbt/terminalCapabilities, {"boolean":"auto_right_margin"}})[0m
[0m[[0m[0mdebug[0m] [0m[0mjsonRpcRequest: JsonRpcRequestMessage(2.0, 2f2e38c5-a98d-40af-bd97-d82f435a5945, sbt/terminalCapabilities, {"boolean":"eat_newline_glitch"}})[0m
[0m[[0m[0mdebug[0m] [0m[0mjsonRpcRequest: JsonRpcRequestMessage(2.0, a26f3828-c238-4483-99ca-50f6b8e33338, sbt/terminalCapabilities, {"string":"cursor_down"}})[0m
[0m[[0m[0mdebug[0m] [0m[0mjsonRpcRequest: JsonRpcRequestMessage(2.0, 2d82eaf8-d90c-4306-b4b9-688e926780bf, sbt/terminalCapabilities, {"string":"keypad_xmit"}})[0m
[0m[[0m[0mdebug[0m] [0m[0mjsonRpcRequest: JsonRpcRequestMessage(2.0, c3d2da55-1064-4940-97bc-502dc6715e4c, sbt/terminalCapabilities, {"numeric":"max_colors"}})[0m
[0m[[0m[0mdebug[0m] [0m[0mjsonRpcRequest: JsonRpcRequestMessage(2.0, 86b8a7f7-5e69-4d7b-870e-fd8acc9de974, sbt/terminalCapabilities, {"numeric":"max_colors"}})[0m
[0m[[0m[0mdebug[0m] [0m[0mjsonRpcRequest: JsonRpcRequestMessage(2.0, d4e77e6b-989f-4973-9fd9-7865d09a0706, sbt/terminalCapabilities, {"string":"enter_alt_charset_mode"}})[0m
[0m[[0m[0mdebug[0m] [0m[0mjsonRpcRequest: JsonRpcRequestMessage(2.0, 502551ef-6f1a-4af0-9d8f-642768e3cc0b, sbt/terminalCapabilities, {"string":"exit_alt_charset_mode"}})[0m
[0m[[0m[0mdebug[0m] [0m[0mjsonRpcNotify: JsonRpcNotificationMessage(2.0, sbt/readSystemIn, "")[0m
