[0m[[0m[0mdebug[0m] [0m[0m> Exec(sbtStashOnFailure, None, None)[0m
[0m[[0m[0mdebug[0m] [0m[0m> Exec(sbtMapExec cf0e3351-9784-4db5-8c30-a26ef708c2c1 __df57508a-d252-4d72-8509-055a43740bca, None, None)[0m
[0m[[0m[0mdebug[0m] [0m[0m> Exec(run, Some(__df57508a-d252-4d72-8509-055a43740bca), Some(CommandSource(network-1)))[0m
[0m[[0m[0mdebug[0m] [0m[0munmatched Processing event for requestId Some(__df57508a-d252-4d72-8509-055a43740bca): None[0m
[0m[[0m[0mdebug[0m] [0m[0mEvaluating tasks: Compile / run[0m
[0m[[0m[0mdebug[0m] [0m[0mRunning task... Cancel: Signal, check cycles: false, forcegc: true[0m
[0m[[0m[0mdebug[0m] [0m[0mjsonRpcRequest: JsonRpcRequestMessage(2.0, 59cfa0dc-2dbe-440e-9d31-454e5bff1f81, sbt/terminalPropertiesQuery, ""})[0m
[0m[[0m[0mdebug[0m] [0m[0mjsonRpcNotify: JsonRpcNotificationMessage(2.0, build/taskStart, {"taskId":{"id":"1","parents":[]},"eventTime":1734051651726,"message":"Compiling app142","dataKind":"compile-task","data":{"target":{"uri":"file:/Users/selmabenhassine/Desktop/Masters/MA3/SoftConst/app142/#app142/Compile"}}})[0m
[0m[[0m[0mdebug[0m] [0m[0mjsonRpcNotify: JsonRpcNotificationMessage(2.0, build/taskFinish, {"taskId":{"id":"1","parents":[]},"eventTime":1734051651735,"message":"Compiled app142","status":1,"dataKind":"compile-report","data":{"target":{"uri":"file:/Users/selmabenhassine/Desktop/Masters/MA3/SoftConst/app142/#app142/Compile"},"errors":0,"warnings":0,"time":9}})[0m
[0m[[0m[31merror[0m] [0m[0mjava.lang.RuntimeException: No main class detected.[0m
[0m[[0m[31merror[0m] [0m[0m	at scala.sys.package$.error(package.scala:30)[0m
[0m[[0m[31merror[0m] [0m[0m	at sbt.Defaults$.$anonfun$bgRunTask$4(Defaults.scala:2025)[0m
[0m[[0m[31merror[0m] [0m[0m	at scala.Option.getOrElse(Option.scala:189)[0m
[0m[[0m[31merror[0m] [0m[0m	at sbt.Defaults$.$anonfun$bgRunTask$3(Defaults.scala:2025)[0m
[0m[[0m[31merror[0m] [0m[0m	at scala.Function1.$anonfun$compose$1(Function1.scala:49)[0m
[0m[[0m[31merror[0m] [0m[0m	at sbt.internal.util.$tilde$greater.$anonfun$$u2219$1(TypeFunctions.scala:63)[0m
[0m[[0m[31merror[0m] [0m[0m	at sbt.std.Transform$$anon$4.work(Transform.scala:69)[0m
[0m[[0m[31merror[0m] [0m[0m	at sbt.Execute.$anonfun$submit$2(Execute.scala:283)[0m
[0m[[0m[31merror[0m] [0m[0m	at sbt.internal.util.ErrorHandling$.wideConvert(ErrorHandling.scala:24)[0m
[0m[[0m[31merror[0m] [0m[0m	at sbt.Execute.work(Execute.scala:292)[0m
[0m[[0m[31merror[0m] [0m[0m	at sbt.Execute.$anonfun$submit$1(Execute.scala:283)[0m
[0m[[0m[31merror[0m] [0m[0m	at sbt.ConcurrentRestrictions$$anon$4.$anonfun$submitValid$1(ConcurrentRestrictions.scala:265)[0m
[0m[[0m[31merror[0m] [0m[0m	at sbt.CompletionService$$anon$2.call(CompletionService.scala:65)[0m
[0m[[0m[31merror[0m] [0m[0m	at java.base/java.util.concurrent.FutureTask.run(FutureTask.java:264)[0m
[0m[[0m[31merror[0m] [0m[0m	at java.base/java.util.concurrent.Executors$RunnableAdapter.call(Executors.java:539)[0m
[0m[[0m[31merror[0m] [0m[0m	at java.base/java.util.concurrent.FutureTask.run(FutureTask.java:264)[0m
[0m[[0m[31merror[0m] [0m[0m	at java.base/java.util.concurrent.ThreadPoolExecutor.runWorker(ThreadPoolExecutor.java:1136)[0m
[0m[[0m[31merror[0m] [0m[0m	at java.base/java.util.concurrent.ThreadPoolExecutor$Worker.run(ThreadPoolExecutor.java:635)[0m
[0m[[0m[31merror[0m] [0m[0m	at java.base/java.lang.Thread.run(Thread.java:833)[0m
[0m[[0m[0mdebug[0m] [0m[0mjsonRpcNotify: JsonRpcNotificationMessage(2.0, build/logMessage, {"type":1,"message":"java.lang.RuntimeException: No main class detected.\n\tat scala.sys.package$.error(package.scala:30)\n\tat sbt.Defaults$.$anonfun$bgRunTask$4(Defaults.scala:2025)\n\tat scala.Option.getOrElse(Option.scala:189)\n\tat sbt.Defaults$.$anonfun$bgRunTask$3(Defaults.scala:2025)\n\tat scala.Function1.$anonfun$compose$1(Function1.scala:49)\n\tat sbt.internal.util.$tilde$greater.$anonfun$$u2219$1(TypeFunctions.scala:63)\n\tat sbt.std.Transform$$anon$4.work(Transform.scala:69)\n\tat sbt.Execute.$anonfun$submit$2(Execute.scala:283)\n\tat sbt.internal.util.ErrorHandling$.wideConvert(ErrorHandling.scala:24)\n\tat sbt.Execute.work(Execute.scala:292)\n\tat sbt.Execute.$anonfun$submit$1(Execute.scala:283)\n\tat sbt.ConcurrentRestrictions$$anon$4.$anonfun$submitValid$1(ConcurrentRestrictions.scala:265)\n\tat sbt.CompletionService$$anon$2.call(CompletionService.scala:65)\n\tat java.base/java.util.concurrent.FutureTask.run(FutureTask.java:264)\n\tat java.base/java.util.concurrent.Executors$RunnableAdapter.call(Executors.java:539)\n\tat java.base/java.util.concurrent.FutureTask.run(FutureTask.java:264)\n\tat java.base/java.util.concurrent.ThreadPoolExecutor.runWorker(ThreadPoolExecutor.java:1136)\n\tat java.base/java.util.concurrent.ThreadPoolExecutor$Worker.run(ThreadPoolExecutor.java:635)\n\tat java.base/java.lang.Thread.run(Thread.java:833)"})[0m
[0m[[0m[0mdebug[0m] [0m[0munmatched json error for requestId Some(__df57508a-d252-4d72-8509-055a43740bca): {"code":-32603,"message":"(Compile / \u001b[31mbgRun\u001b[0m) No main class detected."}[0m
[0m[[0m[31merror[0m] [0m[0m(Compile / [31mbgRun[0m) No main class detected.[0m
[0m[[0m[0mdebug[0m] [0m[0mjsonRpcNotify: JsonRpcNotificationMessage(2.0, build/logMessage, {"type":1,"message":"(Compile / \u001b[31mbgRun\u001b[0m) No main class detected."})[0m
[0m[[0m[31merror[0m] [0m[0mTotal time: 0 s, completed 13 Dec 2024, 02:00:51[0m
[0m[[0m[0mdebug[0m] [0m[0m> Exec(resumeFromFailure, None, None)[0m
[0m[[0m[0mdebug[0m] [0m[0m> Exec(sbtPopOnFailure, None, None)[0m
[0m[[0m[0mdebug[0m] [0m[0m> Exec(sbtReportResult cf0e3351-9784-4db5-8c30-a26ef708c2c1, Some(cf0e3351-9784-4db5-8c30-a26ef708c2c1), Some(CommandSource(network-1)))[0m
[0m[[0m[0mdebug[0m] [0m[0munmatched Processing event for requestId Some(cf0e3351-9784-4db5-8c30-a26ef708c2c1): None[0m
[0m[[0m[0mdebug[0m] [0m[0munmatched json error for requestId Some(cf0e3351-9784-4db5-8c30-a26ef708c2c1): {"code":-33000,"message":""}[0m
[0m[[0m[0mdebug[0m] [0m[0m> Exec(shell, None, None)[0m
[0m[[0m[0mdebug[0m] [0m[0mjsonRpcRequest: JsonRpcRequestMessage(2.0, 5c714b53-8f69-4b15-90d0-74a12d0a86c3, sbt/terminalCapabilities, {"numeric":"max_colors"}})[0m
[0m[[0m[0mdebug[0m] [0m[0mjsonRpcRequest: JsonRpcRequestMessage(2.0, 0a3e2b47-2072-4f2a-9609-8f7f2500e20f, sbt/terminalCapabilities, {"string":"key_a1"}})[0m
[0m[[0m[0mdebug[0m] [0m[0mjsonRpcRequest: JsonRpcRequestMessage(2.0, bedcff94-e444-4c4a-ae6b-e80c089cc952, sbt/terminalCapabilities, {"string":"key_a3"}})[0m
[0m[[0m[0mdebug[0m] [0m[0mjsonRpcRequest: JsonRpcRequestMessage(2.0, bf2abdd6-5ede-4254-9db0-15d308b0eb9f, sbt/terminalCapabilities, {"string":"key_b2"}})[0m
[0m[[0m[0mdebug[0m] [0m[0mjsonRpcRequest: JsonRpcRequestMessage(2.0, 8612a7bd-6db9-4125-ad61-45cdab148638, sbt/terminalCapabilities, {"string":"key_backspace"}})[0m
[0m[[0m[0mdebug[0m] [0m[0mjsonRpcRequest: JsonRpcRequestMessage(2.0, f3a3c4cb-cd67-42eb-95a3-fd981e23db4a, sbt/terminalCapabilities, {"string":"key_beg"}})[0m
[0m[[0m[0mdebug[0m] [0m[0mjsonRpcRequest: JsonRpcRequestMessage(2.0, 66a910a2-bbba-472a-b029-a130cb3b24d6, sbt/terminalCapabilities, {"string":"key_btab"}})[0m
[0m[[0m[0mdebug[0m] [0m[0mjsonRpcRequest: JsonRpcRequestMessage(2.0, cf322a9a-9a54-4acd-804b-fe73b530078e, sbt/terminalCapabilities, {"string":"key_c1"}})[0m
[0m[[0m[0mdebug[0m] [0m[0mjsonRpcRequest: JsonRpcRequestMessage(2.0, 7f259618-6b0d-427d-adec-95a37e589b37, sbt/terminalCapabilities, {"string":"key_c3"}})[0m
[0m[[0m[0mdebug[0m] [0m[0mjsonRpcRequest: JsonRpcRequestMessage(2.0, bbd748ce-4567-4d09-bc13-e178bea7dcf6, sbt/terminalCapabilities, {"string":"key_cancel"}})[0m
[0m[[0m[0mdebug[0m] [0m[0mjsonRpcRequest: JsonRpcRequestMessage(2.0, 6d6040d6-5764-41b4-82d6-a831edbd82f7, sbt/terminalCapabilities, {"string":"key_catab"}})[0m
[0m[[0m[0mdebug[0m] [0m[0mjsonRpcRequest: JsonRpcRequestMessage(2.0, 1fafd2fe-c462-41e4-932d-179ef79feb3e, sbt/terminalCapabilities, {"string":"key_clear"}})[0m
[0m[[0m[0mdebug[0m] [0m[0mjsonRpcRequest: JsonRpcRequestMessage(2.0, ec0b231e-36de-4d42-ada4-3ca534679e19, sbt/terminalCapabilities, {"string":"key_close"}})[0m
[0m[[0m[0mdebug[0m] [0m[0mjsonRpcRequest: JsonRpcRequestMessage(2.0, ccbecd5a-e355-4788-8f52-f00aa1f9ac56, sbt/terminalCapabilities, {"string":"key_command"}})[0m
[0m[[0m[0mdebug[0m] [0m[0mjsonRpcRequest: JsonRpcRequestMessage(2.0, 6dfa8bb2-e784-4cec-b413-aef36651dd63, sbt/terminalCapabilities, {"string":"key_copy"}})[0m
[0m[[0m[0mdebug[0m] [0m[0mjsonRpcRequest: JsonRpcRequestMessage(2.0, dc81967c-9e17-4e32-a12c-3ab62afc2415, sbt/terminalCapabilities, {"string":"key_create"}})[0m
[0m[[0m[0mdebug[0m] [0m[0mjsonRpcRequest: JsonRpcRequestMessage(2.0, e526e9d9-2c80-4305-9e92-c35ad4466411, sbt/terminalCapabilities, {"string":"key_ctab"}})[0m
[0m[[0m[0mdebug[0m] [0m[0mjsonRpcRequest: JsonRpcRequestMessage(2.0, d3a75cc5-f259-414e-a832-46af11741ea1, sbt/terminalCapabilities, {"string":"key_dc"}})[0m
[0m[[0m[0mdebug[0m] [0m[0mjsonRpcRequest: JsonRpcRequestMessage(2.0, 393faddc-dadf-4cc4-accf-84c0f54d3612, sbt/terminalCapabilities, {"string":"key_dl"}})[0m
[0m[[0m[0mdebug[0m] [0m[0mjsonRpcRequest: JsonRpcRequestMessage(2.0, cdc3ae72-2c1c-4807-a2d2-020305657dbd, sbt/terminalCapabilities, {"string":"key_down"}})[0m
[0m[[0m[0mdebug[0m] [0m[0mjsonRpcRequest: JsonRpcRequestMessage(2.0, ecaa339d-d481-4ce0-9a7e-b6be4f37b97d, sbt/terminalCapabilities, {"string":"key_eic"}})[0m
[0m[[0m[0mdebug[0m] [0m[0mjsonRpcRequest: JsonRpcRequestMessage(2.0, ae16e409-c9aa-4e36-88b2-e73bd52a7319, sbt/terminalCapabilities, {"string":"key_end"}})[0m
[0m[[0m[0mdebug[0m] [0m[0mjsonRpcRequest: JsonRpcRequestMessage(2.0, 1ca45a6a-f0c4-432d-a4e7-59fa4eadac09, sbt/terminalCapabilities, {"string":"key_enter"}})[0m
[0m[[0m[0mdebug[0m] [0m[0mjsonRpcRequest: JsonRpcRequestMessage(2.0, 5c2fb373-4fd9-418d-959c-130553169692, sbt/terminalCapabilities, {"string":"key_eol"}})[0m
[0m[[0m[0mdebug[0m] [0m[0mjsonRpcRequest: JsonRpcRequestMessage(2.0, e551cbca-ab2f-4dbf-9071-67a93093c936, sbt/terminalCapabilities, {"string":"key_eos"}})[0m
[0m[[0m[0mdebug[0m] [0m[0mjsonRpcRequest: JsonRpcRequestMessage(2.0, 1daf3555-cd4f-4169-a946-ba2d06ae0533, sbt/terminalCapabilities, {"string":"key_exit"}})[0m
[0m[[0m[0mdebug[0m] [0m[0mjsonRpcRequest: JsonRpcRequestMessage(2.0, e41f148f-67fe-4d5c-86e1-21b12bee229b, sbt/terminalCapabilities, {"string":"key_f0"}})[0m
[0m[[0m[0mdebug[0m] [0m[0mjsonRpcRequest: JsonRpcRequestMessage(2.0, 94d9a772-6bc0-41f8-9aa0-e92cb3bac4c4, sbt/terminalCapabilities, {"string":"key_f1"}})[0m
[0m[[0m[0mdebug[0m] [0m[0mjsonRpcRequest: JsonRpcRequestMessage(2.0, 7c4bb747-5035-4d95-acf8-5fb08fff02bf, sbt/terminalCapabilities, {"string":"key_f10"}})[0m
[0m[[0m[0mdebug[0m] [0m[0mjsonRpcRequest: JsonRpcRequestMessage(2.0, 612292b6-e496-45e6-af80-77be276e1085, sbt/terminalCapabilities, {"string":"key_f11"}})[0m
[0m[[0m[0mdebug[0m] [0m[0mjsonRpcRequest: JsonRpcRequestMessage(2.0, 5b2a4cf5-8867-497f-a6f4-31e0fc5fe5f0, sbt/terminalCapabilities, {"string":"key_f12"}})[0m
[0m[[0m[0mdebug[0m] [0m[0mjsonRpcRequest: JsonRpcRequestMessage(2.0, 0cc87c5c-c124-451d-b899-cdcd6b8c3d60, sbt/terminalCapabilities, {"string":"key_f13"}})[0m
[0m[[0m[0mdebug[0m] [0m[0mjsonRpcRequest: JsonRpcRequestMessage(2.0, 263635f9-da8c-4dbf-a2b6-4dfd5f3deee0, sbt/terminalCapabilities, {"string":"key_f14"}})[0m
[0m[[0m[0mdebug[0m] [0m[0mjsonRpcRequest: JsonRpcRequestMessage(2.0, 6995a4ca-2760-42c0-8ad4-28e64873d3bc, sbt/terminalCapabilities, {"string":"key_f15"}})[0m
[0m[[0m[0mdebug[0m] [0m[0mjsonRpcRequest: JsonRpcRequestMessage(2.0, f421e590-3d9b-4398-aad5-a1f94a8aa0be, sbt/terminalCapabilities, {"string":"key_f16"}})[0m
[0m[[0m[0mdebug[0m] [0m[0mjsonRpcRequest: JsonRpcRequestMessage(2.0, 27773074-461a-40c7-9297-8138e1530fee, sbt/terminalCapabilities, {"string":"key_f17"}})[0m
[0m[[0m[0mdebug[0m] [0m[0mjsonRpcRequest: JsonRpcRequestMessage(2.0, 5a1552ad-e5cd-42a4-a306-f597517b82a6, sbt/terminalCapabilities, {"string":"key_f18"}})[0m
[0m[[0m[0mdebug[0m] [0m[0mjsonRpcRequest: JsonRpcRequestMessage(2.0, f3fce17e-96de-4b1b-832a-8cc762e27293, sbt/terminalCapabilities, {"string":"key_f19"}})[0m
[0m[[0m[0mdebug[0m] [0m[0mjsonRpcRequest: JsonRpcRequestMessage(2.0, 3f4603eb-08b9-4586-992a-b61e0e3cf8ad, sbt/terminalCapabilities, {"string":"key_f2"}})[0m
[0m[[0m[0mdebug[0m] [0m[0mjsonRpcRequest: JsonRpcRequestMessage(2.0, 78d10c74-4b39-4e32-8170-a45c0432395d, sbt/terminalCapabilities, {"string":"key_f20"}})[0m
[0m[[0m[0mdebug[0m] [0m[0mjsonRpcRequest: JsonRpcRequestMessage(2.0, 4132b42b-5be5-45a3-bc65-71e10789287d, sbt/terminalCapabilities, {"string":"key_f21"}})[0m
[0m[[0m[0mdebug[0m] [0m[0mjsonRpcRequest: JsonRpcRequestMessage(2.0, 53dc86b3-5b04-48f8-8463-b5cef464b352, sbt/terminalCapabilities, {"string":"key_f22"}})[0m
[0m[[0m[0mdebug[0m] [0m[0mjsonRpcRequest: JsonRpcRequestMessage(2.0, fb79d7e9-2ce3-4f5a-aa8e-ad52842b77f9, sbt/terminalCapabilities, {"string":"key_f23"}})[0m
[0m[[0m[0mdebug[0m] [0m[0mjsonRpcRequest: JsonRpcRequestMessage(2.0, 5a322c80-2dd1-4da9-8d27-a5dafe90baee, sbt/terminalCapabilities, {"string":"key_f24"}})[0m
[0m[[0m[0mdebug[0m] [0m[0mjsonRpcRequest: JsonRpcRequestMessage(2.0, 3875bd85-fcc4-47bd-a76d-30d60e18c47b, sbt/terminalCapabilities, {"string":"key_f25"}})[0m
[0m[[0m[0mdebug[0m] [0m[0mjsonRpcRequest: JsonRpcRequestMessage(2.0, 476d45d6-201f-45e1-8a31-48a1b033ead5, sbt/terminalCapabilities, {"string":"key_f26"}})[0m
[0m[[0m[0mdebug[0m] [0m[0mjsonRpcRequest: JsonRpcRequestMessage(2.0, 38a272bd-04de-43eb-84cd-1ea5f9b3b499, sbt/terminalCapabilities, {"string":"key_f27"}})[0m
[0m[[0m[0mdebug[0m] [0m[0mjsonRpcRequest: JsonRpcRequestMessage(2.0, ca03d99c-b707-439f-af1b-a141099beb99, sbt/terminalCapabilities, {"string":"key_f28"}})[0m
[0m[[0m[0mdebug[0m] [0m[0mjsonRpcRequest: JsonRpcRequestMessage(2.0, af385175-0d9b-437f-b374-ecc28a06f6a7, sbt/terminalCapabilities, {"string":"key_f29"}})[0m
[0m[[0m[0mdebug[0m] [0m[0mjsonRpcRequest: JsonRpcRequestMessage(2.0, be5c7757-3259-4bec-898a-4e3337271365, sbt/terminalCapabilities, {"string":"key_f3"}})[0m
[0m[[0m[0mdebug[0m] [0m[0mjsonRpcRequest: JsonRpcRequestMessage(2.0, c629ebdd-b342-4109-98f7-89f6941a4428, sbt/terminalCapabilities, {"string":"key_f30"}})[0m
[0m[[0m[0mdebug[0m] [0m[0mjsonRpcRequest: JsonRpcRequestMessage(2.0, 315f6000-6974-4f8c-80fe-f1a029e1bad3, sbt/terminalCapabilities, {"string":"key_f31"}})[0m
[0m[[0m[0mdebug[0m] [0m[0mjsonRpcRequest: JsonRpcRequestMessage(2.0, 6dae946a-359a-404e-9fb8-7504a9a1271e, sbt/terminalCapabilities, {"string":"key_f32"}})[0m
[0m[[0m[0mdebug[0m] [0m[0mjsonRpcRequest: JsonRpcRequestMessage(2.0, aef2f6d3-11c5-42a5-b931-bd43ae588647, sbt/terminalCapabilities, {"string":"key_f33"}})[0m
[0m[[0m[0mdebug[0m] [0m[0mjsonRpcRequest: JsonRpcRequestMessage(2.0, 31f82f11-3faa-4472-9b0a-8373a36aa68e, sbt/terminalCapabilities, {"string":"key_f34"}})[0m
[0m[[0m[0mdebug[0m] [0m[0mjsonRpcRequest: JsonRpcRequestMessage(2.0, f87235cd-4a10-4443-96c4-edff9a0f85d2, sbt/terminalCapabilities, {"string":"key_f35"}})[0m
[0m[[0m[0mdebug[0m] [0m[0mjsonRpcRequest: JsonRpcRequestMessage(2.0, 3ad170c2-12ad-4edc-af43-f9dd27efc177, sbt/terminalCapabilities, {"string":"key_f36"}})[0m
[0m[[0m[0mdebug[0m] [0m[0mjsonRpcRequest: JsonRpcRequestMessage(2.0, da9c0b71-3f93-4976-a12d-f84d0ba6fa09, sbt/terminalCapabilities, {"string":"key_f37"}})[0m
[0m[[0m[0mdebug[0m] [0m[0mjsonRpcRequest: JsonRpcRequestMessage(2.0, a5aabea8-5d2b-449b-9747-6f6cafa02141, sbt/terminalCapabilities, {"string":"key_f38"}})[0m
[0m[[0m[0mdebug[0m] [0m[0mjsonRpcRequest: JsonRpcRequestMessage(2.0, 784163cb-7f74-4693-b2da-f01ddbaab6bb, sbt/terminalCapabilities, {"string":"key_f39"}})[0m
[0m[[0m[0mdebug[0m] [0m[0mjsonRpcRequest: JsonRpcRequestMessage(2.0, 520cbe95-96eb-4bda-8b3d-db6db2c53fcf, sbt/terminalCapabilities, {"string":"key_f4"}})[0m
[0m[[0m[0mdebug[0m] [0m[0mjsonRpcRequest: JsonRpcRequestMessage(2.0, 1c25fa0e-5658-4fc9-8031-6ee766eae50f, sbt/terminalCapabilities, {"string":"key_f40"}})[0m
[0m[[0m[0mdebug[0m] [0m[0mjsonRpcRequest: JsonRpcRequestMessage(2.0, 0b3b8092-19a7-4501-ac8a-e10cbf36ba84, sbt/terminalCapabilities, {"string":"key_f41"}})[0m
[0m[[0m[0mdebug[0m] [0m[0mjsonRpcRequest: JsonRpcRequestMessage(2.0, 0cf6b38b-78df-457e-bd67-6f15f7eb752c, sbt/terminalCapabilities, {"string":"key_f42"}})[0m
[0m[[0m[0mdebug[0m] [0m[0mjsonRpcRequest: JsonRpcRequestMessage(2.0, 0812baf1-6c83-44e8-b6ee-d39cdfc50700, sbt/terminalCapabilities, {"string":"key_f43"}})[0m
[0m[[0m[0mdebug[0m] [0m[0mjsonRpcRequest: JsonRpcRequestMessage(2.0, 0e80a7bd-24cd-4061-97bc-0bbdc2722a0b, sbt/terminalCapabilities, {"string":"key_f44"}})[0m
[0m[[0m[0mdebug[0m] [0m[0mjsonRpcRequest: JsonRpcRequestMessage(2.0, 35859466-fb7d-4dba-9057-fa21d4d30738, sbt/terminalCapabilities, {"string":"key_f45"}})[0m
[0m[[0m[0mdebug[0m] [0m[0mjsonRpcRequest: JsonRpcRequestMessage(2.0, dfcdbaa4-069c-41c1-8002-894608d46a7e, sbt/terminalCapabilities, {"string":"key_f46"}})[0m
[0m[[0m[0mdebug[0m] [0m[0mjsonRpcRequest: JsonRpcRequestMessage(2.0, b236d871-afaf-406d-9815-76044b483d21, sbt/terminalCapabilities, {"string":"key_f47"}})[0m
[0m[[0m[0mdebug[0m] [0m[0mjsonRpcRequest: JsonRpcRequestMessage(2.0, 81822692-9ed3-49c5-940c-39ace44cd882, sbt/terminalCapabilities, {"string":"key_f48"}})[0m
[0m[[0m[0mdebug[0m] [0m[0mjsonRpcRequest: JsonRpcRequestMessage(2.0, 32bcd91e-fbc3-435c-b3cd-28920ef70c93, sbt/terminalCapabilities, {"string":"key_f49"}})[0m
[0m[[0m[0mdebug[0m] [0m[0mjsonRpcRequest: JsonRpcRequestMessage(2.0, f987868e-2614-454e-9060-1c127601f06d, sbt/terminalCapabilities, {"string":"key_f5"}})[0m
[0m[[0m[0mdebug[0m] [0m[0mjsonRpcRequest: JsonRpcRequestMessage(2.0, 4e986910-3c19-4000-a353-b0f29645db06, sbt/terminalCapabilities, {"string":"key_f50"}})[0m
[0m[[0m[0mdebug[0m] [0m[0mjsonRpcRequest: JsonRpcRequestMessage(2.0, 30613aaf-ec7b-4cdd-b792-69fd2ee9d223, sbt/terminalCapabilities, {"string":"key_f51"}})[0m
[0m[[0m[0mdebug[0m] [0m[0mjsonRpcRequest: JsonRpcRequestMessage(2.0, 058759ea-ce6d-4f9b-8d33-cf18453b1272, sbt/terminalCapabilities, {"string":"key_f52"}})[0m
[0m[[0m[0mdebug[0m] [0m[0mjsonRpcRequest: JsonRpcRequestMessage(2.0, 2753485e-60fe-47d8-b8f5-f381298a7f22, sbt/terminalCapabilities, {"string":"key_f53"}})[0m
[0m[[0m[0mdebug[0m] [0m[0mjsonRpcRequest: JsonRpcRequestMessage(2.0, df4e2935-60e0-4c12-a338-e43a14a28021, sbt/terminalCapabilities, {"string":"key_f54"}})[0m
[0m[[0m[0mdebug[0m] [0m[0mjsonRpcRequest: JsonRpcRequestMessage(2.0, 3bc3e500-1b88-4288-9d41-1683865771b8, sbt/terminalCapabilities, {"string":"key_f55"}})[0m
[0m[[0m[0mdebug[0m] [0m[0mjsonRpcRequest: JsonRpcRequestMessage(2.0, 007c8038-a669-473e-8bb1-3c00ae6add8b, sbt/terminalCapabilities, {"string":"key_f56"}})[0m
[0m[[0m[0mdebug[0m] [0m[0mjsonRpcRequest: JsonRpcRequestMessage(2.0, 2427c3dc-a2b2-4c2d-b97e-6320080c7bda, sbt/terminalCapabilities, {"string":"key_f57"}})[0m
[0m[[0m[0mdebug[0m] [0m[0mjsonRpcRequest: JsonRpcRequestMessage(2.0, e82b7b3f-ba33-4899-89a7-16ef650c0ac0, sbt/terminalCapabilities, {"string":"key_f58"}})[0m
[0m[[0m[0mdebug[0m] [0m[0mjsonRpcRequest: JsonRpcRequestMessage(2.0, 1e6788e6-de95-4183-9fcf-ed7bbcd9ea10, sbt/terminalCapabilities, {"string":"key_f59"}})[0m
[0m[[0m[0mdebug[0m] [0m[0mjsonRpcRequest: JsonRpcRequestMessage(2.0, ad4525ef-3ac9-4fd3-89b7-f15520b284d0, sbt/terminalCapabilities, {"string":"key_f6"}})[0m
[0m[[0m[0mdebug[0m] [0m[0mjsonRpcRequest: JsonRpcRequestMessage(2.0, e0a159e4-7866-48b4-a585-127b65ff071e, sbt/terminalCapabilities, {"string":"key_f60"}})[0m
[0m[[0m[0mdebug[0m] [0m[0mjsonRpcRequest: JsonRpcRequestMessage(2.0, cf82bcc1-490a-4f8d-a3d0-1d6e9116dc81, sbt/terminalCapabilities, {"string":"key_f61"}})[0m
[0m[[0m[0mdebug[0m] [0m[0mjsonRpcRequest: JsonRpcRequestMessage(2.0, cafbc5c9-4446-4765-b056-085d6f16feb6, sbt/terminalCapabilities, {"string":"key_f62"}})[0m
[0m[[0m[0mdebug[0m] [0m[0mjsonRpcRequest: JsonRpcRequestMessage(2.0, e67a4cd8-0498-4adc-ba51-ec63be8bd5af, sbt/terminalCapabilities, {"string":"key_f63"}})[0m
[0m[[0m[0mdebug[0m] [0m[0mjsonRpcRequest: JsonRpcRequestMessage(2.0, 9e8c52d0-c20a-4b42-aa36-bd4d3744fa9b, sbt/terminalCapabilities, {"string":"key_f7"}})[0m
[0m[[0m[0mdebug[0m] [0m[0mjsonRpcRequest: JsonRpcRequestMessage(2.0, f60ca1ac-d12a-41f9-a544-b3632f4efbca, sbt/terminalCapabilities, {"string":"key_f8"}})[0m
[0m[[0m[0mdebug[0m] [0m[0mjsonRpcRequest: JsonRpcRequestMessage(2.0, 9f208196-b68d-4144-aa49-2a66e3561deb, sbt/terminalCapabilities, {"string":"key_f9"}})[0m
[0m[[0m[0mdebug[0m] [0m[0mjsonRpcRequest: JsonRpcRequestMessage(2.0, aa45bf71-d1bd-43bf-af54-9be0721930d0, sbt/terminalCapabilities, {"string":"key_find"}})[0m
[0m[[0m[0mdebug[0m] [0m[0mjsonRpcRequest: JsonRpcRequestMessage(2.0, ea9f0a42-1a82-4b21-993a-73089aa051b0, sbt/terminalCapabilities, {"string":"key_help"}})[0m
[0m[[0m[0mdebug[0m] [0m[0mjsonRpcRequest: JsonRpcRequestMessage(2.0, 090ee882-548d-40fb-abcf-34817428c9c4, sbt/terminalCapabilities, {"string":"key_home"}})[0m
[0m[[0m[0mdebug[0m] [0m[0mjsonRpcRequest: JsonRpcRequestMessage(2.0, c6aeb2b3-1757-4623-a06b-19787a9151ea, sbt/terminalCapabilities, {"string":"key_ic"}})[0m
[0m[[0m[0mdebug[0m] [0m[0mjsonRpcRequest: JsonRpcRequestMessage(2.0, c7535520-59b9-4e20-a911-5a7ffe4a537b, sbt/terminalCapabilities, {"string":"key_il"}})[0m
[0m[[0m[0mdebug[0m] [0m[0mjsonRpcRequest: JsonRpcRequestMessage(2.0, 01cf5a73-6dfa-47c8-bae8-f8e94c1c8978, sbt/terminalCapabilities, {"string":"key_left"}})[0m
[0m[[0m[0mdebug[0m] [0m[0mjsonRpcRequest: JsonRpcRequestMessage(2.0, 0ac0a7fe-481c-43c9-a815-bd8be3db7f71, sbt/terminalCapabilities, {"string":"key_ll"}})[0m
[0m[[0m[0mdebug[0m] [0m[0mjsonRpcRequest: JsonRpcRequestMessage(2.0, e60712e9-67a3-46c6-a2b2-8f0439656c60, sbt/terminalCapabilities, {"string":"key_mark"}})[0m
[0m[[0m[0mdebug[0m] [0m[0mjsonRpcRequest: JsonRpcRequestMessage(2.0, e0234e5e-b7ee-431e-ae6b-f5facb4494ec, sbt/terminalCapabilities, {"string":"key_message"}})[0m
[0m[[0m[0mdebug[0m] [0m[0mjsonRpcRequest: JsonRpcRequestMessage(2.0, 4bb3611a-0eaa-4cbf-ac86-925d669caecf, sbt/terminalCapabilities, {"string":"key_move"}})[0m
[0m[[0m[0mdebug[0m] [0m[0mjsonRpcRequest: JsonRpcRequestMessage(2.0, 6b14842f-1817-469b-a786-2c85ded471fc, sbt/terminalCapabilities, {"string":"key_next"}})[0m
[0m[[0m[0mdebug[0m] [0m[0mjsonRpcRequest: JsonRpcRequestMessage(2.0, 3990a4a2-8ac0-443f-ab58-75e352cfd8ec, sbt/terminalCapabilities, {"string":"key_npage"}})[0m
[0m[[0m[0mdebug[0m] [0m[0mjsonRpcRequest: JsonRpcRequestMessage(2.0, 8fad6d9b-c864-4a4a-adb8-00a67c4a6229, sbt/terminalCapabilities, {"string":"key_open"}})[0m
[0m[[0m[0mdebug[0m] [0m[0mjsonRpcRequest: JsonRpcRequestMessage(2.0, 5bf85457-5d06-4755-907a-046ef1b4177b, sbt/terminalCapabilities, {"string":"key_options"}})[0m
[0m[[0m[0mdebug[0m] [0m[0mjsonRpcRequest: JsonRpcRequestMessage(2.0, aec9c015-3a6b-4abb-9ffe-d76973c3476c, sbt/terminalCapabilities, {"string":"key_ppage"}})[0m
[0m[[0m[0mdebug[0m] [0m[0mjsonRpcRequest: JsonRpcRequestMessage(2.0, 90451944-10e8-4b75-a1a2-40ffe7701310, sbt/terminalCapabilities, {"string":"key_previous"}})[0m
[0m[[0m[0mdebug[0m] [0m[0mjsonRpcRequest: JsonRpcRequestMessage(2.0, 5a8083a3-4c59-48ee-b59c-630db664ca4a, sbt/terminalCapabilities, {"string":"key_print"}})[0m
[0m[[0m[0mdebug[0m] [0m[0mjsonRpcRequest: JsonRpcRequestMessage(2.0, b9da9064-2daf-4f83-8435-ae455ab11cdf, sbt/terminalCapabilities, {"string":"key_redo"}})[0m
[0m[[0m[0mdebug[0m] [0m[0mjsonRpcRequest: JsonRpcRequestMessage(2.0, 2e58bc1c-99b0-43f4-9fb2-7e8cc24fa980, sbt/terminalCapabilities, {"string":"key_reference"}})[0m
[0m[[0m[0mdebug[0m] [0m[0mjsonRpcRequest: JsonRpcRequestMessage(2.0, a1aed667-4562-4ed5-80c3-18f006034d0f, sbt/terminalCapabilities, {"string":"key_refresh"}})[0m
[0m[[0m[0mdebug[0m] [0m[0mjsonRpcRequest: JsonRpcRequestMessage(2.0, 7e13a8cc-0909-4eb7-8058-7445e29746dd, sbt/terminalCapabilities, {"string":"key_replace"}})[0m
[0m[[0m[0mdebug[0m] [0m[0mjsonRpcRequest: JsonRpcRequestMessage(2.0, eef1dbc0-8c36-41f0-85c9-ffd2e94f418a, sbt/terminalCapabilities, {"string":"key_restart"}})[0m
[0m[[0m[0mdebug[0m] [0m[0mjsonRpcRequest: JsonRpcRequestMessage(2.0, d149d9d0-9976-4a52-b0a0-a1feaf7278e4, sbt/terminalCapabilities, {"string":"key_resume"}})[0m
[0m[[0m[0mdebug[0m] [0m[0mjsonRpcRequest: JsonRpcRequestMessage(2.0, cfc6a6c6-3df3-4619-869c-76072b4d7ebe, sbt/terminalCapabilities, {"string":"key_right"}})[0m
[0m[[0m[0mdebug[0m] [0m[0mjsonRpcRequest: JsonRpcRequestMessage(2.0, db4f2758-6dd0-444f-8540-1d004e11a605, sbt/terminalCapabilities, {"string":"key_save"}})[0m
[0m[[0m[0mdebug[0m] [0m[0mjsonRpcRequest: JsonRpcRequestMessage(2.0, 42627aae-506c-4d1c-b3df-1f1ab6322b7d, sbt/terminalCapabilities, {"string":"key_sbeg"}})[0m
[0m[[0m[0mdebug[0m] [0m[0mjsonRpcRequest: JsonRpcRequestMessage(2.0, af8f8d15-e173-4d82-9b1f-8cd29c1417fc, sbt/terminalCapabilities, {"string":"key_scancel"}})[0m
[0m[[0m[0mdebug[0m] [0m[0mjsonRpcRequest: JsonRpcRequestMessage(2.0, 0dc16a40-9271-4b62-af74-2be5a752b716, sbt/terminalCapabilities, {"string":"key_scommand"}})[0m
[0m[[0m[0mdebug[0m] [0m[0mjsonRpcRequest: JsonRpcRequestMessage(2.0, afc36051-1438-452a-8dde-25e36dd57dbe, sbt/terminalCapabilities, {"string":"key_scopy"}})[0m
[0m[[0m[0mdebug[0m] [0m[0mjsonRpcRequest: JsonRpcRequestMessage(2.0, 9c37746c-c458-4267-886c-da899fb62b16, sbt/terminalCapabilities, {"string":"key_screate"}})[0m
[0m[[0m[0mdebug[0m] [0m[0mjsonRpcRequest: JsonRpcRequestMessage(2.0, e2990e7d-a60c-4e8d-bc93-8c714518654f, sbt/terminalCapabilities, {"string":"key_sdc"}})[0m
[0m[[0m[0mdebug[0m] [0m[0mjsonRpcRequest: JsonRpcRequestMessage(2.0, 849fd257-1897-4b57-b393-a0a0e331dddd, sbt/terminalCapabilities, {"string":"key_sdl"}})[0m
[0m[[0m[0mdebug[0m] [0m[0mjsonRpcRequest: JsonRpcRequestMessage(2.0, 87b506ca-0036-4e1a-8996-ed43331dc8ca, sbt/terminalCapabilities, {"string":"key_select"}})[0m
[0m[[0m[0mdebug[0m] [0m[0mjsonRpcRequest: JsonRpcRequestMessage(2.0, 47d9fa25-4b5e-4215-9ca6-2d31d85e6c5a, sbt/terminalCapabilities, {"string":"key_send"}})[0m
[0m[[0m[0mdebug[0m] [0m[0mjsonRpcRequest: JsonRpcRequestMessage(2.0, 9671b310-8b37-4189-ac51-2394004d2ecb, sbt/terminalCapabilities, {"string":"key_seol"}})[0m
[0m[[0m[0mdebug[0m] [0m[0mjsonRpcRequest: JsonRpcRequestMessage(2.0, 16d708aa-eece-473c-aa53-196d92577057, sbt/terminalCapabilities, {"string":"key_sexit"}})[0m
[0m[[0m[0mdebug[0m] [0m[0mjsonRpcRequest: JsonRpcRequestMessage(2.0, 93579cf2-a64b-4073-8694-731ec026eae3, sbt/terminalCapabilities, {"string":"key_sf"}})[0m
[0m[[0m[0mdebug[0m] [0m[0mjsonRpcRequest: JsonRpcRequestMessage(2.0, edecf1ed-4f4c-48c1-b728-058cc050f0ab, sbt/terminalCapabilities, {"string":"key_sfind"}})[0m
[0m[[0m[0mdebug[0m] [0m[0mjsonRpcRequest: JsonRpcRequestMessage(2.0, 1367a3b8-8344-403f-b17b-dbbbdc7925b5, sbt/terminalCapabilities, {"string":"key_shelp"}})[0m
[0m[[0m[0mdebug[0m] [0m[0mjsonRpcRequest: JsonRpcRequestMessage(2.0, ee57e61e-046b-43d2-9d57-1b695533fcb6, sbt/terminalCapabilities, {"string":"key_shome"}})[0m
[0m[[0m[0mdebug[0m] [0m[0mjsonRpcRequest: JsonRpcRequestMessage(2.0, 6666a558-8759-4401-809c-eafa2400290f, sbt/terminalCapabilities, {"string":"key_sic"}})[0m
[0m[[0m[0mdebug[0m] [0m[0mjsonRpcRequest: JsonRpcRequestMessage(2.0, 6657ad03-38c9-4ab5-87b3-d3e2b6480090, sbt/terminalCapabilities, {"string":"key_sleft"}})[0m
[0m[[0m[0mdebug[0m] [0m[0mjsonRpcRequest: JsonRpcRequestMessage(2.0, 1f4ca82a-57dc-4c48-92d7-6e335950917e, sbt/terminalCapabilities, {"string":"key_smessage"}})[0m
[0m[[0m[0mdebug[0m] [0m[0mjsonRpcRequest: JsonRpcRequestMessage(2.0, ed1016d1-ebcd-454f-8bbd-c9aff5a960a8, sbt/terminalCapabilities, {"string":"key_smove"}})[0m
[0m[[0m[0mdebug[0m] [0m[0mjsonRpcRequest: JsonRpcRequestMessage(2.0, 0e3b1b37-5f6c-481c-acf7-87d3329c398c, sbt/terminalCapabilities, {"string":"key_snext"}})[0m
[0m[[0m[0mdebug[0m] [0m[0mjsonRpcRequest: JsonRpcRequestMessage(2.0, 64838f7c-32c1-4c31-9043-4fa6676c5df2, sbt/terminalCapabilities, {"string":"key_soptions"}})[0m
[0m[[0m[0mdebug[0m] [0m[0mjsonRpcRequest: JsonRpcRequestMessage(2.0, 72bd5cc7-b872-4587-85c5-2f085e5b7d47, sbt/terminalCapabilities, {"string":"key_sprevious"}})[0m
[0m[[0m[0mdebug[0m] [0m[0mjsonRpcRequest: JsonRpcRequestMessage(2.0, 316af65e-b553-4efe-92ac-d9bdb3833f00, sbt/terminalCapabilities, {"string":"key_sprint"}})[0m
[0m[[0m[0mdebug[0m] [0m[0mjsonRpcRequest: JsonRpcRequestMessage(2.0, 23cb4799-8c36-4908-a5d1-527cc985d7c1, sbt/terminalCapabilities, {"string":"key_sr"}})[0m
[0m[[0m[0mdebug[0m] [0m[0mjsonRpcRequest: JsonRpcRequestMessage(2.0, a4e22b92-a70b-4509-99b3-a5cdd890cbe4, sbt/terminalCapabilities, {"string":"key_sredo"}})[0m
[0m[[0m[0mdebug[0m] [0m[0mjsonRpcRequest: JsonRpcRequestMessage(2.0, bace0049-ac80-4545-8023-9b6b1c00b810, sbt/terminalCapabilities, {"string":"key_sreplace"}})[0m
[0m[[0m[0mdebug[0m] [0m[0mjsonRpcRequest: JsonRpcRequestMessage(2.0, ae69b440-57e5-40a0-89aa-f73ab8f81892, sbt/terminalCapabilities, {"string":"key_sright"}})[0m
[0m[[0m[0mdebug[0m] [0m[0mjsonRpcRequest: JsonRpcRequestMessage(2.0, 44d8b5b5-dc88-46e2-af3a-f39f2c3ca96d, sbt/terminalCapabilities, {"string":"key_srsume"}})[0m
[0m[[0m[0mdebug[0m] [0m[0mjsonRpcRequest: JsonRpcRequestMessage(2.0, c6c87554-c11b-47eb-aa35-fcab9dd676be, sbt/terminalCapabilities, {"string":"key_ssave"}})[0m
[0m[[0m[0mdebug[0m] [0m[0mjsonRpcRequest: JsonRpcRequestMessage(2.0, a122a12f-c092-41a9-8d05-de2950b861b9, sbt/terminalCapabilities, {"string":"key_ssuspend"}})[0m
[0m[[0m[0mdebug[0m] [0m[0mjsonRpcRequest: JsonRpcRequestMessage(2.0, d906fd04-d1cc-410d-9a2e-7ca9d267a9ac, sbt/terminalCapabilities, {"string":"key_stab"}})[0m
[0m[[0m[0mdebug[0m] [0m[0mjsonRpcRequest: JsonRpcRequestMessage(2.0, be58f45d-1ba2-4e73-997c-9b9ec076ddfb, sbt/terminalCapabilities, {"string":"key_sundo"}})[0m
[0m[[0m[0mdebug[0m] [0m[0mjsonRpcRequest: JsonRpcRequestMessage(2.0, 2389ee2a-44b5-4435-a6fd-350edcbde0b3, sbt/terminalCapabilities, {"string":"key_suspend"}})[0m
[0m[[0m[0mdebug[0m] [0m[0mjsonRpcRequest: JsonRpcRequestMessage(2.0, 71514dc7-95d3-424c-9178-43f5a4013d46, sbt/terminalCapabilities, {"string":"key_undo"}})[0m
[0m[[0m[0mdebug[0m] [0m[0mjsonRpcRequest: JsonRpcRequestMessage(2.0, 4fdbff3d-5d26-4977-8978-b21287b3dfeb, sbt/terminalCapabilities, {"string":"key_up"}})[0m
[0m[[0m[0mdebug[0m] [0m[0mjsonRpcRequest: JsonRpcRequestMessage(2.0, 9807d182-7e29-47b8-b55c-a824ced10916, sbt/terminalCapabilities, {"string":"key_mouse"}})[0m
[0m[[0m[0mdebug[0m] [0m[0mjsonRpcRequest: JsonRpcRequestMessage(2.0, 90de5183-3881-48e6-b159-bfdb82aacd0b, sbt/terminalCapabilities, {"string":"key_up"}})[0m
[0m[[0m[0mdebug[0m] [0m[0mjsonRpcRequest: JsonRpcRequestMessage(2.0, 71ab7528-8984-4eeb-97a4-eec90fdf1ad7, sbt/terminalCapabilities, {"string":"key_down"}})[0m
[0m[[0m[0mdebug[0m] [0m[0mjsonRpcRequest: JsonRpcRequestMessage(2.0, b4e6d27f-0374-4eea-a160-aa6ccf758664, sbt/terminalCapabilities, {"string":"key_left"}})[0m
[0m[[0m[0mdebug[0m] [0m[0mjsonRpcRequest: JsonRpcRequestMessage(2.0, 26cfa290-8085-4ea2-ba29-3a836c846c9c, sbt/terminalCapabilities, {"string":"key_right"}})[0m
[0m[[0m[0mdebug[0m] [0m[0mjsonRpcRequest: JsonRpcRequestMessage(2.0, 6d634aa5-cc13-4377-98e4-77b60f8ba0fe, sbt/terminalCapabilities, {"string":"key_home"}})[0m
[0m[[0m[0mdebug[0m] [0m[0mjsonRpcRequest: JsonRpcRequestMessage(2.0, fa552631-a74a-41df-ad74-e5d7e7f0cdc4, sbt/terminalCapabilities, {"string":"key_end"}})[0m
[0m[[0m[0mdebug[0m] [0m[0mjsonRpcRequest: JsonRpcRequestMessage(2.0, 6253fae0-4e47-4cb5-bcde-af6c859d8553, sbt/terminalCapabilities, {"string":"key_dc"}})[0m
[0m[[0m[0mdebug[0m] [0m[0mjsonRpcRequest: JsonRpcRequestMessage(2.0, 8b092206-f78d-4d7c-843b-b671e6826a06, sbt/terminalCapabilities, {"string":"key_dl"}})[0m
[0m[[0m[0mdebug[0m] [0m[0mjsonRpcRequest: JsonRpcRequestMessage(2.0, 6ee586c7-0b62-496e-825d-9eaa5713290d, sbt/terminalCapabilities, {"string":"key_ic"}})[0m
[0m[[0m[0mdebug[0m] [0m[0mjsonRpcRequest: JsonRpcRequestMessage(2.0, d120fa26-83a0-4abd-83ce-5c49c817f0a9, sbt/terminalCapabilities, {"string":"key_mouse"}})[0m
[0m[[0m[0mdebug[0m] [0m[0mjsonRpcRequest: JsonRpcRequestMessage(2.0, be7a339b-a8e4-4a14-bce5-cdaf3e9943eb, sbt/terminalCapabilities, {"string":"key_right"}})[0m
[0m[[0m[0mdebug[0m] [0m[0mjsonRpcRequest: JsonRpcRequestMessage(2.0, 21255285-e71c-4198-98bc-95f7bd317011, sbt/terminalCapabilities, {"string":"key_left"}})[0m
[0m[[0m[0mdebug[0m] [0m[0mjsonRpcRequest: JsonRpcRequestMessage(2.0, a1926e9f-6c85-44fe-bee9-07d8cf44fd74, sbt/terminalCapabilities, {"string":"key_up"}})[0m
[0m[[0m[0mdebug[0m] [0m[0mjsonRpcRequest: JsonRpcRequestMessage(2.0, a3b34e0f-bb52-4fc9-81dc-7c1b6a17bf26, sbt/terminalCapabilities, {"string":"key_down"}})[0m
[0m[[0m[0mdebug[0m] [0m[0mjsonRpcRequest: JsonRpcRequestMessage(2.0, 35be6bcb-bff5-4005-b1ac-de8ab2241eec, sbt/terminalCapabilities, {"string":"key_left"}})[0m
[0m[[0m[0mdebug[0m] [0m[0mjsonRpcRequest: JsonRpcRequestMessage(2.0, cf3b31d6-d25a-47eb-afac-9fa46d6e3035, sbt/terminalCapabilities, {"string":"key_right"}})[0m
[0m[[0m[0mdebug[0m] [0m[0mjsonRpcRequest: JsonRpcRequestMessage(2.0, 6af6d9af-5f80-48b7-b713-87c276e0083e, sbt/terminalCapabilities, {"string":"key_home"}})[0m
[0m[[0m[0mdebug[0m] [0m[0mjsonRpcRequest: JsonRpcRequestMessage(2.0, e0aac3b3-34e4-4148-a35f-0de13dff218e, sbt/terminalCapabilities, {"string":"key_end"}})[0m
[0m[[0m[0mdebug[0m] [0m[0mjsonRpcRequest: JsonRpcRequestMessage(2.0, 04b05193-2bad-45ac-ad2a-8f2f9242b4dd, sbt/terminalCapabilities, {"string":"key_dc"}})[0m
[0m[[0m[0mdebug[0m] [0m[0mjsonRpcRequest: JsonRpcRequestMessage(2.0, 6fe320b1-af7e-46da-ad8d-5b71620df9d7, sbt/terminalCapabilities, {"string":"key_dl"}})[0m
[0m[[0m[0mdebug[0m] [0m[0mjsonRpcRequest: JsonRpcRequestMessage(2.0, f2985a5a-1172-4016-9346-47c1f0dc4146, sbt/terminalCapabilities, {"string":"key_ic"}})[0m
[0m[[0m[0mdebug[0m] [0m[0mjsonRpcRequest: JsonRpcRequestMessage(2.0, 460f5f2b-2d67-47b8-b6d3-a365a90a3000, sbt/terminalCapabilities, {"string":"key_mouse"}})[0m
[0m[[0m[0mdebug[0m] [0m[0mjsonRpcRequest: JsonRpcRequestMessage(2.0, 1ba99bd4-b0d0-476d-91ab-ffe73f65c36e, sbt/terminalCapabilities, {"string":"key_a1"}})[0m
[0m[[0m[0mdebug[0m] [0m[0mjsonRpcRequest: JsonRpcRequestMessage(2.0, 6f7f3e6b-9bb7-49ba-a2ce-fd9bd8913f9b, sbt/terminalCapabilities, {"string":"key_a3"}})[0m
[0m[[0m[0mdebug[0m] [0m[0mjsonRpcRequest: JsonRpcRequestMessage(2.0, cce44557-c603-40fb-83e7-b8bd524ac924, sbt/terminalCapabilities, {"string":"key_b2"}})[0m
[0m[[0m[0mdebug[0m] [0m[0mjsonRpcRequest: JsonRpcRequestMessage(2.0, 4eb45753-8863-4458-a27c-70a120e6f885, sbt/terminalCapabilities, {"string":"key_backspace"}})[0m
[0m[[0m[0mdebug[0m] [0m[0mjsonRpcRequest: JsonRpcRequestMessage(2.0, a1464a2b-ec46-429f-9544-8b651918ae32, sbt/terminalCapabilities, {"string":"key_beg"}})[0m
[0m[[0m[0mdebug[0m] [0m[0mjsonRpcRequest: JsonRpcRequestMessage(2.0, 4be43b04-07a0-4263-9937-088cf656b790, sbt/terminalCapabilities, {"string":"key_btab"}})[0m
[0m[[0m[0mdebug[0m] [0m[0mjsonRpcRequest: JsonRpcRequestMessage(2.0, 0e9a6e7a-8c3a-470b-b713-4aa31873ba61, sbt/terminalCapabilities, {"string":"key_c1"}})[0m
[0m[[0m[0mdebug[0m] [0m[0mjsonRpcRequest: JsonRpcRequestMessage(2.0, 23dece1c-e14d-45b9-a7bc-a84ce2f0cea8, sbt/terminalCapabilities, {"string":"key_c3"}})[0m
[0m[[0m[0mdebug[0m] [0m[0mjsonRpcRequest: JsonRpcRequestMessage(2.0, 92c631d5-ffa7-4cad-87bd-cc361ed3caae, sbt/terminalCapabilities, {"string":"key_cancel"}})[0m
[0m[[0m[0mdebug[0m] [0m[0mjsonRpcRequest: JsonRpcRequestMessage(2.0, c4ca09fc-0c25-49d6-85c9-6749b66ddb5f, sbt/terminalCapabilities, {"string":"key_catab"}})[0m
[0m[[0m[0mdebug[0m] [0m[0mjsonRpcRequest: JsonRpcRequestMessage(2.0, 3cbd081e-7576-495d-af44-6329db0888f4, sbt/terminalCapabilities, {"string":"key_clear"}})[0m
[0m[[0m[0mdebug[0m] [0m[0mjsonRpcRequest: JsonRpcRequestMessage(2.0, 1532146b-fd6f-4599-88da-b2691c54eb75, sbt/terminalCapabilities, {"string":"key_close"}})[0m
[0m[[0m[0mdebug[0m] [0m[0mjsonRpcRequest: JsonRpcRequestMessage(2.0, d639a7fc-c60b-47ab-a9fd-90af2c13fdb2, sbt/terminalCapabilities, {"string":"key_command"}})[0m
[0m[[0m[0mdebug[0m] [0m[0mjsonRpcRequest: JsonRpcRequestMessage(2.0, 85e47149-2ea1-4631-9aac-669ae29ab27e, sbt/terminalCapabilities, {"string":"key_copy"}})[0m
[0m[[0m[0mdebug[0m] [0m[0mjsonRpcRequest: JsonRpcRequestMessage(2.0, d0ddee45-05ec-43e2-b903-053199c41dc0, sbt/terminalCapabilities, {"string":"key_create"}})[0m
[0m[[0m[0mdebug[0m] [0m[0mjsonRpcRequest: JsonRpcRequestMessage(2.0, 112c4f93-f547-477d-acf2-bf3b302f2e71, sbt/terminalCapabilities, {"string":"key_ctab"}})[0m
[0m[[0m[0mdebug[0m] [0m[0mjsonRpcRequest: JsonRpcRequestMessage(2.0, ae45f45f-83a9-431d-9e83-4d7d916b8f5e, sbt/terminalCapabilities, {"string":"key_dc"}})[0m
[0m[[0m[0mdebug[0m] [0m[0mjsonRpcRequest: JsonRpcRequestMessage(2.0, f3d938d0-fbc2-4e74-91ba-be88e985417f, sbt/terminalCapabilities, {"string":"key_dl"}})[0m
[0m[[0m[0mdebug[0m] [0m[0mjsonRpcRequest: JsonRpcRequestMessage(2.0, 9f6853c3-a71c-40da-a73f-af55543dcb9e, sbt/terminalCapabilities, {"string":"key_down"}})[0m
[0m[[0m[0mdebug[0m] [0m[0mjsonRpcRequest: JsonRpcRequestMessage(2.0, 7987d6e0-7cd0-4c37-a84b-24095f4b14a6, sbt/terminalCapabilities, {"string":"key_eic"}})[0m
[0m[[0m[0mdebug[0m] [0m[0mjsonRpcRequest: JsonRpcRequestMessage(2.0, cb9deb3d-f1ee-4c3f-96ed-a4ad9fe1bd42, sbt/terminalCapabilities, {"string":"key_end"}})[0m
[0m[[0m[0mdebug[0m] [0m[0mjsonRpcRequest: JsonRpcRequestMessage(2.0, 0c4e00d2-cdcf-4929-9591-505e5b9752f1, sbt/terminalCapabilities, {"string":"key_enter"}})[0m
[0m[[0m[0mdebug[0m] [0m[0mjsonRpcRequest: JsonRpcRequestMessage(2.0, 119b35ec-ce28-445b-be7a-8c2d310ffa57, sbt/terminalCapabilities, {"string":"key_eol"}})[0m
[0m[[0m[0mdebug[0m] [0m[0mjsonRpcRequest: JsonRpcRequestMessage(2.0, 57ce36ec-21c6-4d0d-9000-e608aa45afe4, sbt/terminalCapabilities, {"string":"key_eos"}})[0m
[0m[[0m[0mdebug[0m] [0m[0mjsonRpcRequest: JsonRpcRequestMessage(2.0, 55bf9c5c-9a81-4ea5-80b9-0d75a9fccc02, sbt/terminalCapabilities, {"string":"key_exit"}})[0m
[0m[[0m[0mdebug[0m] [0m[0mjsonRpcRequest: JsonRpcRequestMessage(2.0, 16e355c6-5309-4ab3-93c2-a07630dd435e, sbt/terminalCapabilities, {"string":"key_f0"}})[0m
[0m[[0m[0mdebug[0m] [0m[0mjsonRpcRequest: JsonRpcRequestMessage(2.0, dde6f652-68a3-4d7a-8b82-03901e10ae4c, sbt/terminalCapabilities, {"string":"key_f1"}})[0m
[0m[[0m[0mdebug[0m] [0m[0mjsonRpcRequest: JsonRpcRequestMessage(2.0, ba45cfd1-7c3c-43ce-a2ab-16904ee36a7a, sbt/terminalCapabilities, {"string":"key_f10"}})[0m
[0m[[0m[0mdebug[0m] [0m[0mjsonRpcRequest: JsonRpcRequestMessage(2.0, 5f2062fe-01ec-4b39-8418-c09839f6e612, sbt/terminalCapabilities, {"string":"key_f11"}})[0m
[0m[[0m[0mdebug[0m] [0m[0mjsonRpcRequest: JsonRpcRequestMessage(2.0, 29607c1c-27df-4c91-b8b5-c2a0cfde0359, sbt/terminalCapabilities, {"string":"key_f12"}})[0m
[0m[[0m[0mdebug[0m] [0m[0mjsonRpcRequest: JsonRpcRequestMessage(2.0, 1944d9cd-4ddd-4a4d-a21f-91c4e57ded05, sbt/terminalCapabilities, {"string":"key_f13"}})[0m
[0m[[0m[0mdebug[0m] [0m[0mjsonRpcRequest: JsonRpcRequestMessage(2.0, a867dbc4-edd8-4ed1-8bc8-602031d8209d, sbt/terminalCapabilities, {"string":"key_f14"}})[0m
[0m[[0m[0mdebug[0m] [0m[0mjsonRpcRequest: JsonRpcRequestMessage(2.0, b22aa07b-8093-4e7f-b0d0-5765c8ca9740, sbt/terminalCapabilities, {"string":"key_f15"}})[0m
[0m[[0m[0mdebug[0m] [0m[0mjsonRpcRequest: JsonRpcRequestMessage(2.0, 4f8ce167-4bd6-4bbc-afc6-f749da909c37, sbt/terminalCapabilities, {"string":"key_f16"}})[0m
[0m[[0m[0mdebug[0m] [0m[0mjsonRpcRequest: JsonRpcRequestMessage(2.0, 09c3dbf2-6f3b-4ed5-b52b-dae9f3300b6b, sbt/terminalCapabilities, {"string":"key_f17"}})[0m
[0m[[0m[0mdebug[0m] [0m[0mjsonRpcRequest: JsonRpcRequestMessage(2.0, 2afa0dde-8f45-4a40-bd5b-265a21794fd7, sbt/terminalCapabilities, {"string":"key_f18"}})[0m
[0m[[0m[0mdebug[0m] [0m[0mjsonRpcRequest: JsonRpcRequestMessage(2.0, a889483b-231b-4590-acb1-fcf3589a412b, sbt/terminalCapabilities, {"string":"key_f19"}})[0m
[0m[[0m[0mdebug[0m] [0m[0mjsonRpcRequest: JsonRpcRequestMessage(2.0, 800fb767-d5af-4074-866a-58e8bfe6a49f, sbt/terminalCapabilities, {"string":"key_f2"}})[0m
[0m[[0m[0mdebug[0m] [0m[0mjsonRpcRequest: JsonRpcRequestMessage(2.0, 9c505045-369b-4b68-bf67-7bf33e3b899f, sbt/terminalCapabilities, {"string":"key_f20"}})[0m
[0m[[0m[0mdebug[0m] [0m[0mjsonRpcRequest: JsonRpcRequestMessage(2.0, eec1f0be-1bef-4d80-ba6c-9142e5a7e9c6, sbt/terminalCapabilities, {"string":"key_f21"}})[0m
[0m[[0m[0mdebug[0m] [0m[0mjsonRpcRequest: JsonRpcRequestMessage(2.0, be186b11-f69c-477b-a26f-6da229dfa360, sbt/terminalCapabilities, {"string":"key_f22"}})[0m
[0m[[0m[0mdebug[0m] [0m[0mjsonRpcRequest: JsonRpcRequestMessage(2.0, 195df029-cde4-408c-80de-17a7d32679f3, sbt/terminalCapabilities, {"string":"key_f23"}})[0m
[0m[[0m[0mdebug[0m] [0m[0mjsonRpcRequest: JsonRpcRequestMessage(2.0, 78dc4b10-4e3d-4303-92c1-c73f0296844b, sbt/terminalCapabilities, {"string":"key_f24"}})[0m
[0m[[0m[0mdebug[0m] [0m[0mjsonRpcRequest: JsonRpcRequestMessage(2.0, a7ccfb7b-93f0-49ee-92b4-455d55015464, sbt/terminalCapabilities, {"string":"key_f25"}})[0m
[0m[[0m[0mdebug[0m] [0m[0mjsonRpcRequest: JsonRpcRequestMessage(2.0, eccf7ec7-098b-4d07-bfc6-5bc6f6e8c3a0, sbt/terminalCapabilities, {"string":"key_f26"}})[0m
[0m[[0m[0mdebug[0m] [0m[0mjsonRpcRequest: JsonRpcRequestMessage(2.0, f220427c-72dc-4883-ba85-29f4564e391a, sbt/terminalCapabilities, {"string":"key_f27"}})[0m
[0m[[0m[0mdebug[0m] [0m[0mjsonRpcRequest: JsonRpcRequestMessage(2.0, 34e77c38-8c10-484d-bd35-2f74d8c7fe76, sbt/terminalCapabilities, {"string":"key_f28"}})[0m
[0m[[0m[0mdebug[0m] [0m[0mjsonRpcRequest: JsonRpcRequestMessage(2.0, b28cb121-c882-4c3d-a4b3-b2c625e99c27, sbt/terminalCapabilities, {"string":"key_f29"}})[0m
[0m[[0m[0mdebug[0m] [0m[0mjsonRpcRequest: JsonRpcRequestMessage(2.0, 9a741f71-a6bd-4901-ab96-48d0eb835f98, sbt/terminalCapabilities, {"string":"key_f3"}})[0m
[0m[[0m[0mdebug[0m] [0m[0mjsonRpcRequest: JsonRpcRequestMessage(2.0, be7c40ca-d73d-46d6-9e23-fdb49b7ca369, sbt/terminalCapabilities, {"string":"key_f30"}})[0m
[0m[[0m[0mdebug[0m] [0m[0mjsonRpcRequest: JsonRpcRequestMessage(2.0, 87211672-176e-4fcb-9616-b6aa2c9fbf55, sbt/terminalCapabilities, {"string":"key_f31"}})[0m
[0m[[0m[0mdebug[0m] [0m[0mjsonRpcRequest: JsonRpcRequestMessage(2.0, a6a7b89e-55a0-4ea1-8bc8-50a494f24e71, sbt/terminalCapabilities, {"string":"key_f32"}})[0m
[0m[[0m[0mdebug[0m] [0m[0mjsonRpcRequest: JsonRpcRequestMessage(2.0, a545b3b7-d60c-4729-9119-3e75310822a4, sbt/terminalCapabilities, {"string":"key_f33"}})[0m
[0m[[0m[0mdebug[0m] [0m[0mjsonRpcRequest: JsonRpcRequestMessage(2.0, bb4250f6-0be2-491f-a315-8457dadc2d43, sbt/terminalCapabilities, {"string":"key_f34"}})[0m
[0m[[0m[0mdebug[0m] [0m[0mjsonRpcRequest: JsonRpcRequestMessage(2.0, 9a18d642-77d1-4325-919b-79d1b8b0f311, sbt/terminalCapabilities, {"string":"key_f35"}})[0m
[0m[[0m[0mdebug[0m] [0m[0mjsonRpcRequest: JsonRpcRequestMessage(2.0, 8d39b579-6949-4a4b-b3e7-a4fa152e9a43, sbt/terminalCapabilities, {"string":"key_f36"}})[0m
[0m[[0m[0mdebug[0m] [0m[0mjsonRpcRequest: JsonRpcRequestMessage(2.0, 683b582e-2058-4cc6-866f-7541806054c1, sbt/terminalCapabilities, {"string":"key_f37"}})[0m
[0m[[0m[0mdebug[0m] [0m[0mjsonRpcRequest: JsonRpcRequestMessage(2.0, 4f2dc8a9-b458-454c-b665-e357c2ccabe1, sbt/terminalCapabilities, {"string":"key_f38"}})[0m
[0m[[0m[0mdebug[0m] [0m[0mjsonRpcRequest: JsonRpcRequestMessage(2.0, b807e179-28b9-4a20-a39e-163bb1d66feb, sbt/terminalCapabilities, {"string":"key_f39"}})[0m
[0m[[0m[0mdebug[0m] [0m[0mjsonRpcRequest: JsonRpcRequestMessage(2.0, a8a0b16d-bdd8-416a-9a79-ee14acd39a7c, sbt/terminalCapabilities, {"string":"key_f4"}})[0m
[0m[[0m[0mdebug[0m] [0m[0mjsonRpcRequest: JsonRpcRequestMessage(2.0, 392bad74-f11e-4299-a41e-f964e81a4069, sbt/terminalCapabilities, {"string":"key_f40"}})[0m
[0m[[0m[0mdebug[0m] [0m[0mjsonRpcRequest: JsonRpcRequestMessage(2.0, 9a8bf107-d7ac-446f-98f7-d6e6863d9dff, sbt/terminalCapabilities, {"string":"key_f41"}})[0m
[0m[[0m[0mdebug[0m] [0m[0mjsonRpcRequest: JsonRpcRequestMessage(2.0, e2b8c452-93b8-4df8-9133-5bac5243372f, sbt/terminalCapabilities, {"string":"key_f42"}})[0m
[0m[[0m[0mdebug[0m] [0m[0mjsonRpcRequest: JsonRpcRequestMessage(2.0, 2e22e470-c8ee-420c-8908-b3b2fe9aa124, sbt/terminalCapabilities, {"string":"key_f43"}})[0m
[0m[[0m[0mdebug[0m] [0m[0mjsonRpcRequest: JsonRpcRequestMessage(2.0, 59027b1b-d32a-47ca-9fcc-07c8412b621a, sbt/terminalCapabilities, {"string":"key_f44"}})[0m
[0m[[0m[0mdebug[0m] [0m[0mjsonRpcRequest: JsonRpcRequestMessage(2.0, 800f7cda-efb8-4934-a0a2-a2698ae548bd, sbt/terminalCapabilities, {"string":"key_f45"}})[0m
[0m[[0m[0mdebug[0m] [0m[0mjsonRpcRequest: JsonRpcRequestMessage(2.0, e65bc007-de5d-4a80-9937-0d9c307d130f, sbt/terminalCapabilities, {"string":"key_f46"}})[0m
[0m[[0m[0mdebug[0m] [0m[0mjsonRpcRequest: JsonRpcRequestMessage(2.0, 77c3dcbd-05e6-410c-bd26-f15c9e752d8a, sbt/terminalCapabilities, {"string":"key_f47"}})[0m
[0m[[0m[0mdebug[0m] [0m[0mjsonRpcRequest: JsonRpcRequestMessage(2.0, b6a709ca-1967-40e1-959e-c958a1712b2f, sbt/terminalCapabilities, {"string":"key_f48"}})[0m
[0m[[0m[0mdebug[0m] [0m[0mjsonRpcRequest: JsonRpcRequestMessage(2.0, 9822b1f6-6bda-4c27-9ef6-385669487797, sbt/terminalCapabilities, {"string":"key_f49"}})[0m
[0m[[0m[0mdebug[0m] [0m[0mjsonRpcRequest: JsonRpcRequestMessage(2.0, a98f7ec4-5565-4ccd-90cb-50dd95913f99, sbt/terminalCapabilities, {"string":"key_f5"}})[0m
[0m[[0m[0mdebug[0m] [0m[0mjsonRpcRequest: JsonRpcRequestMessage(2.0, 2bd79f74-4db2-4396-aa83-1909bc9edbb2, sbt/terminalCapabilities, {"string":"key_f50"}})[0m
[0m[[0m[0mdebug[0m] [0m[0mjsonRpcRequest: JsonRpcRequestMessage(2.0, 88b75cdf-1dca-4299-8ba0-ca2b5eed47c2, sbt/terminalCapabilities, {"string":"key_f51"}})[0m
[0m[[0m[0mdebug[0m] [0m[0mjsonRpcRequest: JsonRpcRequestMessage(2.0, c0490429-1cc4-4346-8732-cf7a7cc0324d, sbt/terminalCapabilities, {"string":"key_f52"}})[0m
[0m[[0m[0mdebug[0m] [0m[0mjsonRpcRequest: JsonRpcRequestMessage(2.0, 3d9af67f-f8ad-44c3-83e9-876e7969d729, sbt/terminalCapabilities, {"string":"key_f53"}})[0m
[0m[[0m[0mdebug[0m] [0m[0mjsonRpcRequest: JsonRpcRequestMessage(2.0, 04da1ac9-685f-4d06-af06-a7f362319e3e, sbt/terminalCapabilities, {"string":"key_f54"}})[0m
[0m[[0m[0mdebug[0m] [0m[0mjsonRpcRequest: JsonRpcRequestMessage(2.0, 560685fd-5a55-4538-b393-729ec639197a, sbt/terminalCapabilities, {"string":"key_f55"}})[0m
[0m[[0m[0mdebug[0m] [0m[0mjsonRpcRequest: JsonRpcRequestMessage(2.0, 8c2acf61-e586-431c-85bc-4065f0e21a81, sbt/terminalCapabilities, {"string":"key_f56"}})[0m
[0m[[0m[0mdebug[0m] [0m[0mjsonRpcRequest: JsonRpcRequestMessage(2.0, bd50709c-8e56-4e03-9ca2-b8e0a8be65e2, sbt/terminalCapabilities, {"string":"key_f57"}})[0m
[0m[[0m[0mdebug[0m] [0m[0mjsonRpcRequest: JsonRpcRequestMessage(2.0, f0d2f9a7-afd2-4458-9996-649070b169d1, sbt/terminalCapabilities, {"string":"key_f58"}})[0m
[0m[[0m[0mdebug[0m] [0m[0mjsonRpcRequest: JsonRpcRequestMessage(2.0, 5ae6a1ec-86e9-4864-bb19-e209356731db, sbt/terminalCapabilities, {"string":"key_f59"}})[0m
[0m[[0m[0mdebug[0m] [0m[0mjsonRpcRequest: JsonRpcRequestMessage(2.0, 2d390558-994f-4171-a1bb-a0759503251f, sbt/terminalCapabilities, {"string":"key_f6"}})[0m
[0m[[0m[0mdebug[0m] [0m[0mjsonRpcRequest: JsonRpcRequestMessage(2.0, 936458ab-1cbe-4465-984d-8b57b32380b0, sbt/terminalCapabilities, {"string":"key_f60"}})[0m
[0m[[0m[0mdebug[0m] [0m[0mjsonRpcRequest: JsonRpcRequestMessage(2.0, 4712d28a-c9a4-43bd-8efa-bf17a6ddb086, sbt/terminalCapabilities, {"string":"key_f61"}})[0m
[0m[[0m[0mdebug[0m] [0m[0mjsonRpcRequest: JsonRpcRequestMessage(2.0, 7ce82774-3868-4cbf-83d5-f80a8b7aadb6, sbt/terminalCapabilities, {"string":"key_f62"}})[0m
[0m[[0m[0mdebug[0m] [0m[0mjsonRpcRequest: JsonRpcRequestMessage(2.0, 5d6ac908-e2dd-4fae-90da-096e699f2c7d, sbt/terminalCapabilities, {"string":"key_f63"}})[0m
[0m[[0m[0mdebug[0m] [0m[0mjsonRpcRequest: JsonRpcRequestMessage(2.0, 7928a292-1d60-4f94-a842-fcb29b435f0d, sbt/terminalCapabilities, {"string":"key_f7"}})[0m
[0m[[0m[0mdebug[0m] [0m[0mjsonRpcRequest: JsonRpcRequestMessage(2.0, 68156fcb-ed1a-41d7-9fd6-dde63e1ab5b8, sbt/terminalCapabilities, {"string":"key_f8"}})[0m
[0m[[0m[0mdebug[0m] [0m[0mjsonRpcRequest: JsonRpcRequestMessage(2.0, 29247911-6c6a-4b94-a024-c957dfc6b0cb, sbt/terminalCapabilities, {"string":"key_f9"}})[0m
[0m[[0m[0mdebug[0m] [0m[0mjsonRpcRequest: JsonRpcRequestMessage(2.0, aec7412e-7602-45e8-b456-5487bf9558f7, sbt/terminalCapabilities, {"string":"key_find"}})[0m
[0m[[0m[0mdebug[0m] [0m[0mjsonRpcRequest: JsonRpcRequestMessage(2.0, c5e33ef9-a1dd-4a7c-8599-d70043cc8e6c, sbt/terminalCapabilities, {"string":"key_help"}})[0m
[0m[[0m[0mdebug[0m] [0m[0mjsonRpcRequest: JsonRpcRequestMessage(2.0, e3cb71fc-bbf3-4e49-bc54-f0f3000c5d8d, sbt/terminalCapabilities, {"string":"key_home"}})[0m
[0m[[0m[0mdebug[0m] [0m[0mjsonRpcRequest: JsonRpcRequestMessage(2.0, cfc37806-1e16-478a-8582-80e4a081e9f4, sbt/terminalCapabilities, {"string":"key_ic"}})[0m
[0m[[0m[0mdebug[0m] [0m[0mjsonRpcRequest: JsonRpcRequestMessage(2.0, ea438b9c-2105-4c46-a962-af8056968e36, sbt/terminalCapabilities, {"string":"key_il"}})[0m
[0m[[0m[0mdebug[0m] [0m[0mjsonRpcRequest: JsonRpcRequestMessage(2.0, 9edab8e0-1de7-4b0b-a073-bd38b7d00e02, sbt/terminalCapabilities, {"string":"key_left"}})[0m
[0m[[0m[0mdebug[0m] [0m[0mjsonRpcRequest: JsonRpcRequestMessage(2.0, 172c94dd-93ef-4445-ace0-3d3c23db5b43, sbt/terminalCapabilities, {"string":"key_ll"}})[0m
[0m[[0m[0mdebug[0m] [0m[0mjsonRpcRequest: JsonRpcRequestMessage(2.0, 39a983fa-a0c5-4b0b-bcaf-184c3271e4ff, sbt/terminalCapabilities, {"string":"key_mark"}})[0m
[0m[[0m[0mdebug[0m] [0m[0mjsonRpcRequest: JsonRpcRequestMessage(2.0, 8b1bbefc-d6fa-458b-95b2-62ab80e01c66, sbt/terminalCapabilities, {"string":"key_message"}})[0m
[0m[[0m[0mdebug[0m] [0m[0mjsonRpcRequest: JsonRpcRequestMessage(2.0, 703b6858-8642-4eeb-874e-e1c8baae8aa0, sbt/terminalCapabilities, {"string":"key_move"}})[0m
[0m[[0m[0mdebug[0m] [0m[0mjsonRpcRequest: JsonRpcRequestMessage(2.0, a66a9c23-586e-4d31-8d5f-8b29720834ad, sbt/terminalCapabilities, {"string":"key_next"}})[0m
[0m[[0m[0mdebug[0m] [0m[0mjsonRpcRequest: JsonRpcRequestMessage(2.0, 2bcd827f-c196-4285-9081-533979d0d142, sbt/terminalCapabilities, {"string":"key_npage"}})[0m
[0m[[0m[0mdebug[0m] [0m[0mjsonRpcRequest: JsonRpcRequestMessage(2.0, beb2509f-680d-4961-84cf-60bc35039c70, sbt/terminalCapabilities, {"string":"key_open"}})[0m
[0m[[0m[0mdebug[0m] [0m[0mjsonRpcRequest: JsonRpcRequestMessage(2.0, 0b8bba41-5c54-4e87-a9c6-adcf7c9918dc, sbt/terminalCapabilities, {"string":"key_options"}})[0m
[0m[[0m[0mdebug[0m] [0m[0mjsonRpcRequest: JsonRpcRequestMessage(2.0, 6a801878-0434-42dd-b517-cc981a2e7002, sbt/terminalCapabilities, {"string":"key_ppage"}})[0m
[0m[[0m[0mdebug[0m] [0m[0mjsonRpcRequest: JsonRpcRequestMessage(2.0, 368d7931-7aaa-4167-9b4f-134d1a4d7266, sbt/terminalCapabilities, {"string":"key_previous"}})[0m
[0m[[0m[0mdebug[0m] [0m[0mjsonRpcRequest: JsonRpcRequestMessage(2.0, d117f9f1-70d7-4f66-9f7a-bd63904e0f16, sbt/terminalCapabilities, {"string":"key_print"}})[0m
[0m[[0m[0mdebug[0m] [0m[0mjsonRpcRequest: JsonRpcRequestMessage(2.0, 15c26f74-10df-439b-890d-6e1b36e200e7, sbt/terminalCapabilities, {"string":"key_redo"}})[0m
[0m[[0m[0mdebug[0m] [0m[0mjsonRpcRequest: JsonRpcRequestMessage(2.0, 73d1fbaf-b6fa-4727-8a96-edb4b97e032a, sbt/terminalCapabilities, {"string":"key_reference"}})[0m
[0m[[0m[0mdebug[0m] [0m[0mjsonRpcRequest: JsonRpcRequestMessage(2.0, a166ba92-a6e7-4772-8c4c-a21a01c2496e, sbt/terminalCapabilities, {"string":"key_refresh"}})[0m
[0m[[0m[0mdebug[0m] [0m[0mjsonRpcRequest: JsonRpcRequestMessage(2.0, acd1c438-1f6d-4989-b98e-09badbd31012, sbt/terminalCapabilities, {"string":"key_replace"}})[0m
[0m[[0m[0mdebug[0m] [0m[0mjsonRpcRequest: JsonRpcRequestMessage(2.0, 62fd9245-7d8c-43c1-8432-3fddf4f22330, sbt/terminalCapabilities, {"string":"key_restart"}})[0m
[0m[[0m[0mdebug[0m] [0m[0mjsonRpcRequest: JsonRpcRequestMessage(2.0, f28c4e6b-52b9-421e-870f-8d038a2a0e60, sbt/terminalCapabilities, {"string":"key_resume"}})[0m
[0m[[0m[0mdebug[0m] [0m[0mjsonRpcRequest: JsonRpcRequestMessage(2.0, 761c44a9-3d5e-40a8-9a98-300aed7f173b, sbt/terminalCapabilities, {"string":"key_right"}})[0m
[0m[[0m[0mdebug[0m] [0m[0mjsonRpcRequest: JsonRpcRequestMessage(2.0, 2149763d-b18b-4b99-9c50-03c1381bbcea, sbt/terminalCapabilities, {"string":"key_save"}})[0m
[0m[[0m[0mdebug[0m] [0m[0mjsonRpcRequest: JsonRpcRequestMessage(2.0, a6db2f2b-f2e2-4ec2-8d68-c44c6e801a05, sbt/terminalCapabilities, {"string":"key_sbeg"}})[0m
[0m[[0m[0mdebug[0m] [0m[0mjsonRpcRequest: JsonRpcRequestMessage(2.0, 34c0945a-4cc9-480b-89fd-94ea9c3f5bf7, sbt/terminalCapabilities, {"string":"key_scancel"}})[0m
[0m[[0m[0mdebug[0m] [0m[0mjsonRpcRequest: JsonRpcRequestMessage(2.0, 20d21303-cfa6-41af-9eeb-202fe9d45f34, sbt/terminalCapabilities, {"string":"key_scommand"}})[0m
[0m[[0m[0mdebug[0m] [0m[0mjsonRpcRequest: JsonRpcRequestMessage(2.0, e2b5c757-c3e0-4a57-9a2b-2c7ce6655194, sbt/terminalCapabilities, {"string":"key_scopy"}})[0m
[0m[[0m[0mdebug[0m] [0m[0mjsonRpcRequest: JsonRpcRequestMessage(2.0, a3ba2203-0bef-4ff2-a1cc-503fc889e61d, sbt/terminalCapabilities, {"string":"key_screate"}})[0m
[0m[[0m[0mdebug[0m] [0m[0mjsonRpcRequest: JsonRpcRequestMessage(2.0, 60b77ef5-90eb-4d1a-9bd7-b44bba1a3951, sbt/terminalCapabilities, {"string":"key_sdc"}})[0m
[0m[[0m[0mdebug[0m] [0m[0mjsonRpcRequest: JsonRpcRequestMessage(2.0, 025d3d8d-16db-48b5-a81e-74b0dc971848, sbt/terminalCapabilities, {"string":"key_sdl"}})[0m
[0m[[0m[0mdebug[0m] [0m[0mjsonRpcRequest: JsonRpcRequestMessage(2.0, 75aa3c97-f343-4fd6-a9e3-5911bf5fa406, sbt/terminalCapabilities, {"string":"key_select"}})[0m
[0m[[0m[0mdebug[0m] [0m[0mjsonRpcRequest: JsonRpcRequestMessage(2.0, 8c67163c-d5c4-40f6-9149-b221b80af1e5, sbt/terminalCapabilities, {"string":"key_send"}})[0m
[0m[[0m[0mdebug[0m] [0m[0mjsonRpcRequest: JsonRpcRequestMessage(2.0, 6663b400-d322-4107-b4e3-3ea37cadd2dc, sbt/terminalCapabilities, {"string":"key_seol"}})[0m
[0m[[0m[0mdebug[0m] [0m[0mjsonRpcRequest: JsonRpcRequestMessage(2.0, e9b131cd-e058-4bd5-b6e2-87edd1d6496a, sbt/terminalCapabilities, {"string":"key_sexit"}})[0m
[0m[[0m[0mdebug[0m] [0m[0mjsonRpcRequest: JsonRpcRequestMessage(2.0, 205c6abf-c7bf-47ec-9980-2a7c45a2f329, sbt/terminalCapabilities, {"string":"key_sf"}})[0m
[0m[[0m[0mdebug[0m] [0m[0mjsonRpcRequest: JsonRpcRequestMessage(2.0, ab006444-eaaf-4b40-ba00-ef2e67d75f05, sbt/terminalCapabilities, {"string":"key_sfind"}})[0m
[0m[[0m[0mdebug[0m] [0m[0mjsonRpcRequest: JsonRpcRequestMessage(2.0, 2e82bcec-fa8d-402f-9a03-0e0ba94ab00b, sbt/terminalCapabilities, {"string":"key_shelp"}})[0m
[0m[[0m[0mdebug[0m] [0m[0mjsonRpcRequest: JsonRpcRequestMessage(2.0, 1bc85a67-b09f-4011-950d-3697e7ff9dea, sbt/terminalCapabilities, {"string":"key_shome"}})[0m
[0m[[0m[0mdebug[0m] [0m[0mjsonRpcRequest: JsonRpcRequestMessage(2.0, ba58ffa4-b84f-4411-bd2c-c563524ab536, sbt/terminalCapabilities, {"string":"key_sic"}})[0m
[0m[[0m[0mdebug[0m] [0m[0mjsonRpcRequest: JsonRpcRequestMessage(2.0, 192667a0-cdd5-4505-8fbd-a49407cf315d, sbt/terminalCapabilities, {"string":"key_sleft"}})[0m
[0m[[0m[0mdebug[0m] [0m[0mjsonRpcRequest: JsonRpcRequestMessage(2.0, e087ea05-66b2-42d9-a129-9abaa84daab7, sbt/terminalCapabilities, {"string":"key_smessage"}})[0m
[0m[[0m[0mdebug[0m] [0m[0mjsonRpcRequest: JsonRpcRequestMessage(2.0, 36d761fc-45da-4ead-b9aa-b8a4b4cb8a53, sbt/terminalCapabilities, {"string":"key_smove"}})[0m
[0m[[0m[0mdebug[0m] [0m[0mjsonRpcRequest: JsonRpcRequestMessage(2.0, e15d4e83-f14d-4bbc-b68a-acf895aa1c9a, sbt/terminalCapabilities, {"string":"key_snext"}})[0m
[0m[[0m[0mdebug[0m] [0m[0mjsonRpcRequest: JsonRpcRequestMessage(2.0, 6a8b56de-4fb4-4e30-8997-e50098b6f250, sbt/terminalCapabilities, {"string":"key_soptions"}})[0m
[0m[[0m[0mdebug[0m] [0m[0mjsonRpcRequest: JsonRpcRequestMessage(2.0, 595a3746-e0e5-4669-af09-bbca07afb722, sbt/terminalCapabilities, {"string":"key_sprevious"}})[0m
[0m[[0m[0mdebug[0m] [0m[0mjsonRpcRequest: JsonRpcRequestMessage(2.0, 35800868-53d0-4b9c-ac93-429a439288bf, sbt/terminalCapabilities, {"string":"key_sprint"}})[0m
[0m[[0m[0mdebug[0m] [0m[0mjsonRpcRequest: JsonRpcRequestMessage(2.0, ea94f360-df47-4fac-b27c-edafd4d6dd53, sbt/terminalCapabilities, {"string":"key_sr"}})[0m
[0m[[0m[0mdebug[0m] [0m[0mjsonRpcRequest: JsonRpcRequestMessage(2.0, c1a0c0bf-894a-472c-8c4e-104d35d39663, sbt/terminalCapabilities, {"string":"key_sredo"}})[0m
[0m[[0m[0mdebug[0m] [0m[0mjsonRpcRequest: JsonRpcRequestMessage(2.0, 3c2dcd4a-5ef4-44fa-b7fe-d0bbf7f9049d, sbt/terminalCapabilities, {"string":"key_sreplace"}})[0m
[0m[[0m[0mdebug[0m] [0m[0mjsonRpcRequest: JsonRpcRequestMessage(2.0, 7de2fb68-42a0-471d-b1ba-552e017d4e69, sbt/terminalCapabilities, {"string":"key_sright"}})[0m
[0m[[0m[0mdebug[0m] [0m[0mjsonRpcRequest: JsonRpcRequestMessage(2.0, ef0252b1-1b7f-4ccb-b705-1b7f23b0daa3, sbt/terminalCapabilities, {"string":"key_srsume"}})[0m
[0m[[0m[0mdebug[0m] [0m[0mjsonRpcRequest: JsonRpcRequestMessage(2.0, 1c528a38-4ec1-4fe7-bcda-7946030080ca, sbt/terminalCapabilities, {"string":"key_ssave"}})[0m
[0m[[0m[0mdebug[0m] [0m[0mjsonRpcRequest: JsonRpcRequestMessage(2.0, 9f2e0230-9ffb-45be-a542-7b0e517f41f4, sbt/terminalCapabilities, {"string":"key_ssuspend"}})[0m
[0m[[0m[0mdebug[0m] [0m[0mjsonRpcRequest: JsonRpcRequestMessage(2.0, 357e13ab-1072-45e1-84a7-00f3bc8adb4b, sbt/terminalCapabilities, {"string":"key_stab"}})[0m
[0m[[0m[0mdebug[0m] [0m[0mjsonRpcRequest: JsonRpcRequestMessage(2.0, 11ed3c18-df31-4fa7-9d4b-b0d03062bef6, sbt/terminalCapabilities, {"string":"key_sundo"}})[0m
[0m[[0m[0mdebug[0m] [0m[0mjsonRpcRequest: JsonRpcRequestMessage(2.0, 3165343c-939a-4e3f-a9a6-b26f5b376ab3, sbt/terminalCapabilities, {"string":"key_suspend"}})[0m
[0m[[0m[0mdebug[0m] [0m[0mjsonRpcRequest: JsonRpcRequestMessage(2.0, 2346d001-9be9-42bb-bfc6-2debab7e0bba, sbt/terminalCapabilities, {"string":"key_undo"}})[0m
[0m[[0m[0mdebug[0m] [0m[0mjsonRpcRequest: JsonRpcRequestMessage(2.0, dfb11a99-05f4-4429-9ed0-5922e3d8418c, sbt/terminalCapabilities, {"string":"key_up"}})[0m
[0m[[0m[0mdebug[0m] [0m[0mjsonRpcRequest: JsonRpcRequestMessage(2.0, 952a3750-7348-43ef-b39c-39c37bc3df2e, sbt/terminalCapabilities, {"string":"key_mouse"}})[0m
[0m[[0m[0mdebug[0m] [0m[0mjsonRpcRequest: JsonRpcRequestMessage(2.0, 70ef22c5-e4c0-47e8-9c8e-e9017ec690cf, sbt/terminalCapabilities, {"string":"key_up"}})[0m
[0m[[0m[0mdebug[0m] [0m[0mjsonRpcRequest: JsonRpcRequestMessage(2.0, b07b14cf-43e6-4cd7-8a2f-277337a7e842, sbt/terminalCapabilities, {"string":"key_down"}})[0m
[0m[[0m[0mdebug[0m] [0m[0mjsonRpcRequest: JsonRpcRequestMessage(2.0, c9147f85-7239-40cd-bcdb-528e13602f5a, sbt/terminalCapabilities, {"string":"key_left"}})[0m
[0m[[0m[0mdebug[0m] [0m[0mjsonRpcRequest: JsonRpcRequestMessage(2.0, 764230eb-eb21-439e-8c72-13f2aa237161, sbt/terminalCapabilities, {"string":"key_right"}})[0m
[0m[[0m[0mdebug[0m] [0m[0mjsonRpcRequest: JsonRpcRequestMessage(2.0, 4b30fd5c-ce4d-42d0-8adb-0d3079275fd7, sbt/terminalCapabilities, {"string":"key_home"}})[0m
[0m[[0m[0mdebug[0m] [0m[0mjsonRpcRequest: JsonRpcRequestMessage(2.0, 2e22f48b-eca9-4634-9e7a-8b5a6bbe05b4, sbt/terminalCapabilities, {"string":"key_end"}})[0m
[0m[[0m[0mdebug[0m] [0m[0mjsonRpcRequest: JsonRpcRequestMessage(2.0, aac43324-b8a2-406a-a841-604e961f0686, sbt/terminalCapabilities, {"string":"key_dc"}})[0m
[0m[[0m[0mdebug[0m] [0m[0mjsonRpcRequest: JsonRpcRequestMessage(2.0, b2b458bf-8094-4a22-a891-e8ad3bf5d3ac, sbt/terminalCapabilities, {"string":"key_dl"}})[0m
[0m[[0m[0mdebug[0m] [0m[0mjsonRpcRequest: JsonRpcRequestMessage(2.0, 3ff03270-134c-4633-b9d7-dddfbf0655fc, sbt/terminalCapabilities, {"string":"key_ic"}})[0m
[0m[[0m[0mdebug[0m] [0m[0mjsonRpcRequest: JsonRpcRequestMessage(2.0, 7de1bd3e-375b-498f-b94c-99ada55b9238, sbt/terminalCapabilities, {"string":"key_mouse"}})[0m
[0m[[0m[0mdebug[0m] [0m[0mjsonRpcRequest: JsonRpcRequestMessage(2.0, a447a46e-9200-426d-8c4a-cdb4a65cb3bb, sbt/terminalCapabilities, {"string":"back_tab"}})[0m
[0m[[0m[0mdebug[0m] [0m[0mjsonRpcRequest: JsonRpcRequestMessage(2.0, 7de4b7a6-65e8-4941-8fcc-42f114657080, sbt/terminalCapabilities, {"string":"key_up"}})[0m
[0m[[0m[0mdebug[0m] [0m[0mjsonRpcRequest: JsonRpcRequestMessage(2.0, 9dbe9495-fd4b-417d-a9ae-348e338690f1, sbt/terminalCapabilities, {"string":"key_down"}})[0m
[0m[[0m[0mdebug[0m] [0m[0mjsonRpcRequest: JsonRpcRequestMessage(2.0, a2ac3f51-60ee-410c-a427-0adaa8364b3e, sbt/terminalCapabilities, {"string":"key_left"}})[0m
[0m[[0m[0mdebug[0m] [0m[0mjsonRpcRequest: JsonRpcRequestMessage(2.0, 84da245a-9556-429e-a8d1-0ceae0df163d, sbt/terminalCapabilities, {"string":"key_right"}})[0m
[0m[[0m[0mdebug[0m] [0m[0mjsonRpcRequest: JsonRpcRequestMessage(2.0, 9a7558b1-4883-4c2d-9e9f-7defed8e7f91, sbt/terminalCapabilities, {"string":"key_home"}})[0m
[0m[[0m[0mdebug[0m] [0m[0mjsonRpcRequest: JsonRpcRequestMessage(2.0, 9b58562e-6255-4262-b16b-a1f8db211893, sbt/terminalCapabilities, {"string":"key_end"}})[0m
[0m[[0m[0mdebug[0m] [0m[0mjsonRpcRequest: JsonRpcRequestMessage(2.0, 04303e5a-8aed-46e8-ba5c-9623922b1a49, sbt/terminalCapabilities, {"string":"key_dc"}})[0m
[0m[[0m[0mdebug[0m] [0m[0mjsonRpcRequest: JsonRpcRequestMessage(2.0, 48627722-806b-4b22-91a8-fb5b8c88d9f5, sbt/terminalCapabilities, {"string":"key_dl"}})[0m
[0m[[0m[0mdebug[0m] [0m[0mjsonRpcRequest: JsonRpcRequestMessage(2.0, 41111c4e-4460-4b1c-a38f-df4cfa33e471, sbt/terminalCapabilities, {"string":"key_ic"}})[0m
[0m[[0m[0mdebug[0m] [0m[0mjsonRpcRequest: JsonRpcRequestMessage(2.0, d4896947-10dd-4d23-84cf-93510ac6271e, sbt/terminalCapabilities, {"string":"key_mouse"}})[0m
[0m[[0m[0mdebug[0m] [0m[0mjsonRpcRequest: JsonRpcRequestMessage(2.0, 40ead4c9-afc4-48ad-beb8-6ebc70c95f56, sbt/terminalCapabilities, {"string":"key_up"}})[0m
[0m[[0m[0mdebug[0m] [0m[0mjsonRpcRequest: JsonRpcRequestMessage(2.0, efe7d440-ee80-459d-ad91-af29e79c9891, sbt/terminalCapabilities, {"string":"key_down"}})[0m
[0m[[0m[0mdebug[0m] [0m[0mjsonRpcRequest: JsonRpcRequestMessage(2.0, 35aaf8c2-c202-4677-abe5-8f815e0db63d, sbt/terminalCapabilities, {"string":"key_up"}})[0m
[0m[[0m[0mdebug[0m] [0m[0mjsonRpcRequest: JsonRpcRequestMessage(2.0, 34fbd202-3d65-4182-9efa-970f13ba5bb6, sbt/terminalCapabilities, {"string":"key_down"}})[0m
[0m[[0m[0mdebug[0m] [0m[0mjsonRpcRequest: JsonRpcRequestMessage(2.0, 055613f2-f9da-4a71-8e05-b97d068599f9, sbt/getTerminalAttributes, {}})[0m
[0m[[0m[0mdebug[0m] [0m[0mjsonRpcRequest: JsonRpcRequestMessage(2.0, 66191a08-fa5b-47d8-8cee-5c8cc4a8c0f1, sbt/terminalCapabilities, {"string":"enter_alt_charset_mode"}})[0m
[0m[[0m[0mdebug[0m] [0m[0mjsonRpcRequest: JsonRpcRequestMessage(2.0, 9be1d278-f9f9-47ef-8340-37ad254f30a6, sbt/terminalCapabilities, {"string":"exit_alt_charset_mode"}})[0m
[0m[[0m[0mdebug[0m] [0m[0mjsonRpcRequest: JsonRpcRequestMessage(2.0, e869f5c3-e8f5-44ec-9f70-9978d87f67e4, sbt/terminalCapabilities, {"string":"insert_line"}})[0m
[0m[[0m[0mdebug[0m] [0m[0mjsonRpcRequest: JsonRpcRequestMessage(2.0, 206b1cb9-7948-435b-afda-6e00895616a5, sbt/terminalCapabilities, {"string":"delete_line"}})[0m
[0m[[0m[0mdebug[0m] [0m[0mjsonRpcRequest: JsonRpcRequestMessage(2.0, 40bd8517-3071-42c9-bc48-2aff311a9635, sbt/terminalCapabilities, {"boolean":"auto_right_margin"}})[0m
[0m[[0m[0mdebug[0m] [0m[0mjsonRpcRequest: JsonRpcRequestMessage(2.0, 1da7df1f-f8e2-4493-a93c-e752ec5c01c2, sbt/terminalCapabilities, {"boolean":"eat_newline_glitch"}})[0m
[0m[[0m[0mdebug[0m] [0m[0mjsonRpcRequest: JsonRpcRequestMessage(2.0, a2d92ede-b81d-4c76-afb1-f4f6867299da, sbt/terminalCapabilities, {"string":"cursor_down"}})[0m
[0m[[0m[0mdebug[0m] [0m[0mjsonRpcRequest: JsonRpcRequestMessage(2.0, cbac61fd-3a16-4f1b-8b25-a2916643033f, sbt/terminalSetRawMode, {"toggle":true}})[0m
[0m[[0m[0mdebug[0m] [0m[0mjsonRpcRequest: JsonRpcRequestMessage(2.0, 06c4bb27-feef-48c8-ac74-3a7a69bff547, sbt/getTerminalAttributes, {}})[0m
[0m[[0m[0mdebug[0m] [0m[0mjsonRpcRequest: JsonRpcRequestMessage(2.0, ff9b0440-9c7d-4674-bbf8-655c4b53dc8b, sbt/terminalCapabilities, {"string":"insert_line"}})[0m
[0m[[0m[0mdebug[0m] [0m[0mjsonRpcRequest: JsonRpcRequestMessage(2.0, 92eb2ef7-f2f9-41bc-b4ba-0a88b475cf5d, sbt/terminalCapabilities, {"string":"delete_line"}})[0m
[0m[[0m[0mdebug[0m] [0m[0mjsonRpcRequest: JsonRpcRequestMessage(2.0, 66b236fd-eb16-4724-b168-07ed61011cba, sbt/terminalCapabilities, {"boolean":"auto_right_margin"}})[0m
[0m[[0m[0mdebug[0m] [0m[0mjsonRpcRequest: JsonRpcRequestMessage(2.0, b73afbc7-8e9c-4a23-8cd6-fc631a95615c, sbt/terminalCapabilities, {"boolean":"eat_newline_glitch"}})[0m
[0m[[0m[0mdebug[0m] [0m[0mjsonRpcRequest: JsonRpcRequestMessage(2.0, dac3f0db-266c-49f8-9bba-004fe2a8ae06, sbt/terminalCapabilities, {"string":"cursor_down"}})[0m
[0m[[0m[0mdebug[0m] [0m[0mjsonRpcRequest: JsonRpcRequestMessage(2.0, d9b5c7fc-927e-41ab-8d1d-30177d08af99, sbt/terminalCapabilities, {"string":"keypad_xmit"}})[0m
[0m[[0m[0mdebug[0m] [0m[0mjsonRpcRequest: JsonRpcRequestMessage(2.0, 3d759384-c101-4e95-bba5-3443dafb4137, sbt/terminalCapabilities, {"numeric":"max_colors"}})[0m
[0m[[0m[0mdebug[0m] [0m[0mjsonRpcRequest: JsonRpcRequestMessage(2.0, 6e8e332c-3b4b-498c-92ad-d273771c8bf0, sbt/terminalCapabilities, {"numeric":"max_colors"}})[0m
[0m[[0m[0mdebug[0m] [0m[0mjsonRpcRequest: JsonRpcRequestMessage(2.0, 94dd47e4-50fc-41cc-8127-718ae4a7a4cd, sbt/terminalCapabilities, {"string":"enter_alt_charset_mode"}})[0m
[0m[[0m[0mdebug[0m] [0m[0mjsonRpcRequest: JsonRpcRequestMessage(2.0, 2866f6fd-fffc-4cab-9135-1632c63c7a48, sbt/terminalCapabilities, {"string":"exit_alt_charset_mode"}})[0m
[0m[[0m[0mdebug[0m] [0m[0mjsonRpcNotify: JsonRpcNotificationMessage(2.0, sbt/readSystemIn, "")[0m
